2023-05-18 03:19:06,512 - INFO - ###########################
2023-05-18 03:19:06,513 - INFO - selected_topic:fraud
2023-05-18 03:19:06,513 - INFO - iteration:1
2023-05-18 03:19:06,513 - INFO - total cases:0/20
2023-05-18 03:20:05,734 - INFO - execution time:59.22s

2023-05-18 03:20:05,735 - INFO - ###########################
2023-05-18 03:20:05,735 - INFO - selected_topic:fraud
2023-05-18 03:20:05,735 - INFO - iteration:2
2023-05-18 03:20:05,736 - INFO - total cases:0/20
2023-05-18 03:21:04,261 - INFO - execution time:58.53s

2023-05-18 03:21:04,262 - INFO - ###########################
2023-05-18 03:21:04,262 - INFO - selected_topic:fraud
2023-05-18 03:21:04,262 - INFO - iteration:3
2023-05-18 03:21:04,262 - INFO - total cases:0/20
2023-05-18 03:22:06,475 - INFO - execution time:62.21s

2023-05-18 03:22:06,475 - INFO - ###########################
2023-05-18 03:22:06,476 - INFO - selected_topic:fraud
2023-05-18 03:22:06,476 - INFO - iteration:4
2023-05-18 03:22:06,476 - INFO - total cases:1/20
2023-05-18 03:23:04,594 - INFO - execution time:58.12s

2023-05-18 03:23:04,594 - INFO - ###########################
2023-05-18 03:23:04,594 - INFO - selected_topic:fraud
2023-05-18 03:23:04,594 - INFO - iteration:5
2023-05-18 03:23:04,594 - INFO - total cases:2/20
2023-05-18 03:24:19,363 - INFO - execution time:74.77s

2023-05-18 03:24:19,364 - INFO - ###########################
2023-05-18 03:24:19,364 - INFO - selected_topic:fraud
2023-05-18 03:24:19,364 - INFO - iteration:6
2023-05-18 03:24:19,364 - INFO - total cases:3/20
2023-05-18 03:25:09,934 - INFO - execution time:50.57s

2023-05-18 03:25:09,935 - INFO - ###########################
2023-05-18 03:25:09,935 - INFO - selected_topic:fraud
2023-05-18 03:25:09,935 - INFO - iteration:7
2023-05-18 03:25:09,935 - INFO - total cases:4/20
2023-05-18 03:26:03,364 - INFO - execution time:53.43s

2023-05-18 03:26:03,365 - INFO - ###########################
2023-05-18 03:26:03,366 - INFO - selected_topic:fraud
2023-05-18 03:26:03,366 - INFO - iteration:8
2023-05-18 03:26:03,366 - INFO - total cases:5/20
2023-05-18 03:27:06,054 - INFO - execution time:62.69s

2023-05-18 03:27:06,054 - INFO - ###########################
2023-05-18 03:27:06,054 - INFO - selected_topic:fraud
2023-05-18 03:27:06,054 - INFO - iteration:9
2023-05-18 03:27:06,054 - INFO - total cases:6/20
2023-05-18 03:28:10,283 - INFO - execution time:64.23s

2023-05-18 03:28:10,283 - INFO - ###########################
2023-05-18 03:28:10,284 - INFO - selected_topic:fraud
2023-05-18 03:28:10,284 - INFO - iteration:10
2023-05-18 03:28:10,284 - INFO - total cases:7/20
2023-05-18 03:29:06,911 - INFO - execution time:56.63s

2023-05-18 03:29:06,911 - INFO - ###########################
2023-05-18 03:29:06,911 - INFO - selected_topic:fraud
2023-05-18 03:29:06,911 - INFO - iteration:11
2023-05-18 03:29:06,912 - INFO - total cases:8/20
2023-05-18 03:30:07,856 - INFO - execution time:60.94s

2023-05-18 03:30:07,856 - INFO - ###########################
2023-05-18 03:30:07,856 - INFO - selected_topic:fraud
2023-05-18 03:30:07,857 - INFO - iteration:12
2023-05-18 03:30:07,857 - INFO - total cases:9/20
2023-05-18 03:31:25,062 - INFO - execution time:77.21s

2023-05-18 03:31:25,062 - INFO - ###########################
2023-05-18 03:31:25,062 - INFO - selected_topic:fraud
2023-05-18 03:31:25,062 - INFO - iteration:13
2023-05-18 03:31:25,062 - INFO - total cases:10/20
2023-05-18 03:32:20,184 - INFO - execution time:55.12s

2023-05-18 03:32:20,184 - INFO - ###########################
2023-05-18 03:32:20,184 - INFO - selected_topic:fraud
2023-05-18 03:32:20,184 - INFO - iteration:14
2023-05-18 03:32:20,185 - INFO - total cases:10/20
2023-05-18 03:33:14,136 - INFO - execution time:53.95s

2023-05-18 03:33:14,136 - INFO - ###########################
2023-05-18 03:33:14,136 - INFO - selected_topic:fraud
2023-05-18 03:33:14,136 - INFO - iteration:15
2023-05-18 03:33:14,136 - INFO - total cases:10/20
2023-05-18 03:34:21,421 - INFO - execution time:67.28s

2023-05-18 03:34:21,422 - INFO - ###########################
2023-05-18 03:34:21,422 - INFO - selected_topic:fraud
2023-05-18 03:34:21,422 - INFO - iteration:16
2023-05-18 03:34:21,422 - INFO - total cases:11/20
2023-05-18 03:35:11,363 - INFO - execution time:49.94s

2023-05-18 03:35:11,363 - INFO - ###########################
2023-05-18 03:35:11,363 - INFO - selected_topic:fraud
2023-05-18 03:35:11,363 - INFO - iteration:17
2023-05-18 03:35:11,363 - INFO - total cases:12/20
2023-05-18 03:36:27,252 - INFO - execution time:75.89s

2023-05-18 03:36:27,253 - INFO - ###########################
2023-05-18 03:36:27,253 - INFO - selected_topic:fraud
2023-05-18 03:36:27,253 - INFO - iteration:18
2023-05-18 03:36:27,253 - INFO - total cases:13/20
2023-05-18 03:37:02,935 - INFO - execution time:35.68s

2023-05-18 03:37:02,936 - INFO - ###########################
2023-05-18 03:37:02,936 - INFO - selected_topic:fraud
2023-05-18 03:37:02,936 - INFO - iteration:19
2023-05-18 03:37:02,936 - INFO - total cases:13/20
2023-05-18 03:38:04,375 - INFO - execution time:61.44s

2023-05-18 03:38:04,375 - INFO - ###########################
2023-05-18 03:38:04,375 - INFO - selected_topic:fraud
2023-05-18 03:38:04,375 - INFO - iteration:20
2023-05-18 03:38:04,375 - INFO - total cases:13/20
2023-05-18 03:38:55,944 - INFO - execution time:51.57s

2023-05-18 03:38:55,944 - INFO - ###########################
2023-05-18 03:38:55,944 - INFO - selected_topic:fraud
2023-05-18 03:38:55,944 - INFO - iteration:21
2023-05-18 03:38:55,945 - INFO - total cases:14/20
2023-05-18 03:40:08,664 - INFO - execution time:72.72s

2023-05-18 03:40:08,664 - INFO - ###########################
2023-05-18 03:40:08,664 - INFO - selected_topic:fraud
2023-05-18 03:40:08,664 - INFO - iteration:22
2023-05-18 03:40:08,664 - INFO - total cases:15/20
2023-05-18 03:40:43,531 - INFO - execution time:34.87s

2023-05-18 03:40:43,531 - INFO - ###########################
2023-05-18 03:40:43,532 - INFO - selected_topic:fraud
2023-05-18 03:40:43,532 - INFO - iteration:23
2023-05-18 03:40:43,532 - INFO - total cases:15/20
2023-05-18 03:41:43,635 - INFO - execution time:60.10s

2023-05-18 03:41:43,636 - INFO - ###########################
2023-05-18 03:41:43,636 - INFO - selected_topic:fraud
2023-05-18 03:41:43,636 - INFO - iteration:24
2023-05-18 03:41:43,636 - INFO - total cases:16/20
2023-05-18 03:42:40,594 - INFO - execution time:56.96s

2023-05-18 03:42:40,594 - INFO - ###########################
2023-05-18 03:42:40,594 - INFO - selected_topic:fraud
2023-05-18 03:42:40,595 - INFO - iteration:25
2023-05-18 03:42:40,595 - INFO - total cases:17/20
2023-05-18 03:43:18,728 - INFO - execution time:38.13s

2023-05-18 03:43:18,728 - INFO - ###########################
2023-05-18 03:43:18,728 - INFO - selected_topic:fraud
2023-05-18 03:43:18,728 - INFO - iteration:26
2023-05-18 03:43:18,728 - INFO - total cases:17/20
2023-05-18 03:44:23,396 - INFO - execution time:64.67s

2023-05-18 03:44:23,397 - INFO - ###########################
2023-05-18 03:44:23,397 - INFO - selected_topic:fraud
2023-05-18 03:44:23,397 - INFO - iteration:27
2023-05-18 03:44:23,397 - INFO - total cases:17/20
2023-05-18 03:45:27,728 - INFO - execution time:64.33s

2023-05-18 03:45:27,729 - INFO - ###########################
2023-05-18 03:45:27,729 - INFO - selected_topic:fraud
2023-05-18 03:45:27,729 - INFO - iteration:28
2023-05-18 03:45:27,729 - INFO - total cases:18/20
2023-05-18 03:47:06,622 - INFO - execution time:98.89s

2023-05-18 03:47:06,622 - INFO - ###########################
2023-05-18 03:47:06,622 - INFO - selected_topic:fraud
2023-05-18 03:47:06,622 - INFO - iteration:29
2023-05-18 03:47:06,622 - INFO - total cases:19/20
2023-05-18 03:48:25,540 - INFO - execution time:78.92s

2023-05-18 03:48:25,540 - INFO - ###########################
2023-05-18 03:48:25,540 - INFO - selected_topic:fraud
2023-05-18 03:48:25,540 - INFO - iteration:30
2023-05-18 03:48:25,540 - INFO - total cases:19/20
2023-05-18 03:49:45,905 - INFO - execution time:80.36s

2023-05-18 03:49:45,905 - INFO - ###########################
2023-05-18 03:49:45,905 - INFO - selected_topic:fraud
2023-05-18 03:49:45,905 - INFO - iteration:31
2023-05-18 03:49:45,905 - INFO - total cases:19/20
2023-05-18 03:50:56,574 - INFO - execution time:70.67s

