2023-05-26 07:47:11,886 - INFO - ###########################
2023-05-26 07:47:11,886 - INFO - selected_topic:fraud
2023-05-26 07:47:11,887 - INFO - iteration:1
2023-05-26 07:47:11,887 - INFO - total cases:0/10
2023-05-26 07:48:22,071 - INFO - execution time:70.18s

2023-05-26 07:48:22,072 - INFO - ###########################
2023-05-26 07:48:22,072 - INFO - selected_topic:fraud
2023-05-26 07:48:22,072 - INFO - iteration:2
2023-05-26 07:48:22,072 - INFO - total cases:1/10
2023-05-26 07:49:20,335 - INFO - execution time:58.26s

2023-05-26 07:49:20,336 - INFO - ###########################
2023-05-26 07:49:20,336 - INFO - selected_topic:fraud
2023-05-26 07:49:20,336 - INFO - iteration:3
2023-05-26 07:49:20,336 - INFO - total cases:1/10
2023-05-26 07:50:30,428 - INFO - execution time:70.09s

2023-05-26 07:50:30,429 - INFO - ###########################
2023-05-26 07:50:30,429 - INFO - selected_topic:fraud
2023-05-26 07:50:30,429 - INFO - iteration:4
2023-05-26 07:50:30,429 - INFO - total cases:2/10
2023-05-26 07:51:44,683 - INFO - execution time:74.25s

2023-05-26 07:51:44,684 - INFO - ###########################
2023-05-26 07:51:44,684 - INFO - selected_topic:fraud
2023-05-26 07:51:44,684 - INFO - iteration:5
2023-05-26 07:51:44,684 - INFO - total cases:3/10
2023-05-26 07:52:45,188 - INFO - execution time:60.50s

2023-05-26 07:52:45,188 - INFO - ###########################
2023-05-26 07:52:45,188 - INFO - selected_topic:fraud
2023-05-26 07:52:45,188 - INFO - iteration:6
2023-05-26 07:52:45,188 - INFO - total cases:4/10
2023-05-26 07:54:02,317 - INFO - execution time:77.13s

2023-05-26 07:54:02,318 - INFO - ###########################
2023-05-26 07:54:02,318 - INFO - selected_topic:fraud
2023-05-26 07:54:02,318 - INFO - iteration:7
2023-05-26 07:54:02,318 - INFO - total cases:5/10
2023-05-26 07:55:03,462 - INFO - execution time:61.14s

2023-05-26 07:55:03,463 - INFO - ###########################
2023-05-26 07:55:03,463 - INFO - selected_topic:fraud
2023-05-26 07:55:03,463 - INFO - iteration:8
2023-05-26 07:55:03,463 - INFO - total cases:6/10
2023-05-26 07:56:35,033 - INFO - execution time:91.57s

2023-05-26 07:56:35,033 - INFO - ###########################
2023-05-26 07:56:35,033 - INFO - selected_topic:fraud
2023-05-26 07:56:35,033 - INFO - iteration:9
2023-05-26 07:56:35,033 - INFO - total cases:7/10
2023-05-26 07:57:40,323 - INFO - execution time:65.29s

2023-05-26 07:57:40,323 - INFO - ###########################
2023-05-26 07:57:40,324 - INFO - selected_topic:fraud
2023-05-26 07:57:40,324 - INFO - iteration:10
2023-05-26 07:57:40,324 - INFO - total cases:7/10
2023-05-26 07:58:50,671 - INFO - execution time:70.35s

2023-05-26 07:58:50,671 - INFO - ###########################
2023-05-26 07:58:50,671 - INFO - selected_topic:fraud
2023-05-26 07:58:50,671 - INFO - iteration:11
2023-05-26 07:58:50,671 - INFO - total cases:8/10
2023-05-26 08:00:38,633 - INFO - execution time:107.96s

2023-05-26 08:00:38,634 - INFO - ###########################
2023-05-26 08:00:38,634 - INFO - selected_topic:fraud
2023-05-26 08:00:38,634 - INFO - iteration:12
2023-05-26 08:00:38,634 - INFO - total cases:9/10
2023-05-26 08:02:01,349 - INFO - execution time:82.72s

