2023-06-01 11:58:22,202 - INFO - ###########################
2023-06-01 11:58:22,203 - INFO - selected_topic:fraud
2023-06-01 11:58:22,203 - INFO - iteration:1
2023-06-01 11:58:22,203 - INFO - total cases:0/200
2023-06-01 11:59:44,789 - INFO - execution time:82.59s

2023-06-01 11:59:44,789 - INFO - ###########################
2023-06-01 11:59:44,790 - INFO - selected_topic:fraud
2023-06-01 11:59:44,790 - INFO - iteration:2
2023-06-01 11:59:44,790 - INFO - total cases:0/200
2023-06-01 12:01:01,696 - INFO - execution time:76.91s

2023-06-01 12:01:01,697 - INFO - ###########################
2023-06-01 12:01:01,697 - INFO - selected_topic:fraud
2023-06-01 12:01:01,697 - INFO - iteration:3
2023-06-01 12:01:01,698 - INFO - total cases:0/200
2023-06-01 12:02:37,285 - INFO - execution time:95.59s

2023-06-01 12:02:37,286 - INFO - ###########################
2023-06-01 12:02:37,286 - INFO - selected_topic:fraud
2023-06-01 12:02:37,286 - INFO - iteration:4
2023-06-01 12:02:37,286 - INFO - total cases:0/200
2023-06-01 12:04:22,427 - INFO - execution time:105.14s

2023-06-01 12:04:22,427 - INFO - ###########################
2023-06-01 12:04:22,427 - INFO - selected_topic:fraud
2023-06-01 12:04:22,428 - INFO - iteration:5
2023-06-01 12:04:22,428 - INFO - total cases:1/200
2023-06-01 12:05:54,119 - INFO - execution time:91.69s

2023-06-01 12:05:54,120 - INFO - ###########################
2023-06-01 12:05:54,120 - INFO - selected_topic:fraud
2023-06-01 12:05:54,120 - INFO - iteration:6
2023-06-01 12:05:54,120 - INFO - total cases:2/200
2023-06-01 12:07:23,881 - INFO - execution time:89.76s

2023-06-01 12:07:23,881 - INFO - ###########################
2023-06-01 12:07:23,881 - INFO - selected_topic:fraud
2023-06-01 12:07:23,881 - INFO - iteration:7
2023-06-01 12:07:23,882 - INFO - total cases:3/200
2023-06-01 12:09:12,609 - INFO - execution time:108.73s

2023-06-01 12:09:12,610 - INFO - ###########################
2023-06-01 12:09:12,610 - INFO - selected_topic:fraud
2023-06-01 12:09:12,610 - INFO - iteration:8
2023-06-01 12:09:12,610 - INFO - total cases:4/200
2023-06-01 12:10:22,447 - INFO - execution time:69.84s

2023-06-01 12:10:22,447 - INFO - ###########################
2023-06-01 12:10:22,447 - INFO - selected_topic:fraud
2023-06-01 12:10:22,447 - INFO - iteration:9
2023-06-01 12:10:22,447 - INFO - total cases:5/200
2023-06-01 12:11:17,598 - INFO - execution time:55.15s

2023-06-01 12:11:17,598 - INFO - ###########################
2023-06-01 12:11:17,598 - INFO - selected_topic:fraud
2023-06-01 12:11:17,598 - INFO - iteration:10
2023-06-01 12:11:17,598 - INFO - total cases:5/200
2023-06-01 12:12:25,820 - INFO - execution time:68.22s

2023-06-01 12:12:25,820 - INFO - ###########################
2023-06-01 12:12:25,821 - INFO - selected_topic:fraud
2023-06-01 12:12:25,822 - INFO - iteration:11
2023-06-01 12:12:25,823 - INFO - total cases:6/200
2023-06-01 12:13:05,542 - INFO - execution time:39.72s

2023-06-01 12:13:05,542 - INFO - ###########################
2023-06-01 12:13:05,542 - INFO - selected_topic:fraud
2023-06-01 12:13:05,542 - INFO - iteration:12
2023-06-01 12:13:05,542 - INFO - total cases:6/200
2023-06-01 12:14:21,722 - INFO - execution time:76.18s

2023-06-01 12:14:21,722 - INFO - ###########################
2023-06-01 12:14:21,722 - INFO - selected_topic:fraud
2023-06-01 12:14:21,722 - INFO - iteration:13
2023-06-01 12:14:21,722 - INFO - total cases:7/200
2023-06-01 12:15:38,573 - INFO - execution time:76.85s

2023-06-01 12:15:38,573 - INFO - ###########################
2023-06-01 12:15:38,573 - INFO - selected_topic:fraud
2023-06-01 12:15:38,573 - INFO - iteration:14
2023-06-01 12:15:38,573 - INFO - total cases:7/200
2023-06-01 12:16:58,430 - INFO - execution time:79.86s

2023-06-01 12:16:58,431 - INFO - ###########################
2023-06-01 12:16:58,431 - INFO - selected_topic:fraud
2023-06-01 12:16:58,431 - INFO - iteration:15
2023-06-01 12:16:58,431 - INFO - total cases:8/200
2023-06-01 12:17:57,076 - INFO - execution time:58.65s

2023-06-01 12:17:57,077 - INFO - ###########################
2023-06-01 12:17:57,077 - INFO - selected_topic:fraud
2023-06-01 12:17:57,077 - INFO - iteration:16
2023-06-01 12:17:57,077 - INFO - total cases:9/200
2023-06-01 12:19:14,918 - INFO - execution time:77.84s

2023-06-01 12:19:14,918 - INFO - ###########################
2023-06-01 12:19:14,918 - INFO - selected_topic:fraud
2023-06-01 12:19:14,919 - INFO - iteration:17
2023-06-01 12:19:14,919 - INFO - total cases:9/200
2023-06-01 12:20:25,746 - INFO - execution time:70.83s

2023-06-01 12:20:25,746 - INFO - ###########################
2023-06-01 12:20:25,746 - INFO - selected_topic:fraud
2023-06-01 12:20:25,746 - INFO - iteration:18
2023-06-01 12:20:25,746 - INFO - total cases:10/200
2023-06-01 12:22:17,204 - INFO - execution time:111.46s

2023-06-01 12:22:17,204 - INFO - ###########################
2023-06-01 12:22:17,204 - INFO - selected_topic:fraud
2023-06-01 12:22:17,204 - INFO - iteration:19
2023-06-01 12:22:17,204 - INFO - total cases:11/200
2023-06-01 12:23:19,532 - INFO - execution time:62.33s

2023-06-01 12:23:19,532 - INFO - ###########################
2023-06-01 12:23:19,532 - INFO - selected_topic:fraud
2023-06-01 12:23:19,533 - INFO - iteration:20
2023-06-01 12:23:19,533 - INFO - total cases:12/200
2023-06-01 12:24:20,259 - INFO - execution time:60.73s

2023-06-01 12:24:20,259 - INFO - ###########################
2023-06-01 12:24:20,259 - INFO - selected_topic:fraud
2023-06-01 12:24:20,259 - INFO - iteration:21
2023-06-01 12:24:20,259 - INFO - total cases:13/200
2023-06-01 12:25:16,389 - INFO - execution time:56.13s

2023-06-01 12:25:16,389 - INFO - ###########################
2023-06-01 12:25:16,389 - INFO - selected_topic:fraud
2023-06-01 12:25:16,390 - INFO - iteration:22
2023-06-01 12:25:16,390 - INFO - total cases:14/200
2023-06-01 12:25:52,057 - INFO - execution time:35.67s

2023-06-01 12:25:52,058 - INFO - ###########################
2023-06-01 12:25:52,058 - INFO - selected_topic:fraud
2023-06-01 12:25:52,058 - INFO - iteration:23
2023-06-01 12:25:52,058 - INFO - total cases:14/200
2023-06-01 12:27:11,091 - INFO - execution time:79.03s

2023-06-01 12:27:11,091 - INFO - ###########################
2023-06-01 12:27:11,092 - INFO - selected_topic:fraud
2023-06-01 12:27:11,092 - INFO - iteration:24
2023-06-01 12:27:11,092 - INFO - total cases:14/200
2023-06-01 12:28:26,154 - INFO - execution time:75.06s

2023-06-01 12:28:26,154 - INFO - ###########################
2023-06-01 12:28:26,154 - INFO - selected_topic:fraud
2023-06-01 12:28:26,155 - INFO - iteration:25
2023-06-01 12:28:26,155 - INFO - total cases:15/200
2023-06-01 12:29:35,975 - INFO - execution time:69.82s

2023-06-01 12:29:35,975 - INFO - ###########################
2023-06-01 12:29:35,975 - INFO - selected_topic:fraud
2023-06-01 12:29:35,975 - INFO - iteration:26
2023-06-01 12:29:35,975 - INFO - total cases:15/200
2023-06-01 12:30:52,466 - INFO - execution time:76.49s

2023-06-01 12:30:52,467 - INFO - ###########################
2023-06-01 12:30:52,467 - INFO - selected_topic:fraud
2023-06-01 12:30:52,467 - INFO - iteration:27
2023-06-01 12:30:52,467 - INFO - total cases:16/200
2023-06-01 12:32:11,064 - INFO - execution time:78.60s

2023-06-01 12:32:11,064 - INFO - ###########################
2023-06-01 12:32:11,064 - INFO - selected_topic:fraud
2023-06-01 12:32:11,064 - INFO - iteration:28
2023-06-01 12:32:11,064 - INFO - total cases:17/200
2023-06-01 12:33:22,565 - INFO - execution time:71.50s

2023-06-01 12:33:22,565 - INFO - ###########################
2023-06-01 12:33:22,565 - INFO - selected_topic:fraud
2023-06-01 12:33:22,565 - INFO - iteration:29
2023-06-01 12:33:22,565 - INFO - total cases:18/200
2023-06-01 12:34:39,169 - INFO - execution time:76.60s

2023-06-01 12:34:39,169 - INFO - ###########################
2023-06-01 12:34:39,169 - INFO - selected_topic:fraud
2023-06-01 12:34:39,169 - INFO - iteration:30
2023-06-01 12:34:39,169 - INFO - total cases:19/200
2023-06-01 12:35:40,466 - INFO - execution time:61.30s

2023-06-01 12:35:40,466 - INFO - ###########################
2023-06-01 12:35:40,466 - INFO - selected_topic:fraud
2023-06-01 12:35:40,466 - INFO - iteration:31
2023-06-01 12:35:40,467 - INFO - total cases:20/200
2023-06-01 12:36:47,746 - INFO - execution time:67.28s

2023-06-01 12:36:47,747 - INFO - ###########################
2023-06-01 12:36:47,747 - INFO - selected_topic:fraud
2023-06-01 12:36:47,747 - INFO - iteration:32
2023-06-01 12:36:47,747 - INFO - total cases:21/200
2023-06-01 12:37:45,131 - INFO - execution time:57.38s

2023-06-01 12:37:45,132 - INFO - ###########################
2023-06-01 12:37:45,132 - INFO - selected_topic:fraud
2023-06-01 12:37:45,132 - INFO - iteration:33
2023-06-01 12:37:45,132 - INFO - total cases:22/200
2023-06-01 12:39:10,119 - INFO - execution time:84.99s

2023-06-01 12:39:10,119 - INFO - ###########################
2023-06-01 12:39:10,119 - INFO - selected_topic:fraud
2023-06-01 12:39:10,119 - INFO - iteration:34
2023-06-01 12:39:10,120 - INFO - total cases:23/200
2023-06-01 12:40:19,425 - INFO - execution time:69.31s

2023-06-01 12:40:19,425 - INFO - ###########################
2023-06-01 12:40:19,425 - INFO - selected_topic:fraud
2023-06-01 12:40:19,425 - INFO - iteration:35
2023-06-01 12:40:19,425 - INFO - total cases:24/200
2023-06-01 12:42:06,540 - INFO - execution time:107.11s

2023-06-01 12:42:06,540 - INFO - ###########################
2023-06-01 12:42:06,540 - INFO - selected_topic:fraud
2023-06-01 12:42:06,540 - INFO - iteration:36
2023-06-01 12:42:06,541 - INFO - total cases:25/200
2023-06-01 12:43:29,417 - INFO - execution time:82.88s

2023-06-01 12:43:29,418 - INFO - ###########################
2023-06-01 12:43:29,418 - INFO - selected_topic:fraud
2023-06-01 12:43:29,418 - INFO - iteration:37
2023-06-01 12:43:29,418 - INFO - total cases:26/200
2023-06-01 12:44:50,585 - INFO - execution time:81.17s

2023-06-01 12:44:50,585 - INFO - ###########################
2023-06-01 12:44:50,585 - INFO - selected_topic:fraud
2023-06-01 12:44:50,585 - INFO - iteration:38
2023-06-01 12:44:50,585 - INFO - total cases:27/200
2023-06-01 12:45:50,702 - INFO - execution time:60.12s

2023-06-01 12:45:50,702 - INFO - ###########################
2023-06-01 12:45:50,703 - INFO - selected_topic:fraud
2023-06-01 12:45:50,703 - INFO - iteration:39
2023-06-01 12:45:50,703 - INFO - total cases:28/200
2023-06-01 12:46:54,915 - INFO - execution time:64.21s

2023-06-01 12:46:54,916 - INFO - ###########################
2023-06-01 12:46:54,916 - INFO - selected_topic:fraud
2023-06-01 12:46:54,916 - INFO - iteration:40
2023-06-01 12:46:54,916 - INFO - total cases:29/200
2023-06-01 12:47:56,025 - INFO - execution time:61.11s

2023-06-01 12:47:56,025 - INFO - ###########################
2023-06-01 12:47:56,025 - INFO - selected_topic:fraud
2023-06-01 12:47:56,025 - INFO - iteration:41
2023-06-01 12:47:56,025 - INFO - total cases:29/200
2023-06-01 12:49:27,462 - INFO - execution time:91.44s

2023-06-01 12:49:27,462 - INFO - ###########################
2023-06-01 12:49:27,462 - INFO - selected_topic:fraud
2023-06-01 12:49:27,462 - INFO - iteration:42
2023-06-01 12:49:27,462 - INFO - total cases:30/200
2023-06-01 12:50:42,137 - INFO - execution time:74.67s

2023-06-01 12:50:42,137 - INFO - ###########################
2023-06-01 12:50:42,137 - INFO - selected_topic:fraud
2023-06-01 12:50:42,137 - INFO - iteration:43
2023-06-01 12:50:42,137 - INFO - total cases:31/200
2023-06-01 12:52:01,528 - INFO - execution time:79.39s

2023-06-01 12:52:01,529 - INFO - ###########################
2023-06-01 12:52:01,529 - INFO - selected_topic:fraud
2023-06-01 12:52:01,529 - INFO - iteration:44
2023-06-01 12:52:01,529 - INFO - total cases:32/200
2023-06-01 12:53:10,663 - INFO - execution time:69.13s

2023-06-01 12:53:10,663 - INFO - ###########################
2023-06-01 12:53:10,663 - INFO - selected_topic:fraud
2023-06-01 12:53:10,663 - INFO - iteration:45
2023-06-01 12:53:10,664 - INFO - total cases:33/200
2023-06-01 12:55:14,400 - INFO - execution time:123.74s

2023-06-01 12:55:14,400 - INFO - ###########################
2023-06-01 12:55:14,401 - INFO - selected_topic:fraud
2023-06-01 12:55:14,401 - INFO - iteration:46
2023-06-01 12:55:14,401 - INFO - total cases:34/200
2023-06-01 12:56:49,318 - INFO - execution time:94.92s

2023-06-01 12:56:49,318 - INFO - ###########################
2023-06-01 12:56:49,318 - INFO - selected_topic:fraud
2023-06-01 12:56:49,318 - INFO - iteration:47
2023-06-01 12:56:49,318 - INFO - total cases:35/200
2023-06-01 12:58:01,864 - INFO - execution time:72.55s

2023-06-01 12:58:01,864 - INFO - ###########################
2023-06-01 12:58:01,864 - INFO - selected_topic:fraud
2023-06-01 12:58:01,864 - INFO - iteration:48
2023-06-01 12:58:01,864 - INFO - total cases:35/200
2023-06-01 12:59:46,839 - INFO - execution time:104.97s

2023-06-01 12:59:46,839 - INFO - ###########################
2023-06-01 12:59:46,839 - INFO - selected_topic:fraud
2023-06-01 12:59:46,840 - INFO - iteration:49
2023-06-01 12:59:46,840 - INFO - total cases:36/200
2023-06-01 13:01:10,156 - INFO - execution time:83.32s

2023-06-01 13:01:10,156 - INFO - ###########################
2023-06-01 13:01:10,156 - INFO - selected_topic:fraud
2023-06-01 13:01:10,157 - INFO - iteration:50
2023-06-01 13:01:10,157 - INFO - total cases:37/200
2023-06-01 13:02:31,988 - INFO - execution time:81.83s

2023-06-01 13:02:31,989 - INFO - ###########################
2023-06-01 13:02:31,989 - INFO - selected_topic:fraud
2023-06-01 13:02:31,989 - INFO - iteration:51
2023-06-01 13:02:31,989 - INFO - total cases:37/200
2023-06-01 13:03:45,800 - INFO - execution time:73.81s

2023-06-01 13:03:45,800 - INFO - ###########################
2023-06-01 13:03:45,800 - INFO - selected_topic:fraud
2023-06-01 13:03:45,800 - INFO - iteration:52
2023-06-01 13:03:45,800 - INFO - total cases:38/200
2023-06-01 13:04:56,857 - INFO - execution time:71.06s

2023-06-01 13:04:56,857 - INFO - ###########################
2023-06-01 13:04:56,857 - INFO - selected_topic:fraud
2023-06-01 13:04:56,857 - INFO - iteration:53
2023-06-01 13:04:56,857 - INFO - total cases:39/200
2023-06-01 13:05:56,067 - INFO - execution time:59.21s

2023-06-01 13:05:56,067 - INFO - ###########################
2023-06-01 13:05:56,067 - INFO - selected_topic:fraud
2023-06-01 13:05:56,067 - INFO - iteration:54
2023-06-01 13:05:56,067 - INFO - total cases:39/200
2023-06-01 13:07:04,639 - INFO - execution time:68.57s

2023-06-01 13:07:04,639 - INFO - ###########################
2023-06-01 13:07:04,639 - INFO - selected_topic:fraud
2023-06-01 13:07:04,639 - INFO - iteration:55
2023-06-01 13:07:04,639 - INFO - total cases:40/200
2023-06-01 13:07:57,159 - INFO - execution time:52.52s

2023-06-01 13:07:57,160 - INFO - ###########################
2023-06-01 13:07:57,160 - INFO - selected_topic:fraud
2023-06-01 13:07:57,160 - INFO - iteration:56
2023-06-01 13:07:57,160 - INFO - total cases:40/200
2023-06-01 13:09:24,507 - INFO - execution time:87.35s

2023-06-01 13:09:24,507 - INFO - ###########################
2023-06-01 13:09:24,507 - INFO - selected_topic:fraud
2023-06-01 13:09:24,507 - INFO - iteration:57
2023-06-01 13:09:24,507 - INFO - total cases:40/200
2023-06-01 13:10:26,803 - INFO - execution time:62.30s

2023-06-01 13:10:26,803 - INFO - ###########################
2023-06-01 13:10:26,803 - INFO - selected_topic:fraud
2023-06-01 13:10:26,803 - INFO - iteration:58
2023-06-01 13:10:26,803 - INFO - total cases:41/200
2023-06-01 13:11:28,287 - INFO - execution time:61.48s

2023-06-01 13:11:28,287 - INFO - ###########################
2023-06-01 13:11:28,288 - INFO - selected_topic:fraud
2023-06-01 13:11:28,288 - INFO - iteration:59
2023-06-01 13:11:28,288 - INFO - total cases:41/200
2023-06-01 13:12:53,500 - INFO - execution time:85.21s

2023-06-01 13:12:53,500 - INFO - ###########################
2023-06-01 13:12:53,500 - INFO - selected_topic:fraud
2023-06-01 13:12:53,501 - INFO - iteration:60
2023-06-01 13:12:53,501 - INFO - total cases:42/200
2023-06-01 13:13:59,082 - INFO - execution time:65.58s

2023-06-01 13:13:59,083 - INFO - ###########################
2023-06-01 13:13:59,083 - INFO - selected_topic:fraud
2023-06-01 13:13:59,083 - INFO - iteration:61
2023-06-01 13:13:59,083 - INFO - total cases:43/200
2023-06-01 13:15:05,490 - INFO - execution time:66.41s

2023-06-01 13:15:05,491 - INFO - ###########################
2023-06-01 13:15:05,491 - INFO - selected_topic:fraud
2023-06-01 13:15:05,491 - INFO - iteration:62
2023-06-01 13:15:05,491 - INFO - total cases:43/200
2023-06-01 13:16:05,844 - INFO - execution time:60.35s

2023-06-01 13:16:05,844 - INFO - ###########################
2023-06-01 13:16:05,844 - INFO - selected_topic:fraud
2023-06-01 13:16:05,844 - INFO - iteration:63
2023-06-01 13:16:05,844 - INFO - total cases:44/200
2023-06-01 13:17:14,678 - INFO - execution time:68.83s

2023-06-01 13:17:14,678 - INFO - ###########################
2023-06-01 13:17:14,678 - INFO - selected_topic:fraud
2023-06-01 13:17:14,679 - INFO - iteration:64
2023-06-01 13:17:14,679 - INFO - total cases:45/200
2023-06-01 13:17:53,148 - INFO - execution time:38.47s

2023-06-01 13:17:53,148 - INFO - ###########################
2023-06-01 13:17:53,148 - INFO - selected_topic:fraud
2023-06-01 13:17:53,148 - INFO - iteration:65
2023-06-01 13:17:53,148 - INFO - total cases:45/200
2023-06-01 13:19:28,076 - INFO - execution time:94.93s

2023-06-01 13:19:28,076 - INFO - ###########################
2023-06-01 13:19:28,076 - INFO - selected_topic:fraud
2023-06-01 13:19:28,076 - INFO - iteration:66
2023-06-01 13:19:28,077 - INFO - total cases:46/200
2023-06-01 13:20:29,431 - INFO - execution time:61.35s

2023-06-01 13:20:29,432 - INFO - ###########################
2023-06-01 13:20:29,432 - INFO - selected_topic:fraud
2023-06-01 13:20:29,432 - INFO - iteration:67
2023-06-01 13:20:29,432 - INFO - total cases:46/200
2023-06-01 13:21:17,351 - INFO - execution time:47.92s

2023-06-01 13:21:17,351 - INFO - ###########################
2023-06-01 13:21:17,351 - INFO - selected_topic:fraud
2023-06-01 13:21:17,351 - INFO - iteration:68
2023-06-01 13:21:17,352 - INFO - total cases:46/200
2023-06-01 13:22:31,707 - INFO - execution time:74.36s

2023-06-01 13:22:31,707 - INFO - ###########################
2023-06-01 13:22:31,708 - INFO - selected_topic:fraud
2023-06-01 13:22:31,708 - INFO - iteration:69
2023-06-01 13:22:31,708 - INFO - total cases:46/200
2023-06-01 13:23:52,139 - INFO - execution time:80.43s

2023-06-01 13:23:52,140 - INFO - ###########################
2023-06-01 13:23:52,140 - INFO - selected_topic:fraud
2023-06-01 13:23:52,140 - INFO - iteration:70
2023-06-01 13:23:52,140 - INFO - total cases:46/200
2023-06-01 13:25:07,605 - INFO - execution time:75.47s

2023-06-01 13:25:07,605 - INFO - ###########################
2023-06-01 13:25:07,605 - INFO - selected_topic:fraud
2023-06-01 13:25:07,606 - INFO - iteration:71
2023-06-01 13:25:07,606 - INFO - total cases:46/200
2023-06-01 13:26:56,014 - INFO - execution time:108.41s

2023-06-01 13:26:56,014 - INFO - ###########################
2023-06-01 13:26:56,014 - INFO - selected_topic:fraud
2023-06-01 13:26:56,014 - INFO - iteration:72
2023-06-01 13:26:56,014 - INFO - total cases:47/200
2023-06-01 13:27:42,177 - INFO - execution time:46.16s

2023-06-01 13:27:42,177 - INFO - ###########################
2023-06-01 13:27:42,177 - INFO - selected_topic:fraud
2023-06-01 13:27:42,177 - INFO - iteration:73
2023-06-01 13:27:42,178 - INFO - total cases:47/200
2023-06-01 13:29:20,768 - INFO - execution time:98.59s

2023-06-01 13:29:20,768 - INFO - ###########################
2023-06-01 13:29:20,769 - INFO - selected_topic:fraud
2023-06-01 13:29:20,769 - INFO - iteration:74
2023-06-01 13:29:20,769 - INFO - total cases:48/200
2023-06-01 13:30:41,517 - INFO - execution time:80.75s

2023-06-01 13:30:41,517 - INFO - ###########################
2023-06-01 13:30:41,517 - INFO - selected_topic:fraud
2023-06-01 13:30:41,517 - INFO - iteration:75
2023-06-01 13:30:41,517 - INFO - total cases:49/200
2023-06-01 13:31:51,743 - INFO - execution time:70.23s

2023-06-01 13:31:51,744 - INFO - ###########################
2023-06-01 13:31:51,744 - INFO - selected_topic:fraud
2023-06-01 13:31:51,744 - INFO - iteration:76
2023-06-01 13:31:51,744 - INFO - total cases:49/200
2023-06-01 13:33:18,951 - INFO - execution time:87.21s

2023-06-01 13:33:18,951 - INFO - ###########################
2023-06-01 13:33:18,951 - INFO - selected_topic:fraud
2023-06-01 13:33:18,951 - INFO - iteration:77
2023-06-01 13:33:18,951 - INFO - total cases:50/200
2023-06-01 13:34:42,852 - INFO - execution time:83.90s

2023-06-01 13:34:42,853 - INFO - ###########################
2023-06-01 13:34:42,853 - INFO - selected_topic:fraud
2023-06-01 13:34:42,853 - INFO - iteration:78
2023-06-01 13:34:42,853 - INFO - total cases:51/200
2023-06-01 13:35:55,725 - INFO - execution time:72.87s

2023-06-01 13:35:55,726 - INFO - ###########################
2023-06-01 13:35:55,726 - INFO - selected_topic:fraud
2023-06-01 13:35:55,726 - INFO - iteration:79
2023-06-01 13:35:55,726 - INFO - total cases:51/200
2023-06-01 13:37:10,526 - INFO - execution time:74.80s

2023-06-01 13:37:10,526 - INFO - ###########################
2023-06-01 13:37:10,526 - INFO - selected_topic:fraud
2023-06-01 13:37:10,526 - INFO - iteration:80
2023-06-01 13:37:10,526 - INFO - total cases:51/200
2023-06-01 13:38:28,118 - INFO - execution time:77.59s

2023-06-01 13:38:28,119 - INFO - ###########################
2023-06-01 13:38:28,119 - INFO - selected_topic:fraud
2023-06-01 13:38:28,119 - INFO - iteration:81
2023-06-01 13:38:28,119 - INFO - total cases:51/200
2023-06-01 13:39:38,426 - INFO - execution time:70.31s

2023-06-01 13:39:38,426 - INFO - ###########################
2023-06-01 13:39:38,426 - INFO - selected_topic:fraud
2023-06-01 13:39:38,426 - INFO - iteration:82
2023-06-01 13:39:38,426 - INFO - total cases:51/200
2023-06-01 13:41:00,377 - INFO - execution time:81.95s

2023-06-01 13:41:00,378 - INFO - ###########################
2023-06-01 13:41:00,378 - INFO - selected_topic:fraud
2023-06-01 13:41:00,378 - INFO - iteration:83
2023-06-01 13:41:00,378 - INFO - total cases:52/200
2023-06-01 13:42:22,366 - INFO - execution time:81.99s

2023-06-01 13:42:22,366 - INFO - ###########################
2023-06-01 13:42:22,366 - INFO - selected_topic:fraud
2023-06-01 13:42:22,366 - INFO - iteration:84
2023-06-01 13:42:22,366 - INFO - total cases:53/200
2023-06-01 13:43:39,697 - INFO - execution time:77.33s

2023-06-01 13:43:39,697 - INFO - ###########################
2023-06-01 13:43:39,697 - INFO - selected_topic:fraud
2023-06-01 13:43:39,697 - INFO - iteration:85
2023-06-01 13:43:39,697 - INFO - total cases:54/200
2023-06-01 13:44:46,504 - INFO - execution time:66.81s

2023-06-01 13:44:46,504 - INFO - ###########################
2023-06-01 13:44:46,504 - INFO - selected_topic:fraud
2023-06-01 13:44:46,504 - INFO - iteration:86
2023-06-01 13:44:46,504 - INFO - total cases:55/200
2023-06-01 13:45:55,097 - INFO - execution time:68.59s

2023-06-01 13:45:55,097 - INFO - ###########################
2023-06-01 13:45:55,097 - INFO - selected_topic:fraud
2023-06-01 13:45:55,097 - INFO - iteration:87
2023-06-01 13:45:55,097 - INFO - total cases:56/200
2023-06-01 13:47:31,728 - INFO - execution time:96.63s

2023-06-01 13:47:31,728 - INFO - ###########################
2023-06-01 13:47:31,728 - INFO - selected_topic:fraud
2023-06-01 13:47:31,728 - INFO - iteration:88
2023-06-01 13:47:31,728 - INFO - total cases:57/200
2023-06-01 13:58:16,725 - INFO - execution time:645.00s

2023-06-01 13:58:16,725 - INFO - ###########################
2023-06-01 13:58:16,726 - INFO - selected_topic:fraud
2023-06-01 13:58:16,726 - INFO - iteration:89
2023-06-01 13:58:16,726 - INFO - total cases:57/200
2023-06-01 13:59:07,074 - INFO - execution time:50.35s

2023-06-01 13:59:07,075 - INFO - ###########################
2023-06-01 13:59:07,075 - INFO - selected_topic:fraud
2023-06-01 13:59:07,075 - INFO - iteration:90
2023-06-01 13:59:07,075 - INFO - total cases:58/200
2023-06-01 14:00:52,488 - INFO - execution time:105.41s

2023-06-01 14:00:52,488 - INFO - ###########################
2023-06-01 14:00:52,488 - INFO - selected_topic:fraud
2023-06-01 14:00:52,489 - INFO - iteration:91
2023-06-01 14:00:52,489 - INFO - total cases:58/200
2023-06-01 14:02:04,404 - INFO - execution time:71.92s

2023-06-01 14:02:04,405 - INFO - ###########################
2023-06-01 14:02:04,406 - INFO - selected_topic:fraud
2023-06-01 14:02:04,406 - INFO - iteration:92
2023-06-01 14:02:04,406 - INFO - total cases:59/200
2023-06-01 14:04:18,204 - INFO - execution time:133.80s

2023-06-01 14:04:18,204 - INFO - ###########################
2023-06-01 14:04:18,204 - INFO - selected_topic:fraud
2023-06-01 14:04:18,204 - INFO - iteration:93
2023-06-01 14:04:18,204 - INFO - total cases:60/200
2023-06-01 14:15:27,964 - INFO - execution time:669.76s

2023-06-01 14:15:27,964 - INFO - ###########################
2023-06-01 14:15:27,965 - INFO - selected_topic:fraud
2023-06-01 14:15:27,965 - INFO - iteration:94
2023-06-01 14:15:27,965 - INFO - total cases:60/200
2023-06-01 14:16:22,511 - INFO - execution time:54.55s

2023-06-01 14:16:22,512 - INFO - ###########################
2023-06-01 14:16:22,512 - INFO - selected_topic:fraud
2023-06-01 14:16:22,512 - INFO - iteration:95
2023-06-01 14:16:22,512 - INFO - total cases:61/200
2023-06-01 14:17:09,323 - INFO - execution time:46.81s

2023-06-01 14:17:09,323 - INFO - ###########################
2023-06-01 14:17:09,323 - INFO - selected_topic:fraud
2023-06-01 14:17:09,323 - INFO - iteration:96
2023-06-01 14:17:09,323 - INFO - total cases:61/200
2023-06-01 14:19:31,138 - INFO - execution time:141.81s

2023-06-01 14:19:31,138 - INFO - ###########################
2023-06-01 14:19:31,138 - INFO - selected_topic:fraud
2023-06-01 14:19:31,138 - INFO - iteration:97
2023-06-01 14:19:31,138 - INFO - total cases:61/200
2023-06-01 14:21:12,212 - INFO - execution time:101.07s

2023-06-01 14:21:12,213 - INFO - ###########################
2023-06-01 14:21:12,213 - INFO - selected_topic:fraud
2023-06-01 14:21:12,213 - INFO - iteration:98
2023-06-01 14:21:12,213 - INFO - total cases:62/200
2023-06-01 14:22:31,081 - INFO - execution time:78.87s

2023-06-01 14:22:31,081 - INFO - ###########################
2023-06-01 14:22:31,081 - INFO - selected_topic:fraud
2023-06-01 14:22:31,081 - INFO - iteration:99
2023-06-01 14:22:31,081 - INFO - total cases:63/200
2023-06-01 14:23:27,625 - INFO - execution time:56.54s

2023-06-01 14:23:27,625 - INFO - ###########################
2023-06-01 14:23:27,625 - INFO - selected_topic:fraud
2023-06-01 14:23:27,625 - INFO - iteration:100
2023-06-01 14:23:27,626 - INFO - total cases:63/200
2023-06-01 14:24:52,828 - INFO - execution time:85.20s

2023-06-01 14:24:52,828 - INFO - ###########################
2023-06-01 14:24:52,828 - INFO - selected_topic:fraud
2023-06-01 14:24:52,828 - INFO - iteration:101
2023-06-01 14:24:52,828 - INFO - total cases:63/200
2023-06-01 14:26:37,264 - INFO - execution time:104.44s

2023-06-01 14:26:37,265 - INFO - ###########################
2023-06-01 14:26:37,265 - INFO - selected_topic:fraud
2023-06-01 14:26:37,265 - INFO - iteration:102
2023-06-01 14:26:37,265 - INFO - total cases:64/200
2023-06-01 14:27:43,580 - INFO - execution time:66.31s

2023-06-01 14:27:43,580 - INFO - ###########################
2023-06-01 14:27:43,580 - INFO - selected_topic:fraud
2023-06-01 14:27:43,580 - INFO - iteration:103
2023-06-01 14:27:43,580 - INFO - total cases:64/200
2023-06-01 14:29:11,407 - INFO - execution time:87.83s

2023-06-01 14:29:11,407 - INFO - ###########################
2023-06-01 14:29:11,408 - INFO - selected_topic:fraud
2023-06-01 14:29:11,408 - INFO - iteration:104
2023-06-01 14:29:11,408 - INFO - total cases:65/200
2023-06-01 14:30:01,927 - INFO - execution time:50.52s

2023-06-01 14:30:01,927 - INFO - ###########################
2023-06-01 14:30:01,927 - INFO - selected_topic:fraud
2023-06-01 14:30:01,927 - INFO - iteration:105
2023-06-01 14:30:01,927 - INFO - total cases:65/200
2023-06-01 14:31:48,707 - INFO - execution time:106.78s

2023-06-01 14:31:48,708 - INFO - ###########################
2023-06-01 14:31:48,709 - INFO - selected_topic:fraud
2023-06-01 14:31:48,709 - INFO - iteration:106
2023-06-01 14:31:48,709 - INFO - total cases:66/200
2023-06-01 14:33:15,412 - INFO - execution time:86.70s

2023-06-01 14:33:15,412 - INFO - ###########################
2023-06-01 14:33:15,412 - INFO - selected_topic:fraud
2023-06-01 14:33:15,412 - INFO - iteration:107
2023-06-01 14:33:15,412 - INFO - total cases:67/200
2023-06-01 14:34:17,831 - INFO - execution time:62.42s

2023-06-01 14:34:17,831 - INFO - ###########################
2023-06-01 14:34:17,831 - INFO - selected_topic:fraud
2023-06-01 14:34:17,831 - INFO - iteration:108
2023-06-01 14:34:17,831 - INFO - total cases:68/200
2023-06-01 14:35:07,878 - INFO - execution time:50.05s

2023-06-01 14:35:07,879 - INFO - ###########################
2023-06-01 14:35:07,879 - INFO - selected_topic:fraud
2023-06-01 14:35:07,879 - INFO - iteration:109
2023-06-01 14:35:07,879 - INFO - total cases:68/200
2023-06-01 14:36:25,939 - INFO - execution time:78.06s

2023-06-01 14:36:25,940 - INFO - ###########################
2023-06-01 14:36:25,940 - INFO - selected_topic:fraud
2023-06-01 14:36:25,940 - INFO - iteration:110
2023-06-01 14:36:25,940 - INFO - total cases:69/200
2023-06-01 14:37:31,061 - INFO - execution time:65.12s

2023-06-01 14:37:31,061 - INFO - ###########################
2023-06-01 14:37:31,061 - INFO - selected_topic:fraud
2023-06-01 14:37:31,061 - INFO - iteration:111
2023-06-01 14:37:31,061 - INFO - total cases:70/200
2023-06-01 14:39:02,547 - INFO - execution time:91.49s

2023-06-01 14:39:02,548 - INFO - ###########################
2023-06-01 14:39:02,548 - INFO - selected_topic:fraud
2023-06-01 14:39:02,548 - INFO - iteration:112
2023-06-01 14:39:02,548 - INFO - total cases:71/200
2023-06-01 14:40:12,246 - INFO - execution time:69.70s

2023-06-01 14:40:12,246 - INFO - ###########################
2023-06-01 14:40:12,246 - INFO - selected_topic:fraud
2023-06-01 14:40:12,246 - INFO - iteration:113
2023-06-01 14:40:12,246 - INFO - total cases:72/200
2023-06-01 14:41:29,299 - INFO - execution time:77.05s

2023-06-01 14:41:29,299 - INFO - ###########################
2023-06-01 14:41:29,299 - INFO - selected_topic:fraud
2023-06-01 14:41:29,299 - INFO - iteration:114
2023-06-01 14:41:29,299 - INFO - total cases:73/200
2023-06-01 14:42:20,367 - INFO - execution time:51.07s

2023-06-01 14:42:20,367 - INFO - ###########################
2023-06-01 14:42:20,367 - INFO - selected_topic:fraud
2023-06-01 14:42:20,367 - INFO - iteration:115
2023-06-01 14:42:20,367 - INFO - total cases:73/200
2023-06-01 14:43:34,848 - INFO - execution time:74.48s

2023-06-01 14:43:34,848 - INFO - ###########################
2023-06-01 14:43:34,848 - INFO - selected_topic:fraud
2023-06-01 14:43:34,848 - INFO - iteration:116
2023-06-01 14:43:34,848 - INFO - total cases:74/200
2023-06-01 14:44:41,969 - INFO - execution time:67.12s

2023-06-01 14:44:41,969 - INFO - ###########################
2023-06-01 14:44:41,969 - INFO - selected_topic:fraud
2023-06-01 14:44:41,970 - INFO - iteration:117
2023-06-01 14:44:41,970 - INFO - total cases:75/200
2023-06-01 14:46:20,871 - INFO - execution time:98.90s

2023-06-01 14:46:20,871 - INFO - ###########################
2023-06-01 14:46:20,871 - INFO - selected_topic:fraud
2023-06-01 14:46:20,871 - INFO - iteration:118
2023-06-01 14:46:20,872 - INFO - total cases:76/200
2023-06-01 14:47:14,009 - INFO - execution time:53.14s

2023-06-01 14:47:14,010 - INFO - ###########################
2023-06-01 14:47:14,010 - INFO - selected_topic:fraud
2023-06-01 14:47:14,010 - INFO - iteration:119
2023-06-01 14:47:14,010 - INFO - total cases:76/200
2023-06-01 14:48:31,116 - INFO - execution time:77.11s

2023-06-01 14:48:31,116 - INFO - ###########################
2023-06-01 14:48:31,116 - INFO - selected_topic:fraud
2023-06-01 14:48:31,117 - INFO - iteration:120
2023-06-01 14:48:31,117 - INFO - total cases:77/200
2023-06-01 14:49:41,169 - INFO - execution time:70.05s

2023-06-01 14:49:41,170 - INFO - ###########################
2023-06-01 14:49:41,170 - INFO - selected_topic:fraud
2023-06-01 14:49:41,170 - INFO - iteration:121
2023-06-01 14:49:41,171 - INFO - total cases:78/200
2023-06-01 14:51:03,830 - INFO - execution time:82.66s

2023-06-01 14:51:03,831 - INFO - ###########################
2023-06-01 14:51:03,831 - INFO - selected_topic:fraud
2023-06-01 14:51:03,831 - INFO - iteration:122
2023-06-01 14:51:03,831 - INFO - total cases:79/200
2023-06-01 14:52:17,294 - INFO - execution time:73.46s

2023-06-01 14:52:17,294 - INFO - ###########################
2023-06-01 14:52:17,294 - INFO - selected_topic:fraud
2023-06-01 14:52:17,294 - INFO - iteration:123
2023-06-01 14:52:17,294 - INFO - total cases:80/200
2023-06-01 14:53:03,729 - INFO - execution time:46.43s

2023-06-01 14:53:03,729 - INFO - ###########################
2023-06-01 14:53:03,729 - INFO - selected_topic:fraud
2023-06-01 14:53:03,729 - INFO - iteration:124
2023-06-01 14:53:03,729 - INFO - total cases:80/200
2023-06-01 14:54:20,407 - INFO - execution time:76.68s

2023-06-01 14:54:20,408 - INFO - ###########################
2023-06-01 14:54:20,408 - INFO - selected_topic:fraud
2023-06-01 14:54:20,408 - INFO - iteration:125
2023-06-01 14:54:20,408 - INFO - total cases:81/200
2023-06-01 14:55:47,261 - INFO - execution time:86.85s

2023-06-01 14:55:47,261 - INFO - ###########################
2023-06-01 14:55:47,261 - INFO - selected_topic:fraud
2023-06-01 14:55:47,261 - INFO - iteration:126
2023-06-01 14:55:47,262 - INFO - total cases:81/200
2023-06-01 14:57:31,178 - INFO - execution time:103.92s

2023-06-01 14:57:31,179 - INFO - ###########################
2023-06-01 14:57:31,179 - INFO - selected_topic:fraud
2023-06-01 14:57:31,179 - INFO - iteration:127
2023-06-01 14:57:31,180 - INFO - total cases:82/200
2023-06-01 14:59:41,286 - INFO - execution time:130.11s

2023-06-01 14:59:41,287 - INFO - ###########################
2023-06-01 14:59:41,287 - INFO - selected_topic:fraud
2023-06-01 14:59:41,287 - INFO - iteration:128
2023-06-01 14:59:41,287 - INFO - total cases:82/200
2023-06-01 15:01:02,148 - INFO - execution time:80.86s

2023-06-01 15:01:02,149 - INFO - ###########################
2023-06-01 15:01:02,150 - INFO - selected_topic:fraud
2023-06-01 15:01:02,150 - INFO - iteration:129
2023-06-01 15:01:02,150 - INFO - total cases:83/200
2023-06-01 15:02:11,159 - INFO - execution time:69.01s

2023-06-01 15:02:11,160 - INFO - ###########################
2023-06-01 15:02:11,160 - INFO - selected_topic:fraud
2023-06-01 15:02:11,160 - INFO - iteration:130
2023-06-01 15:02:11,160 - INFO - total cases:84/200
2023-06-01 15:02:59,019 - INFO - execution time:47.86s

2023-06-01 15:02:59,020 - INFO - ###########################
2023-06-01 15:02:59,020 - INFO - selected_topic:fraud
2023-06-01 15:02:59,020 - INFO - iteration:131
2023-06-01 15:02:59,020 - INFO - total cases:84/200
2023-06-01 15:04:23,628 - INFO - execution time:84.61s

2023-06-01 15:04:23,628 - INFO - ###########################
2023-06-01 15:04:23,629 - INFO - selected_topic:fraud
2023-06-01 15:04:23,629 - INFO - iteration:132
2023-06-01 15:04:23,629 - INFO - total cases:85/200
2023-06-01 15:05:32,703 - INFO - execution time:69.07s

2023-06-01 15:05:32,703 - INFO - ###########################
2023-06-01 15:05:32,704 - INFO - selected_topic:fraud
2023-06-01 15:05:32,704 - INFO - iteration:133
2023-06-01 15:05:32,704 - INFO - total cases:85/200
2023-06-01 15:07:15,320 - INFO - execution time:102.62s

2023-06-01 15:07:15,320 - INFO - ###########################
2023-06-01 15:07:15,320 - INFO - selected_topic:fraud
2023-06-01 15:07:15,320 - INFO - iteration:134
2023-06-01 15:07:15,320 - INFO - total cases:85/200
2023-06-01 15:08:12,269 - INFO - execution time:56.95s

2023-06-01 15:08:12,269 - INFO - ###########################
2023-06-01 15:08:12,269 - INFO - selected_topic:fraud
2023-06-01 15:08:12,269 - INFO - iteration:135
2023-06-01 15:08:12,269 - INFO - total cases:86/200
2023-06-01 15:09:31,075 - INFO - execution time:78.81s

2023-06-01 15:09:31,076 - INFO - ###########################
2023-06-01 15:09:31,076 - INFO - selected_topic:fraud
2023-06-01 15:09:31,076 - INFO - iteration:136
2023-06-01 15:09:31,076 - INFO - total cases:87/200
2023-06-01 15:10:47,945 - INFO - execution time:76.87s

2023-06-01 15:10:47,945 - INFO - ###########################
2023-06-01 15:10:47,945 - INFO - selected_topic:fraud
2023-06-01 15:10:47,945 - INFO - iteration:137
2023-06-01 15:10:47,945 - INFO - total cases:88/200
2023-06-01 15:11:53,092 - INFO - execution time:65.15s

2023-06-01 15:11:53,093 - INFO - ###########################
2023-06-01 15:11:53,093 - INFO - selected_topic:fraud
2023-06-01 15:11:53,093 - INFO - iteration:138
2023-06-01 15:11:53,093 - INFO - total cases:89/200
2023-06-01 15:13:20,555 - INFO - execution time:87.46s

2023-06-01 15:13:20,556 - INFO - ###########################
2023-06-01 15:13:20,556 - INFO - selected_topic:fraud
2023-06-01 15:13:20,556 - INFO - iteration:139
2023-06-01 15:13:20,556 - INFO - total cases:90/200
2023-06-01 15:14:28,150 - INFO - execution time:67.59s

2023-06-01 15:14:28,150 - INFO - ###########################
2023-06-01 15:14:28,151 - INFO - selected_topic:fraud
2023-06-01 15:14:28,151 - INFO - iteration:140
2023-06-01 15:14:28,151 - INFO - total cases:91/200
2023-06-01 15:15:40,372 - INFO - execution time:72.22s

2023-06-01 15:15:40,373 - INFO - ###########################
2023-06-01 15:15:40,373 - INFO - selected_topic:fraud
2023-06-01 15:15:40,373 - INFO - iteration:141
2023-06-01 15:15:40,373 - INFO - total cases:91/200
2023-06-01 15:16:44,640 - INFO - execution time:64.27s

2023-06-01 15:16:44,640 - INFO - ###########################
2023-06-01 15:16:44,640 - INFO - selected_topic:fraud
2023-06-01 15:16:44,641 - INFO - iteration:142
2023-06-01 15:16:44,641 - INFO - total cases:92/200
2023-06-01 15:18:39,836 - INFO - execution time:115.20s

2023-06-01 15:18:39,836 - INFO - ###########################
2023-06-01 15:18:39,836 - INFO - selected_topic:fraud
2023-06-01 15:18:39,837 - INFO - iteration:143
2023-06-01 15:18:39,837 - INFO - total cases:93/200
2023-06-01 15:19:58,197 - INFO - execution time:78.36s

2023-06-01 15:19:58,197 - INFO - ###########################
2023-06-01 15:19:58,197 - INFO - selected_topic:fraud
2023-06-01 15:19:58,197 - INFO - iteration:144
2023-06-01 15:19:58,197 - INFO - total cases:94/200
2023-06-01 15:21:09,352 - INFO - execution time:71.15s

2023-06-01 15:21:09,353 - INFO - ###########################
2023-06-01 15:21:09,353 - INFO - selected_topic:fraud
2023-06-01 15:21:09,353 - INFO - iteration:145
2023-06-01 15:21:09,353 - INFO - total cases:95/200
2023-06-01 15:22:34,485 - INFO - execution time:85.13s

2023-06-01 15:22:34,485 - INFO - ###########################
2023-06-01 15:22:34,485 - INFO - selected_topic:fraud
2023-06-01 15:22:34,486 - INFO - iteration:146
2023-06-01 15:22:34,486 - INFO - total cases:96/200
2023-06-01 15:23:56,780 - INFO - execution time:82.29s

2023-06-01 15:23:56,780 - INFO - ###########################
2023-06-01 15:23:56,780 - INFO - selected_topic:fraud
2023-06-01 15:23:56,780 - INFO - iteration:147
2023-06-01 15:23:56,780 - INFO - total cases:96/200
2023-06-01 15:25:21,061 - INFO - execution time:84.28s

2023-06-01 15:25:21,061 - INFO - ###########################
2023-06-01 15:25:21,061 - INFO - selected_topic:fraud
2023-06-01 15:25:21,061 - INFO - iteration:148
2023-06-01 15:25:21,061 - INFO - total cases:97/200
2023-06-01 15:27:02,581 - INFO - execution time:101.52s

2023-06-01 15:27:02,581 - INFO - ###########################
2023-06-01 15:27:02,581 - INFO - selected_topic:fraud
2023-06-01 15:27:02,581 - INFO - iteration:149
2023-06-01 15:27:02,581 - INFO - total cases:98/200
2023-06-01 15:28:21,027 - INFO - execution time:78.45s

2023-06-01 15:28:21,028 - INFO - ###########################
2023-06-01 15:28:21,028 - INFO - selected_topic:fraud
2023-06-01 15:28:21,028 - INFO - iteration:150
2023-06-01 15:28:21,028 - INFO - total cases:99/200
2023-06-01 15:29:44,104 - INFO - execution time:83.08s

2023-06-01 15:29:44,105 - INFO - ###########################
2023-06-01 15:29:44,105 - INFO - selected_topic:fraud
2023-06-01 15:29:44,105 - INFO - iteration:151
2023-06-01 15:29:44,105 - INFO - total cases:99/200
2023-06-01 15:30:59,234 - INFO - execution time:75.13s

2023-06-01 15:30:59,235 - INFO - ###########################
2023-06-01 15:30:59,235 - INFO - selected_topic:fraud
2023-06-01 15:30:59,235 - INFO - iteration:152
2023-06-01 15:30:59,235 - INFO - total cases:100/200
2023-06-01 15:32:03,563 - INFO - execution time:64.33s

2023-06-01 15:32:03,563 - INFO - ###########################
2023-06-01 15:32:03,563 - INFO - selected_topic:fraud
2023-06-01 15:32:03,563 - INFO - iteration:153
2023-06-01 15:32:03,563 - INFO - total cases:101/200
2023-06-01 15:33:16,576 - INFO - execution time:73.01s

2023-06-01 15:33:16,576 - INFO - ###########################
2023-06-01 15:33:16,577 - INFO - selected_topic:fraud
2023-06-01 15:33:16,577 - INFO - iteration:154
2023-06-01 15:33:16,577 - INFO - total cases:102/200
2023-06-01 15:34:54,158 - INFO - execution time:97.58s

2023-06-01 15:34:54,158 - INFO - ###########################
2023-06-01 15:34:54,158 - INFO - selected_topic:fraud
2023-06-01 15:34:54,158 - INFO - iteration:155
2023-06-01 15:34:54,158 - INFO - total cases:102/200
2023-06-01 15:36:11,510 - INFO - execution time:77.35s

2023-06-01 15:36:11,511 - INFO - ###########################
2023-06-01 15:36:11,511 - INFO - selected_topic:fraud
2023-06-01 15:36:11,511 - INFO - iteration:156
2023-06-01 15:36:11,511 - INFO - total cases:103/200
2023-06-01 15:37:11,109 - INFO - execution time:59.60s

2023-06-01 15:37:11,109 - INFO - ###########################
2023-06-01 15:37:11,109 - INFO - selected_topic:fraud
2023-06-01 15:37:11,109 - INFO - iteration:157
2023-06-01 15:37:11,110 - INFO - total cases:103/200
2023-06-01 15:38:26,591 - INFO - execution time:75.48s

2023-06-01 15:38:26,592 - INFO - ###########################
2023-06-01 15:38:26,592 - INFO - selected_topic:fraud
2023-06-01 15:38:26,592 - INFO - iteration:158
2023-06-01 15:38:26,592 - INFO - total cases:104/200
2023-06-01 15:39:33,739 - INFO - execution time:67.15s

2023-06-01 15:39:33,739 - INFO - ###########################
2023-06-01 15:39:33,740 - INFO - selected_topic:fraud
2023-06-01 15:39:33,740 - INFO - iteration:159
2023-06-01 15:39:33,740 - INFO - total cases:104/200
2023-06-01 15:41:40,723 - INFO - execution time:126.98s

2023-06-01 15:41:40,724 - INFO - ###########################
2023-06-01 15:41:40,724 - INFO - selected_topic:fraud
2023-06-01 15:41:40,724 - INFO - iteration:160
2023-06-01 15:41:40,724 - INFO - total cases:104/200
2023-06-01 15:42:29,374 - INFO - execution time:48.65s

2023-06-01 15:42:29,375 - INFO - ###########################
2023-06-01 15:42:29,375 - INFO - selected_topic:fraud
2023-06-01 15:42:29,375 - INFO - iteration:161
2023-06-01 15:42:29,375 - INFO - total cases:104/200
2023-06-01 15:43:48,946 - INFO - execution time:79.57s

2023-06-01 15:43:48,947 - INFO - ###########################
2023-06-01 15:43:48,947 - INFO - selected_topic:fraud
2023-06-01 15:43:48,947 - INFO - iteration:162
2023-06-01 15:43:48,947 - INFO - total cases:105/200
2023-06-01 15:45:03,376 - INFO - execution time:74.43s

2023-06-01 15:45:03,376 - INFO - ###########################
2023-06-01 15:45:03,376 - INFO - selected_topic:fraud
2023-06-01 15:45:03,376 - INFO - iteration:163
2023-06-01 15:45:03,376 - INFO - total cases:106/200
2023-06-01 15:46:25,404 - INFO - execution time:82.03s

2023-06-01 15:46:25,405 - INFO - ###########################
2023-06-01 15:46:25,405 - INFO - selected_topic:fraud
2023-06-01 15:46:25,405 - INFO - iteration:164
2023-06-01 15:46:25,405 - INFO - total cases:107/200
2023-06-01 15:47:49,851 - INFO - execution time:84.45s

2023-06-01 15:47:49,851 - INFO - ###########################
2023-06-01 15:47:49,851 - INFO - selected_topic:fraud
2023-06-01 15:47:49,851 - INFO - iteration:165
2023-06-01 15:47:49,851 - INFO - total cases:108/200
2023-06-01 15:48:57,668 - INFO - execution time:67.82s

2023-06-01 15:48:57,669 - INFO - ###########################
2023-06-01 15:48:57,669 - INFO - selected_topic:fraud
2023-06-01 15:48:57,669 - INFO - iteration:166
2023-06-01 15:48:57,669 - INFO - total cases:108/200
2023-06-01 15:50:11,932 - INFO - execution time:74.26s

2023-06-01 15:50:11,933 - INFO - ###########################
2023-06-01 15:50:11,933 - INFO - selected_topic:fraud
2023-06-01 15:50:11,933 - INFO - iteration:167
2023-06-01 15:50:11,933 - INFO - total cases:109/200
2023-06-01 15:51:24,739 - INFO - execution time:72.81s

2023-06-01 15:51:24,740 - INFO - ###########################
2023-06-01 15:51:24,740 - INFO - selected_topic:fraud
2023-06-01 15:51:24,740 - INFO - iteration:168
2023-06-01 15:51:24,740 - INFO - total cases:110/200
2023-06-01 15:52:36,731 - INFO - execution time:71.99s

2023-06-01 15:52:36,732 - INFO - ###########################
2023-06-01 15:52:36,732 - INFO - selected_topic:fraud
2023-06-01 15:52:36,732 - INFO - iteration:169
2023-06-01 15:52:36,732 - INFO - total cases:111/200
2023-06-01 15:54:11,729 - INFO - execution time:95.00s

2023-06-01 15:54:11,729 - INFO - ###########################
2023-06-01 15:54:11,729 - INFO - selected_topic:fraud
2023-06-01 15:54:11,729 - INFO - iteration:170
2023-06-01 15:54:11,729 - INFO - total cases:111/200
2023-06-01 15:56:07,280 - INFO - execution time:115.55s

2023-06-01 15:56:07,280 - INFO - ###########################
2023-06-01 15:56:07,280 - INFO - selected_topic:fraud
2023-06-01 15:56:07,280 - INFO - iteration:171
2023-06-01 15:56:07,280 - INFO - total cases:111/200
2023-06-01 15:57:17,627 - INFO - execution time:70.35s

2023-06-01 15:57:17,627 - INFO - ###########################
2023-06-01 15:57:17,628 - INFO - selected_topic:fraud
2023-06-01 15:57:17,628 - INFO - iteration:172
2023-06-01 15:57:17,628 - INFO - total cases:111/200
2023-06-01 15:58:33,348 - INFO - execution time:75.72s

2023-06-01 15:58:33,349 - INFO - ###########################
2023-06-01 15:58:33,349 - INFO - selected_topic:fraud
2023-06-01 15:58:33,349 - INFO - iteration:173
2023-06-01 15:58:33,349 - INFO - total cases:112/200
2023-06-01 15:59:46,565 - INFO - execution time:73.22s

2023-06-01 15:59:46,565 - INFO - ###########################
2023-06-01 15:59:46,565 - INFO - selected_topic:fraud
2023-06-01 15:59:46,565 - INFO - iteration:174
2023-06-01 15:59:46,566 - INFO - total cases:112/200
2023-06-01 16:00:36,593 - INFO - execution time:50.03s

2023-06-01 16:00:36,593 - INFO - ###########################
2023-06-01 16:00:36,594 - INFO - selected_topic:fraud
2023-06-01 16:00:36,594 - INFO - iteration:175
2023-06-01 16:00:36,594 - INFO - total cases:112/200
2023-06-01 16:01:54,839 - INFO - execution time:78.24s

2023-06-01 16:01:54,839 - INFO - ###########################
2023-06-01 16:01:54,839 - INFO - selected_topic:fraud
2023-06-01 16:01:54,839 - INFO - iteration:176
2023-06-01 16:01:54,839 - INFO - total cases:113/200
2023-06-01 16:03:07,109 - INFO - execution time:72.27s

2023-06-01 16:03:07,110 - INFO - ###########################
2023-06-01 16:03:07,110 - INFO - selected_topic:fraud
2023-06-01 16:03:07,110 - INFO - iteration:177
2023-06-01 16:03:07,110 - INFO - total cases:114/200
2023-06-01 16:03:50,109 - INFO - execution time:43.00s

2023-06-01 16:03:50,109 - INFO - ###########################
2023-06-01 16:03:50,109 - INFO - selected_topic:fraud
2023-06-01 16:03:50,109 - INFO - iteration:178
2023-06-01 16:03:50,110 - INFO - total cases:114/200
2023-06-01 16:05:03,835 - INFO - execution time:73.73s

2023-06-01 16:05:03,835 - INFO - ###########################
2023-06-01 16:05:03,835 - INFO - selected_topic:fraud
2023-06-01 16:05:03,835 - INFO - iteration:179
2023-06-01 16:05:03,835 - INFO - total cases:115/200
2023-06-01 16:06:44,256 - INFO - execution time:100.42s

2023-06-01 16:06:44,256 - INFO - ###########################
2023-06-01 16:06:44,256 - INFO - selected_topic:fraud
2023-06-01 16:06:44,256 - INFO - iteration:180
2023-06-01 16:06:44,256 - INFO - total cases:116/200
2023-06-01 16:07:47,036 - INFO - execution time:62.78s

2023-06-01 16:07:47,037 - INFO - ###########################
2023-06-01 16:07:47,037 - INFO - selected_topic:fraud
2023-06-01 16:07:47,037 - INFO - iteration:181
2023-06-01 16:07:47,037 - INFO - total cases:117/200
2023-06-01 16:09:12,749 - INFO - execution time:85.71s

2023-06-01 16:09:12,749 - INFO - ###########################
2023-06-01 16:09:12,749 - INFO - selected_topic:fraud
2023-06-01 16:09:12,749 - INFO - iteration:182
2023-06-01 16:09:12,749 - INFO - total cases:118/200
2023-06-01 16:10:28,169 - INFO - execution time:75.42s

2023-06-01 16:10:28,169 - INFO - ###########################
2023-06-01 16:10:28,169 - INFO - selected_topic:fraud
2023-06-01 16:10:28,169 - INFO - iteration:183
2023-06-01 16:10:28,169 - INFO - total cases:119/200
2023-06-01 16:11:55,719 - INFO - execution time:87.55s

2023-06-01 16:11:55,719 - INFO - ###########################
2023-06-01 16:11:55,719 - INFO - selected_topic:fraud
2023-06-01 16:11:55,719 - INFO - iteration:184
2023-06-01 16:11:55,719 - INFO - total cases:120/200
2023-06-01 16:13:07,521 - INFO - execution time:71.80s

2023-06-01 16:13:07,521 - INFO - ###########################
2023-06-01 16:13:07,521 - INFO - selected_topic:fraud
2023-06-01 16:13:07,522 - INFO - iteration:185
2023-06-01 16:13:07,522 - INFO - total cases:121/200
2023-06-01 16:14:28,251 - INFO - execution time:80.73s

2023-06-01 16:14:28,251 - INFO - ###########################
2023-06-01 16:14:28,251 - INFO - selected_topic:fraud
2023-06-01 16:14:28,251 - INFO - iteration:186
2023-06-01 16:14:28,251 - INFO - total cases:121/200
2023-06-01 16:15:44,152 - INFO - execution time:75.90s

2023-06-01 16:15:44,152 - INFO - ###########################
2023-06-01 16:15:44,152 - INFO - selected_topic:fraud
2023-06-01 16:15:44,152 - INFO - iteration:187
2023-06-01 16:15:44,152 - INFO - total cases:122/200
2023-06-01 16:17:10,871 - INFO - execution time:86.72s

2023-06-01 16:17:10,871 - INFO - ###########################
2023-06-01 16:17:10,872 - INFO - selected_topic:fraud
2023-06-01 16:17:10,872 - INFO - iteration:188
2023-06-01 16:17:10,872 - INFO - total cases:123/200
2023-06-01 16:18:33,079 - INFO - execution time:82.21s

2023-06-01 16:18:33,079 - INFO - ###########################
2023-06-01 16:18:33,079 - INFO - selected_topic:fraud
2023-06-01 16:18:33,079 - INFO - iteration:189
2023-06-01 16:18:33,079 - INFO - total cases:124/200
2023-06-01 16:20:27,400 - INFO - execution time:114.32s

2023-06-01 16:20:27,400 - INFO - ###########################
2023-06-01 16:20:27,400 - INFO - selected_topic:fraud
2023-06-01 16:20:27,400 - INFO - iteration:190
2023-06-01 16:20:27,400 - INFO - total cases:125/200
2023-06-01 16:21:17,670 - INFO - execution time:50.27s

2023-06-01 16:21:17,671 - INFO - ###########################
2023-06-01 16:21:17,671 - INFO - selected_topic:fraud
2023-06-01 16:21:17,671 - INFO - iteration:191
2023-06-01 16:21:17,671 - INFO - total cases:126/200
2023-06-01 16:22:30,486 - INFO - execution time:72.81s

2023-06-01 16:22:30,486 - INFO - ###########################
2023-06-01 16:22:30,486 - INFO - selected_topic:fraud
2023-06-01 16:22:30,487 - INFO - iteration:192
2023-06-01 16:22:30,487 - INFO - total cases:127/200
2023-06-01 16:23:48,394 - INFO - execution time:77.91s

2023-06-01 16:23:48,396 - INFO - ###########################
2023-06-01 16:23:48,396 - INFO - selected_topic:fraud
2023-06-01 16:23:48,396 - INFO - iteration:193
2023-06-01 16:23:48,396 - INFO - total cases:128/200
2023-06-01 16:25:27,957 - INFO - execution time:99.56s

2023-06-01 16:25:27,957 - INFO - ###########################
2023-06-01 16:25:27,957 - INFO - selected_topic:fraud
2023-06-01 16:25:27,957 - INFO - iteration:194
2023-06-01 16:25:27,957 - INFO - total cases:129/200
2023-06-01 16:26:08,098 - INFO - execution time:40.14s

2023-06-01 16:26:08,098 - INFO - ###########################
2023-06-01 16:26:08,098 - INFO - selected_topic:fraud
2023-06-01 16:26:08,098 - INFO - iteration:195
2023-06-01 16:26:08,098 - INFO - total cases:129/200
2023-06-01 16:27:51,623 - INFO - execution time:103.52s

2023-06-01 16:27:51,624 - INFO - ###########################
2023-06-01 16:27:51,624 - INFO - selected_topic:fraud
2023-06-01 16:27:51,624 - INFO - iteration:196
2023-06-01 16:27:51,624 - INFO - total cases:129/200
2023-06-01 16:30:45,450 - INFO - execution time:173.83s

2023-06-01 16:30:45,451 - INFO - ###########################
2023-06-01 16:30:45,451 - INFO - selected_topic:fraud
2023-06-01 16:30:45,451 - INFO - iteration:197
2023-06-01 16:30:45,451 - INFO - total cases:129/200
2023-06-01 16:31:30,912 - INFO - execution time:45.46s

2023-06-01 16:31:30,913 - INFO - ###########################
2023-06-01 16:31:30,913 - INFO - selected_topic:fraud
2023-06-01 16:31:30,913 - INFO - iteration:198
2023-06-01 16:31:30,913 - INFO - total cases:129/200
2023-06-01 16:32:48,073 - INFO - execution time:77.16s

2023-06-01 16:32:48,073 - INFO - ###########################
2023-06-01 16:32:48,074 - INFO - selected_topic:fraud
2023-06-01 16:32:48,074 - INFO - iteration:199
2023-06-01 16:32:48,074 - INFO - total cases:129/200
2023-06-01 16:34:46,149 - INFO - execution time:118.08s

2023-06-01 16:34:46,149 - INFO - ###########################
2023-06-01 16:34:46,149 - INFO - selected_topic:fraud
2023-06-01 16:34:46,150 - INFO - iteration:200
2023-06-01 16:34:46,150 - INFO - total cases:130/200
2023-06-01 16:35:44,945 - INFO - execution time:58.80s

2023-06-01 16:35:44,945 - INFO - ###########################
2023-06-01 16:35:44,945 - INFO - selected_topic:fraud
2023-06-01 16:35:44,945 - INFO - iteration:201
2023-06-01 16:35:44,945 - INFO - total cases:131/200
2023-06-01 16:36:44,769 - INFO - execution time:59.82s

2023-06-01 16:36:44,770 - INFO - ###########################
2023-06-01 16:36:44,770 - INFO - selected_topic:fraud
2023-06-01 16:36:44,770 - INFO - iteration:202
2023-06-01 16:36:44,770 - INFO - total cases:132/200
2023-06-01 16:37:46,704 - INFO - execution time:61.93s

2023-06-01 16:37:46,705 - INFO - ###########################
2023-06-01 16:37:46,705 - INFO - selected_topic:fraud
2023-06-01 16:37:46,705 - INFO - iteration:203
2023-06-01 16:37:46,705 - INFO - total cases:132/200
2023-06-01 16:38:53,475 - INFO - execution time:66.77s

2023-06-01 16:38:53,476 - INFO - ###########################
2023-06-01 16:38:53,476 - INFO - selected_topic:fraud
2023-06-01 16:38:53,476 - INFO - iteration:204
2023-06-01 16:38:53,476 - INFO - total cases:133/200
2023-06-01 16:40:13,893 - INFO - execution time:80.42s

2023-06-01 16:40:13,893 - INFO - ###########################
2023-06-01 16:40:13,893 - INFO - selected_topic:fraud
2023-06-01 16:40:13,893 - INFO - iteration:205
2023-06-01 16:40:13,893 - INFO - total cases:134/200
2023-06-01 16:41:49,592 - INFO - execution time:95.70s

2023-06-01 16:41:49,593 - INFO - ###########################
2023-06-01 16:41:49,593 - INFO - selected_topic:fraud
2023-06-01 16:41:49,593 - INFO - iteration:206
2023-06-01 16:41:49,593 - INFO - total cases:135/200
2023-06-01 16:42:51,760 - INFO - execution time:62.17s

2023-06-01 16:42:51,760 - INFO - ###########################
2023-06-01 16:42:51,760 - INFO - selected_topic:fraud
2023-06-01 16:42:51,761 - INFO - iteration:207
2023-06-01 16:42:51,761 - INFO - total cases:135/200
2023-06-01 16:44:13,450 - INFO - execution time:81.69s

2023-06-01 16:44:13,450 - INFO - ###########################
2023-06-01 16:44:13,450 - INFO - selected_topic:fraud
2023-06-01 16:44:13,450 - INFO - iteration:208
2023-06-01 16:44:13,450 - INFO - total cases:136/200
2023-06-01 16:44:50,853 - INFO - execution time:37.40s

2023-06-01 16:44:50,853 - INFO - ###########################
2023-06-01 16:44:50,853 - INFO - selected_topic:fraud
2023-06-01 16:44:50,853 - INFO - iteration:209
2023-06-01 16:44:50,853 - INFO - total cases:136/200
2023-06-01 16:46:16,164 - INFO - execution time:85.31s

2023-06-01 16:46:16,165 - INFO - ###########################
2023-06-01 16:46:16,165 - INFO - selected_topic:fraud
2023-06-01 16:46:16,165 - INFO - iteration:210
2023-06-01 16:46:16,165 - INFO - total cases:137/200
2023-06-01 16:47:22,471 - INFO - execution time:66.31s

2023-06-01 16:47:22,471 - INFO - ###########################
2023-06-01 16:47:22,471 - INFO - selected_topic:fraud
2023-06-01 16:47:22,471 - INFO - iteration:211
2023-06-01 16:47:22,472 - INFO - total cases:137/200
2023-06-01 16:48:31,534 - INFO - execution time:69.06s

2023-06-01 16:48:31,534 - INFO - ###########################
2023-06-01 16:48:31,534 - INFO - selected_topic:fraud
2023-06-01 16:48:31,534 - INFO - iteration:212
2023-06-01 16:48:31,534 - INFO - total cases:137/200
2023-06-01 16:49:13,685 - INFO - execution time:42.15s

2023-06-01 16:49:13,685 - INFO - ###########################
2023-06-01 16:49:13,686 - INFO - selected_topic:fraud
2023-06-01 16:49:13,686 - INFO - iteration:213
2023-06-01 16:49:13,686 - INFO - total cases:137/200
2023-06-01 16:50:12,616 - INFO - execution time:58.93s

2023-06-01 16:50:12,616 - INFO - ###########################
2023-06-01 16:50:12,616 - INFO - selected_topic:fraud
2023-06-01 16:50:12,616 - INFO - iteration:214
2023-06-01 16:50:12,616 - INFO - total cases:137/200
2023-06-01 16:51:25,923 - INFO - execution time:73.31s

2023-06-01 16:51:25,923 - INFO - ###########################
2023-06-01 16:51:25,923 - INFO - selected_topic:fraud
2023-06-01 16:51:25,923 - INFO - iteration:215
2023-06-01 16:51:25,923 - INFO - total cases:137/200
2023-06-01 16:52:30,944 - INFO - execution time:65.02s

2023-06-01 16:52:30,945 - INFO - ###########################
2023-06-01 16:52:30,945 - INFO - selected_topic:fraud
2023-06-01 16:52:30,945 - INFO - iteration:216
2023-06-01 16:52:30,945 - INFO - total cases:138/200
2023-06-01 16:53:37,365 - INFO - execution time:66.42s

2023-06-01 16:53:37,365 - INFO - ###########################
2023-06-01 16:53:37,365 - INFO - selected_topic:fraud
2023-06-01 16:53:37,365 - INFO - iteration:217
2023-06-01 16:53:37,365 - INFO - total cases:139/200
2023-06-01 16:54:52,960 - INFO - execution time:75.59s

2023-06-01 16:54:52,960 - INFO - ###########################
2023-06-01 16:54:52,960 - INFO - selected_topic:fraud
2023-06-01 16:54:52,960 - INFO - iteration:218
2023-06-01 16:54:52,960 - INFO - total cases:140/200
2023-06-01 16:56:07,179 - INFO - execution time:74.22s

2023-06-01 16:56:07,179 - INFO - ###########################
2023-06-01 16:56:07,179 - INFO - selected_topic:fraud
2023-06-01 16:56:07,179 - INFO - iteration:219
2023-06-01 16:56:07,179 - INFO - total cases:141/200
2023-06-01 16:57:10,682 - INFO - execution time:63.50s

2023-06-01 16:57:10,682 - INFO - ###########################
2023-06-01 16:57:10,682 - INFO - selected_topic:fraud
2023-06-01 16:57:10,682 - INFO - iteration:220
2023-06-01 16:57:10,682 - INFO - total cases:141/200
2023-06-01 16:58:14,644 - INFO - execution time:63.96s

2023-06-01 16:58:14,644 - INFO - ###########################
2023-06-01 16:58:14,644 - INFO - selected_topic:fraud
2023-06-01 16:58:14,644 - INFO - iteration:221
2023-06-01 16:58:14,644 - INFO - total cases:142/200
2023-06-01 16:59:18,174 - INFO - execution time:63.53s

2023-06-01 16:59:18,174 - INFO - ###########################
2023-06-01 16:59:18,174 - INFO - selected_topic:fraud
2023-06-01 16:59:18,174 - INFO - iteration:222
2023-06-01 16:59:18,175 - INFO - total cases:143/200
2023-06-01 17:00:24,251 - INFO - execution time:66.08s

2023-06-01 17:00:24,251 - INFO - ###########################
2023-06-01 17:00:24,251 - INFO - selected_topic:fraud
2023-06-01 17:00:24,251 - INFO - iteration:223
2023-06-01 17:00:24,251 - INFO - total cases:144/200
2023-06-01 17:01:31,256 - INFO - execution time:67.00s

2023-06-01 17:01:31,256 - INFO - ###########################
2023-06-01 17:01:31,256 - INFO - selected_topic:fraud
2023-06-01 17:01:31,256 - INFO - iteration:224
2023-06-01 17:01:31,257 - INFO - total cases:145/200
2023-06-01 17:02:29,013 - INFO - execution time:57.76s

2023-06-01 17:02:29,014 - INFO - ###########################
2023-06-01 17:02:29,014 - INFO - selected_topic:fraud
2023-06-01 17:02:29,014 - INFO - iteration:225
2023-06-01 17:02:29,014 - INFO - total cases:145/200
2023-06-01 17:03:31,364 - INFO - execution time:62.35s

2023-06-01 17:03:31,364 - INFO - ###########################
2023-06-01 17:03:31,364 - INFO - selected_topic:fraud
2023-06-01 17:03:31,364 - INFO - iteration:226
2023-06-01 17:03:31,365 - INFO - total cases:146/200
2023-06-01 17:04:56,015 - INFO - execution time:84.65s

2023-06-01 17:04:56,016 - INFO - ###########################
2023-06-01 17:04:56,016 - INFO - selected_topic:fraud
2023-06-01 17:04:56,016 - INFO - iteration:227
2023-06-01 17:04:56,016 - INFO - total cases:147/200
2023-06-01 17:05:31,103 - INFO - execution time:35.09s

2023-06-01 17:05:31,104 - INFO - ###########################
2023-06-01 17:05:31,104 - INFO - selected_topic:fraud
2023-06-01 17:05:31,104 - INFO - iteration:228
2023-06-01 17:05:31,105 - INFO - total cases:147/200
2023-06-01 17:07:00,307 - INFO - execution time:89.20s

2023-06-01 17:07:00,307 - INFO - ###########################
2023-06-01 17:07:00,308 - INFO - selected_topic:fraud
2023-06-01 17:07:00,308 - INFO - iteration:229
2023-06-01 17:07:00,308 - INFO - total cases:147/200
2023-06-01 17:08:20,546 - INFO - execution time:80.24s

2023-06-01 17:08:20,546 - INFO - ###########################
2023-06-01 17:08:20,546 - INFO - selected_topic:fraud
2023-06-01 17:08:20,547 - INFO - iteration:230
2023-06-01 17:08:20,547 - INFO - total cases:148/200
2023-06-01 17:09:27,379 - INFO - execution time:66.83s

2023-06-01 17:09:27,380 - INFO - ###########################
2023-06-01 17:09:27,380 - INFO - selected_topic:fraud
2023-06-01 17:09:27,380 - INFO - iteration:231
2023-06-01 17:09:27,380 - INFO - total cases:148/200
2023-06-01 17:11:24,164 - INFO - execution time:116.78s

2023-06-01 17:11:24,164 - INFO - ###########################
2023-06-01 17:11:24,165 - INFO - selected_topic:fraud
2023-06-01 17:11:24,165 - INFO - iteration:232
2023-06-01 17:11:24,165 - INFO - total cases:149/200
2023-06-01 17:12:59,706 - INFO - execution time:95.54s

2023-06-01 17:12:59,707 - INFO - ###########################
2023-06-01 17:12:59,707 - INFO - selected_topic:fraud
2023-06-01 17:12:59,707 - INFO - iteration:233
2023-06-01 17:12:59,707 - INFO - total cases:150/200
2023-06-01 17:14:11,363 - INFO - execution time:71.66s

2023-06-01 17:14:11,363 - INFO - ###########################
2023-06-01 17:14:11,363 - INFO - selected_topic:fraud
2023-06-01 17:14:11,363 - INFO - iteration:234
2023-06-01 17:14:11,363 - INFO - total cases:151/200
2023-06-01 17:15:46,219 - INFO - execution time:94.86s

2023-06-01 17:15:46,219 - INFO - ###########################
2023-06-01 17:15:46,220 - INFO - selected_topic:fraud
2023-06-01 17:15:46,220 - INFO - iteration:235
2023-06-01 17:15:46,220 - INFO - total cases:152/200
2023-06-01 17:17:38,189 - INFO - execution time:111.97s

2023-06-01 17:17:38,189 - INFO - ###########################
2023-06-01 17:17:38,189 - INFO - selected_topic:fraud
2023-06-01 17:17:38,189 - INFO - iteration:236
2023-06-01 17:17:38,189 - INFO - total cases:153/200
2023-06-01 17:18:51,561 - INFO - execution time:73.37s

2023-06-01 17:18:51,561 - INFO - ###########################
2023-06-01 17:18:51,561 - INFO - selected_topic:fraud
2023-06-01 17:18:51,561 - INFO - iteration:237
2023-06-01 17:18:51,561 - INFO - total cases:154/200
2023-06-01 17:20:06,352 - INFO - execution time:74.79s

2023-06-01 17:20:06,352 - INFO - ###########################
2023-06-01 17:20:06,353 - INFO - selected_topic:fraud
2023-06-01 17:20:06,353 - INFO - iteration:238
2023-06-01 17:20:06,353 - INFO - total cases:154/200
2023-06-01 17:21:06,969 - INFO - execution time:60.62s

2023-06-01 17:21:06,969 - INFO - ###########################
2023-06-01 17:21:06,969 - INFO - selected_topic:fraud
2023-06-01 17:21:06,969 - INFO - iteration:239
2023-06-01 17:21:06,969 - INFO - total cases:154/200
2023-06-01 17:22:50,459 - INFO - execution time:103.49s

2023-06-01 17:22:50,459 - INFO - ###########################
2023-06-01 17:22:50,459 - INFO - selected_topic:fraud
2023-06-01 17:22:50,460 - INFO - iteration:240
2023-06-01 17:22:50,460 - INFO - total cases:155/200
2023-06-01 17:23:49,376 - INFO - execution time:58.92s

2023-06-01 17:23:49,376 - INFO - ###########################
2023-06-01 17:23:49,376 - INFO - selected_topic:fraud
2023-06-01 17:23:49,376 - INFO - iteration:241
2023-06-01 17:23:49,376 - INFO - total cases:155/200
2023-06-01 17:24:44,036 - INFO - execution time:54.66s

2023-06-01 17:24:44,037 - INFO - ###########################
2023-06-01 17:24:44,037 - INFO - selected_topic:fraud
2023-06-01 17:24:44,037 - INFO - iteration:242
2023-06-01 17:24:44,037 - INFO - total cases:155/200
2023-06-01 17:26:14,645 - INFO - execution time:90.61s

2023-06-01 17:26:14,646 - INFO - ###########################
2023-06-01 17:26:14,646 - INFO - selected_topic:fraud
2023-06-01 17:26:14,646 - INFO - iteration:243
2023-06-01 17:26:14,646 - INFO - total cases:156/200
2023-06-01 17:27:34,354 - INFO - execution time:79.71s

2023-06-01 17:27:34,354 - INFO - ###########################
2023-06-01 17:27:34,355 - INFO - selected_topic:fraud
2023-06-01 17:27:34,355 - INFO - iteration:244
2023-06-01 17:27:34,355 - INFO - total cases:157/200
2023-06-01 17:28:56,200 - INFO - execution time:81.85s

2023-06-01 17:28:56,200 - INFO - ###########################
2023-06-01 17:28:56,200 - INFO - selected_topic:fraud
2023-06-01 17:28:56,201 - INFO - iteration:245
2023-06-01 17:28:56,201 - INFO - total cases:158/200
2023-06-01 17:29:39,067 - INFO - execution time:42.87s

2023-06-01 17:29:39,067 - INFO - ###########################
2023-06-01 17:29:39,067 - INFO - selected_topic:fraud
2023-06-01 17:29:39,067 - INFO - iteration:246
2023-06-01 17:29:39,067 - INFO - total cases:158/200
2023-06-01 17:30:52,973 - INFO - execution time:73.91s

2023-06-01 17:30:52,973 - INFO - ###########################
2023-06-01 17:30:52,973 - INFO - selected_topic:fraud
2023-06-01 17:30:52,973 - INFO - iteration:247
2023-06-01 17:30:52,974 - INFO - total cases:158/200
2023-06-01 17:31:48,233 - INFO - execution time:55.26s

2023-06-01 17:31:48,233 - INFO - ###########################
2023-06-01 17:31:48,234 - INFO - selected_topic:fraud
2023-06-01 17:31:48,234 - INFO - iteration:248
2023-06-01 17:31:48,234 - INFO - total cases:158/200
2023-06-01 17:32:56,773 - INFO - execution time:68.54s

2023-06-01 17:32:56,773 - INFO - ###########################
2023-06-01 17:32:56,773 - INFO - selected_topic:fraud
2023-06-01 17:32:56,773 - INFO - iteration:249
2023-06-01 17:32:56,773 - INFO - total cases:158/200
2023-06-01 17:34:15,721 - INFO - execution time:78.95s

2023-06-01 17:34:15,722 - INFO - ###########################
2023-06-01 17:34:15,722 - INFO - selected_topic:fraud
2023-06-01 17:34:15,722 - INFO - iteration:250
2023-06-01 17:34:15,722 - INFO - total cases:159/200
2023-06-01 17:35:23,877 - INFO - execution time:68.16s

2023-06-01 17:35:23,877 - INFO - ###########################
2023-06-01 17:35:23,878 - INFO - selected_topic:fraud
2023-06-01 17:35:23,878 - INFO - iteration:251
2023-06-01 17:35:23,878 - INFO - total cases:159/200
2023-06-01 17:36:33,411 - INFO - execution time:69.53s

2023-06-01 17:36:33,411 - INFO - ###########################
2023-06-01 17:36:33,411 - INFO - selected_topic:fraud
2023-06-01 17:36:33,411 - INFO - iteration:252
2023-06-01 17:36:33,411 - INFO - total cases:160/200
2023-06-01 17:37:23,738 - INFO - execution time:50.33s

2023-06-01 17:37:23,738 - INFO - ###########################
2023-06-01 17:37:23,738 - INFO - selected_topic:fraud
2023-06-01 17:37:23,738 - INFO - iteration:253
2023-06-01 17:37:23,738 - INFO - total cases:160/200
2023-06-01 17:38:14,198 - INFO - execution time:50.46s

2023-06-01 17:38:14,198 - INFO - ###########################
2023-06-01 17:38:14,198 - INFO - selected_topic:fraud
2023-06-01 17:38:14,198 - INFO - iteration:254
2023-06-01 17:38:14,198 - INFO - total cases:161/200
2023-06-01 17:39:23,628 - INFO - execution time:69.43s

2023-06-01 17:39:23,629 - INFO - ###########################
2023-06-01 17:39:23,629 - INFO - selected_topic:fraud
2023-06-01 17:39:23,629 - INFO - iteration:255
2023-06-01 17:39:23,629 - INFO - total cases:162/200
2023-06-01 17:41:03,428 - INFO - execution time:99.80s

2023-06-01 17:41:03,428 - INFO - ###########################
2023-06-01 17:41:03,428 - INFO - selected_topic:fraud
2023-06-01 17:41:03,428 - INFO - iteration:256
2023-06-01 17:41:03,428 - INFO - total cases:163/200
2023-06-01 17:42:00,468 - INFO - execution time:57.04s

2023-06-01 17:42:00,468 - INFO - ###########################
2023-06-01 17:42:00,468 - INFO - selected_topic:fraud
2023-06-01 17:42:00,468 - INFO - iteration:257
2023-06-01 17:42:00,469 - INFO - total cases:164/200
2023-06-01 17:43:52,284 - INFO - execution time:111.82s

2023-06-01 17:43:52,284 - INFO - ###########################
2023-06-01 17:43:52,284 - INFO - selected_topic:fraud
2023-06-01 17:43:52,285 - INFO - iteration:258
2023-06-01 17:43:52,285 - INFO - total cases:165/200
2023-06-01 17:44:58,359 - INFO - execution time:66.07s

2023-06-01 17:44:58,359 - INFO - ###########################
2023-06-01 17:44:58,360 - INFO - selected_topic:fraud
2023-06-01 17:44:58,360 - INFO - iteration:259
2023-06-01 17:44:58,360 - INFO - total cases:165/200
2023-06-01 17:45:35,464 - INFO - execution time:37.10s

2023-06-01 17:45:35,464 - INFO - ###########################
2023-06-01 17:45:35,465 - INFO - selected_topic:fraud
2023-06-01 17:45:35,465 - INFO - iteration:260
2023-06-01 17:45:35,465 - INFO - total cases:165/200
2023-06-01 17:46:34,688 - INFO - execution time:59.22s

2023-06-01 17:46:34,688 - INFO - ###########################
2023-06-01 17:46:34,689 - INFO - selected_topic:fraud
2023-06-01 17:46:34,689 - INFO - iteration:261
2023-06-01 17:46:34,689 - INFO - total cases:166/200
2023-06-01 17:47:34,099 - INFO - execution time:59.41s

2023-06-01 17:47:34,099 - INFO - ###########################
2023-06-01 17:47:34,099 - INFO - selected_topic:fraud
2023-06-01 17:47:34,099 - INFO - iteration:262
2023-06-01 17:47:34,099 - INFO - total cases:167/200
2023-06-01 17:48:32,907 - INFO - execution time:58.81s

2023-06-01 17:48:32,908 - INFO - ###########################
2023-06-01 17:48:32,908 - INFO - selected_topic:fraud
2023-06-01 17:48:32,908 - INFO - iteration:263
2023-06-01 17:48:32,908 - INFO - total cases:168/200
2023-06-01 17:49:40,590 - INFO - execution time:67.68s

2023-06-01 17:49:40,590 - INFO - ###########################
2023-06-01 17:49:40,590 - INFO - selected_topic:fraud
2023-06-01 17:49:40,591 - INFO - iteration:264
2023-06-01 17:49:40,591 - INFO - total cases:168/200
2023-06-01 17:51:07,561 - INFO - execution time:86.97s

2023-06-01 17:51:07,561 - INFO - ###########################
2023-06-01 17:51:07,561 - INFO - selected_topic:fraud
2023-06-01 17:51:07,561 - INFO - iteration:265
2023-06-01 17:51:07,561 - INFO - total cases:169/200
2023-06-01 17:52:04,688 - INFO - execution time:57.13s

2023-06-01 17:52:04,689 - INFO - ###########################
2023-06-01 17:52:04,689 - INFO - selected_topic:fraud
2023-06-01 17:52:04,689 - INFO - iteration:266
2023-06-01 17:52:04,689 - INFO - total cases:170/200
2023-06-01 17:52:44,863 - INFO - execution time:40.17s

2023-06-01 17:52:44,864 - INFO - ###########################
2023-06-01 17:52:44,864 - INFO - selected_topic:fraud
2023-06-01 17:52:44,864 - INFO - iteration:267
2023-06-01 17:52:44,864 - INFO - total cases:170/200
2023-06-01 17:53:45,970 - INFO - execution time:61.11s

2023-06-01 17:53:45,971 - INFO - ###########################
2023-06-01 17:53:45,971 - INFO - selected_topic:fraud
2023-06-01 17:53:45,971 - INFO - iteration:268
2023-06-01 17:53:45,971 - INFO - total cases:170/200
2023-06-01 17:54:47,654 - INFO - execution time:61.68s

2023-06-01 17:54:47,654 - INFO - ###########################
2023-06-01 17:54:47,654 - INFO - selected_topic:fraud
2023-06-01 17:54:47,654 - INFO - iteration:269
2023-06-01 17:54:47,654 - INFO - total cases:171/200
2023-06-01 17:55:42,861 - INFO - execution time:55.21s

2023-06-01 17:55:42,861 - INFO - ###########################
2023-06-01 17:55:42,861 - INFO - selected_topic:fraud
2023-06-01 17:55:42,861 - INFO - iteration:270
2023-06-01 17:55:42,862 - INFO - total cases:171/200
2023-06-01 17:56:37,127 - INFO - execution time:54.27s

2023-06-01 17:56:37,127 - INFO - ###########################
2023-06-01 17:56:37,128 - INFO - selected_topic:fraud
2023-06-01 17:56:37,128 - INFO - iteration:271
2023-06-01 17:56:37,128 - INFO - total cases:171/200
2023-06-01 17:57:39,906 - INFO - execution time:62.78s

2023-06-01 17:57:39,906 - INFO - ###########################
2023-06-01 17:57:39,906 - INFO - selected_topic:fraud
2023-06-01 17:57:39,906 - INFO - iteration:272
2023-06-01 17:57:39,906 - INFO - total cases:172/200
2023-06-01 17:58:52,408 - INFO - execution time:72.50s

2023-06-01 17:58:52,408 - INFO - ###########################
2023-06-01 17:58:52,408 - INFO - selected_topic:fraud
2023-06-01 17:58:52,408 - INFO - iteration:273
2023-06-01 17:58:52,408 - INFO - total cases:173/200
2023-06-01 17:59:54,587 - INFO - execution time:62.18s

2023-06-01 17:59:54,588 - INFO - ###########################
2023-06-01 17:59:54,588 - INFO - selected_topic:fraud
2023-06-01 17:59:54,588 - INFO - iteration:274
2023-06-01 17:59:54,588 - INFO - total cases:174/200
2023-06-01 18:00:48,604 - INFO - execution time:54.02s

2023-06-01 18:00:48,605 - INFO - ###########################
2023-06-01 18:00:48,605 - INFO - selected_topic:fraud
2023-06-01 18:00:48,605 - INFO - iteration:275
2023-06-01 18:00:48,605 - INFO - total cases:174/200
2023-06-01 18:01:52,362 - INFO - execution time:63.76s

2023-06-01 18:01:52,362 - INFO - ###########################
2023-06-01 18:01:52,362 - INFO - selected_topic:fraud
2023-06-01 18:01:52,362 - INFO - iteration:276
2023-06-01 18:01:52,362 - INFO - total cases:175/200
2023-06-01 18:03:01,147 - INFO - execution time:68.78s

2023-06-01 18:03:01,147 - INFO - ###########################
2023-06-01 18:03:01,147 - INFO - selected_topic:fraud
2023-06-01 18:03:01,147 - INFO - iteration:277
2023-06-01 18:03:01,147 - INFO - total cases:176/200
2023-06-01 18:04:12,989 - INFO - execution time:71.84s

2023-06-01 18:04:12,990 - INFO - ###########################
2023-06-01 18:04:12,990 - INFO - selected_topic:fraud
2023-06-01 18:04:12,990 - INFO - iteration:278
2023-06-01 18:04:12,990 - INFO - total cases:177/200
2023-06-01 18:05:17,726 - INFO - execution time:64.74s

2023-06-01 18:05:17,727 - INFO - ###########################
2023-06-01 18:05:17,727 - INFO - selected_topic:fraud
2023-06-01 18:05:17,727 - INFO - iteration:279
2023-06-01 18:05:17,727 - INFO - total cases:178/200
2023-06-01 18:06:18,273 - INFO - execution time:60.55s

2023-06-01 18:06:18,273 - INFO - ###########################
2023-06-01 18:06:18,273 - INFO - selected_topic:fraud
2023-06-01 18:06:18,273 - INFO - iteration:280
2023-06-01 18:06:18,274 - INFO - total cases:179/200
2023-06-01 18:07:49,544 - INFO - execution time:91.27s

2023-06-01 18:07:49,545 - INFO - ###########################
2023-06-01 18:07:49,545 - INFO - selected_topic:fraud
2023-06-01 18:07:49,545 - INFO - iteration:281
2023-06-01 18:07:49,545 - INFO - total cases:179/200
2023-06-01 18:08:42,825 - INFO - execution time:53.28s

2023-06-01 18:08:42,825 - INFO - ###########################
2023-06-01 18:08:42,825 - INFO - selected_topic:fraud
2023-06-01 18:08:42,826 - INFO - iteration:282
2023-06-01 18:08:42,826 - INFO - total cases:179/200
2023-06-01 18:09:39,240 - INFO - execution time:56.41s

2023-06-01 18:09:39,240 - INFO - ###########################
2023-06-01 18:09:39,240 - INFO - selected_topic:fraud
2023-06-01 18:09:39,240 - INFO - iteration:283
2023-06-01 18:09:39,240 - INFO - total cases:180/200
2023-06-01 18:10:46,931 - INFO - execution time:67.69s

2023-06-01 18:10:46,931 - INFO - ###########################
2023-06-01 18:10:46,931 - INFO - selected_topic:fraud
2023-06-01 18:10:46,931 - INFO - iteration:284
2023-06-01 18:10:46,931 - INFO - total cases:180/200
2023-06-01 18:11:54,750 - INFO - execution time:67.82s

2023-06-01 18:11:54,750 - INFO - ###########################
2023-06-01 18:11:54,750 - INFO - selected_topic:fraud
2023-06-01 18:11:54,750 - INFO - iteration:285
2023-06-01 18:11:54,750 - INFO - total cases:181/200
2023-06-01 18:12:38,112 - INFO - execution time:43.36s

2023-06-01 18:12:38,113 - INFO - ###########################
2023-06-01 18:12:38,113 - INFO - selected_topic:fraud
2023-06-01 18:12:38,113 - INFO - iteration:286
2023-06-01 18:12:38,113 - INFO - total cases:181/200
2023-06-01 18:13:40,852 - INFO - execution time:62.74s

2023-06-01 18:13:40,852 - INFO - ###########################
2023-06-01 18:13:40,852 - INFO - selected_topic:fraud
2023-06-01 18:13:40,852 - INFO - iteration:287
2023-06-01 18:13:40,852 - INFO - total cases:182/200
2023-06-01 18:14:51,477 - INFO - execution time:70.62s

2023-06-01 18:14:51,478 - INFO - ###########################
2023-06-01 18:14:51,478 - INFO - selected_topic:fraud
2023-06-01 18:14:51,478 - INFO - iteration:288
2023-06-01 18:14:51,478 - INFO - total cases:183/200
2023-06-01 18:15:43,937 - INFO - execution time:52.46s

2023-06-01 18:15:43,937 - INFO - ###########################
2023-06-01 18:15:43,937 - INFO - selected_topic:fraud
2023-06-01 18:15:43,937 - INFO - iteration:289
2023-06-01 18:15:43,938 - INFO - total cases:183/200
2023-06-01 18:16:54,295 - INFO - execution time:70.36s

2023-06-01 18:16:54,295 - INFO - ###########################
2023-06-01 18:16:54,295 - INFO - selected_topic:fraud
2023-06-01 18:16:54,296 - INFO - iteration:290
2023-06-01 18:16:54,296 - INFO - total cases:184/200
2023-06-01 18:18:21,920 - INFO - execution time:87.62s

2023-06-01 18:18:21,920 - INFO - ###########################
2023-06-01 18:18:21,920 - INFO - selected_topic:fraud
2023-06-01 18:18:21,921 - INFO - iteration:291
2023-06-01 18:18:21,921 - INFO - total cases:184/200
2023-06-01 18:19:22,084 - INFO - execution time:60.16s

2023-06-01 18:19:22,085 - INFO - ###########################
2023-06-01 18:19:22,085 - INFO - selected_topic:fraud
2023-06-01 18:19:22,085 - INFO - iteration:292
2023-06-01 18:19:22,085 - INFO - total cases:185/200
2023-06-01 18:20:12,364 - INFO - execution time:50.28s

2023-06-01 18:20:12,364 - INFO - ###########################
2023-06-01 18:20:12,365 - INFO - selected_topic:fraud
2023-06-01 18:20:12,365 - INFO - iteration:293
2023-06-01 18:20:12,365 - INFO - total cases:185/200
2023-06-01 18:21:24,866 - INFO - execution time:72.50s

2023-06-01 18:21:24,866 - INFO - ###########################
2023-06-01 18:21:24,866 - INFO - selected_topic:fraud
2023-06-01 18:21:24,867 - INFO - iteration:294
2023-06-01 18:21:24,867 - INFO - total cases:186/200
2023-06-01 18:22:58,290 - INFO - execution time:93.42s

2023-06-01 18:22:58,290 - INFO - ###########################
2023-06-01 18:22:58,291 - INFO - selected_topic:fraud
2023-06-01 18:22:58,291 - INFO - iteration:295
2023-06-01 18:22:58,291 - INFO - total cases:187/200
2023-06-01 18:23:42,203 - INFO - execution time:43.91s

2023-06-01 18:23:42,203 - INFO - ###########################
2023-06-01 18:23:42,203 - INFO - selected_topic:fraud
2023-06-01 18:23:42,203 - INFO - iteration:296
2023-06-01 18:23:42,203 - INFO - total cases:187/200
2023-06-01 18:24:54,072 - INFO - execution time:71.87s

2023-06-01 18:24:54,073 - INFO - ###########################
2023-06-01 18:24:54,073 - INFO - selected_topic:fraud
2023-06-01 18:24:54,073 - INFO - iteration:297
2023-06-01 18:24:54,073 - INFO - total cases:187/200
2023-06-01 18:26:03,007 - INFO - execution time:68.93s

2023-06-01 18:26:03,007 - INFO - ###########################
2023-06-01 18:26:03,008 - INFO - selected_topic:fraud
2023-06-01 18:26:03,008 - INFO - iteration:298
2023-06-01 18:26:03,008 - INFO - total cases:188/200
2023-06-01 18:27:17,448 - INFO - execution time:74.44s

2023-06-01 18:27:17,448 - INFO - ###########################
2023-06-01 18:27:17,448 - INFO - selected_topic:fraud
2023-06-01 18:27:17,448 - INFO - iteration:299
2023-06-01 18:27:17,448 - INFO - total cases:189/200
2023-06-01 18:28:46,462 - INFO - execution time:89.01s

2023-06-01 18:28:46,463 - INFO - ###########################
2023-06-01 18:28:46,463 - INFO - selected_topic:fraud
2023-06-01 18:28:46,463 - INFO - iteration:300
2023-06-01 18:28:46,463 - INFO - total cases:189/200
2023-06-01 18:29:37,137 - INFO - execution time:50.67s

2023-06-01 18:29:37,137 - INFO - ###########################
2023-06-01 18:29:37,137 - INFO - selected_topic:fraud
2023-06-01 18:29:37,137 - INFO - iteration:301
2023-06-01 18:29:37,137 - INFO - total cases:189/200
2023-06-01 18:30:39,364 - INFO - execution time:62.23s

2023-06-01 18:30:39,364 - INFO - ###########################
2023-06-01 18:30:39,365 - INFO - selected_topic:fraud
2023-06-01 18:30:39,365 - INFO - iteration:302
2023-06-01 18:30:39,365 - INFO - total cases:190/200
2023-06-01 18:31:48,337 - INFO - execution time:68.97s

2023-06-01 18:31:48,338 - INFO - ###########################
2023-06-01 18:31:48,338 - INFO - selected_topic:fraud
2023-06-01 18:31:48,338 - INFO - iteration:303
2023-06-01 18:31:48,338 - INFO - total cases:190/200
2023-06-01 18:32:46,780 - INFO - execution time:58.44s

2023-06-01 18:32:46,781 - INFO - ###########################
2023-06-01 18:32:46,781 - INFO - selected_topic:fraud
2023-06-01 18:32:46,781 - INFO - iteration:304
2023-06-01 18:32:46,781 - INFO - total cases:190/200
2023-06-01 18:34:09,947 - INFO - execution time:83.17s

2023-06-01 18:34:09,947 - INFO - ###########################
2023-06-01 18:34:09,948 - INFO - selected_topic:fraud
2023-06-01 18:34:09,948 - INFO - iteration:305
2023-06-01 18:34:09,948 - INFO - total cases:191/200
2023-06-01 18:35:19,866 - INFO - execution time:69.92s

2023-06-01 18:35:19,867 - INFO - ###########################
2023-06-01 18:35:19,867 - INFO - selected_topic:fraud
2023-06-01 18:35:19,867 - INFO - iteration:306
2023-06-01 18:35:19,867 - INFO - total cases:192/200
2023-06-01 18:36:32,480 - INFO - execution time:72.61s

2023-06-01 18:36:32,480 - INFO - ###########################
2023-06-01 18:36:32,481 - INFO - selected_topic:fraud
2023-06-01 18:36:32,481 - INFO - iteration:307
2023-06-01 18:36:32,481 - INFO - total cases:193/200
2023-06-01 18:37:30,908 - INFO - execution time:58.43s

2023-06-01 18:37:30,908 - INFO - ###########################
2023-06-01 18:37:30,908 - INFO - selected_topic:fraud
2023-06-01 18:37:30,908 - INFO - iteration:308
2023-06-01 18:37:30,909 - INFO - total cases:194/200
2023-06-01 18:38:50,832 - INFO - execution time:79.92s

2023-06-01 18:38:50,833 - INFO - ###########################
2023-06-01 18:38:50,833 - INFO - selected_topic:fraud
2023-06-01 18:38:50,833 - INFO - iteration:309
2023-06-01 18:38:50,834 - INFO - total cases:195/200
2023-06-01 18:40:06,082 - INFO - execution time:75.25s

2023-06-01 18:40:06,082 - INFO - ###########################
2023-06-01 18:40:06,083 - INFO - selected_topic:fraud
2023-06-01 18:40:06,083 - INFO - iteration:310
2023-06-01 18:40:06,083 - INFO - total cases:196/200
2023-06-01 18:41:39,082 - INFO - execution time:93.00s

2023-06-01 18:41:39,082 - INFO - ###########################
2023-06-01 18:41:39,083 - INFO - selected_topic:fraud
2023-06-01 18:41:39,083 - INFO - iteration:311
2023-06-01 18:41:39,083 - INFO - total cases:197/200
2023-06-01 18:42:21,588 - INFO - execution time:42.50s

2023-06-01 18:42:21,588 - INFO - ###########################
2023-06-01 18:42:21,588 - INFO - selected_topic:fraud
2023-06-01 18:42:21,588 - INFO - iteration:312
2023-06-01 18:42:21,588 - INFO - total cases:197/200
2023-06-01 18:43:42,778 - INFO - execution time:81.19s

2023-06-01 18:43:42,779 - INFO - ###########################
2023-06-01 18:43:42,779 - INFO - selected_topic:fraud
2023-06-01 18:43:42,779 - INFO - iteration:313
2023-06-01 18:43:42,779 - INFO - total cases:198/200
2023-06-01 18:44:43,765 - INFO - execution time:60.99s

2023-06-01 18:44:43,765 - INFO - ###########################
2023-06-01 18:44:43,765 - INFO - selected_topic:fraud
2023-06-01 18:44:43,765 - INFO - iteration:314
2023-06-01 18:44:43,765 - INFO - total cases:198/200
2023-06-01 18:45:59,517 - INFO - execution time:75.75s

2023-06-01 18:45:59,518 - INFO - ###########################
2023-06-01 18:45:59,518 - INFO - selected_topic:fraud
2023-06-01 18:45:59,518 - INFO - iteration:315
2023-06-01 18:45:59,518 - INFO - total cases:199/200
2023-06-01 18:46:52,615 - INFO - execution time:53.10s

2023-06-01 18:46:52,615 - INFO - ###########################
2023-06-01 18:46:52,616 - INFO - selected_topic:fraud
2023-06-01 18:46:52,616 - INFO - iteration:316
2023-06-01 18:46:52,616 - INFO - total cases:199/200
2023-06-01 18:48:24,830 - INFO - execution time:92.21s

