2023-05-18 04:53:52,311 - INFO - ###########################
2023-05-18 04:53:52,311 - INFO - selected_topic:race
2023-05-18 04:53:52,312 - INFO - iteration:1
2023-05-18 04:53:52,312 - INFO - total cases:0/20
2023-05-18 04:54:41,116 - INFO - execution time:48.80s

2023-05-18 04:54:41,117 - INFO - ###########################
2023-05-18 04:54:41,117 - INFO - selected_topic:race
2023-05-18 04:54:41,117 - INFO - iteration:2
2023-05-18 04:54:41,117 - INFO - total cases:1/20
2023-05-18 04:55:48,043 - INFO - execution time:66.93s

2023-05-18 04:55:48,043 - INFO - ###########################
2023-05-18 04:55:48,043 - INFO - selected_topic:race
2023-05-18 04:55:48,043 - INFO - iteration:3
2023-05-18 04:55:48,043 - INFO - total cases:1/20
2023-05-18 04:56:53,952 - INFO - execution time:65.91s

2023-05-18 04:56:53,952 - INFO - ###########################
2023-05-18 04:56:53,952 - INFO - selected_topic:race
2023-05-18 04:56:53,953 - INFO - iteration:4
2023-05-18 04:56:53,953 - INFO - total cases:2/20
2023-05-18 04:57:47,831 - INFO - execution time:53.88s

2023-05-18 04:57:47,831 - INFO - ###########################
2023-05-18 04:57:47,831 - INFO - selected_topic:race
2023-05-18 04:57:47,831 - INFO - iteration:5
2023-05-18 04:57:47,832 - INFO - total cases:3/20
2023-05-18 04:58:27,365 - INFO - execution time:39.53s

2023-05-18 04:58:27,365 - INFO - ###########################
2023-05-18 04:58:27,365 - INFO - selected_topic:race
2023-05-18 04:58:27,365 - INFO - iteration:6
2023-05-18 04:58:27,365 - INFO - total cases:4/20
2023-05-18 04:59:36,220 - INFO - execution time:68.85s

2023-05-18 04:59:36,220 - INFO - ###########################
2023-05-18 04:59:36,220 - INFO - selected_topic:race
2023-05-18 04:59:36,221 - INFO - iteration:7
2023-05-18 04:59:36,221 - INFO - total cases:4/20
2023-05-18 05:00:44,377 - INFO - execution time:68.16s

2023-05-18 05:00:44,378 - INFO - ###########################
2023-05-18 05:00:44,378 - INFO - selected_topic:race
2023-05-18 05:00:44,378 - INFO - iteration:8
2023-05-18 05:00:44,378 - INFO - total cases:5/20
2023-05-18 05:01:40,585 - INFO - execution time:56.21s

2023-05-18 05:01:40,585 - INFO - ###########################
2023-05-18 05:01:40,585 - INFO - selected_topic:race
2023-05-18 05:01:40,585 - INFO - iteration:9
2023-05-18 05:01:40,585 - INFO - total cases:6/20
2023-05-18 05:02:29,041 - INFO - execution time:48.46s

2023-05-18 05:02:29,042 - INFO - ###########################
2023-05-18 05:02:29,042 - INFO - selected_topic:race
2023-05-18 05:02:29,042 - INFO - iteration:10
2023-05-18 05:02:29,042 - INFO - total cases:7/20
2023-05-18 05:03:18,684 - INFO - execution time:49.64s

2023-05-18 05:03:18,684 - INFO - ###########################
2023-05-18 05:03:18,685 - INFO - selected_topic:race
2023-05-18 05:03:18,685 - INFO - iteration:11
2023-05-18 05:03:18,685 - INFO - total cases:8/20
2023-05-18 05:04:01,786 - INFO - execution time:43.10s

2023-05-18 05:04:01,787 - INFO - ###########################
2023-05-18 05:04:01,787 - INFO - selected_topic:race
2023-05-18 05:04:01,787 - INFO - iteration:12
2023-05-18 05:04:01,787 - INFO - total cases:9/20
2023-05-18 05:04:32,093 - INFO - execution time:30.31s

2023-05-18 05:04:32,093 - INFO - ###########################
2023-05-18 05:04:32,093 - INFO - selected_topic:race
2023-05-18 05:04:32,094 - INFO - iteration:13
2023-05-18 05:04:32,094 - INFO - total cases:9/20
2023-05-18 05:05:48,964 - INFO - execution time:76.87s

2023-05-18 05:05:48,965 - INFO - ###########################
2023-05-18 05:05:48,965 - INFO - selected_topic:race
2023-05-18 05:05:48,965 - INFO - iteration:14
2023-05-18 05:05:48,965 - INFO - total cases:9/20
2023-05-18 05:06:41,740 - INFO - execution time:52.77s

2023-05-18 05:06:41,740 - INFO - ###########################
2023-05-18 05:06:41,740 - INFO - selected_topic:race
2023-05-18 05:06:41,740 - INFO - iteration:15
2023-05-18 05:06:41,740 - INFO - total cases:9/20
2023-05-18 05:07:26,584 - INFO - execution time:44.84s

2023-05-18 05:07:26,584 - INFO - ###########################
2023-05-18 05:07:26,584 - INFO - selected_topic:race
2023-05-18 05:07:26,584 - INFO - iteration:16
2023-05-18 05:07:26,584 - INFO - total cases:10/20
2023-05-18 05:08:17,310 - INFO - execution time:50.73s

2023-05-18 05:08:17,310 - INFO - ###########################
2023-05-18 05:08:17,310 - INFO - selected_topic:race
2023-05-18 05:08:17,310 - INFO - iteration:17
2023-05-18 05:08:17,310 - INFO - total cases:11/20
2023-05-18 05:09:14,193 - INFO - execution time:56.88s

2023-05-18 05:09:14,193 - INFO - ###########################
2023-05-18 05:09:14,193 - INFO - selected_topic:race
2023-05-18 05:09:14,193 - INFO - iteration:18
2023-05-18 05:09:14,193 - INFO - total cases:12/20
2023-05-18 05:10:04,622 - INFO - execution time:50.43s

2023-05-18 05:10:04,622 - INFO - ###########################
2023-05-18 05:10:04,622 - INFO - selected_topic:race
2023-05-18 05:10:04,622 - INFO - iteration:19
2023-05-18 05:10:04,622 - INFO - total cases:13/20
2023-05-18 05:10:42,148 - INFO - execution time:37.53s

2023-05-18 05:10:42,149 - INFO - ###########################
2023-05-18 05:10:42,149 - INFO - selected_topic:race
2023-05-18 05:10:42,149 - INFO - iteration:20
2023-05-18 05:10:42,149 - INFO - total cases:13/20
2023-05-18 05:11:14,770 - INFO - execution time:32.62s

2023-05-18 05:11:14,770 - INFO - ###########################
2023-05-18 05:11:14,771 - INFO - selected_topic:race
2023-05-18 05:11:14,771 - INFO - iteration:21
2023-05-18 05:11:14,771 - INFO - total cases:14/20
2023-05-18 05:12:15,473 - INFO - execution time:60.70s

2023-05-18 05:12:15,473 - INFO - ###########################
2023-05-18 05:12:15,474 - INFO - selected_topic:race
2023-05-18 05:12:15,474 - INFO - iteration:22
2023-05-18 05:12:15,474 - INFO - total cases:15/20
2023-05-18 05:12:49,148 - INFO - execution time:33.67s

2023-05-18 05:12:49,149 - INFO - ###########################
2023-05-18 05:12:49,149 - INFO - selected_topic:race
2023-05-18 05:12:49,149 - INFO - iteration:23
2023-05-18 05:12:49,149 - INFO - total cases:15/20
2023-05-18 05:13:42,736 - INFO - execution time:53.59s

2023-05-18 05:13:42,737 - INFO - ###########################
2023-05-18 05:13:42,737 - INFO - selected_topic:race
2023-05-18 05:13:42,737 - INFO - iteration:24
2023-05-18 05:13:42,738 - INFO - total cases:16/20
2023-05-18 05:14:28,734 - INFO - execution time:46.00s

2023-05-18 05:14:28,734 - INFO - ###########################
2023-05-18 05:14:28,734 - INFO - selected_topic:race
2023-05-18 05:14:28,734 - INFO - iteration:25
2023-05-18 05:14:28,735 - INFO - total cases:16/20
2023-05-18 05:15:44,684 - INFO - execution time:75.95s

2023-05-18 05:15:44,685 - INFO - ###########################
2023-05-18 05:15:44,685 - INFO - selected_topic:race
2023-05-18 05:15:44,685 - INFO - iteration:26
2023-05-18 05:15:44,685 - INFO - total cases:17/20
2023-05-18 05:16:23,150 - INFO - execution time:38.46s

2023-05-18 05:16:23,150 - INFO - ###########################
2023-05-18 05:16:23,150 - INFO - selected_topic:race
2023-05-18 05:16:23,150 - INFO - iteration:27
2023-05-18 05:16:23,150 - INFO - total cases:17/20
2023-05-18 05:17:24,115 - INFO - execution time:60.96s

2023-05-18 05:17:24,115 - INFO - ###########################
2023-05-18 05:17:24,116 - INFO - selected_topic:race
2023-05-18 05:17:24,116 - INFO - iteration:28
2023-05-18 05:17:24,116 - INFO - total cases:18/20
2023-05-18 05:19:06,041 - INFO - execution time:101.93s

2023-05-18 05:19:06,042 - INFO - ###########################
2023-05-18 05:19:06,042 - INFO - selected_topic:race
2023-05-18 05:19:06,042 - INFO - iteration:29
2023-05-18 05:19:06,042 - INFO - total cases:18/20
2023-05-18 05:19:56,739 - INFO - execution time:50.70s

2023-05-18 05:19:56,739 - INFO - ###########################
2023-05-18 05:19:56,739 - INFO - selected_topic:race
2023-05-18 05:19:56,739 - INFO - iteration:30
2023-05-18 05:19:56,739 - INFO - total cases:19/20
2023-05-18 05:20:50,441 - INFO - execution time:53.70s

2023-05-18 05:20:50,441 - INFO - ###########################
2023-05-18 05:20:50,441 - INFO - selected_topic:race
2023-05-18 05:20:50,441 - INFO - iteration:31
2023-05-18 05:20:50,441 - INFO - total cases:19/20
2023-05-18 05:21:42,773 - INFO - execution time:52.33s

