2023-06-13 08:32:41,398 - INFO - ###########################
2023-06-13 08:32:41,399 - INFO - selected_topic:pornography_sexual_minors
2023-06-13 08:32:41,399 - INFO - iteration:1
2023-06-13 08:32:41,399 - INFO - total cases:0/5
2023-06-13 08:32:56,732 - INFO - execution time:15.33s

2023-06-13 08:32:56,732 - INFO - ###########################
2023-06-13 08:32:56,732 - INFO - selected_topic:pornography_sexual_minors
2023-06-13 08:32:56,732 - INFO - iteration:2
2023-06-13 08:32:56,732 - INFO - total cases:0/5
2023-06-13 08:33:22,472 - INFO - execution time:25.74s

2023-06-13 08:33:22,473 - INFO - ###########################
2023-06-13 08:33:22,473 - INFO - selected_topic:pornography_sexual_minors
2023-06-13 08:33:22,473 - INFO - iteration:3
2023-06-13 08:33:22,473 - INFO - total cases:1/5
2023-06-13 08:33:38,391 - INFO - execution time:15.92s

2023-06-13 08:33:38,391 - INFO - ###########################
2023-06-13 08:33:38,391 - INFO - selected_topic:pornography_sexual_minors
2023-06-13 08:33:38,391 - INFO - iteration:4
2023-06-13 08:33:38,391 - INFO - total cases:1/5
2023-06-13 08:34:05,009 - INFO - execution time:26.62s

2023-06-13 08:34:05,009 - INFO - ###########################
2023-06-13 08:34:05,009 - INFO - selected_topic:pornography_sexual_minors
2023-06-13 08:34:05,010 - INFO - iteration:5
2023-06-13 08:34:05,010 - INFO - total cases:2/5
2023-06-13 08:34:30,019 - INFO - execution time:25.01s

2023-06-13 08:34:30,019 - INFO - ###########################
2023-06-13 08:34:30,019 - INFO - selected_topic:pornography_sexual_minors
2023-06-13 08:34:30,020 - INFO - iteration:6
2023-06-13 08:34:30,020 - INFO - total cases:2/5
2023-06-13 08:35:03,866 - INFO - execution time:33.85s

2023-06-13 08:35:03,867 - INFO - ###########################
2023-06-13 08:35:03,867 - INFO - selected_topic:pornography_sexual_minors
2023-06-13 08:35:03,867 - INFO - iteration:7
2023-06-13 08:35:03,867 - INFO - total cases:3/5
2023-06-13 08:35:41,675 - INFO - execution time:37.81s

2023-06-13 08:35:41,676 - INFO - ###########################
2023-06-13 08:35:41,676 - INFO - selected_topic:pornography_sexual_minors
2023-06-13 08:35:41,676 - INFO - iteration:8
2023-06-13 08:35:41,676 - INFO - total cases:4/5
2023-06-13 08:36:16,193 - INFO - execution time:34.52s

2023-06-13 08:36:16,194 - INFO - ###########################
2023-06-13 08:36:16,194 - INFO - selected_topic:pornography_sexual_minors
2023-06-13 08:36:16,194 - INFO - iteration:9
2023-06-13 08:36:16,194 - INFO - total cases:4/5
2023-06-13 08:36:31,811 - INFO - execution time:15.62s

2023-06-13 08:36:31,811 - INFO - ###########################
2023-06-13 08:36:31,812 - INFO - selected_topic:pornography_sexual_minors
2023-06-13 08:36:31,812 - INFO - iteration:10
2023-06-13 08:36:31,812 - INFO - total cases:4/5
2023-06-13 08:37:00,335 - INFO - execution time:28.52s

