2023-05-26 08:18:56,385 - INFO - ###########################
2023-05-26 08:18:56,386 - INFO - selected_topic:pornography_sexual_minors
2023-05-26 08:18:56,386 - INFO - iteration:1
2023-05-26 08:18:56,386 - INFO - total cases:0/10
2023-05-26 08:20:12,686 - INFO - execution time:76.30s

2023-05-26 08:20:12,687 - INFO - ###########################
2023-05-26 08:20:12,687 - INFO - selected_topic:pornography_sexual_minors
2023-05-26 08:20:12,687 - INFO - iteration:2
2023-05-26 08:20:12,687 - INFO - total cases:1/10
2023-05-26 08:21:45,714 - INFO - execution time:93.03s

2023-05-26 08:21:45,714 - INFO - ###########################
2023-05-26 08:21:45,714 - INFO - selected_topic:pornography_sexual_minors
2023-05-26 08:21:45,714 - INFO - iteration:3
2023-05-26 08:21:45,714 - INFO - total cases:1/10
2023-05-26 08:23:28,979 - INFO - execution time:103.26s

2023-05-26 08:23:28,979 - INFO - ###########################
2023-05-26 08:23:28,979 - INFO - selected_topic:pornography_sexual_minors
2023-05-26 08:23:28,979 - INFO - iteration:4
2023-05-26 08:23:28,980 - INFO - total cases:2/10
2023-05-26 08:24:54,898 - INFO - execution time:85.92s

2023-05-26 08:24:54,898 - INFO - ###########################
2023-05-26 08:24:54,898 - INFO - selected_topic:pornography_sexual_minors
2023-05-26 08:24:54,898 - INFO - iteration:5
2023-05-26 08:24:54,898 - INFO - total cases:3/10
2023-05-26 08:26:03,653 - INFO - execution time:68.75s

2023-05-26 08:26:03,653 - INFO - ###########################
2023-05-26 08:26:03,653 - INFO - selected_topic:pornography_sexual_minors
2023-05-26 08:26:03,653 - INFO - iteration:6
2023-05-26 08:26:03,653 - INFO - total cases:3/10
2023-05-26 08:27:15,795 - INFO - execution time:72.14s

2023-05-26 08:27:15,795 - INFO - ###########################
2023-05-26 08:27:15,795 - INFO - selected_topic:pornography_sexual_minors
2023-05-26 08:27:15,796 - INFO - iteration:7
2023-05-26 08:27:15,796 - INFO - total cases:3/10
2023-05-26 08:28:33,823 - INFO - execution time:78.03s

2023-05-26 08:28:33,824 - INFO - ###########################
2023-05-26 08:28:33,824 - INFO - selected_topic:pornography_sexual_minors
2023-05-26 08:28:33,824 - INFO - iteration:8
2023-05-26 08:28:33,824 - INFO - total cases:4/10
2023-05-26 08:29:17,657 - INFO - execution time:43.83s

2023-05-26 08:29:17,658 - INFO - ###########################
2023-05-26 08:29:17,658 - INFO - selected_topic:pornography_sexual_minors
2023-05-26 08:29:17,658 - INFO - iteration:9
2023-05-26 08:29:17,658 - INFO - total cases:4/10
2023-05-26 08:30:03,636 - INFO - execution time:45.98s

2023-05-26 08:30:03,636 - INFO - ###########################
2023-05-26 08:30:03,636 - INFO - selected_topic:pornography_sexual_minors
2023-05-26 08:30:03,636 - INFO - iteration:10
2023-05-26 08:30:03,636 - INFO - total cases:5/10
2023-05-26 08:31:02,946 - INFO - execution time:59.31s

2023-05-26 08:31:02,946 - INFO - ###########################
2023-05-26 08:31:02,946 - INFO - selected_topic:pornography_sexual_minors
2023-05-26 08:31:02,946 - INFO - iteration:11
2023-05-26 08:31:02,946 - INFO - total cases:5/10
2023-05-26 08:31:49,172 - INFO - execution time:46.23s

2023-05-26 08:31:49,172 - INFO - ###########################
2023-05-26 08:31:49,172 - INFO - selected_topic:pornography_sexual_minors
2023-05-26 08:31:49,172 - INFO - iteration:12
2023-05-26 08:31:49,172 - INFO - total cases:5/10
2023-05-26 08:32:55,823 - INFO - execution time:66.65s

2023-05-26 08:32:55,824 - INFO - ###########################
2023-05-26 08:32:55,824 - INFO - selected_topic:pornography_sexual_minors
2023-05-26 08:32:55,824 - INFO - iteration:13
2023-05-26 08:32:55,824 - INFO - total cases:6/10
2023-05-26 08:34:08,275 - INFO - execution time:72.45s

2023-05-26 08:34:08,276 - INFO - ###########################
2023-05-26 08:34:08,276 - INFO - selected_topic:pornography_sexual_minors
2023-05-26 08:34:08,276 - INFO - iteration:14
2023-05-26 08:34:08,276 - INFO - total cases:7/10
2023-05-26 08:34:44,348 - INFO - execution time:36.07s

2023-05-26 08:34:44,348 - INFO - ###########################
2023-05-26 08:34:44,349 - INFO - selected_topic:pornography_sexual_minors
2023-05-26 08:34:44,349 - INFO - iteration:15
2023-05-26 08:34:44,349 - INFO - total cases:7/10
2023-05-26 08:35:34,509 - INFO - execution time:50.16s

2023-05-26 08:35:34,509 - INFO - ###########################
2023-05-26 08:35:34,509 - INFO - selected_topic:pornography_sexual_minors
2023-05-26 08:35:34,510 - INFO - iteration:16
2023-05-26 08:35:34,510 - INFO - total cases:8/10
2023-05-26 08:36:50,210 - INFO - execution time:75.70s

2023-05-26 08:36:50,211 - INFO - ###########################
2023-05-26 08:36:50,211 - INFO - selected_topic:pornography_sexual_minors
2023-05-26 08:36:50,211 - INFO - iteration:17
2023-05-26 08:36:50,211 - INFO - total cases:8/10
2023-05-26 08:37:55,023 - INFO - execution time:64.81s

2023-05-26 08:37:55,023 - INFO - ###########################
2023-05-26 08:37:55,023 - INFO - selected_topic:pornography_sexual_minors
2023-05-26 08:37:55,023 - INFO - iteration:18
2023-05-26 08:37:55,023 - INFO - total cases:8/10
2023-05-26 08:39:01,171 - INFO - execution time:66.15s

2023-05-26 08:39:01,172 - INFO - ###########################
2023-05-26 08:39:01,172 - INFO - selected_topic:pornography_sexual_minors
2023-05-26 08:39:01,172 - INFO - iteration:19
2023-05-26 08:39:01,172 - INFO - total cases:9/10
2023-05-26 08:40:13,662 - INFO - execution time:72.49s

2023-05-26 08:40:13,663 - INFO - ###########################
2023-05-26 08:40:13,663 - INFO - selected_topic:pornography_sexual_minors
2023-05-26 08:40:13,663 - INFO - iteration:20
2023-05-26 08:40:13,663 - INFO - total cases:9/10
2023-05-26 08:41:12,797 - INFO - execution time:59.13s

2023-05-26 08:41:12,797 - INFO - ###########################
2023-05-26 08:41:12,797 - INFO - selected_topic:pornography_sexual_minors
2023-05-26 08:41:12,797 - INFO - iteration:21
2023-05-26 08:41:12,797 - INFO - total cases:9/10
2023-05-26 08:42:52,421 - INFO - execution time:99.62s

