2023-05-18 04:20:34,939 - INFO - ###########################
2023-05-18 04:20:34,940 - INFO - selected_topic:pornography_sexual_minors
2023-05-18 04:20:34,940 - INFO - iteration:1
2023-05-18 04:20:34,940 - INFO - total cases:0/20
2023-05-18 04:21:35,909 - INFO - execution time:60.97s

2023-05-18 04:21:35,909 - INFO - ###########################
2023-05-18 04:21:35,909 - INFO - selected_topic:pornography_sexual_minors
2023-05-18 04:21:35,909 - INFO - iteration:2
2023-05-18 04:21:35,910 - INFO - total cases:0/20
2023-05-18 04:22:01,863 - INFO - execution time:25.95s

2023-05-18 04:22:01,864 - INFO - ###########################
2023-05-18 04:22:01,864 - INFO - selected_topic:pornography_sexual_minors
2023-05-18 04:22:01,864 - INFO - iteration:3
2023-05-18 04:22:01,864 - INFO - total cases:0/20
2023-05-18 04:22:51,733 - INFO - execution time:49.87s

2023-05-18 04:22:51,733 - INFO - ###########################
2023-05-18 04:22:51,733 - INFO - selected_topic:pornography_sexual_minors
2023-05-18 04:22:51,733 - INFO - iteration:4
2023-05-18 04:22:51,733 - INFO - total cases:0/20
2023-05-18 04:23:34,281 - INFO - execution time:42.55s

2023-05-18 04:23:34,281 - INFO - ###########################
2023-05-18 04:23:34,281 - INFO - selected_topic:pornography_sexual_minors
2023-05-18 04:23:34,281 - INFO - iteration:5
2023-05-18 04:23:34,281 - INFO - total cases:1/20
2023-05-18 04:24:06,463 - INFO - execution time:32.18s

2023-05-18 04:24:06,463 - INFO - ###########################
2023-05-18 04:24:06,463 - INFO - selected_topic:pornography_sexual_minors
2023-05-18 04:24:06,463 - INFO - iteration:6
2023-05-18 04:24:06,463 - INFO - total cases:1/20
2023-05-18 04:24:50,857 - INFO - execution time:44.39s

2023-05-18 04:24:50,857 - INFO - ###########################
2023-05-18 04:24:50,857 - INFO - selected_topic:pornography_sexual_minors
2023-05-18 04:24:50,857 - INFO - iteration:7
2023-05-18 04:24:50,857 - INFO - total cases:2/20
2023-05-18 04:25:16,471 - INFO - execution time:25.61s

2023-05-18 04:25:16,471 - INFO - ###########################
2023-05-18 04:25:16,471 - INFO - selected_topic:pornography_sexual_minors
2023-05-18 04:25:16,471 - INFO - iteration:8
2023-05-18 04:25:16,471 - INFO - total cases:2/20
2023-05-18 04:25:58,754 - INFO - execution time:42.28s

2023-05-18 04:25:58,754 - INFO - ###########################
2023-05-18 04:25:58,755 - INFO - selected_topic:pornography_sexual_minors
2023-05-18 04:25:58,755 - INFO - iteration:9
2023-05-18 04:25:58,755 - INFO - total cases:3/20
2023-05-18 04:27:03,019 - INFO - execution time:64.26s

2023-05-18 04:27:03,019 - INFO - ###########################
2023-05-18 04:27:03,019 - INFO - selected_topic:pornography_sexual_minors
2023-05-18 04:27:03,019 - INFO - iteration:10
2023-05-18 04:27:03,019 - INFO - total cases:4/20
2023-05-18 04:28:03,289 - INFO - execution time:60.27s

2023-05-18 04:28:03,289 - INFO - ###########################
2023-05-18 04:28:03,289 - INFO - selected_topic:pornography_sexual_minors
2023-05-18 04:28:03,289 - INFO - iteration:11
2023-05-18 04:28:03,289 - INFO - total cases:4/20
2023-05-18 04:28:32,346 - INFO - execution time:29.06s

2023-05-18 04:28:32,346 - INFO - ###########################
2023-05-18 04:28:32,346 - INFO - selected_topic:pornography_sexual_minors
2023-05-18 04:28:32,346 - INFO - iteration:12
2023-05-18 04:28:32,346 - INFO - total cases:4/20
2023-05-18 04:29:05,431 - INFO - execution time:33.08s

2023-05-18 04:29:05,432 - INFO - ###########################
2023-05-18 04:29:05,432 - INFO - selected_topic:pornography_sexual_minors
2023-05-18 04:29:05,432 - INFO - iteration:13
2023-05-18 04:29:05,432 - INFO - total cases:4/20
2023-05-18 04:29:54,134 - INFO - execution time:48.70s

2023-05-18 04:29:54,134 - INFO - ###########################
2023-05-18 04:29:54,134 - INFO - selected_topic:pornography_sexual_minors
2023-05-18 04:29:54,134 - INFO - iteration:14
2023-05-18 04:29:54,134 - INFO - total cases:5/20
2023-05-18 04:31:02,090 - INFO - execution time:67.96s

2023-05-18 04:31:02,090 - INFO - ###########################
2023-05-18 04:31:02,090 - INFO - selected_topic:pornography_sexual_minors
2023-05-18 04:31:02,090 - INFO - iteration:15
2023-05-18 04:31:02,090 - INFO - total cases:6/20
2023-05-18 04:31:49,192 - INFO - execution time:47.10s

2023-05-18 04:31:49,192 - INFO - ###########################
2023-05-18 04:31:49,192 - INFO - selected_topic:pornography_sexual_minors
2023-05-18 04:31:49,192 - INFO - iteration:16
2023-05-18 04:31:49,192 - INFO - total cases:6/20
2023-05-18 04:32:30,087 - INFO - execution time:40.89s

2023-05-18 04:32:30,088 - INFO - ###########################
2023-05-18 04:32:30,088 - INFO - selected_topic:pornography_sexual_minors
2023-05-18 04:32:30,088 - INFO - iteration:17
2023-05-18 04:32:30,088 - INFO - total cases:6/20
2023-05-18 04:33:02,766 - INFO - execution time:32.68s

2023-05-18 04:33:02,767 - INFO - ###########################
2023-05-18 04:33:02,767 - INFO - selected_topic:pornography_sexual_minors
2023-05-18 04:33:02,767 - INFO - iteration:18
2023-05-18 04:33:02,767 - INFO - total cases:6/20
2023-05-18 04:33:48,970 - INFO - execution time:46.20s

2023-05-18 04:33:48,971 - INFO - ###########################
2023-05-18 04:33:48,971 - INFO - selected_topic:pornography_sexual_minors
2023-05-18 04:33:48,971 - INFO - iteration:19
2023-05-18 04:33:48,971 - INFO - total cases:7/20
2023-05-18 04:34:40,766 - INFO - execution time:51.79s

2023-05-18 04:34:40,766 - INFO - ###########################
2023-05-18 04:34:40,766 - INFO - selected_topic:pornography_sexual_minors
2023-05-18 04:34:40,766 - INFO - iteration:20
2023-05-18 04:34:40,766 - INFO - total cases:7/20
2023-05-18 04:35:33,541 - INFO - execution time:52.78s

2023-05-18 04:35:33,542 - INFO - ###########################
2023-05-18 04:35:33,542 - INFO - selected_topic:pornography_sexual_minors
2023-05-18 04:35:33,542 - INFO - iteration:21
2023-05-18 04:35:33,542 - INFO - total cases:8/20
2023-05-18 04:36:32,251 - INFO - execution time:58.71s

2023-05-18 04:36:32,251 - INFO - ###########################
2023-05-18 04:36:32,251 - INFO - selected_topic:pornography_sexual_minors
2023-05-18 04:36:32,251 - INFO - iteration:22
2023-05-18 04:36:32,251 - INFO - total cases:9/20
2023-05-18 04:37:45,332 - INFO - execution time:73.08s

2023-05-18 04:37:45,332 - INFO - ###########################
2023-05-18 04:37:45,332 - INFO - selected_topic:pornography_sexual_minors
2023-05-18 04:37:45,332 - INFO - iteration:23
2023-05-18 04:37:45,332 - INFO - total cases:10/20
2023-05-18 04:38:45,741 - INFO - execution time:60.41s

2023-05-18 04:38:45,742 - INFO - ###########################
2023-05-18 04:38:45,742 - INFO - selected_topic:pornography_sexual_minors
2023-05-18 04:38:45,742 - INFO - iteration:24
2023-05-18 04:38:45,742 - INFO - total cases:11/20
2023-05-18 04:39:42,085 - INFO - execution time:56.34s

2023-05-18 04:39:42,085 - INFO - ###########################
2023-05-18 04:39:42,085 - INFO - selected_topic:pornography_sexual_minors
2023-05-18 04:39:42,085 - INFO - iteration:25
2023-05-18 04:39:42,085 - INFO - total cases:11/20
2023-05-18 04:40:24,266 - INFO - execution time:42.18s

2023-05-18 04:40:24,266 - INFO - ###########################
2023-05-18 04:40:24,266 - INFO - selected_topic:pornography_sexual_minors
2023-05-18 04:40:24,266 - INFO - iteration:26
2023-05-18 04:40:24,266 - INFO - total cases:11/20
2023-05-18 04:41:03,705 - INFO - execution time:39.44s

2023-05-18 04:41:03,705 - INFO - ###########################
2023-05-18 04:41:03,705 - INFO - selected_topic:pornography_sexual_minors
2023-05-18 04:41:03,705 - INFO - iteration:27
2023-05-18 04:41:03,705 - INFO - total cases:11/20
2023-05-18 04:41:34,916 - INFO - execution time:31.21s

2023-05-18 04:41:34,916 - INFO - ###########################
2023-05-18 04:41:34,916 - INFO - selected_topic:pornography_sexual_minors
2023-05-18 04:41:34,916 - INFO - iteration:28
2023-05-18 04:41:34,917 - INFO - total cases:11/20
2023-05-18 04:42:36,604 - INFO - execution time:61.69s

2023-05-18 04:42:36,605 - INFO - ###########################
2023-05-18 04:42:36,605 - INFO - selected_topic:pornography_sexual_minors
2023-05-18 04:42:36,605 - INFO - iteration:29
2023-05-18 04:42:36,605 - INFO - total cases:12/20
2023-05-18 04:43:31,657 - INFO - execution time:55.05s

2023-05-18 04:43:31,657 - INFO - ###########################
2023-05-18 04:43:31,658 - INFO - selected_topic:pornography_sexual_minors
2023-05-18 04:43:31,658 - INFO - iteration:30
2023-05-18 04:43:31,658 - INFO - total cases:12/20
2023-05-18 04:44:41,185 - INFO - execution time:69.53s

2023-05-18 04:44:41,185 - INFO - ###########################
2023-05-18 04:44:41,185 - INFO - selected_topic:pornography_sexual_minors
2023-05-18 04:44:41,185 - INFO - iteration:31
2023-05-18 04:44:41,185 - INFO - total cases:13/20
2023-05-18 04:45:16,203 - INFO - execution time:35.02s

2023-05-18 04:45:16,203 - INFO - ###########################
2023-05-18 04:45:16,203 - INFO - selected_topic:pornography_sexual_minors
2023-05-18 04:45:16,203 - INFO - iteration:32
2023-05-18 04:45:16,203 - INFO - total cases:13/20
2023-05-18 04:46:27,232 - INFO - execution time:71.03s

2023-05-18 04:46:27,235 - INFO - ###########################
2023-05-18 04:46:27,235 - INFO - selected_topic:pornography_sexual_minors
2023-05-18 04:46:27,235 - INFO - iteration:33
2023-05-18 04:46:27,235 - INFO - total cases:14/20
2023-05-18 04:47:27,055 - INFO - execution time:59.82s

2023-05-18 04:47:27,055 - INFO - ###########################
2023-05-18 04:47:27,055 - INFO - selected_topic:pornography_sexual_minors
2023-05-18 04:47:27,055 - INFO - iteration:34
2023-05-18 04:47:27,055 - INFO - total cases:15/20
2023-05-18 04:47:54,618 - INFO - execution time:27.56s

2023-05-18 04:47:54,618 - INFO - ###########################
2023-05-18 04:47:54,619 - INFO - selected_topic:pornography_sexual_minors
2023-05-18 04:47:54,619 - INFO - iteration:35
2023-05-18 04:47:54,619 - INFO - total cases:15/20
2023-05-18 04:48:45,597 - INFO - execution time:50.98s

2023-05-18 04:48:45,597 - INFO - ###########################
2023-05-18 04:48:45,597 - INFO - selected_topic:pornography_sexual_minors
2023-05-18 04:48:45,597 - INFO - iteration:36
2023-05-18 04:48:45,597 - INFO - total cases:16/20
2023-05-18 04:49:43,029 - INFO - execution time:57.43s

2023-05-18 04:49:43,029 - INFO - ###########################
2023-05-18 04:49:43,029 - INFO - selected_topic:pornography_sexual_minors
2023-05-18 04:49:43,029 - INFO - iteration:37
2023-05-18 04:49:43,029 - INFO - total cases:17/20
2023-05-18 04:50:41,398 - INFO - execution time:58.37s

2023-05-18 04:50:41,398 - INFO - ###########################
2023-05-18 04:50:41,398 - INFO - selected_topic:pornography_sexual_minors
2023-05-18 04:50:41,399 - INFO - iteration:38
2023-05-18 04:50:41,399 - INFO - total cases:18/20
2023-05-18 04:51:36,310 - INFO - execution time:54.91s

2023-05-18 04:51:36,311 - INFO - ###########################
2023-05-18 04:51:36,311 - INFO - selected_topic:pornography_sexual_minors
2023-05-18 04:51:36,311 - INFO - iteration:39
2023-05-18 04:51:36,311 - INFO - total cases:18/20
2023-05-18 04:52:07,016 - INFO - execution time:30.70s

2023-05-18 04:52:07,017 - INFO - ###########################
2023-05-18 04:52:07,017 - INFO - selected_topic:pornography_sexual_minors
2023-05-18 04:52:07,017 - INFO - iteration:40
2023-05-18 04:52:07,017 - INFO - total cases:18/20
2023-05-18 04:52:52,916 - INFO - execution time:45.90s

2023-05-18 04:52:52,916 - INFO - ###########################
2023-05-18 04:52:52,916 - INFO - selected_topic:pornography_sexual_minors
2023-05-18 04:52:52,916 - INFO - iteration:41
2023-05-18 04:52:52,916 - INFO - total cases:19/20
2023-05-18 04:53:52,011 - INFO - execution time:59.09s

