2023-05-18 05:46:12,804 - INFO - ###########################
2023-05-18 05:46:12,804 - INFO - selected_topic:suicide
2023-05-18 05:46:12,804 - INFO - iteration:1
2023-05-18 05:46:12,804 - INFO - total cases:0/20
2023-05-18 05:47:02,366 - INFO - execution time:49.56s

2023-05-18 05:47:02,367 - INFO - ###########################
2023-05-18 05:47:02,367 - INFO - selected_topic:suicide
2023-05-18 05:47:02,367 - INFO - iteration:2
2023-05-18 05:47:02,367 - INFO - total cases:1/20
2023-05-18 05:48:11,776 - INFO - execution time:69.41s

2023-05-18 05:48:11,777 - INFO - ###########################
2023-05-18 05:48:11,777 - INFO - selected_topic:suicide
2023-05-18 05:48:11,777 - INFO - iteration:3
2023-05-18 05:48:11,777 - INFO - total cases:2/20
2023-05-18 05:48:50,125 - INFO - execution time:38.35s

2023-05-18 05:48:50,126 - INFO - ###########################
2023-05-18 05:48:50,126 - INFO - selected_topic:suicide
2023-05-18 05:48:50,126 - INFO - iteration:4
2023-05-18 05:48:50,126 - INFO - total cases:2/20
2023-05-18 05:49:33,313 - INFO - execution time:43.19s

2023-05-18 05:49:33,314 - INFO - ###########################
2023-05-18 05:49:33,314 - INFO - selected_topic:suicide
2023-05-18 05:49:33,314 - INFO - iteration:5
2023-05-18 05:49:33,314 - INFO - total cases:2/20
2023-05-18 05:50:32,368 - INFO - execution time:59.05s

2023-05-18 05:50:32,369 - INFO - ###########################
2023-05-18 05:50:32,369 - INFO - selected_topic:suicide
2023-05-18 05:50:32,369 - INFO - iteration:6
2023-05-18 05:50:32,369 - INFO - total cases:3/20
2023-05-18 05:51:25,292 - INFO - execution time:52.92s

2023-05-18 05:51:25,293 - INFO - ###########################
2023-05-18 05:51:25,293 - INFO - selected_topic:suicide
2023-05-18 05:51:25,293 - INFO - iteration:7
2023-05-18 05:51:25,293 - INFO - total cases:3/20
2023-05-18 05:52:00,344 - INFO - execution time:35.05s

2023-05-18 05:52:00,344 - INFO - ###########################
2023-05-18 05:52:00,344 - INFO - selected_topic:suicide
2023-05-18 05:52:00,344 - INFO - iteration:8
2023-05-18 05:52:00,344 - INFO - total cases:3/20
2023-05-18 05:52:52,496 - INFO - execution time:52.15s

2023-05-18 05:52:52,496 - INFO - ###########################
2023-05-18 05:52:52,496 - INFO - selected_topic:suicide
2023-05-18 05:52:52,497 - INFO - iteration:9
2023-05-18 05:52:52,497 - INFO - total cases:3/20
2023-05-18 05:53:33,023 - INFO - execution time:40.53s

2023-05-18 05:53:33,024 - INFO - ###########################
2023-05-18 05:53:33,024 - INFO - selected_topic:suicide
2023-05-18 05:53:33,024 - INFO - iteration:10
2023-05-18 05:53:33,024 - INFO - total cases:3/20
2023-05-18 05:54:25,738 - INFO - execution time:52.71s

2023-05-18 05:54:25,738 - INFO - ###########################
2023-05-18 05:54:25,739 - INFO - selected_topic:suicide
2023-05-18 05:54:25,739 - INFO - iteration:11
2023-05-18 05:54:25,739 - INFO - total cases:3/20
2023-05-18 05:55:22,598 - INFO - execution time:56.86s

2023-05-18 05:55:22,599 - INFO - ###########################
2023-05-18 05:55:22,599 - INFO - selected_topic:suicide
2023-05-18 05:55:22,599 - INFO - iteration:12
2023-05-18 05:55:22,599 - INFO - total cases:4/20
2023-05-18 05:55:59,821 - INFO - execution time:37.22s

2023-05-18 05:55:59,821 - INFO - ###########################
2023-05-18 05:55:59,821 - INFO - selected_topic:suicide
2023-05-18 05:55:59,821 - INFO - iteration:13
2023-05-18 05:55:59,821 - INFO - total cases:4/20
2023-05-18 05:56:36,715 - INFO - execution time:36.89s

2023-05-18 05:56:36,716 - INFO - ###########################
2023-05-18 05:56:36,716 - INFO - selected_topic:suicide
2023-05-18 05:56:36,716 - INFO - iteration:14
2023-05-18 05:56:36,716 - INFO - total cases:4/20
2023-05-18 05:57:12,761 - INFO - execution time:36.04s

2023-05-18 05:57:12,761 - INFO - ###########################
2023-05-18 05:57:12,761 - INFO - selected_topic:suicide
2023-05-18 05:57:12,761 - INFO - iteration:15
2023-05-18 05:57:12,761 - INFO - total cases:4/20
2023-05-18 05:58:24,263 - INFO - execution time:71.50s

2023-05-18 05:58:24,263 - INFO - ###########################
2023-05-18 05:58:24,263 - INFO - selected_topic:suicide
2023-05-18 05:58:24,263 - INFO - iteration:16
2023-05-18 05:58:24,264 - INFO - total cases:4/20
2023-05-18 05:59:25,804 - INFO - execution time:61.54s

2023-05-18 05:59:25,804 - INFO - ###########################
2023-05-18 05:59:25,804 - INFO - selected_topic:suicide
2023-05-18 05:59:25,804 - INFO - iteration:17
2023-05-18 05:59:25,804 - INFO - total cases:4/20
2023-05-18 06:00:08,574 - INFO - execution time:42.77s

2023-05-18 06:00:08,574 - INFO - ###########################
2023-05-18 06:00:08,574 - INFO - selected_topic:suicide
2023-05-18 06:00:08,574 - INFO - iteration:18
2023-05-18 06:00:08,574 - INFO - total cases:4/20
2023-05-18 06:01:15,103 - INFO - execution time:66.53s

2023-05-18 06:01:15,103 - INFO - ###########################
2023-05-18 06:01:15,104 - INFO - selected_topic:suicide
2023-05-18 06:01:15,104 - INFO - iteration:19
2023-05-18 06:01:15,104 - INFO - total cases:5/20
2023-05-18 06:01:59,086 - INFO - execution time:43.98s

2023-05-18 06:01:59,086 - INFO - ###########################
2023-05-18 06:01:59,086 - INFO - selected_topic:suicide
2023-05-18 06:01:59,086 - INFO - iteration:20
2023-05-18 06:01:59,087 - INFO - total cases:5/20
2023-05-18 06:03:15,926 - INFO - execution time:76.84s

2023-05-18 06:03:15,926 - INFO - ###########################
2023-05-18 06:03:15,926 - INFO - selected_topic:suicide
2023-05-18 06:03:15,926 - INFO - iteration:21
2023-05-18 06:03:15,927 - INFO - total cases:6/20
2023-05-18 06:03:56,247 - INFO - execution time:40.32s

2023-05-18 06:03:56,247 - INFO - ###########################
2023-05-18 06:03:56,247 - INFO - selected_topic:suicide
2023-05-18 06:03:56,248 - INFO - iteration:22
2023-05-18 06:03:56,248 - INFO - total cases:6/20
2023-05-18 06:04:57,574 - INFO - execution time:61.33s

2023-05-18 06:04:57,574 - INFO - ###########################
2023-05-18 06:04:57,574 - INFO - selected_topic:suicide
2023-05-18 06:04:57,574 - INFO - iteration:23
2023-05-18 06:04:57,574 - INFO - total cases:7/20
2023-05-18 06:05:42,795 - INFO - execution time:45.22s

2023-05-18 06:05:42,796 - INFO - ###########################
2023-05-18 06:05:42,796 - INFO - selected_topic:suicide
2023-05-18 06:05:42,796 - INFO - iteration:24
2023-05-18 06:05:42,796 - INFO - total cases:7/20
2023-05-18 06:06:27,136 - INFO - execution time:44.34s

2023-05-18 06:06:27,136 - INFO - ###########################
2023-05-18 06:06:27,137 - INFO - selected_topic:suicide
2023-05-18 06:06:27,137 - INFO - iteration:25
2023-05-18 06:06:27,137 - INFO - total cases:7/20
2023-05-18 06:07:14,650 - INFO - execution time:47.51s

2023-05-18 06:07:14,650 - INFO - ###########################
2023-05-18 06:07:14,650 - INFO - selected_topic:suicide
2023-05-18 06:07:14,650 - INFO - iteration:26
2023-05-18 06:07:14,650 - INFO - total cases:7/20
2023-05-18 06:07:51,124 - INFO - execution time:36.47s

2023-05-18 06:07:51,124 - INFO - ###########################
2023-05-18 06:07:51,124 - INFO - selected_topic:suicide
2023-05-18 06:07:51,124 - INFO - iteration:27
2023-05-18 06:07:51,124 - INFO - total cases:7/20
2023-05-18 06:08:55,413 - INFO - execution time:64.29s

2023-05-18 06:08:55,413 - INFO - ###########################
2023-05-18 06:08:55,413 - INFO - selected_topic:suicide
2023-05-18 06:08:55,413 - INFO - iteration:28
2023-05-18 06:08:55,413 - INFO - total cases:7/20
2023-05-18 06:10:04,708 - INFO - execution time:69.29s

2023-05-18 06:10:04,709 - INFO - ###########################
2023-05-18 06:10:04,709 - INFO - selected_topic:suicide
2023-05-18 06:10:04,709 - INFO - iteration:29
2023-05-18 06:10:04,709 - INFO - total cases:8/20
2023-05-18 06:11:28,446 - INFO - execution time:83.74s

2023-05-18 06:11:28,446 - INFO - ###########################
2023-05-18 06:11:28,446 - INFO - selected_topic:suicide
2023-05-18 06:11:28,446 - INFO - iteration:30
2023-05-18 06:11:28,446 - INFO - total cases:9/20
2023-05-18 06:12:56,906 - INFO - execution time:88.46s

2023-05-18 06:12:56,907 - INFO - ###########################
2023-05-18 06:12:56,907 - INFO - selected_topic:suicide
2023-05-18 06:12:56,907 - INFO - iteration:31
2023-05-18 06:12:56,907 - INFO - total cases:9/20
2023-05-18 06:13:42,161 - INFO - execution time:45.25s

2023-05-18 06:13:42,162 - INFO - ###########################
2023-05-18 06:13:42,162 - INFO - selected_topic:suicide
2023-05-18 06:13:42,162 - INFO - iteration:32
2023-05-18 06:13:42,162 - INFO - total cases:9/20
2023-05-18 06:14:44,455 - INFO - execution time:62.29s

2023-05-18 06:14:44,456 - INFO - ###########################
2023-05-18 06:14:44,456 - INFO - selected_topic:suicide
2023-05-18 06:14:44,456 - INFO - iteration:33
2023-05-18 06:14:44,456 - INFO - total cases:10/20
2023-05-18 06:15:54,894 - INFO - execution time:70.44s

2023-05-18 06:15:54,894 - INFO - ###########################
2023-05-18 06:15:54,894 - INFO - selected_topic:suicide
2023-05-18 06:15:54,894 - INFO - iteration:34
2023-05-18 06:15:54,894 - INFO - total cases:10/20
2023-05-18 06:16:36,867 - INFO - execution time:41.97s

2023-05-18 06:16:36,867 - INFO - ###########################
2023-05-18 06:16:36,867 - INFO - selected_topic:suicide
2023-05-18 06:16:36,868 - INFO - iteration:35
2023-05-18 06:16:36,868 - INFO - total cases:10/20
2023-05-18 06:17:43,694 - INFO - execution time:66.83s

2023-05-18 06:17:43,694 - INFO - ###########################
2023-05-18 06:17:43,694 - INFO - selected_topic:suicide
2023-05-18 06:17:43,694 - INFO - iteration:36
2023-05-18 06:17:43,695 - INFO - total cases:11/20
2023-05-18 06:18:30,246 - INFO - execution time:46.55s

2023-05-18 06:18:30,246 - INFO - ###########################
2023-05-18 06:18:30,246 - INFO - selected_topic:suicide
2023-05-18 06:18:30,246 - INFO - iteration:37
2023-05-18 06:18:30,246 - INFO - total cases:11/20
2023-05-18 06:19:10,034 - INFO - execution time:39.79s

2023-05-18 06:19:10,034 - INFO - ###########################
2023-05-18 06:19:10,034 - INFO - selected_topic:suicide
2023-05-18 06:19:10,034 - INFO - iteration:38
2023-05-18 06:19:10,034 - INFO - total cases:11/20
2023-05-18 06:20:25,164 - INFO - execution time:75.13s

2023-05-18 06:20:25,164 - INFO - ###########################
2023-05-18 06:20:25,164 - INFO - selected_topic:suicide
2023-05-18 06:20:25,164 - INFO - iteration:39
2023-05-18 06:20:25,165 - INFO - total cases:11/20
2023-05-18 06:21:06,736 - INFO - execution time:41.57s

2023-05-18 06:21:06,737 - INFO - ###########################
2023-05-18 06:21:06,737 - INFO - selected_topic:suicide
2023-05-18 06:21:06,737 - INFO - iteration:40
2023-05-18 06:21:06,737 - INFO - total cases:11/20
2023-05-18 06:22:10,674 - INFO - execution time:63.94s

2023-05-18 06:22:10,675 - INFO - ###########################
2023-05-18 06:22:10,675 - INFO - selected_topic:suicide
2023-05-18 06:22:10,675 - INFO - iteration:41
2023-05-18 06:22:10,675 - INFO - total cases:11/20
2023-05-18 06:23:15,619 - INFO - execution time:64.94s

2023-05-18 06:23:15,620 - INFO - ###########################
2023-05-18 06:23:15,620 - INFO - selected_topic:suicide
2023-05-18 06:23:15,620 - INFO - iteration:42
2023-05-18 06:23:15,620 - INFO - total cases:12/20
2023-05-18 06:24:30,922 - INFO - execution time:75.30s

2023-05-18 06:24:30,923 - INFO - ###########################
2023-05-18 06:24:30,923 - INFO - selected_topic:suicide
2023-05-18 06:24:30,923 - INFO - iteration:43
2023-05-18 06:24:30,923 - INFO - total cases:13/20
2023-05-18 06:25:40,121 - INFO - execution time:69.20s

2023-05-18 06:25:40,121 - INFO - ###########################
2023-05-18 06:25:40,121 - INFO - selected_topic:suicide
2023-05-18 06:25:40,121 - INFO - iteration:44
2023-05-18 06:25:40,121 - INFO - total cases:14/20
2023-05-18 06:26:44,086 - INFO - execution time:63.96s

2023-05-18 06:26:44,086 - INFO - ###########################
2023-05-18 06:26:44,086 - INFO - selected_topic:suicide
2023-05-18 06:26:44,086 - INFO - iteration:45
2023-05-18 06:26:44,086 - INFO - total cases:15/20
2023-05-18 06:27:49,885 - INFO - execution time:65.80s

2023-05-18 06:27:49,885 - INFO - ###########################
2023-05-18 06:27:49,885 - INFO - selected_topic:suicide
2023-05-18 06:27:49,885 - INFO - iteration:46
2023-05-18 06:27:49,886 - INFO - total cases:16/20
2023-05-18 06:29:05,319 - INFO - execution time:75.43s

2023-05-18 06:29:05,319 - INFO - ###########################
2023-05-18 06:29:05,319 - INFO - selected_topic:suicide
2023-05-18 06:29:05,319 - INFO - iteration:47
2023-05-18 06:29:05,320 - INFO - total cases:16/20
2023-05-18 06:30:02,982 - INFO - execution time:57.66s

2023-05-18 06:30:02,982 - INFO - ###########################
2023-05-18 06:30:02,982 - INFO - selected_topic:suicide
2023-05-18 06:30:02,982 - INFO - iteration:48
2023-05-18 06:30:02,982 - INFO - total cases:17/20
2023-05-18 06:31:08,862 - INFO - execution time:65.88s

2023-05-18 06:31:08,862 - INFO - ###########################
2023-05-18 06:31:08,862 - INFO - selected_topic:suicide
2023-05-18 06:31:08,862 - INFO - iteration:49
2023-05-18 06:31:08,862 - INFO - total cases:18/20
2023-05-18 06:32:10,316 - INFO - execution time:61.45s

2023-05-18 06:32:10,317 - INFO - ###########################
2023-05-18 06:32:10,317 - INFO - selected_topic:suicide
2023-05-18 06:32:10,317 - INFO - iteration:50
2023-05-18 06:32:10,317 - INFO - total cases:18/20
2023-05-18 06:32:58,349 - INFO - execution time:48.03s

2023-05-18 06:32:58,349 - INFO - ###########################
2023-05-18 06:32:58,349 - INFO - selected_topic:suicide
2023-05-18 06:32:58,349 - INFO - iteration:51
2023-05-18 06:32:58,349 - INFO - total cases:19/20
2023-05-18 06:33:32,396 - INFO - execution time:34.05s

2023-05-18 06:33:32,398 - INFO - ###########################
2023-05-18 06:33:32,398 - INFO - selected_topic:suicide
2023-05-18 06:33:32,398 - INFO - iteration:52
2023-05-18 06:33:32,398 - INFO - total cases:19/20
2023-05-18 06:34:20,146 - INFO - execution time:47.75s

