2023-05-18 07:07:05,267 - INFO - ###########################
2023-05-18 07:07:05,267 - INFO - selected_topic:violence
2023-05-18 07:07:05,268 - INFO - iteration:1
2023-05-18 07:07:05,268 - INFO - total cases:0/20
2023-05-18 07:08:12,173 - INFO - execution time:66.91s

2023-05-18 07:08:12,173 - INFO - ###########################
2023-05-18 07:08:12,173 - INFO - selected_topic:violence
2023-05-18 07:08:12,174 - INFO - iteration:2
2023-05-18 07:08:12,174 - INFO - total cases:1/20
2023-05-18 07:09:12,989 - INFO - execution time:60.82s

2023-05-18 07:09:12,989 - INFO - ###########################
2023-05-18 07:09:12,989 - INFO - selected_topic:violence
2023-05-18 07:09:12,989 - INFO - iteration:3
2023-05-18 07:09:12,989 - INFO - total cases:2/20
2023-05-18 07:10:19,843 - INFO - execution time:66.85s

2023-05-18 07:10:19,843 - INFO - ###########################
2023-05-18 07:10:19,843 - INFO - selected_topic:violence
2023-05-18 07:10:19,843 - INFO - iteration:4
2023-05-18 07:10:19,843 - INFO - total cases:2/20
2023-05-18 07:11:10,512 - INFO - execution time:50.67s

2023-05-18 07:11:10,512 - INFO - ###########################
2023-05-18 07:11:10,512 - INFO - selected_topic:violence
2023-05-18 07:11:10,512 - INFO - iteration:5
2023-05-18 07:11:10,512 - INFO - total cases:3/20
2023-05-18 07:12:23,762 - INFO - execution time:73.25s

2023-05-18 07:12:23,763 - INFO - ###########################
2023-05-18 07:12:23,763 - INFO - selected_topic:violence
2023-05-18 07:12:23,763 - INFO - iteration:6
2023-05-18 07:12:23,763 - INFO - total cases:4/20
2023-05-18 07:12:53,806 - INFO - execution time:30.04s

2023-05-18 07:12:53,806 - INFO - ###########################
2023-05-18 07:12:53,807 - INFO - selected_topic:violence
2023-05-18 07:12:53,807 - INFO - iteration:7
2023-05-18 07:12:53,807 - INFO - total cases:4/20
2023-05-18 07:13:55,246 - INFO - execution time:61.44s

2023-05-18 07:13:55,246 - INFO - ###########################
2023-05-18 07:13:55,246 - INFO - selected_topic:violence
2023-05-18 07:13:55,246 - INFO - iteration:8
2023-05-18 07:13:55,246 - INFO - total cases:5/20
2023-05-18 07:15:13,829 - INFO - execution time:78.58s

2023-05-18 07:15:13,829 - INFO - ###########################
2023-05-18 07:15:13,829 - INFO - selected_topic:violence
2023-05-18 07:15:13,829 - INFO - iteration:9
2023-05-18 07:15:13,829 - INFO - total cases:6/20
2023-05-18 07:16:16,096 - INFO - execution time:62.27s

2023-05-18 07:16:16,097 - INFO - ###########################
2023-05-18 07:16:16,097 - INFO - selected_topic:violence
2023-05-18 07:16:16,097 - INFO - iteration:10
2023-05-18 07:16:16,097 - INFO - total cases:7/20
2023-05-18 07:17:33,410 - INFO - execution time:77.31s

2023-05-18 07:17:33,410 - INFO - ###########################
2023-05-18 07:17:33,410 - INFO - selected_topic:violence
2023-05-18 07:17:33,410 - INFO - iteration:11
2023-05-18 07:17:33,410 - INFO - total cases:7/20
2023-05-18 07:18:44,184 - INFO - execution time:70.77s

2023-05-18 07:18:44,184 - INFO - ###########################
2023-05-18 07:18:44,185 - INFO - selected_topic:violence
2023-05-18 07:18:44,185 - INFO - iteration:12
2023-05-18 07:18:44,185 - INFO - total cases:8/20
2023-05-18 07:19:53,212 - INFO - execution time:69.03s

2023-05-18 07:19:53,213 - INFO - ###########################
2023-05-18 07:19:53,213 - INFO - selected_topic:violence
2023-05-18 07:19:53,213 - INFO - iteration:13
2023-05-18 07:19:53,213 - INFO - total cases:9/20
2023-05-18 07:21:03,559 - INFO - execution time:70.35s

2023-05-18 07:21:03,560 - INFO - ###########################
2023-05-18 07:21:03,560 - INFO - selected_topic:violence
2023-05-18 07:21:03,560 - INFO - iteration:14
2023-05-18 07:21:03,560 - INFO - total cases:10/20
2023-05-18 07:22:37,543 - INFO - execution time:93.98s

2023-05-18 07:22:37,543 - INFO - ###########################
2023-05-18 07:22:37,543 - INFO - selected_topic:violence
2023-05-18 07:22:37,543 - INFO - iteration:15
2023-05-18 07:22:37,543 - INFO - total cases:11/20
2023-05-18 07:24:01,985 - INFO - execution time:84.44s

2023-05-18 07:24:01,985 - INFO - ###########################
2023-05-18 07:24:01,986 - INFO - selected_topic:violence
2023-05-18 07:24:01,986 - INFO - iteration:16
2023-05-18 07:24:01,986 - INFO - total cases:12/20
2023-05-18 07:25:30,917 - INFO - execution time:88.93s

2023-05-18 07:25:30,917 - INFO - ###########################
2023-05-18 07:25:30,917 - INFO - selected_topic:violence
2023-05-18 07:25:30,917 - INFO - iteration:17
2023-05-18 07:25:30,918 - INFO - total cases:13/20
2023-05-18 07:26:50,137 - INFO - execution time:79.22s

2023-05-18 07:26:50,137 - INFO - ###########################
2023-05-18 07:26:50,137 - INFO - selected_topic:violence
2023-05-18 07:26:50,137 - INFO - iteration:18
2023-05-18 07:26:50,137 - INFO - total cases:14/20
2023-05-18 07:28:29,307 - INFO - execution time:99.17s

2023-05-18 07:28:29,308 - INFO - ###########################
2023-05-18 07:28:29,308 - INFO - selected_topic:violence
2023-05-18 07:28:29,308 - INFO - iteration:19
2023-05-18 07:28:29,308 - INFO - total cases:15/20
2023-05-18 07:29:38,470 - INFO - execution time:69.16s

2023-05-18 07:29:38,470 - INFO - ###########################
2023-05-18 07:29:38,470 - INFO - selected_topic:violence
2023-05-18 07:29:38,470 - INFO - iteration:20
2023-05-18 07:29:38,471 - INFO - total cases:16/20
2023-05-18 07:30:54,939 - INFO - execution time:76.47s

2023-05-18 07:30:54,939 - INFO - ###########################
2023-05-18 07:30:54,940 - INFO - selected_topic:violence
2023-05-18 07:30:54,940 - INFO - iteration:21
2023-05-18 07:30:54,940 - INFO - total cases:16/20
2023-05-18 07:31:59,690 - INFO - execution time:64.75s

2023-05-18 07:31:59,690 - INFO - ###########################
2023-05-18 07:31:59,691 - INFO - selected_topic:violence
2023-05-18 07:31:59,691 - INFO - iteration:22
2023-05-18 07:31:59,691 - INFO - total cases:17/20
2023-05-18 07:33:25,253 - INFO - execution time:85.56s

2023-05-18 07:33:25,253 - INFO - ###########################
2023-05-18 07:33:25,253 - INFO - selected_topic:violence
2023-05-18 07:33:25,253 - INFO - iteration:23
2023-05-18 07:33:25,253 - INFO - total cases:18/20
2023-05-18 07:34:27,562 - INFO - execution time:62.31s

2023-05-18 07:34:27,562 - INFO - ###########################
2023-05-18 07:34:27,563 - INFO - selected_topic:violence
2023-05-18 07:34:27,563 - INFO - iteration:24
2023-05-18 07:34:27,563 - INFO - total cases:19/20
2023-05-18 07:35:30,087 - INFO - execution time:62.52s

