2023-06-01 23:28:53,956 - INFO - ###########################
2023-06-01 23:28:53,956 - INFO - selected_topic:pornography_sexual_minors
2023-06-01 23:28:53,956 - INFO - iteration:1
2023-06-01 23:28:53,956 - INFO - total cases:0/200
2023-06-01 23:29:48,336 - INFO - execution time:54.38s

2023-06-01 23:29:48,336 - INFO - ###########################
2023-06-01 23:29:48,336 - INFO - selected_topic:pornography_sexual_minors
2023-06-01 23:29:48,336 - INFO - iteration:2
2023-06-01 23:29:48,337 - INFO - total cases:0/200
2023-06-01 23:30:37,822 - INFO - execution time:49.49s

2023-06-01 23:30:37,822 - INFO - ###########################
2023-06-01 23:30:37,822 - INFO - selected_topic:pornography_sexual_minors
2023-06-01 23:30:37,822 - INFO - iteration:3
2023-06-01 23:30:37,822 - INFO - total cases:1/200
2023-06-01 23:31:08,153 - INFO - execution time:30.33s

2023-06-01 23:31:08,153 - INFO - ###########################
2023-06-01 23:31:08,153 - INFO - selected_topic:pornography_sexual_minors
2023-06-01 23:31:08,153 - INFO - iteration:4
2023-06-01 23:31:08,153 - INFO - total cases:1/200
2023-06-01 23:32:08,316 - INFO - execution time:60.16s

2023-06-01 23:32:08,316 - INFO - ###########################
2023-06-01 23:32:08,316 - INFO - selected_topic:pornography_sexual_minors
2023-06-01 23:32:08,316 - INFO - iteration:5
2023-06-01 23:32:08,316 - INFO - total cases:2/200
2023-06-01 23:32:49,993 - INFO - execution time:41.68s

2023-06-01 23:32:49,993 - INFO - ###########################
2023-06-01 23:32:49,993 - INFO - selected_topic:pornography_sexual_minors
2023-06-01 23:32:49,994 - INFO - iteration:6
2023-06-01 23:32:49,994 - INFO - total cases:3/200
2023-06-01 23:33:47,919 - INFO - execution time:57.93s

2023-06-01 23:33:47,920 - INFO - ###########################
2023-06-01 23:33:47,920 - INFO - selected_topic:pornography_sexual_minors
2023-06-01 23:33:47,920 - INFO - iteration:7
2023-06-01 23:33:47,920 - INFO - total cases:3/200
2023-06-01 23:34:37,454 - INFO - execution time:49.53s

2023-06-01 23:34:37,454 - INFO - ###########################
2023-06-01 23:34:37,454 - INFO - selected_topic:pornography_sexual_minors
2023-06-01 23:34:37,454 - INFO - iteration:8
2023-06-01 23:34:37,455 - INFO - total cases:4/200
2023-06-01 23:35:21,876 - INFO - execution time:44.42s

2023-06-01 23:35:21,876 - INFO - ###########################
2023-06-01 23:35:21,876 - INFO - selected_topic:pornography_sexual_minors
2023-06-01 23:35:21,877 - INFO - iteration:9
2023-06-01 23:35:21,877 - INFO - total cases:5/200
2023-06-01 23:36:14,458 - INFO - execution time:52.58s

2023-06-01 23:36:14,458 - INFO - ###########################
2023-06-01 23:36:14,458 - INFO - selected_topic:pornography_sexual_minors
2023-06-01 23:36:14,458 - INFO - iteration:10
2023-06-01 23:36:14,459 - INFO - total cases:5/200
2023-06-01 23:37:05,620 - INFO - execution time:51.16s

2023-06-01 23:37:05,620 - INFO - ###########################
2023-06-01 23:37:05,621 - INFO - selected_topic:pornography_sexual_minors
2023-06-01 23:37:05,621 - INFO - iteration:11
2023-06-01 23:37:05,621 - INFO - total cases:6/200
2023-06-01 23:38:01,704 - INFO - execution time:56.08s

2023-06-01 23:38:01,704 - INFO - ###########################
2023-06-01 23:38:01,704 - INFO - selected_topic:pornography_sexual_minors
2023-06-01 23:38:01,705 - INFO - iteration:12
2023-06-01 23:38:01,705 - INFO - total cases:6/200
2023-06-01 23:38:47,650 - INFO - execution time:45.94s

2023-06-01 23:38:47,650 - INFO - ###########################
2023-06-01 23:38:47,650 - INFO - selected_topic:pornography_sexual_minors
2023-06-01 23:38:47,650 - INFO - iteration:13
2023-06-01 23:38:47,650 - INFO - total cases:6/200
2023-06-01 23:39:37,890 - INFO - execution time:50.24s

2023-06-01 23:39:37,891 - INFO - ###########################
2023-06-01 23:39:37,891 - INFO - selected_topic:pornography_sexual_minors
2023-06-01 23:39:37,891 - INFO - iteration:14
2023-06-01 23:39:37,891 - INFO - total cases:7/200
2023-06-01 23:40:19,028 - INFO - execution time:41.14s

2023-06-01 23:40:19,028 - INFO - ###########################
2023-06-01 23:40:19,028 - INFO - selected_topic:pornography_sexual_minors
2023-06-01 23:40:19,028 - INFO - iteration:15
2023-06-01 23:40:19,028 - INFO - total cases:8/200
2023-06-01 23:41:17,921 - INFO - execution time:58.89s

2023-06-01 23:41:17,922 - INFO - ###########################
2023-06-01 23:41:17,922 - INFO - selected_topic:pornography_sexual_minors
2023-06-01 23:41:17,922 - INFO - iteration:16
2023-06-01 23:41:17,922 - INFO - total cases:8/200
2023-06-01 23:41:45,059 - INFO - execution time:27.14s

2023-06-01 23:41:45,059 - INFO - ###########################
2023-06-01 23:41:45,059 - INFO - selected_topic:pornography_sexual_minors
2023-06-01 23:41:45,059 - INFO - iteration:17
2023-06-01 23:41:45,059 - INFO - total cases:8/200
2023-06-01 23:42:20,222 - INFO - execution time:35.16s

2023-06-01 23:42:20,223 - INFO - ###########################
2023-06-01 23:42:20,223 - INFO - selected_topic:pornography_sexual_minors
2023-06-01 23:42:20,223 - INFO - iteration:18
2023-06-01 23:42:20,223 - INFO - total cases:8/200
2023-06-01 23:43:08,231 - INFO - execution time:48.01s

2023-06-01 23:43:08,232 - INFO - ###########################
2023-06-01 23:43:08,232 - INFO - selected_topic:pornography_sexual_minors
2023-06-01 23:43:08,232 - INFO - iteration:19
2023-06-01 23:43:08,232 - INFO - total cases:8/200
2023-06-01 23:43:45,925 - INFO - execution time:37.69s

2023-06-01 23:43:45,926 - INFO - ###########################
2023-06-01 23:43:45,926 - INFO - selected_topic:pornography_sexual_minors
2023-06-01 23:43:45,926 - INFO - iteration:20
2023-06-01 23:43:45,926 - INFO - total cases:9/200
2023-06-01 23:44:47,245 - INFO - execution time:61.32s

2023-06-01 23:44:47,245 - INFO - ###########################
2023-06-01 23:44:47,245 - INFO - selected_topic:pornography_sexual_minors
2023-06-01 23:44:47,246 - INFO - iteration:21
2023-06-01 23:44:47,246 - INFO - total cases:9/200
2023-06-01 23:45:34,158 - INFO - execution time:46.91s

2023-06-01 23:45:34,158 - INFO - ###########################
2023-06-01 23:45:34,158 - INFO - selected_topic:pornography_sexual_minors
2023-06-01 23:45:34,158 - INFO - iteration:22
2023-06-01 23:45:34,158 - INFO - total cases:10/200
2023-06-01 23:46:21,546 - INFO - execution time:47.39s

2023-06-01 23:46:21,546 - INFO - ###########################
2023-06-01 23:46:21,546 - INFO - selected_topic:pornography_sexual_minors
2023-06-01 23:46:21,546 - INFO - iteration:23
2023-06-01 23:46:21,546 - INFO - total cases:11/200
2023-06-01 23:47:14,815 - INFO - execution time:53.27s

2023-06-01 23:47:14,816 - INFO - ###########################
2023-06-01 23:47:14,816 - INFO - selected_topic:pornography_sexual_minors
2023-06-01 23:47:14,816 - INFO - iteration:24
2023-06-01 23:47:14,816 - INFO - total cases:11/200
2023-06-01 23:47:58,528 - INFO - execution time:43.71s

2023-06-01 23:47:58,529 - INFO - ###########################
2023-06-01 23:47:58,529 - INFO - selected_topic:pornography_sexual_minors
2023-06-01 23:47:58,529 - INFO - iteration:25
2023-06-01 23:47:58,529 - INFO - total cases:12/200
2023-06-01 23:48:42,844 - INFO - execution time:44.32s

2023-06-01 23:48:42,845 - INFO - ###########################
2023-06-01 23:48:42,845 - INFO - selected_topic:pornography_sexual_minors
2023-06-01 23:48:42,845 - INFO - iteration:26
2023-06-01 23:48:42,845 - INFO - total cases:12/200
2023-06-01 23:50:07,408 - INFO - execution time:84.56s

2023-06-01 23:50:07,408 - INFO - ###########################
2023-06-01 23:50:07,408 - INFO - selected_topic:pornography_sexual_minors
2023-06-01 23:50:07,408 - INFO - iteration:27
2023-06-01 23:50:07,409 - INFO - total cases:12/200
2023-06-01 23:50:58,538 - INFO - execution time:51.13s

2023-06-01 23:50:58,538 - INFO - ###########################
2023-06-01 23:50:58,538 - INFO - selected_topic:pornography_sexual_minors
2023-06-01 23:50:58,538 - INFO - iteration:28
2023-06-01 23:50:58,539 - INFO - total cases:13/200
2023-06-01 23:52:18,852 - INFO - execution time:80.31s

2023-06-01 23:52:18,852 - INFO - ###########################
2023-06-01 23:52:18,853 - INFO - selected_topic:pornography_sexual_minors
2023-06-01 23:52:18,853 - INFO - iteration:29
2023-06-01 23:52:18,853 - INFO - total cases:14/200
2023-06-01 23:52:59,049 - INFO - execution time:40.20s

2023-06-01 23:52:59,049 - INFO - ###########################
2023-06-01 23:52:59,049 - INFO - selected_topic:pornography_sexual_minors
2023-06-01 23:52:59,050 - INFO - iteration:30
2023-06-01 23:52:59,050 - INFO - total cases:15/200
2023-06-01 23:53:46,492 - INFO - execution time:47.44s

2023-06-01 23:53:46,492 - INFO - ###########################
2023-06-01 23:53:46,492 - INFO - selected_topic:pornography_sexual_minors
2023-06-01 23:53:46,492 - INFO - iteration:31
2023-06-01 23:53:46,493 - INFO - total cases:15/200
2023-06-01 23:54:34,046 - INFO - execution time:47.55s

2023-06-01 23:54:34,046 - INFO - ###########################
2023-06-01 23:54:34,047 - INFO - selected_topic:pornography_sexual_minors
2023-06-01 23:54:34,047 - INFO - iteration:32
2023-06-01 23:54:34,047 - INFO - total cases:16/200
2023-06-01 23:55:23,606 - INFO - execution time:49.56s

2023-06-01 23:55:23,606 - INFO - ###########################
2023-06-01 23:55:23,606 - INFO - selected_topic:pornography_sexual_minors
2023-06-01 23:55:23,607 - INFO - iteration:33
2023-06-01 23:55:23,607 - INFO - total cases:17/200
2023-06-01 23:56:14,205 - INFO - execution time:50.60s

2023-06-01 23:56:14,205 - INFO - ###########################
2023-06-01 23:56:14,205 - INFO - selected_topic:pornography_sexual_minors
2023-06-01 23:56:14,205 - INFO - iteration:34
2023-06-01 23:56:14,205 - INFO - total cases:18/200
2023-06-01 23:57:06,396 - INFO - execution time:52.19s

2023-06-01 23:57:06,396 - INFO - ###########################
2023-06-01 23:57:06,396 - INFO - selected_topic:pornography_sexual_minors
2023-06-01 23:57:06,396 - INFO - iteration:35
2023-06-01 23:57:06,397 - INFO - total cases:19/200
2023-06-01 23:58:10,157 - INFO - execution time:63.76s

2023-06-01 23:58:10,157 - INFO - ###########################
2023-06-01 23:58:10,157 - INFO - selected_topic:pornography_sexual_minors
2023-06-01 23:58:10,157 - INFO - iteration:36
2023-06-01 23:58:10,157 - INFO - total cases:19/200
2023-06-01 23:58:44,074 - INFO - execution time:33.92s

2023-06-01 23:58:44,074 - INFO - ###########################
2023-06-01 23:58:44,074 - INFO - selected_topic:pornography_sexual_minors
2023-06-01 23:58:44,075 - INFO - iteration:37
2023-06-01 23:58:44,075 - INFO - total cases:19/200
2023-06-01 23:59:34,179 - INFO - execution time:50.10s

2023-06-01 23:59:34,179 - INFO - ###########################
2023-06-01 23:59:34,179 - INFO - selected_topic:pornography_sexual_minors
2023-06-01 23:59:34,180 - INFO - iteration:38
2023-06-01 23:59:34,180 - INFO - total cases:19/200
2023-06-02 00:00:17,271 - INFO - execution time:43.09s

2023-06-02 00:00:17,271 - INFO - ###########################
2023-06-02 00:00:17,271 - INFO - selected_topic:pornography_sexual_minors
2023-06-02 00:00:17,271 - INFO - iteration:39
2023-06-02 00:00:17,271 - INFO - total cases:20/200
2023-06-02 00:01:00,220 - INFO - execution time:42.95s

2023-06-02 00:01:00,220 - INFO - ###########################
2023-06-02 00:01:00,220 - INFO - selected_topic:pornography_sexual_minors
2023-06-02 00:01:00,220 - INFO - iteration:40
2023-06-02 00:01:00,220 - INFO - total cases:21/200
2023-06-02 00:01:46,613 - INFO - execution time:46.39s

2023-06-02 00:01:46,613 - INFO - ###########################
2023-06-02 00:01:46,613 - INFO - selected_topic:pornography_sexual_minors
2023-06-02 00:01:46,613 - INFO - iteration:41
2023-06-02 00:01:46,613 - INFO - total cases:22/200
2023-06-02 00:02:38,813 - INFO - execution time:52.20s

2023-06-02 00:02:38,813 - INFO - ###########################
2023-06-02 00:02:38,814 - INFO - selected_topic:pornography_sexual_minors
2023-06-02 00:02:38,814 - INFO - iteration:42
2023-06-02 00:02:38,814 - INFO - total cases:22/200
2023-06-02 00:03:20,188 - INFO - execution time:41.37s

2023-06-02 00:03:20,188 - INFO - ###########################
2023-06-02 00:03:20,188 - INFO - selected_topic:pornography_sexual_minors
2023-06-02 00:03:20,188 - INFO - iteration:43
2023-06-02 00:03:20,188 - INFO - total cases:23/200
2023-06-02 00:04:32,836 - INFO - execution time:72.65s

2023-06-02 00:04:32,836 - INFO - ###########################
2023-06-02 00:04:32,836 - INFO - selected_topic:pornography_sexual_minors
2023-06-02 00:04:32,836 - INFO - iteration:44
2023-06-02 00:04:32,836 - INFO - total cases:23/200
2023-06-02 00:05:05,669 - INFO - execution time:32.83s

2023-06-02 00:05:05,669 - INFO - ###########################
2023-06-02 00:05:05,670 - INFO - selected_topic:pornography_sexual_minors
2023-06-02 00:05:05,670 - INFO - iteration:45
2023-06-02 00:05:05,670 - INFO - total cases:23/200
2023-06-02 00:05:46,572 - INFO - execution time:40.90s

2023-06-02 00:05:46,572 - INFO - ###########################
2023-06-02 00:05:46,572 - INFO - selected_topic:pornography_sexual_minors
2023-06-02 00:05:46,573 - INFO - iteration:46
2023-06-02 00:05:46,573 - INFO - total cases:23/200
2023-06-02 00:06:37,066 - INFO - execution time:50.49s

2023-06-02 00:06:37,067 - INFO - ###########################
2023-06-02 00:06:37,067 - INFO - selected_topic:pornography_sexual_minors
2023-06-02 00:06:37,067 - INFO - iteration:47
2023-06-02 00:06:37,067 - INFO - total cases:23/200
2023-06-02 00:07:20,232 - INFO - execution time:43.16s

2023-06-02 00:07:20,232 - INFO - ###########################
2023-06-02 00:07:20,232 - INFO - selected_topic:pornography_sexual_minors
2023-06-02 00:07:20,232 - INFO - iteration:48
2023-06-02 00:07:20,233 - INFO - total cases:24/200
2023-06-02 00:08:05,025 - INFO - execution time:44.79s

2023-06-02 00:08:05,026 - INFO - ###########################
2023-06-02 00:08:05,026 - INFO - selected_topic:pornography_sexual_minors
2023-06-02 00:08:05,026 - INFO - iteration:49
2023-06-02 00:08:05,026 - INFO - total cases:25/200
2023-06-02 00:08:42,843 - INFO - execution time:37.82s

2023-06-02 00:08:42,844 - INFO - ###########################
2023-06-02 00:08:42,844 - INFO - selected_topic:pornography_sexual_minors
2023-06-02 00:08:42,844 - INFO - iteration:50
2023-06-02 00:08:42,844 - INFO - total cases:26/200
2023-06-02 00:09:28,811 - INFO - execution time:45.97s

2023-06-02 00:09:28,811 - INFO - ###########################
2023-06-02 00:09:28,811 - INFO - selected_topic:pornography_sexual_minors
2023-06-02 00:09:28,811 - INFO - iteration:51
2023-06-02 00:09:28,811 - INFO - total cases:27/200
2023-06-02 00:10:18,828 - INFO - execution time:50.02s

2023-06-02 00:10:18,829 - INFO - ###########################
2023-06-02 00:10:18,829 - INFO - selected_topic:pornography_sexual_minors
2023-06-02 00:10:18,829 - INFO - iteration:52
2023-06-02 00:10:18,829 - INFO - total cases:28/200
2023-06-02 00:11:00,724 - INFO - execution time:41.90s

2023-06-02 00:11:00,725 - INFO - ###########################
2023-06-02 00:11:00,725 - INFO - selected_topic:pornography_sexual_minors
2023-06-02 00:11:00,725 - INFO - iteration:53
2023-06-02 00:11:00,725 - INFO - total cases:29/200
2023-06-02 00:11:43,570 - INFO - execution time:42.85s

2023-06-02 00:11:43,570 - INFO - ###########################
2023-06-02 00:11:43,570 - INFO - selected_topic:pornography_sexual_minors
2023-06-02 00:11:43,571 - INFO - iteration:54
2023-06-02 00:11:43,571 - INFO - total cases:30/200
2023-06-02 00:12:40,589 - INFO - execution time:57.02s

2023-06-02 00:12:40,589 - INFO - ###########################
2023-06-02 00:12:40,589 - INFO - selected_topic:pornography_sexual_minors
2023-06-02 00:12:40,589 - INFO - iteration:55
2023-06-02 00:12:40,589 - INFO - total cases:31/200
2023-06-02 00:13:35,357 - INFO - execution time:54.77s

2023-06-02 00:13:35,357 - INFO - ###########################
2023-06-02 00:13:35,357 - INFO - selected_topic:pornography_sexual_minors
2023-06-02 00:13:35,358 - INFO - iteration:56
2023-06-02 00:13:35,358 - INFO - total cases:32/200
2023-06-02 00:14:26,968 - INFO - execution time:51.61s

2023-06-02 00:14:26,968 - INFO - ###########################
2023-06-02 00:14:26,969 - INFO - selected_topic:pornography_sexual_minors
2023-06-02 00:14:26,969 - INFO - iteration:57
2023-06-02 00:14:26,969 - INFO - total cases:33/200
2023-06-02 00:15:16,016 - INFO - execution time:49.05s

2023-06-02 00:15:16,016 - INFO - ###########################
2023-06-02 00:15:16,016 - INFO - selected_topic:pornography_sexual_minors
2023-06-02 00:15:16,017 - INFO - iteration:58
2023-06-02 00:15:16,017 - INFO - total cases:33/200
2023-06-02 00:15:42,636 - INFO - execution time:26.62s

2023-06-02 00:15:42,636 - INFO - ###########################
2023-06-02 00:15:42,636 - INFO - selected_topic:pornography_sexual_minors
2023-06-02 00:15:42,636 - INFO - iteration:59
2023-06-02 00:15:42,636 - INFO - total cases:33/200
2023-06-02 00:16:28,428 - INFO - execution time:45.79s

2023-06-02 00:16:28,429 - INFO - ###########################
2023-06-02 00:16:28,429 - INFO - selected_topic:pornography_sexual_minors
2023-06-02 00:16:28,429 - INFO - iteration:60
2023-06-02 00:16:28,429 - INFO - total cases:34/200
2023-06-02 00:17:21,770 - INFO - execution time:53.34s

2023-06-02 00:17:21,771 - INFO - ###########################
2023-06-02 00:17:21,771 - INFO - selected_topic:pornography_sexual_minors
2023-06-02 00:17:21,771 - INFO - iteration:61
2023-06-02 00:17:21,771 - INFO - total cases:35/200
2023-06-02 00:17:46,761 - INFO - execution time:24.99s

2023-06-02 00:17:46,761 - INFO - ###########################
2023-06-02 00:17:46,761 - INFO - selected_topic:pornography_sexual_minors
2023-06-02 00:17:46,761 - INFO - iteration:62
2023-06-02 00:17:46,761 - INFO - total cases:35/200
2023-06-02 00:18:26,662 - INFO - execution time:39.90s

2023-06-02 00:18:26,662 - INFO - ###########################
2023-06-02 00:18:26,662 - INFO - selected_topic:pornography_sexual_minors
2023-06-02 00:18:26,662 - INFO - iteration:63
2023-06-02 00:18:26,662 - INFO - total cases:35/200
2023-06-02 00:19:07,638 - INFO - execution time:40.98s

2023-06-02 00:19:07,638 - INFO - ###########################
2023-06-02 00:19:07,638 - INFO - selected_topic:pornography_sexual_minors
2023-06-02 00:19:07,638 - INFO - iteration:64
2023-06-02 00:19:07,638 - INFO - total cases:36/200
2023-06-02 00:19:56,962 - INFO - execution time:49.32s

2023-06-02 00:19:56,962 - INFO - ###########################
2023-06-02 00:19:56,962 - INFO - selected_topic:pornography_sexual_minors
2023-06-02 00:19:56,962 - INFO - iteration:65
2023-06-02 00:19:56,962 - INFO - total cases:37/200
2023-06-02 00:20:46,559 - INFO - execution time:49.60s

2023-06-02 00:20:46,560 - INFO - ###########################
2023-06-02 00:20:46,560 - INFO - selected_topic:pornography_sexual_minors
2023-06-02 00:20:46,560 - INFO - iteration:66
2023-06-02 00:20:46,560 - INFO - total cases:38/200
2023-06-02 00:21:35,293 - INFO - execution time:48.73s

2023-06-02 00:21:35,293 - INFO - ###########################
2023-06-02 00:21:35,293 - INFO - selected_topic:pornography_sexual_minors
2023-06-02 00:21:35,293 - INFO - iteration:67
2023-06-02 00:21:35,293 - INFO - total cases:39/200
2023-06-02 00:22:32,344 - INFO - execution time:57.05s

2023-06-02 00:22:32,344 - INFO - ###########################
2023-06-02 00:22:32,344 - INFO - selected_topic:pornography_sexual_minors
2023-06-02 00:22:32,344 - INFO - iteration:68
2023-06-02 00:22:32,344 - INFO - total cases:39/200
2023-06-02 00:23:25,505 - INFO - execution time:53.16s

2023-06-02 00:23:25,505 - INFO - ###########################
2023-06-02 00:23:25,505 - INFO - selected_topic:pornography_sexual_minors
2023-06-02 00:23:25,505 - INFO - iteration:69
2023-06-02 00:23:25,505 - INFO - total cases:40/200
2023-06-02 00:24:17,422 - INFO - execution time:51.92s

2023-06-02 00:24:17,422 - INFO - ###########################
2023-06-02 00:24:17,422 - INFO - selected_topic:pornography_sexual_minors
2023-06-02 00:24:17,422 - INFO - iteration:70
2023-06-02 00:24:17,422 - INFO - total cases:40/200
2023-06-02 00:25:06,800 - INFO - execution time:49.38s

2023-06-02 00:25:06,800 - INFO - ###########################
2023-06-02 00:25:06,800 - INFO - selected_topic:pornography_sexual_minors
2023-06-02 00:25:06,800 - INFO - iteration:71
2023-06-02 00:25:06,800 - INFO - total cases:40/200
2023-06-02 00:26:31,749 - INFO - execution time:84.95s

2023-06-02 00:26:31,749 - INFO - ###########################
2023-06-02 00:26:31,749 - INFO - selected_topic:pornography_sexual_minors
2023-06-02 00:26:31,749 - INFO - iteration:72
2023-06-02 00:26:31,749 - INFO - total cases:40/200
2023-06-02 00:27:22,905 - INFO - execution time:51.16s

2023-06-02 00:27:22,906 - INFO - ###########################
2023-06-02 00:27:22,906 - INFO - selected_topic:pornography_sexual_minors
2023-06-02 00:27:22,906 - INFO - iteration:73
2023-06-02 00:27:22,906 - INFO - total cases:41/200
2023-06-02 00:28:12,490 - INFO - execution time:49.58s

2023-06-02 00:28:12,490 - INFO - ###########################
2023-06-02 00:28:12,490 - INFO - selected_topic:pornography_sexual_minors
2023-06-02 00:28:12,490 - INFO - iteration:74
2023-06-02 00:28:12,490 - INFO - total cases:41/200
2023-06-02 00:28:56,014 - INFO - execution time:43.52s

2023-06-02 00:28:56,014 - INFO - ###########################
2023-06-02 00:28:56,014 - INFO - selected_topic:pornography_sexual_minors
2023-06-02 00:28:56,015 - INFO - iteration:75
2023-06-02 00:28:56,015 - INFO - total cases:42/200
2023-06-02 00:29:50,106 - INFO - execution time:54.09s

2023-06-02 00:29:50,107 - INFO - ###########################
2023-06-02 00:29:50,107 - INFO - selected_topic:pornography_sexual_minors
2023-06-02 00:29:50,107 - INFO - iteration:76
2023-06-02 00:29:50,107 - INFO - total cases:43/200
2023-06-02 00:30:45,736 - INFO - execution time:55.63s

2023-06-02 00:30:45,736 - INFO - ###########################
2023-06-02 00:30:45,737 - INFO - selected_topic:pornography_sexual_minors
2023-06-02 00:30:45,737 - INFO - iteration:77
2023-06-02 00:30:45,737 - INFO - total cases:44/200
2023-06-02 00:31:37,323 - INFO - execution time:51.59s

2023-06-02 00:31:37,323 - INFO - ###########################
2023-06-02 00:31:37,323 - INFO - selected_topic:pornography_sexual_minors
2023-06-02 00:31:37,323 - INFO - iteration:78
2023-06-02 00:31:37,323 - INFO - total cases:44/200
2023-06-02 00:32:21,481 - INFO - execution time:44.16s

2023-06-02 00:32:21,482 - INFO - ###########################
2023-06-02 00:32:21,482 - INFO - selected_topic:pornography_sexual_minors
2023-06-02 00:32:21,482 - INFO - iteration:79
2023-06-02 00:32:21,482 - INFO - total cases:45/200
2023-06-02 00:33:05,168 - INFO - execution time:43.69s

2023-06-02 00:33:05,168 - INFO - ###########################
2023-06-02 00:33:05,168 - INFO - selected_topic:pornography_sexual_minors
2023-06-02 00:33:05,168 - INFO - iteration:80
2023-06-02 00:33:05,168 - INFO - total cases:46/200
2023-06-02 00:33:35,697 - INFO - execution time:30.53s

2023-06-02 00:33:35,698 - INFO - ###########################
2023-06-02 00:33:35,698 - INFO - selected_topic:pornography_sexual_minors
2023-06-02 00:33:35,698 - INFO - iteration:81
2023-06-02 00:33:35,698 - INFO - total cases:46/200
2023-06-02 00:34:20,576 - INFO - execution time:44.88s

2023-06-02 00:34:20,577 - INFO - ###########################
2023-06-02 00:34:20,577 - INFO - selected_topic:pornography_sexual_minors
2023-06-02 00:34:20,577 - INFO - iteration:82
2023-06-02 00:34:20,577 - INFO - total cases:47/200
2023-06-02 00:35:15,508 - INFO - execution time:54.93s

2023-06-02 00:35:15,508 - INFO - ###########################
2023-06-02 00:35:15,508 - INFO - selected_topic:pornography_sexual_minors
2023-06-02 00:35:15,509 - INFO - iteration:83
2023-06-02 00:35:15,509 - INFO - total cases:47/200
2023-06-02 00:35:59,293 - INFO - execution time:43.78s

2023-06-02 00:35:59,294 - INFO - ###########################
2023-06-02 00:35:59,294 - INFO - selected_topic:pornography_sexual_minors
2023-06-02 00:35:59,294 - INFO - iteration:84
2023-06-02 00:35:59,294 - INFO - total cases:47/200
2023-06-02 00:36:51,261 - INFO - execution time:51.97s

2023-06-02 00:36:51,262 - INFO - ###########################
2023-06-02 00:36:51,262 - INFO - selected_topic:pornography_sexual_minors
2023-06-02 00:36:51,262 - INFO - iteration:85
2023-06-02 00:36:51,262 - INFO - total cases:48/200
2023-06-02 00:37:29,699 - INFO - execution time:38.44s

2023-06-02 00:37:29,699 - INFO - ###########################
2023-06-02 00:37:29,699 - INFO - selected_topic:pornography_sexual_minors
2023-06-02 00:37:29,699 - INFO - iteration:86
2023-06-02 00:37:29,699 - INFO - total cases:48/200
2023-06-02 00:38:13,287 - INFO - execution time:43.59s

2023-06-02 00:38:13,287 - INFO - ###########################
2023-06-02 00:38:13,287 - INFO - selected_topic:pornography_sexual_minors
2023-06-02 00:38:13,287 - INFO - iteration:87
2023-06-02 00:38:13,287 - INFO - total cases:49/200
2023-06-02 00:39:13,359 - INFO - execution time:60.07s

2023-06-02 00:39:13,359 - INFO - ###########################
2023-06-02 00:39:13,360 - INFO - selected_topic:pornography_sexual_minors
2023-06-02 00:39:13,360 - INFO - iteration:88
2023-06-02 00:39:13,360 - INFO - total cases:50/200
2023-06-02 00:40:01,739 - INFO - execution time:48.38s

2023-06-02 00:40:01,739 - INFO - ###########################
2023-06-02 00:40:01,739 - INFO - selected_topic:pornography_sexual_minors
2023-06-02 00:40:01,740 - INFO - iteration:89
2023-06-02 00:40:01,740 - INFO - total cases:50/200
2023-06-02 00:40:54,853 - INFO - execution time:53.11s

2023-06-02 00:40:54,853 - INFO - ###########################
2023-06-02 00:40:54,853 - INFO - selected_topic:pornography_sexual_minors
2023-06-02 00:40:54,853 - INFO - iteration:90
2023-06-02 00:40:54,854 - INFO - total cases:51/200
2023-06-02 00:41:38,875 - INFO - execution time:44.02s

2023-06-02 00:41:38,875 - INFO - ###########################
2023-06-02 00:41:38,875 - INFO - selected_topic:pornography_sexual_minors
2023-06-02 00:41:38,875 - INFO - iteration:91
2023-06-02 00:41:38,875 - INFO - total cases:52/200
2023-06-02 00:42:33,660 - INFO - execution time:54.78s

2023-06-02 00:42:33,660 - INFO - ###########################
2023-06-02 00:42:33,660 - INFO - selected_topic:pornography_sexual_minors
2023-06-02 00:42:33,660 - INFO - iteration:92
2023-06-02 00:42:33,660 - INFO - total cases:52/200
2023-06-02 00:43:29,560 - INFO - execution time:55.90s

2023-06-02 00:43:29,561 - INFO - ###########################
2023-06-02 00:43:29,561 - INFO - selected_topic:pornography_sexual_minors
2023-06-02 00:43:29,561 - INFO - iteration:93
2023-06-02 00:43:29,561 - INFO - total cases:53/200
2023-06-02 00:44:25,961 - INFO - execution time:56.40s

2023-06-02 00:44:25,961 - INFO - ###########################
2023-06-02 00:44:25,961 - INFO - selected_topic:pornography_sexual_minors
2023-06-02 00:44:25,961 - INFO - iteration:94
2023-06-02 00:44:25,961 - INFO - total cases:53/200
2023-06-02 00:44:59,148 - INFO - execution time:33.19s

2023-06-02 00:44:59,148 - INFO - ###########################
2023-06-02 00:44:59,148 - INFO - selected_topic:pornography_sexual_minors
2023-06-02 00:44:59,148 - INFO - iteration:95
2023-06-02 00:44:59,149 - INFO - total cases:53/200
2023-06-02 00:45:38,190 - INFO - execution time:39.04s

2023-06-02 00:45:38,191 - INFO - ###########################
2023-06-02 00:45:38,191 - INFO - selected_topic:pornography_sexual_minors
2023-06-02 00:45:38,191 - INFO - iteration:96
2023-06-02 00:45:38,191 - INFO - total cases:53/200
2023-06-02 00:46:29,444 - INFO - execution time:51.25s

2023-06-02 00:46:29,444 - INFO - ###########################
2023-06-02 00:46:29,444 - INFO - selected_topic:pornography_sexual_minors
2023-06-02 00:46:29,444 - INFO - iteration:97
2023-06-02 00:46:29,445 - INFO - total cases:54/200
2023-06-02 00:47:24,147 - INFO - execution time:54.70s

2023-06-02 00:47:24,148 - INFO - ###########################
2023-06-02 00:47:24,148 - INFO - selected_topic:pornography_sexual_minors
2023-06-02 00:47:24,148 - INFO - iteration:98
2023-06-02 00:47:24,148 - INFO - total cases:55/200
2023-06-02 00:48:17,235 - INFO - execution time:53.09s

2023-06-02 00:48:17,235 - INFO - ###########################
2023-06-02 00:48:17,235 - INFO - selected_topic:pornography_sexual_minors
2023-06-02 00:48:17,235 - INFO - iteration:99
2023-06-02 00:48:17,235 - INFO - total cases:55/200
2023-06-02 00:49:17,394 - INFO - execution time:60.16s

2023-06-02 00:49:17,394 - INFO - ###########################
2023-06-02 00:49:17,394 - INFO - selected_topic:pornography_sexual_minors
2023-06-02 00:49:17,394 - INFO - iteration:100
2023-06-02 00:49:17,394 - INFO - total cases:55/200
2023-06-02 00:50:07,869 - INFO - execution time:50.48s

2023-06-02 00:50:07,870 - INFO - ###########################
2023-06-02 00:50:07,870 - INFO - selected_topic:pornography_sexual_minors
2023-06-02 00:50:07,870 - INFO - iteration:101
2023-06-02 00:50:07,870 - INFO - total cases:56/200
2023-06-02 00:50:31,280 - INFO - execution time:23.41s

2023-06-02 00:50:31,281 - INFO - ###########################
2023-06-02 00:50:31,281 - INFO - selected_topic:pornography_sexual_minors
2023-06-02 00:50:31,281 - INFO - iteration:102
2023-06-02 00:50:31,281 - INFO - total cases:56/200
2023-06-02 00:51:18,346 - INFO - execution time:47.07s

2023-06-02 00:51:18,346 - INFO - ###########################
2023-06-02 00:51:18,346 - INFO - selected_topic:pornography_sexual_minors
2023-06-02 00:51:18,347 - INFO - iteration:103
2023-06-02 00:51:18,347 - INFO - total cases:57/200
2023-06-02 00:52:08,950 - INFO - execution time:50.60s

2023-06-02 00:52:08,951 - INFO - ###########################
2023-06-02 00:52:08,951 - INFO - selected_topic:pornography_sexual_minors
2023-06-02 00:52:08,951 - INFO - iteration:104
2023-06-02 00:52:08,951 - INFO - total cases:57/200
2023-06-02 00:52:43,586 - INFO - execution time:34.64s

2023-06-02 00:52:43,587 - INFO - ###########################
2023-06-02 00:52:43,587 - INFO - selected_topic:pornography_sexual_minors
2023-06-02 00:52:43,587 - INFO - iteration:105
2023-06-02 00:52:43,587 - INFO - total cases:57/200
2023-06-02 00:53:24,301 - INFO - execution time:40.71s

2023-06-02 00:53:24,302 - INFO - ###########################
2023-06-02 00:53:24,302 - INFO - selected_topic:pornography_sexual_minors
2023-06-02 00:53:24,302 - INFO - iteration:106
2023-06-02 00:53:24,302 - INFO - total cases:57/200
2023-06-02 00:54:16,648 - INFO - execution time:52.35s

2023-06-02 00:54:16,648 - INFO - ###########################
2023-06-02 00:54:16,649 - INFO - selected_topic:pornography_sexual_minors
2023-06-02 00:54:16,649 - INFO - iteration:107
2023-06-02 00:54:16,649 - INFO - total cases:57/200
2023-06-02 00:55:01,865 - INFO - execution time:45.22s

2023-06-02 00:55:01,865 - INFO - ###########################
2023-06-02 00:55:01,865 - INFO - selected_topic:pornography_sexual_minors
2023-06-02 00:55:01,865 - INFO - iteration:108
2023-06-02 00:55:01,865 - INFO - total cases:57/200
2023-06-02 00:56:01,662 - INFO - execution time:59.80s

2023-06-02 00:56:01,662 - INFO - ###########################
2023-06-02 00:56:01,662 - INFO - selected_topic:pornography_sexual_minors
2023-06-02 00:56:01,662 - INFO - iteration:109
2023-06-02 00:56:01,663 - INFO - total cases:58/200
2023-06-02 00:56:58,814 - INFO - execution time:57.15s

2023-06-02 00:56:58,815 - INFO - ###########################
2023-06-02 00:56:58,815 - INFO - selected_topic:pornography_sexual_minors
2023-06-02 00:56:58,815 - INFO - iteration:110
2023-06-02 00:56:58,815 - INFO - total cases:59/200
2023-06-02 00:57:57,886 - INFO - execution time:59.07s

2023-06-02 00:57:57,886 - INFO - ###########################
2023-06-02 00:57:57,887 - INFO - selected_topic:pornography_sexual_minors
2023-06-02 00:57:57,887 - INFO - iteration:111
2023-06-02 00:57:57,887 - INFO - total cases:60/200
2023-06-02 00:58:40,852 - INFO - execution time:42.97s

2023-06-02 00:58:40,853 - INFO - ###########################
2023-06-02 00:58:40,853 - INFO - selected_topic:pornography_sexual_minors
2023-06-02 00:58:40,853 - INFO - iteration:112
2023-06-02 00:58:40,853 - INFO - total cases:60/200
2023-06-02 00:59:38,787 - INFO - execution time:57.93s

2023-06-02 00:59:38,787 - INFO - ###########################
2023-06-02 00:59:38,787 - INFO - selected_topic:pornography_sexual_minors
2023-06-02 00:59:38,787 - INFO - iteration:113
2023-06-02 00:59:38,788 - INFO - total cases:61/200
2023-06-02 01:00:21,222 - INFO - execution time:42.43s

2023-06-02 01:00:21,222 - INFO - ###########################
2023-06-02 01:00:21,222 - INFO - selected_topic:pornography_sexual_minors
2023-06-02 01:00:21,222 - INFO - iteration:114
2023-06-02 01:00:21,222 - INFO - total cases:62/200
2023-06-02 01:01:09,287 - INFO - execution time:48.06s

2023-06-02 01:01:09,287 - INFO - ###########################
2023-06-02 01:01:09,287 - INFO - selected_topic:pornography_sexual_minors
2023-06-02 01:01:09,287 - INFO - iteration:115
2023-06-02 01:01:09,287 - INFO - total cases:63/200
2023-06-02 01:02:12,096 - INFO - execution time:62.81s

2023-06-02 01:02:12,096 - INFO - ###########################
2023-06-02 01:02:12,096 - INFO - selected_topic:pornography_sexual_minors
2023-06-02 01:02:12,097 - INFO - iteration:116
2023-06-02 01:02:12,097 - INFO - total cases:63/200
2023-06-02 01:02:44,232 - INFO - execution time:32.14s

2023-06-02 01:02:44,232 - INFO - ###########################
2023-06-02 01:02:44,232 - INFO - selected_topic:pornography_sexual_minors
2023-06-02 01:02:44,232 - INFO - iteration:117
2023-06-02 01:02:44,232 - INFO - total cases:63/200
2023-06-02 01:03:37,785 - INFO - execution time:53.55s

2023-06-02 01:03:37,785 - INFO - ###########################
2023-06-02 01:03:37,785 - INFO - selected_topic:pornography_sexual_minors
2023-06-02 01:03:37,785 - INFO - iteration:118
2023-06-02 01:03:37,785 - INFO - total cases:64/200
2023-06-02 01:04:10,059 - INFO - execution time:32.27s

2023-06-02 01:04:10,060 - INFO - ###########################
2023-06-02 01:04:10,060 - INFO - selected_topic:pornography_sexual_minors
2023-06-02 01:04:10,060 - INFO - iteration:119
2023-06-02 01:04:10,060 - INFO - total cases:64/200
2023-06-02 01:05:04,215 - INFO - execution time:54.15s

2023-06-02 01:05:04,215 - INFO - ###########################
2023-06-02 01:05:04,215 - INFO - selected_topic:pornography_sexual_minors
2023-06-02 01:05:04,216 - INFO - iteration:120
2023-06-02 01:05:04,216 - INFO - total cases:64/200
2023-06-02 01:05:48,722 - INFO - execution time:44.51s

2023-06-02 01:05:48,722 - INFO - ###########################
2023-06-02 01:05:48,722 - INFO - selected_topic:pornography_sexual_minors
2023-06-02 01:05:48,722 - INFO - iteration:121
2023-06-02 01:05:48,722 - INFO - total cases:65/200
2023-06-02 01:06:45,250 - INFO - execution time:56.53s

2023-06-02 01:06:45,251 - INFO - ###########################
2023-06-02 01:06:45,251 - INFO - selected_topic:pornography_sexual_minors
2023-06-02 01:06:45,251 - INFO - iteration:122
2023-06-02 01:06:45,251 - INFO - total cases:66/200
2023-06-02 01:07:52,553 - INFO - execution time:67.30s

2023-06-02 01:07:52,553 - INFO - ###########################
2023-06-02 01:07:52,553 - INFO - selected_topic:pornography_sexual_minors
2023-06-02 01:07:52,553 - INFO - iteration:123
2023-06-02 01:07:52,553 - INFO - total cases:67/200
2023-06-02 01:09:20,737 - INFO - execution time:88.18s

2023-06-02 01:09:20,737 - INFO - ###########################
2023-06-02 01:09:20,738 - INFO - selected_topic:pornography_sexual_minors
2023-06-02 01:09:20,738 - INFO - iteration:124
2023-06-02 01:09:20,738 - INFO - total cases:68/200
2023-06-02 01:10:19,223 - INFO - execution time:58.48s

2023-06-02 01:10:19,223 - INFO - ###########################
2023-06-02 01:10:19,223 - INFO - selected_topic:pornography_sexual_minors
2023-06-02 01:10:19,223 - INFO - iteration:125
2023-06-02 01:10:19,224 - INFO - total cases:69/200
2023-06-02 01:10:54,127 - INFO - execution time:34.90s

2023-06-02 01:10:54,128 - INFO - ###########################
2023-06-02 01:10:54,128 - INFO - selected_topic:pornography_sexual_minors
2023-06-02 01:10:54,128 - INFO - iteration:126
2023-06-02 01:10:54,128 - INFO - total cases:69/200
2023-06-02 01:11:53,799 - INFO - execution time:59.67s

2023-06-02 01:11:53,799 - INFO - ###########################
2023-06-02 01:11:53,799 - INFO - selected_topic:pornography_sexual_minors
2023-06-02 01:11:53,799 - INFO - iteration:127
2023-06-02 01:11:53,799 - INFO - total cases:69/200
2023-06-02 01:13:01,784 - INFO - execution time:67.98s

2023-06-02 01:13:01,784 - INFO - ###########################
2023-06-02 01:13:01,784 - INFO - selected_topic:pornography_sexual_minors
2023-06-02 01:13:01,785 - INFO - iteration:128
2023-06-02 01:13:01,785 - INFO - total cases:70/200
2023-06-02 01:13:58,199 - INFO - execution time:56.41s

2023-06-02 01:13:58,199 - INFO - ###########################
2023-06-02 01:13:58,199 - INFO - selected_topic:pornography_sexual_minors
2023-06-02 01:13:58,199 - INFO - iteration:129
2023-06-02 01:13:58,199 - INFO - total cases:71/200
2023-06-02 01:14:29,734 - INFO - execution time:31.53s

2023-06-02 01:14:29,734 - INFO - ###########################
2023-06-02 01:14:29,734 - INFO - selected_topic:pornography_sexual_minors
2023-06-02 01:14:29,734 - INFO - iteration:130
2023-06-02 01:14:29,734 - INFO - total cases:71/200
2023-06-02 01:15:24,843 - INFO - execution time:55.11s

2023-06-02 01:15:24,844 - INFO - ###########################
2023-06-02 01:15:24,844 - INFO - selected_topic:pornography_sexual_minors
2023-06-02 01:15:24,844 - INFO - iteration:131
2023-06-02 01:15:24,844 - INFO - total cases:71/200
2023-06-02 01:16:43,314 - INFO - execution time:78.47s

2023-06-02 01:16:43,314 - INFO - ###########################
2023-06-02 01:16:43,315 - INFO - selected_topic:pornography_sexual_minors
2023-06-02 01:16:43,315 - INFO - iteration:132
2023-06-02 01:16:43,315 - INFO - total cases:72/200
2023-06-02 01:17:52,909 - INFO - execution time:69.59s

2023-06-02 01:17:52,909 - INFO - ###########################
2023-06-02 01:17:52,909 - INFO - selected_topic:pornography_sexual_minors
2023-06-02 01:17:52,909 - INFO - iteration:133
2023-06-02 01:17:52,910 - INFO - total cases:73/200
2023-06-02 01:19:02,007 - INFO - execution time:69.10s

2023-06-02 01:19:02,007 - INFO - ###########################
2023-06-02 01:19:02,007 - INFO - selected_topic:pornography_sexual_minors
2023-06-02 01:19:02,007 - INFO - iteration:134
2023-06-02 01:19:02,007 - INFO - total cases:73/200
2023-06-02 01:20:03,913 - INFO - execution time:61.90s

2023-06-02 01:20:03,913 - INFO - ###########################
2023-06-02 01:20:03,913 - INFO - selected_topic:pornography_sexual_minors
2023-06-02 01:20:03,913 - INFO - iteration:135
2023-06-02 01:20:03,913 - INFO - total cases:74/200
2023-06-02 01:20:48,868 - INFO - execution time:44.95s

2023-06-02 01:20:48,868 - INFO - ###########################
2023-06-02 01:20:48,869 - INFO - selected_topic:pornography_sexual_minors
2023-06-02 01:20:48,869 - INFO - iteration:136
2023-06-02 01:20:48,869 - INFO - total cases:74/200
2023-06-02 01:21:29,701 - INFO - execution time:40.83s

2023-06-02 01:21:29,702 - INFO - ###########################
2023-06-02 01:21:29,702 - INFO - selected_topic:pornography_sexual_minors
2023-06-02 01:21:29,702 - INFO - iteration:137
2023-06-02 01:21:29,702 - INFO - total cases:74/200
2023-06-02 01:22:10,746 - INFO - execution time:41.04s

2023-06-02 01:22:10,746 - INFO - ###########################
2023-06-02 01:22:10,746 - INFO - selected_topic:pornography_sexual_minors
2023-06-02 01:22:10,746 - INFO - iteration:138
2023-06-02 01:22:10,746 - INFO - total cases:74/200
2023-06-02 01:23:27,769 - INFO - execution time:77.02s

2023-06-02 01:23:27,770 - INFO - ###########################
2023-06-02 01:23:27,770 - INFO - selected_topic:pornography_sexual_minors
2023-06-02 01:23:27,770 - INFO - iteration:139
2023-06-02 01:23:27,770 - INFO - total cases:74/200
2023-06-02 01:24:39,228 - INFO - execution time:71.46s

2023-06-02 01:24:39,228 - INFO - ###########################
2023-06-02 01:24:39,228 - INFO - selected_topic:pornography_sexual_minors
2023-06-02 01:24:39,228 - INFO - iteration:140
2023-06-02 01:24:39,228 - INFO - total cases:75/200
2023-06-02 01:25:51,437 - INFO - execution time:72.21s

2023-06-02 01:25:51,437 - INFO - ###########################
2023-06-02 01:25:51,438 - INFO - selected_topic:pornography_sexual_minors
2023-06-02 01:25:51,438 - INFO - iteration:141
2023-06-02 01:25:51,438 - INFO - total cases:75/200
2023-06-02 01:27:09,800 - INFO - execution time:78.36s

2023-06-02 01:27:09,800 - INFO - ###########################
2023-06-02 01:27:09,800 - INFO - selected_topic:pornography_sexual_minors
2023-06-02 01:27:09,800 - INFO - iteration:142
2023-06-02 01:27:09,800 - INFO - total cases:76/200
2023-06-02 01:27:56,427 - INFO - execution time:46.63s

2023-06-02 01:27:56,427 - INFO - ###########################
2023-06-02 01:27:56,427 - INFO - selected_topic:pornography_sexual_minors
2023-06-02 01:27:56,427 - INFO - iteration:143
2023-06-02 01:27:56,427 - INFO - total cases:76/200
2023-06-02 01:28:59,179 - INFO - execution time:62.75s

2023-06-02 01:28:59,180 - INFO - ###########################
2023-06-02 01:28:59,180 - INFO - selected_topic:pornography_sexual_minors
2023-06-02 01:28:59,180 - INFO - iteration:144
2023-06-02 01:28:59,180 - INFO - total cases:76/200
2023-06-02 01:30:00,446 - INFO - execution time:61.27s

2023-06-02 01:30:00,447 - INFO - ###########################
2023-06-02 01:30:00,447 - INFO - selected_topic:pornography_sexual_minors
2023-06-02 01:30:00,447 - INFO - iteration:145
2023-06-02 01:30:00,447 - INFO - total cases:76/200
2023-06-02 01:31:00,032 - INFO - execution time:59.59s

2023-06-02 01:31:00,033 - INFO - ###########################
2023-06-02 01:31:00,033 - INFO - selected_topic:pornography_sexual_minors
2023-06-02 01:31:00,033 - INFO - iteration:146
2023-06-02 01:31:00,033 - INFO - total cases:77/200
2023-06-02 01:32:05,662 - INFO - execution time:65.63s

2023-06-02 01:32:05,662 - INFO - ###########################
2023-06-02 01:32:05,662 - INFO - selected_topic:pornography_sexual_minors
2023-06-02 01:32:05,662 - INFO - iteration:147
2023-06-02 01:32:05,662 - INFO - total cases:78/200
2023-06-02 01:33:44,568 - INFO - execution time:98.91s

2023-06-02 01:33:44,569 - INFO - ###########################
2023-06-02 01:33:44,569 - INFO - selected_topic:pornography_sexual_minors
2023-06-02 01:33:44,569 - INFO - iteration:148
2023-06-02 01:33:44,569 - INFO - total cases:78/200
2023-06-02 01:35:02,782 - INFO - execution time:78.21s

2023-06-02 01:35:02,782 - INFO - ###########################
2023-06-02 01:35:02,782 - INFO - selected_topic:pornography_sexual_minors
2023-06-02 01:35:02,783 - INFO - iteration:149
2023-06-02 01:35:02,783 - INFO - total cases:78/200
2023-06-02 01:36:11,297 - INFO - execution time:68.51s

2023-06-02 01:36:11,297 - INFO - ###########################
2023-06-02 01:36:11,297 - INFO - selected_topic:pornography_sexual_minors
2023-06-02 01:36:11,297 - INFO - iteration:150
2023-06-02 01:36:11,297 - INFO - total cases:78/200
2023-06-02 01:37:11,755 - INFO - execution time:60.46s

2023-06-02 01:37:11,755 - INFO - ###########################
2023-06-02 01:37:11,755 - INFO - selected_topic:pornography_sexual_minors
2023-06-02 01:37:11,755 - INFO - iteration:151
2023-06-02 01:37:11,756 - INFO - total cases:79/200
2023-06-02 01:38:11,438 - INFO - execution time:59.68s

2023-06-02 01:38:11,439 - INFO - ###########################
2023-06-02 01:38:11,439 - INFO - selected_topic:pornography_sexual_minors
2023-06-02 01:38:11,439 - INFO - iteration:152
2023-06-02 01:38:11,439 - INFO - total cases:80/200
2023-06-02 01:39:15,052 - INFO - execution time:63.61s

2023-06-02 01:39:15,052 - INFO - ###########################
2023-06-02 01:39:15,052 - INFO - selected_topic:pornography_sexual_minors
2023-06-02 01:39:15,052 - INFO - iteration:153
2023-06-02 01:39:15,052 - INFO - total cases:81/200
2023-06-02 01:40:08,183 - INFO - execution time:53.13s

2023-06-02 01:40:08,184 - INFO - ###########################
2023-06-02 01:40:08,184 - INFO - selected_topic:pornography_sexual_minors
2023-06-02 01:40:08,184 - INFO - iteration:154
2023-06-02 01:40:08,184 - INFO - total cases:82/200
2023-06-02 01:40:49,670 - INFO - execution time:41.49s

2023-06-02 01:40:49,670 - INFO - ###########################
2023-06-02 01:40:49,670 - INFO - selected_topic:pornography_sexual_minors
2023-06-02 01:40:49,670 - INFO - iteration:155
2023-06-02 01:40:49,670 - INFO - total cases:82/200
2023-06-02 01:41:48,064 - INFO - execution time:58.39s

2023-06-02 01:41:48,064 - INFO - ###########################
2023-06-02 01:41:48,065 - INFO - selected_topic:pornography_sexual_minors
2023-06-02 01:41:48,065 - INFO - iteration:156
2023-06-02 01:41:48,065 - INFO - total cases:82/200
2023-06-02 01:42:47,607 - INFO - execution time:59.54s

2023-06-02 01:42:47,607 - INFO - ###########################
2023-06-02 01:42:47,607 - INFO - selected_topic:pornography_sexual_minors
2023-06-02 01:42:47,608 - INFO - iteration:157
2023-06-02 01:42:47,608 - INFO - total cases:83/200
2023-06-02 01:43:49,022 - INFO - execution time:61.41s

2023-06-02 01:43:49,022 - INFO - ###########################
2023-06-02 01:43:49,022 - INFO - selected_topic:pornography_sexual_minors
2023-06-02 01:43:49,023 - INFO - iteration:158
2023-06-02 01:43:49,023 - INFO - total cases:84/200
2023-06-02 01:45:06,401 - INFO - execution time:77.38s

2023-06-02 01:45:06,401 - INFO - ###########################
2023-06-02 01:45:06,401 - INFO - selected_topic:pornography_sexual_minors
2023-06-02 01:45:06,401 - INFO - iteration:159
2023-06-02 01:45:06,402 - INFO - total cases:85/200
2023-06-02 01:46:19,190 - INFO - execution time:72.79s

2023-06-02 01:46:19,190 - INFO - ###########################
2023-06-02 01:46:19,191 - INFO - selected_topic:pornography_sexual_minors
2023-06-02 01:46:19,191 - INFO - iteration:160
2023-06-02 01:46:19,191 - INFO - total cases:85/200
2023-06-02 01:47:01,894 - INFO - execution time:42.70s

2023-06-02 01:47:01,894 - INFO - ###########################
2023-06-02 01:47:01,895 - INFO - selected_topic:pornography_sexual_minors
2023-06-02 01:47:01,895 - INFO - iteration:161
2023-06-02 01:47:01,895 - INFO - total cases:85/200
2023-06-02 01:48:18,039 - INFO - execution time:76.14s

2023-06-02 01:48:18,039 - INFO - ###########################
2023-06-02 01:48:18,039 - INFO - selected_topic:pornography_sexual_minors
2023-06-02 01:48:18,039 - INFO - iteration:162
2023-06-02 01:48:18,039 - INFO - total cases:86/200
2023-06-02 01:49:11,020 - INFO - execution time:52.98s

2023-06-02 01:49:11,021 - INFO - ###########################
2023-06-02 01:49:11,021 - INFO - selected_topic:pornography_sexual_minors
2023-06-02 01:49:11,021 - INFO - iteration:163
2023-06-02 01:49:11,021 - INFO - total cases:87/200
2023-06-02 01:50:09,327 - INFO - execution time:58.31s

2023-06-02 01:50:09,327 - INFO - ###########################
2023-06-02 01:50:09,327 - INFO - selected_topic:pornography_sexual_minors
2023-06-02 01:50:09,327 - INFO - iteration:164
2023-06-02 01:50:09,328 - INFO - total cases:88/200
2023-06-02 01:50:51,864 - INFO - execution time:42.54s

2023-06-02 01:50:51,864 - INFO - ###########################
2023-06-02 01:50:51,864 - INFO - selected_topic:pornography_sexual_minors
2023-06-02 01:50:51,864 - INFO - iteration:165
2023-06-02 01:50:51,865 - INFO - total cases:88/200
2023-06-02 01:51:59,332 - INFO - execution time:67.47s

2023-06-02 01:51:59,333 - INFO - ###########################
2023-06-02 01:51:59,333 - INFO - selected_topic:pornography_sexual_minors
2023-06-02 01:51:59,333 - INFO - iteration:166
2023-06-02 01:51:59,333 - INFO - total cases:89/200
2023-06-02 01:53:01,072 - INFO - execution time:61.74s

2023-06-02 01:53:01,073 - INFO - ###########################
2023-06-02 01:53:01,073 - INFO - selected_topic:pornography_sexual_minors
2023-06-02 01:53:01,073 - INFO - iteration:167
2023-06-02 01:53:01,073 - INFO - total cases:90/200
2023-06-02 01:54:08,970 - INFO - execution time:67.90s

2023-06-02 01:54:08,971 - INFO - ###########################
2023-06-02 01:54:08,971 - INFO - selected_topic:pornography_sexual_minors
2023-06-02 01:54:08,971 - INFO - iteration:168
2023-06-02 01:54:08,971 - INFO - total cases:90/200
2023-06-02 01:55:17,004 - INFO - execution time:68.03s

2023-06-02 01:55:17,004 - INFO - ###########################
2023-06-02 01:55:17,004 - INFO - selected_topic:pornography_sexual_minors
2023-06-02 01:55:17,004 - INFO - iteration:169
2023-06-02 01:55:17,004 - INFO - total cases:90/200
2023-06-02 01:56:00,018 - INFO - execution time:43.01s

2023-06-02 01:56:00,018 - INFO - ###########################
2023-06-02 01:56:00,019 - INFO - selected_topic:pornography_sexual_minors
2023-06-02 01:56:00,019 - INFO - iteration:170
2023-06-02 01:56:00,019 - INFO - total cases:90/200
2023-06-02 01:57:14,117 - INFO - execution time:74.10s

2023-06-02 01:57:14,118 - INFO - ###########################
2023-06-02 01:57:14,118 - INFO - selected_topic:pornography_sexual_minors
2023-06-02 01:57:14,118 - INFO - iteration:171
2023-06-02 01:57:14,118 - INFO - total cases:91/200
2023-06-02 01:57:58,846 - INFO - execution time:44.73s

2023-06-02 01:57:58,846 - INFO - ###########################
2023-06-02 01:57:58,846 - INFO - selected_topic:pornography_sexual_minors
2023-06-02 01:57:58,846 - INFO - iteration:172
2023-06-02 01:57:58,847 - INFO - total cases:91/200
2023-06-02 01:59:33,249 - INFO - execution time:94.40s

2023-06-02 01:59:33,250 - INFO - ###########################
2023-06-02 01:59:33,250 - INFO - selected_topic:pornography_sexual_minors
2023-06-02 01:59:33,250 - INFO - iteration:173
2023-06-02 01:59:33,250 - INFO - total cases:91/200
2023-06-02 02:00:39,625 - INFO - execution time:66.37s

2023-06-02 02:00:39,625 - INFO - ###########################
2023-06-02 02:00:39,625 - INFO - selected_topic:pornography_sexual_minors
2023-06-02 02:00:39,625 - INFO - iteration:174
2023-06-02 02:00:39,625 - INFO - total cases:91/200
2023-06-02 02:02:09,016 - INFO - execution time:89.39s

2023-06-02 02:02:09,016 - INFO - ###########################
2023-06-02 02:02:09,016 - INFO - selected_topic:pornography_sexual_minors
2023-06-02 02:02:09,016 - INFO - iteration:175
2023-06-02 02:02:09,016 - INFO - total cases:91/200
2023-06-02 02:03:02,480 - INFO - execution time:53.46s

2023-06-02 02:03:02,480 - INFO - ###########################
2023-06-02 02:03:02,480 - INFO - selected_topic:pornography_sexual_minors
2023-06-02 02:03:02,480 - INFO - iteration:176
2023-06-02 02:03:02,480 - INFO - total cases:92/200
2023-06-02 02:03:59,618 - INFO - execution time:57.14s

2023-06-02 02:03:59,618 - INFO - ###########################
2023-06-02 02:03:59,618 - INFO - selected_topic:pornography_sexual_minors
2023-06-02 02:03:59,618 - INFO - iteration:177
2023-06-02 02:03:59,618 - INFO - total cases:93/200
2023-06-02 02:05:05,386 - INFO - execution time:65.77s

2023-06-02 02:05:05,386 - INFO - ###########################
2023-06-02 02:05:05,387 - INFO - selected_topic:pornography_sexual_minors
2023-06-02 02:05:05,387 - INFO - iteration:178
2023-06-02 02:05:05,387 - INFO - total cases:94/200
2023-06-02 02:06:05,244 - INFO - execution time:59.86s

2023-06-02 02:06:05,245 - INFO - ###########################
2023-06-02 02:06:05,245 - INFO - selected_topic:pornography_sexual_minors
2023-06-02 02:06:05,245 - INFO - iteration:179
2023-06-02 02:06:05,245 - INFO - total cases:95/200
2023-06-02 02:07:10,737 - INFO - execution time:65.49s

2023-06-02 02:07:10,737 - INFO - ###########################
2023-06-02 02:07:10,737 - INFO - selected_topic:pornography_sexual_minors
2023-06-02 02:07:10,737 - INFO - iteration:180
2023-06-02 02:07:10,737 - INFO - total cases:96/200
2023-06-02 02:08:15,757 - INFO - execution time:65.02s

2023-06-02 02:08:15,757 - INFO - ###########################
2023-06-02 02:08:15,757 - INFO - selected_topic:pornography_sexual_minors
2023-06-02 02:08:15,757 - INFO - iteration:181
2023-06-02 02:08:15,758 - INFO - total cases:96/200
2023-06-02 02:08:48,060 - INFO - execution time:32.30s

2023-06-02 02:08:48,060 - INFO - ###########################
2023-06-02 02:08:48,060 - INFO - selected_topic:pornography_sexual_minors
2023-06-02 02:08:48,060 - INFO - iteration:182
2023-06-02 02:08:48,060 - INFO - total cases:96/200
2023-06-02 02:09:31,288 - INFO - execution time:43.23s

2023-06-02 02:09:31,288 - INFO - ###########################
2023-06-02 02:09:31,288 - INFO - selected_topic:pornography_sexual_minors
2023-06-02 02:09:31,289 - INFO - iteration:183
2023-06-02 02:09:31,289 - INFO - total cases:96/200
2023-06-02 02:10:37,518 - INFO - execution time:66.23s

2023-06-02 02:10:37,518 - INFO - ###########################
2023-06-02 02:10:37,518 - INFO - selected_topic:pornography_sexual_minors
2023-06-02 02:10:37,519 - INFO - iteration:184
2023-06-02 02:10:37,519 - INFO - total cases:97/200
2023-06-02 02:11:14,864 - INFO - execution time:37.34s

2023-06-02 02:11:14,864 - INFO - ###########################
2023-06-02 02:11:14,864 - INFO - selected_topic:pornography_sexual_minors
2023-06-02 02:11:14,864 - INFO - iteration:185
2023-06-02 02:11:14,864 - INFO - total cases:97/200
2023-06-02 02:11:53,984 - INFO - execution time:39.12s

2023-06-02 02:11:53,984 - INFO - ###########################
2023-06-02 02:11:53,984 - INFO - selected_topic:pornography_sexual_minors
2023-06-02 02:11:53,984 - INFO - iteration:186
2023-06-02 02:11:53,984 - INFO - total cases:97/200
2023-06-02 02:13:39,116 - INFO - execution time:105.13s

2023-06-02 02:13:39,116 - INFO - ###########################
2023-06-02 02:13:39,116 - INFO - selected_topic:pornography_sexual_minors
2023-06-02 02:13:39,116 - INFO - iteration:187
2023-06-02 02:13:39,116 - INFO - total cases:98/200
2023-06-02 02:14:44,744 - INFO - execution time:65.63s

2023-06-02 02:14:44,745 - INFO - ###########################
2023-06-02 02:14:44,745 - INFO - selected_topic:pornography_sexual_minors
2023-06-02 02:14:44,745 - INFO - iteration:188
2023-06-02 02:14:44,745 - INFO - total cases:99/200
2023-06-02 02:15:33,614 - INFO - execution time:48.87s

2023-06-02 02:15:33,615 - INFO - ###########################
2023-06-02 02:15:33,615 - INFO - selected_topic:pornography_sexual_minors
2023-06-02 02:15:33,615 - INFO - iteration:189
2023-06-02 02:15:33,615 - INFO - total cases:99/200
2023-06-02 02:16:31,415 - INFO - execution time:57.80s

2023-06-02 02:16:31,415 - INFO - ###########################
2023-06-02 02:16:31,416 - INFO - selected_topic:pornography_sexual_minors
2023-06-02 02:16:31,416 - INFO - iteration:190
2023-06-02 02:16:31,416 - INFO - total cases:100/200
2023-06-02 02:17:33,746 - INFO - execution time:62.33s

2023-06-02 02:17:33,747 - INFO - ###########################
2023-06-02 02:17:33,747 - INFO - selected_topic:pornography_sexual_minors
2023-06-02 02:17:33,747 - INFO - iteration:191
2023-06-02 02:17:33,747 - INFO - total cases:101/200
2023-06-02 02:18:37,508 - INFO - execution time:63.76s

2023-06-02 02:18:37,509 - INFO - ###########################
2023-06-02 02:18:37,509 - INFO - selected_topic:pornography_sexual_minors
2023-06-02 02:18:37,509 - INFO - iteration:192
2023-06-02 02:18:37,509 - INFO - total cases:102/200
2023-06-02 02:19:29,337 - INFO - execution time:51.83s

2023-06-02 02:19:29,337 - INFO - ###########################
2023-06-02 02:19:29,337 - INFO - selected_topic:pornography_sexual_minors
2023-06-02 02:19:29,338 - INFO - iteration:193
2023-06-02 02:19:29,338 - INFO - total cases:103/200
2023-06-02 02:20:46,585 - INFO - execution time:77.25s

2023-06-02 02:20:46,586 - INFO - ###########################
2023-06-02 02:20:46,586 - INFO - selected_topic:pornography_sexual_minors
2023-06-02 02:20:46,586 - INFO - iteration:194
2023-06-02 02:20:46,586 - INFO - total cases:104/200
2023-06-02 02:21:38,896 - INFO - execution time:52.31s

2023-06-02 02:21:38,896 - INFO - ###########################
2023-06-02 02:21:38,896 - INFO - selected_topic:pornography_sexual_minors
2023-06-02 02:21:38,896 - INFO - iteration:195
2023-06-02 02:21:38,896 - INFO - total cases:105/200
2023-06-02 02:22:26,736 - INFO - execution time:47.84s

2023-06-02 02:22:26,736 - INFO - ###########################
2023-06-02 02:22:26,736 - INFO - selected_topic:pornography_sexual_minors
2023-06-02 02:22:26,736 - INFO - iteration:196
2023-06-02 02:22:26,736 - INFO - total cases:106/200
2023-06-02 02:23:24,783 - INFO - execution time:58.05s

2023-06-02 02:23:24,783 - INFO - ###########################
2023-06-02 02:23:24,783 - INFO - selected_topic:pornography_sexual_minors
2023-06-02 02:23:24,783 - INFO - iteration:197
2023-06-02 02:23:24,783 - INFO - total cases:107/200
2023-06-02 02:24:22,497 - INFO - execution time:57.71s

2023-06-02 02:24:22,498 - INFO - ###########################
2023-06-02 02:24:22,498 - INFO - selected_topic:pornography_sexual_minors
2023-06-02 02:24:22,498 - INFO - iteration:198
2023-06-02 02:24:22,498 - INFO - total cases:108/200
2023-06-02 02:25:32,704 - INFO - execution time:70.21s

2023-06-02 02:25:32,704 - INFO - ###########################
2023-06-02 02:25:32,704 - INFO - selected_topic:pornography_sexual_minors
2023-06-02 02:25:32,704 - INFO - iteration:199
2023-06-02 02:25:32,704 - INFO - total cases:109/200
2023-06-02 02:26:08,492 - INFO - execution time:35.79s

2023-06-02 02:26:08,493 - INFO - ###########################
2023-06-02 02:26:08,493 - INFO - selected_topic:pornography_sexual_minors
2023-06-02 02:26:08,493 - INFO - iteration:200
2023-06-02 02:26:08,493 - INFO - total cases:109/200
2023-06-02 02:27:00,229 - INFO - execution time:51.74s

2023-06-02 02:27:00,229 - INFO - ###########################
2023-06-02 02:27:00,230 - INFO - selected_topic:pornography_sexual_minors
2023-06-02 02:27:00,230 - INFO - iteration:201
2023-06-02 02:27:00,230 - INFO - total cases:110/200
2023-06-02 02:27:54,609 - INFO - execution time:54.38s

2023-06-02 02:27:54,609 - INFO - ###########################
2023-06-02 02:27:54,609 - INFO - selected_topic:pornography_sexual_minors
2023-06-02 02:27:54,609 - INFO - iteration:202
2023-06-02 02:27:54,609 - INFO - total cases:111/200
2023-06-02 02:28:50,762 - INFO - execution time:56.15s

2023-06-02 02:28:50,762 - INFO - ###########################
2023-06-02 02:28:50,762 - INFO - selected_topic:pornography_sexual_minors
2023-06-02 02:28:50,762 - INFO - iteration:203
2023-06-02 02:28:50,762 - INFO - total cases:112/200
2023-06-02 02:29:56,368 - INFO - execution time:65.61s

2023-06-02 02:29:56,368 - INFO - ###########################
2023-06-02 02:29:56,368 - INFO - selected_topic:pornography_sexual_minors
2023-06-02 02:29:56,368 - INFO - iteration:204
2023-06-02 02:29:56,368 - INFO - total cases:113/200
2023-06-02 02:30:44,397 - INFO - execution time:48.03s

2023-06-02 02:30:44,397 - INFO - ###########################
2023-06-02 02:30:44,397 - INFO - selected_topic:pornography_sexual_minors
2023-06-02 02:30:44,397 - INFO - iteration:205
2023-06-02 02:30:44,397 - INFO - total cases:113/200
2023-06-02 02:31:54,691 - INFO - execution time:70.29s

2023-06-02 02:31:54,691 - INFO - ###########################
2023-06-02 02:31:54,692 - INFO - selected_topic:pornography_sexual_minors
2023-06-02 02:31:54,692 - INFO - iteration:206
2023-06-02 02:31:54,692 - INFO - total cases:113/200
2023-06-02 02:32:55,034 - INFO - execution time:60.34s

2023-06-02 02:32:55,034 - INFO - ###########################
2023-06-02 02:32:55,034 - INFO - selected_topic:pornography_sexual_minors
2023-06-02 02:32:55,034 - INFO - iteration:207
2023-06-02 02:32:55,035 - INFO - total cases:114/200
2023-06-02 02:33:43,604 - INFO - execution time:48.57s

2023-06-02 02:33:43,605 - INFO - ###########################
2023-06-02 02:33:43,605 - INFO - selected_topic:pornography_sexual_minors
2023-06-02 02:33:43,605 - INFO - iteration:208
2023-06-02 02:33:43,605 - INFO - total cases:115/200
2023-06-02 02:34:51,014 - INFO - execution time:67.41s

2023-06-02 02:34:51,015 - INFO - ###########################
2023-06-02 02:34:51,015 - INFO - selected_topic:pornography_sexual_minors
2023-06-02 02:34:51,015 - INFO - iteration:209
2023-06-02 02:34:51,015 - INFO - total cases:116/200
2023-06-02 02:35:22,008 - INFO - The returned result does not meet the requirements
2023-06-02 02:35:22,009 - INFO - execution time:30.99s

2023-06-02 02:35:22,009 - INFO - ###########################
2023-06-02 02:35:22,009 - INFO - selected_topic:pornography_sexual_minors
2023-06-02 02:35:22,009 - INFO - iteration:210
2023-06-02 02:35:22,009 - INFO - total cases:116/200
2023-06-02 02:36:18,819 - INFO - execution time:56.81s

2023-06-02 02:36:18,820 - INFO - ###########################
2023-06-02 02:36:18,820 - INFO - selected_topic:pornography_sexual_minors
2023-06-02 02:36:18,820 - INFO - iteration:211
2023-06-02 02:36:18,820 - INFO - total cases:117/200
2023-06-02 02:37:24,844 - INFO - execution time:66.02s

2023-06-02 02:37:24,844 - INFO - ###########################
2023-06-02 02:37:24,844 - INFO - selected_topic:pornography_sexual_minors
2023-06-02 02:37:24,844 - INFO - iteration:212
2023-06-02 02:37:24,844 - INFO - total cases:118/200
2023-06-02 02:37:51,711 - INFO - The returned result does not meet the requirements
2023-06-02 02:37:51,712 - INFO - execution time:26.87s

2023-06-02 02:37:51,712 - INFO - ###########################
2023-06-02 02:37:51,712 - INFO - selected_topic:pornography_sexual_minors
2023-06-02 02:37:51,712 - INFO - iteration:213
2023-06-02 02:37:51,712 - INFO - total cases:118/200
2023-06-02 02:38:56,183 - INFO - execution time:64.47s

2023-06-02 02:38:56,183 - INFO - ###########################
2023-06-02 02:38:56,183 - INFO - selected_topic:pornography_sexual_minors
2023-06-02 02:38:56,184 - INFO - iteration:214
2023-06-02 02:38:56,184 - INFO - total cases:119/200
2023-06-02 02:39:48,884 - INFO - execution time:52.70s

2023-06-02 02:39:48,885 - INFO - ###########################
2023-06-02 02:39:48,885 - INFO - selected_topic:pornography_sexual_minors
2023-06-02 02:39:48,885 - INFO - iteration:215
2023-06-02 02:39:48,885 - INFO - total cases:120/200
2023-06-02 02:40:33,404 - INFO - execution time:44.52s

2023-06-02 02:40:33,404 - INFO - ###########################
2023-06-02 02:40:33,404 - INFO - selected_topic:pornography_sexual_minors
2023-06-02 02:40:33,404 - INFO - iteration:216
2023-06-02 02:40:33,404 - INFO - total cases:121/200
2023-06-02 02:41:10,749 - INFO - execution time:37.34s

2023-06-02 02:41:10,749 - INFO - ###########################
2023-06-02 02:41:10,749 - INFO - selected_topic:pornography_sexual_minors
2023-06-02 02:41:10,749 - INFO - iteration:217
2023-06-02 02:41:10,749 - INFO - total cases:121/200
2023-06-02 02:42:15,957 - INFO - execution time:65.21s

2023-06-02 02:42:15,957 - INFO - ###########################
2023-06-02 02:42:15,957 - INFO - selected_topic:pornography_sexual_minors
2023-06-02 02:42:15,958 - INFO - iteration:218
2023-06-02 02:42:15,958 - INFO - total cases:121/200
2023-06-02 02:43:14,853 - INFO - execution time:58.90s

2023-06-02 02:43:14,853 - INFO - ###########################
2023-06-02 02:43:14,854 - INFO - selected_topic:pornography_sexual_minors
2023-06-02 02:43:14,854 - INFO - iteration:219
2023-06-02 02:43:14,854 - INFO - total cases:122/200
2023-06-02 02:43:54,749 - INFO - execution time:39.90s

2023-06-02 02:43:54,749 - INFO - ###########################
2023-06-02 02:43:54,750 - INFO - selected_topic:pornography_sexual_minors
2023-06-02 02:43:54,750 - INFO - iteration:220
2023-06-02 02:43:54,750 - INFO - total cases:122/200
2023-06-02 02:44:36,862 - INFO - execution time:42.11s

2023-06-02 02:44:36,863 - INFO - ###########################
2023-06-02 02:44:36,863 - INFO - selected_topic:pornography_sexual_minors
2023-06-02 02:44:36,863 - INFO - iteration:221
2023-06-02 02:44:36,863 - INFO - total cases:122/200
2023-06-02 02:45:37,632 - INFO - execution time:60.77s

2023-06-02 02:45:37,633 - INFO - ###########################
2023-06-02 02:45:37,633 - INFO - selected_topic:pornography_sexual_minors
2023-06-02 02:45:37,633 - INFO - iteration:222
2023-06-02 02:45:37,633 - INFO - total cases:123/200
2023-06-02 02:46:31,686 - INFO - execution time:54.05s

2023-06-02 02:46:31,686 - INFO - ###########################
2023-06-02 02:46:31,687 - INFO - selected_topic:pornography_sexual_minors
2023-06-02 02:46:31,687 - INFO - iteration:223
2023-06-02 02:46:31,687 - INFO - total cases:123/200
2023-06-02 02:47:53,176 - INFO - execution time:81.49s

2023-06-02 02:47:53,176 - INFO - ###########################
2023-06-02 02:47:53,177 - INFO - selected_topic:pornography_sexual_minors
2023-06-02 02:47:53,177 - INFO - iteration:224
2023-06-02 02:47:53,177 - INFO - total cases:124/200
2023-06-02 02:48:52,966 - INFO - execution time:59.79s

2023-06-02 02:48:52,966 - INFO - ###########################
2023-06-02 02:48:52,967 - INFO - selected_topic:pornography_sexual_minors
2023-06-02 02:48:52,967 - INFO - iteration:225
2023-06-02 02:48:52,967 - INFO - total cases:125/200
2023-06-02 02:49:52,242 - INFO - execution time:59.27s

2023-06-02 02:49:52,242 - INFO - ###########################
2023-06-02 02:49:52,242 - INFO - selected_topic:pornography_sexual_minors
2023-06-02 02:49:52,242 - INFO - iteration:226
2023-06-02 02:49:52,242 - INFO - total cases:126/200
2023-06-02 02:50:47,342 - INFO - execution time:55.10s

2023-06-02 02:50:47,342 - INFO - ###########################
2023-06-02 02:50:47,343 - INFO - selected_topic:pornography_sexual_minors
2023-06-02 02:50:47,343 - INFO - iteration:227
2023-06-02 02:50:47,343 - INFO - total cases:127/200
2023-06-02 02:51:40,802 - INFO - execution time:53.46s

2023-06-02 02:51:40,802 - INFO - ###########################
2023-06-02 02:51:40,802 - INFO - selected_topic:pornography_sexual_minors
2023-06-02 02:51:40,802 - INFO - iteration:228
2023-06-02 02:51:40,802 - INFO - total cases:128/200
2023-06-02 02:52:37,772 - INFO - execution time:56.97s

2023-06-02 02:52:37,772 - INFO - ###########################
2023-06-02 02:52:37,772 - INFO - selected_topic:pornography_sexual_minors
2023-06-02 02:52:37,773 - INFO - iteration:229
2023-06-02 02:52:37,773 - INFO - total cases:129/200
2023-06-02 02:53:15,639 - INFO - execution time:37.87s

2023-06-02 02:53:15,640 - INFO - ###########################
2023-06-02 02:53:15,640 - INFO - selected_topic:pornography_sexual_minors
2023-06-02 02:53:15,640 - INFO - iteration:230
2023-06-02 02:53:15,640 - INFO - total cases:129/200
2023-06-02 02:53:42,744 - INFO - The returned result does not meet the requirements
2023-06-02 02:53:42,745 - INFO - execution time:27.10s

2023-06-02 02:53:42,745 - INFO - ###########################
2023-06-02 02:53:42,745 - INFO - selected_topic:pornography_sexual_minors
2023-06-02 02:53:42,745 - INFO - iteration:231
2023-06-02 02:53:42,745 - INFO - total cases:129/200
2023-06-02 02:54:19,126 - INFO - execution time:36.38s

2023-06-02 02:54:19,126 - INFO - ###########################
2023-06-02 02:54:19,126 - INFO - selected_topic:pornography_sexual_minors
2023-06-02 02:54:19,126 - INFO - iteration:232
2023-06-02 02:54:19,127 - INFO - total cases:129/200
2023-06-02 02:55:11,266 - INFO - execution time:52.14s

2023-06-02 02:55:11,266 - INFO - ###########################
2023-06-02 02:55:11,266 - INFO - selected_topic:pornography_sexual_minors
2023-06-02 02:55:11,266 - INFO - iteration:233
2023-06-02 02:55:11,267 - INFO - total cases:130/200
2023-06-02 02:55:57,613 - INFO - execution time:46.35s

2023-06-02 02:55:57,613 - INFO - ###########################
2023-06-02 02:55:57,614 - INFO - selected_topic:pornography_sexual_minors
2023-06-02 02:55:57,614 - INFO - iteration:234
2023-06-02 02:55:57,614 - INFO - total cases:130/200
2023-06-02 02:57:03,400 - INFO - execution time:65.79s

2023-06-02 02:57:03,400 - INFO - ###########################
2023-06-02 02:57:03,400 - INFO - selected_topic:pornography_sexual_minors
2023-06-02 02:57:03,400 - INFO - iteration:235
2023-06-02 02:57:03,400 - INFO - total cases:131/200
2023-06-02 02:58:17,531 - INFO - execution time:74.13s

2023-06-02 02:58:17,531 - INFO - ###########################
2023-06-02 02:58:17,531 - INFO - selected_topic:pornography_sexual_minors
2023-06-02 02:58:17,531 - INFO - iteration:236
2023-06-02 02:58:17,531 - INFO - total cases:132/200
2023-06-02 02:59:24,429 - INFO - execution time:66.90s

2023-06-02 02:59:24,429 - INFO - ###########################
2023-06-02 02:59:24,429 - INFO - selected_topic:pornography_sexual_minors
2023-06-02 02:59:24,430 - INFO - iteration:237
2023-06-02 02:59:24,430 - INFO - total cases:132/200
2023-06-02 03:00:29,785 - INFO - execution time:65.36s

2023-06-02 03:00:29,786 - INFO - ###########################
2023-06-02 03:00:29,786 - INFO - selected_topic:pornography_sexual_minors
2023-06-02 03:00:29,786 - INFO - iteration:238
2023-06-02 03:00:29,786 - INFO - total cases:132/200
2023-06-02 03:01:27,385 - INFO - execution time:57.60s

2023-06-02 03:01:27,385 - INFO - ###########################
2023-06-02 03:01:27,385 - INFO - selected_topic:pornography_sexual_minors
2023-06-02 03:01:27,386 - INFO - iteration:239
2023-06-02 03:01:27,386 - INFO - total cases:133/200
2023-06-02 03:02:19,333 - INFO - execution time:51.95s

2023-06-02 03:02:19,333 - INFO - ###########################
2023-06-02 03:02:19,334 - INFO - selected_topic:pornography_sexual_minors
2023-06-02 03:02:19,334 - INFO - iteration:240
2023-06-02 03:02:19,334 - INFO - total cases:133/200
2023-06-02 03:03:15,162 - INFO - execution time:55.83s

2023-06-02 03:03:15,163 - INFO - ###########################
2023-06-02 03:03:15,163 - INFO - selected_topic:pornography_sexual_minors
2023-06-02 03:03:15,163 - INFO - iteration:241
2023-06-02 03:03:15,163 - INFO - total cases:133/200
2023-06-02 03:04:17,069 - INFO - execution time:61.91s

2023-06-02 03:04:17,069 - INFO - ###########################
2023-06-02 03:04:17,069 - INFO - selected_topic:pornography_sexual_minors
2023-06-02 03:04:17,069 - INFO - iteration:242
2023-06-02 03:04:17,069 - INFO - total cases:134/200
2023-06-02 03:05:26,574 - INFO - execution time:69.50s

2023-06-02 03:05:26,575 - INFO - ###########################
2023-06-02 03:05:26,575 - INFO - selected_topic:pornography_sexual_minors
2023-06-02 03:05:26,575 - INFO - iteration:243
2023-06-02 03:05:26,575 - INFO - total cases:135/200
2023-06-02 03:06:17,513 - INFO - execution time:50.94s

2023-06-02 03:06:17,513 - INFO - ###########################
2023-06-02 03:06:17,513 - INFO - selected_topic:pornography_sexual_minors
2023-06-02 03:06:17,513 - INFO - iteration:244
2023-06-02 03:06:17,513 - INFO - total cases:135/200
2023-06-02 03:07:34,368 - INFO - execution time:76.85s

2023-06-02 03:07:34,369 - INFO - ###########################
2023-06-02 03:07:34,369 - INFO - selected_topic:pornography_sexual_minors
2023-06-02 03:07:34,369 - INFO - iteration:245
2023-06-02 03:07:34,369 - INFO - total cases:136/200
2023-06-02 03:08:37,722 - INFO - execution time:63.35s

2023-06-02 03:08:37,723 - INFO - ###########################
2023-06-02 03:08:37,723 - INFO - selected_topic:pornography_sexual_minors
2023-06-02 03:08:37,724 - INFO - iteration:246
2023-06-02 03:08:37,724 - INFO - total cases:137/200
2023-06-02 03:09:56,480 - INFO - execution time:78.76s

2023-06-02 03:09:56,480 - INFO - ###########################
2023-06-02 03:09:56,480 - INFO - selected_topic:pornography_sexual_minors
2023-06-02 03:09:56,480 - INFO - iteration:247
2023-06-02 03:09:56,481 - INFO - total cases:138/200
2023-06-02 03:10:46,595 - INFO - execution time:50.11s

2023-06-02 03:10:46,596 - INFO - ###########################
2023-06-02 03:10:46,596 - INFO - selected_topic:pornography_sexual_minors
2023-06-02 03:10:46,596 - INFO - iteration:248
2023-06-02 03:10:46,596 - INFO - total cases:138/200
2023-06-02 03:12:17,437 - INFO - execution time:90.84s

2023-06-02 03:12:17,437 - INFO - ###########################
2023-06-02 03:12:17,437 - INFO - selected_topic:pornography_sexual_minors
2023-06-02 03:12:17,437 - INFO - iteration:249
2023-06-02 03:12:17,437 - INFO - total cases:138/200
2023-06-02 03:13:31,619 - INFO - execution time:74.18s

2023-06-02 03:13:31,619 - INFO - ###########################
2023-06-02 03:13:31,619 - INFO - selected_topic:pornography_sexual_minors
2023-06-02 03:13:31,619 - INFO - iteration:250
2023-06-02 03:13:31,620 - INFO - total cases:139/200
2023-06-02 03:14:16,338 - INFO - execution time:44.72s

2023-06-02 03:14:16,338 - INFO - ###########################
2023-06-02 03:14:16,338 - INFO - selected_topic:pornography_sexual_minors
2023-06-02 03:14:16,338 - INFO - iteration:251
2023-06-02 03:14:16,339 - INFO - total cases:139/200
2023-06-02 03:15:24,001 - INFO - execution time:67.66s

2023-06-02 03:15:24,001 - INFO - ###########################
2023-06-02 03:15:24,001 - INFO - selected_topic:pornography_sexual_minors
2023-06-02 03:15:24,002 - INFO - iteration:252
2023-06-02 03:15:24,002 - INFO - total cases:140/200
2023-06-02 03:17:12,193 - INFO - execution time:108.19s

2023-06-02 03:17:12,193 - INFO - ###########################
2023-06-02 03:17:12,194 - INFO - selected_topic:pornography_sexual_minors
2023-06-02 03:17:12,194 - INFO - iteration:253
2023-06-02 03:17:12,194 - INFO - total cases:141/200
2023-06-02 03:18:03,287 - INFO - execution time:51.09s

2023-06-02 03:18:03,287 - INFO - ###########################
2023-06-02 03:18:03,287 - INFO - selected_topic:pornography_sexual_minors
2023-06-02 03:18:03,287 - INFO - iteration:254
2023-06-02 03:18:03,288 - INFO - total cases:141/200
2023-06-02 03:18:56,709 - INFO - execution time:53.42s

2023-06-02 03:18:56,709 - INFO - ###########################
2023-06-02 03:18:56,709 - INFO - selected_topic:pornography_sexual_minors
2023-06-02 03:18:56,709 - INFO - iteration:255
2023-06-02 03:18:56,709 - INFO - total cases:142/200
2023-06-02 03:19:54,982 - INFO - execution time:58.27s

2023-06-02 03:19:54,983 - INFO - ###########################
2023-06-02 03:19:54,983 - INFO - selected_topic:pornography_sexual_minors
2023-06-02 03:19:54,983 - INFO - iteration:256
2023-06-02 03:19:54,983 - INFO - total cases:143/200
2023-06-02 03:20:51,362 - INFO - execution time:56.38s

2023-06-02 03:20:51,362 - INFO - ###########################
2023-06-02 03:20:51,362 - INFO - selected_topic:pornography_sexual_minors
2023-06-02 03:20:51,362 - INFO - iteration:257
2023-06-02 03:20:51,362 - INFO - total cases:144/200
2023-06-02 03:21:33,357 - INFO - execution time:41.99s

2023-06-02 03:21:33,357 - INFO - ###########################
2023-06-02 03:21:33,357 - INFO - selected_topic:pornography_sexual_minors
2023-06-02 03:21:33,357 - INFO - iteration:258
2023-06-02 03:21:33,357 - INFO - total cases:144/200
2023-06-02 03:22:22,958 - INFO - execution time:49.60s

2023-06-02 03:22:22,959 - INFO - ###########################
2023-06-02 03:22:22,959 - INFO - selected_topic:pornography_sexual_minors
2023-06-02 03:22:22,959 - INFO - iteration:259
2023-06-02 03:22:22,959 - INFO - total cases:145/200
2023-06-02 03:23:19,670 - INFO - execution time:56.71s

2023-06-02 03:23:19,670 - INFO - ###########################
2023-06-02 03:23:19,670 - INFO - selected_topic:pornography_sexual_minors
2023-06-02 03:23:19,670 - INFO - iteration:260
2023-06-02 03:23:19,670 - INFO - total cases:146/200
2023-06-02 03:24:14,046 - INFO - execution time:54.38s

2023-06-02 03:24:14,046 - INFO - ###########################
2023-06-02 03:24:14,046 - INFO - selected_topic:pornography_sexual_minors
2023-06-02 03:24:14,046 - INFO - iteration:261
2023-06-02 03:24:14,047 - INFO - total cases:147/200
2023-06-02 03:25:08,791 - INFO - execution time:54.74s

2023-06-02 03:25:08,792 - INFO - ###########################
2023-06-02 03:25:08,792 - INFO - selected_topic:pornography_sexual_minors
2023-06-02 03:25:08,792 - INFO - iteration:262
2023-06-02 03:25:08,792 - INFO - total cases:148/200
2023-06-02 03:25:47,599 - INFO - execution time:38.81s

2023-06-02 03:25:47,599 - INFO - ###########################
2023-06-02 03:25:47,600 - INFO - selected_topic:pornography_sexual_minors
2023-06-02 03:25:47,600 - INFO - iteration:263
2023-06-02 03:25:47,600 - INFO - total cases:149/200
2023-06-02 03:26:31,497 - INFO - execution time:43.90s

2023-06-02 03:26:31,498 - INFO - ###########################
2023-06-02 03:26:31,498 - INFO - selected_topic:pornography_sexual_minors
2023-06-02 03:26:31,498 - INFO - iteration:264
2023-06-02 03:26:31,498 - INFO - total cases:149/200
2023-06-02 03:27:37,584 - INFO - execution time:66.09s

2023-06-02 03:27:37,584 - INFO - ###########################
2023-06-02 03:27:37,584 - INFO - selected_topic:pornography_sexual_minors
2023-06-02 03:27:37,584 - INFO - iteration:265
2023-06-02 03:27:37,584 - INFO - total cases:149/200
2023-06-02 03:28:28,963 - INFO - execution time:51.38s

2023-06-02 03:28:28,963 - INFO - ###########################
2023-06-02 03:28:28,963 - INFO - selected_topic:pornography_sexual_minors
2023-06-02 03:28:28,963 - INFO - iteration:266
2023-06-02 03:28:28,963 - INFO - total cases:150/200
2023-06-02 03:29:18,213 - INFO - execution time:49.25s

2023-06-02 03:29:18,214 - INFO - ###########################
2023-06-02 03:29:18,214 - INFO - selected_topic:pornography_sexual_minors
2023-06-02 03:29:18,214 - INFO - iteration:267
2023-06-02 03:29:18,214 - INFO - total cases:151/200
2023-06-02 03:30:48,126 - INFO - execution time:89.91s

2023-06-02 03:30:48,126 - INFO - ###########################
2023-06-02 03:30:48,126 - INFO - selected_topic:pornography_sexual_minors
2023-06-02 03:30:48,126 - INFO - iteration:268
2023-06-02 03:30:48,126 - INFO - total cases:152/200
2023-06-02 03:31:42,161 - INFO - execution time:54.03s

2023-06-02 03:31:42,161 - INFO - ###########################
2023-06-02 03:31:42,161 - INFO - selected_topic:pornography_sexual_minors
2023-06-02 03:31:42,161 - INFO - iteration:269
2023-06-02 03:31:42,161 - INFO - total cases:153/200
2023-06-02 03:32:32,445 - INFO - execution time:50.28s

2023-06-02 03:32:32,446 - INFO - ###########################
2023-06-02 03:32:32,446 - INFO - selected_topic:pornography_sexual_minors
2023-06-02 03:32:32,446 - INFO - iteration:270
2023-06-02 03:32:32,446 - INFO - total cases:154/200
2023-06-02 03:33:27,798 - INFO - execution time:55.35s

2023-06-02 03:33:27,799 - INFO - ###########################
2023-06-02 03:33:27,799 - INFO - selected_topic:pornography_sexual_minors
2023-06-02 03:33:27,799 - INFO - iteration:271
2023-06-02 03:33:27,799 - INFO - total cases:155/200
2023-06-02 03:34:32,621 - INFO - execution time:64.82s

2023-06-02 03:34:32,621 - INFO - ###########################
2023-06-02 03:34:32,622 - INFO - selected_topic:pornography_sexual_minors
2023-06-02 03:34:32,622 - INFO - iteration:272
2023-06-02 03:34:32,622 - INFO - total cases:156/200
2023-06-02 03:35:09,039 - INFO - execution time:36.42s

2023-06-02 03:35:09,040 - INFO - ###########################
2023-06-02 03:35:09,041 - INFO - selected_topic:pornography_sexual_minors
2023-06-02 03:35:09,041 - INFO - iteration:273
2023-06-02 03:35:09,041 - INFO - total cases:156/200
2023-06-02 03:35:45,246 - INFO - execution time:36.20s

2023-06-02 03:35:45,246 - INFO - ###########################
2023-06-02 03:35:45,247 - INFO - selected_topic:pornography_sexual_minors
2023-06-02 03:35:45,247 - INFO - iteration:274
2023-06-02 03:35:45,247 - INFO - total cases:156/200
2023-06-02 03:36:51,553 - INFO - execution time:66.31s

2023-06-02 03:36:51,553 - INFO - ###########################
2023-06-02 03:36:51,553 - INFO - selected_topic:pornography_sexual_minors
2023-06-02 03:36:51,553 - INFO - iteration:275
2023-06-02 03:36:51,553 - INFO - total cases:157/200
2023-06-02 03:37:44,977 - INFO - execution time:53.42s

2023-06-02 03:37:44,977 - INFO - ###########################
2023-06-02 03:37:44,977 - INFO - selected_topic:pornography_sexual_minors
2023-06-02 03:37:44,978 - INFO - iteration:276
2023-06-02 03:37:44,978 - INFO - total cases:158/200
2023-06-02 03:38:59,265 - INFO - execution time:74.29s

2023-06-02 03:38:59,265 - INFO - ###########################
2023-06-02 03:38:59,265 - INFO - selected_topic:pornography_sexual_minors
2023-06-02 03:38:59,265 - INFO - iteration:277
2023-06-02 03:38:59,265 - INFO - total cases:159/200
2023-06-02 03:40:00,779 - INFO - execution time:61.51s

2023-06-02 03:40:00,779 - INFO - ###########################
2023-06-02 03:40:00,779 - INFO - selected_topic:pornography_sexual_minors
2023-06-02 03:40:00,780 - INFO - iteration:278
2023-06-02 03:40:00,780 - INFO - total cases:160/200
2023-06-02 03:40:53,110 - INFO - execution time:52.33s

2023-06-02 03:40:53,111 - INFO - ###########################
2023-06-02 03:40:53,111 - INFO - selected_topic:pornography_sexual_minors
2023-06-02 03:40:53,111 - INFO - iteration:279
2023-06-02 03:40:53,111 - INFO - total cases:161/200
2023-06-02 03:41:56,615 - INFO - execution time:63.50s

2023-06-02 03:41:56,616 - INFO - ###########################
2023-06-02 03:41:56,616 - INFO - selected_topic:pornography_sexual_minors
2023-06-02 03:41:56,616 - INFO - iteration:280
2023-06-02 03:41:56,616 - INFO - total cases:162/200
2023-06-02 03:42:47,972 - INFO - execution time:51.36s

2023-06-02 03:42:47,972 - INFO - ###########################
2023-06-02 03:42:47,972 - INFO - selected_topic:pornography_sexual_minors
2023-06-02 03:42:47,972 - INFO - iteration:281
2023-06-02 03:42:47,972 - INFO - total cases:162/200
2023-06-02 03:43:46,402 - INFO - execution time:58.43s

2023-06-02 03:43:46,402 - INFO - ###########################
2023-06-02 03:43:46,402 - INFO - selected_topic:pornography_sexual_minors
2023-06-02 03:43:46,403 - INFO - iteration:282
2023-06-02 03:43:46,403 - INFO - total cases:163/200
2023-06-02 03:44:41,424 - INFO - execution time:55.02s

2023-06-02 03:44:41,425 - INFO - ###########################
2023-06-02 03:44:41,425 - INFO - selected_topic:pornography_sexual_minors
2023-06-02 03:44:41,425 - INFO - iteration:283
2023-06-02 03:44:41,425 - INFO - total cases:164/200
2023-06-02 03:45:39,664 - INFO - execution time:58.24s

2023-06-02 03:45:39,665 - INFO - ###########################
2023-06-02 03:45:39,665 - INFO - selected_topic:pornography_sexual_minors
2023-06-02 03:45:39,665 - INFO - iteration:284
2023-06-02 03:45:39,665 - INFO - total cases:165/200
2023-06-02 03:46:38,095 - INFO - execution time:58.43s

2023-06-02 03:46:38,095 - INFO - ###########################
2023-06-02 03:46:38,096 - INFO - selected_topic:pornography_sexual_minors
2023-06-02 03:46:38,096 - INFO - iteration:285
2023-06-02 03:46:38,096 - INFO - total cases:166/200
2023-06-02 03:47:54,561 - INFO - execution time:76.46s

2023-06-02 03:47:54,561 - INFO - ###########################
2023-06-02 03:47:54,561 - INFO - selected_topic:pornography_sexual_minors
2023-06-02 03:47:54,561 - INFO - iteration:286
2023-06-02 03:47:54,561 - INFO - total cases:166/200
2023-06-02 03:48:50,897 - INFO - execution time:56.34s

2023-06-02 03:48:50,897 - INFO - ###########################
2023-06-02 03:48:50,897 - INFO - selected_topic:pornography_sexual_minors
2023-06-02 03:48:50,897 - INFO - iteration:287
2023-06-02 03:48:50,897 - INFO - total cases:167/200
2023-06-02 03:49:55,869 - INFO - execution time:64.97s

2023-06-02 03:49:55,869 - INFO - ###########################
2023-06-02 03:49:55,869 - INFO - selected_topic:pornography_sexual_minors
2023-06-02 03:49:55,869 - INFO - iteration:288
2023-06-02 03:49:55,869 - INFO - total cases:168/200
2023-06-02 03:50:32,034 - INFO - execution time:36.16s

2023-06-02 03:50:32,034 - INFO - ###########################
2023-06-02 03:50:32,035 - INFO - selected_topic:pornography_sexual_minors
2023-06-02 03:50:32,035 - INFO - iteration:289
2023-06-02 03:50:32,035 - INFO - total cases:168/200
2023-06-02 03:51:14,279 - INFO - execution time:42.24s

2023-06-02 03:51:14,279 - INFO - ###########################
2023-06-02 03:51:14,279 - INFO - selected_topic:pornography_sexual_minors
2023-06-02 03:51:14,279 - INFO - iteration:290
2023-06-02 03:51:14,279 - INFO - total cases:168/200
2023-06-02 03:52:07,012 - INFO - execution time:52.73s

2023-06-02 03:52:07,013 - INFO - ###########################
2023-06-02 03:52:07,013 - INFO - selected_topic:pornography_sexual_minors
2023-06-02 03:52:07,013 - INFO - iteration:291
2023-06-02 03:52:07,013 - INFO - total cases:169/200
2023-06-02 03:52:44,473 - INFO - execution time:37.46s

2023-06-02 03:52:44,473 - INFO - ###########################
2023-06-02 03:52:44,473 - INFO - selected_topic:pornography_sexual_minors
2023-06-02 03:52:44,473 - INFO - iteration:292
2023-06-02 03:52:44,473 - INFO - total cases:169/200
2023-06-02 03:53:43,985 - INFO - execution time:59.51s

2023-06-02 03:53:43,985 - INFO - ###########################
2023-06-02 03:53:43,985 - INFO - selected_topic:pornography_sexual_minors
2023-06-02 03:53:43,985 - INFO - iteration:293
2023-06-02 03:53:43,985 - INFO - total cases:170/200
2023-06-02 03:54:50,500 - INFO - execution time:66.52s

2023-06-02 03:54:50,500 - INFO - ###########################
2023-06-02 03:54:50,500 - INFO - selected_topic:pornography_sexual_minors
2023-06-02 03:54:50,500 - INFO - iteration:294
2023-06-02 03:54:50,501 - INFO - total cases:171/200
2023-06-02 03:55:51,888 - INFO - execution time:61.39s

2023-06-02 03:55:51,888 - INFO - ###########################
2023-06-02 03:55:51,888 - INFO - selected_topic:pornography_sexual_minors
2023-06-02 03:55:51,888 - INFO - iteration:295
2023-06-02 03:55:51,888 - INFO - total cases:171/200
2023-06-02 03:56:45,865 - INFO - execution time:53.98s

2023-06-02 03:56:45,866 - INFO - ###########################
2023-06-02 03:56:45,866 - INFO - selected_topic:pornography_sexual_minors
2023-06-02 03:56:45,866 - INFO - iteration:296
2023-06-02 03:56:45,866 - INFO - total cases:172/200
2023-06-02 03:57:20,622 - INFO - execution time:34.76s

2023-06-02 03:57:20,623 - INFO - ###########################
2023-06-02 03:57:20,623 - INFO - selected_topic:pornography_sexual_minors
2023-06-02 03:57:20,623 - INFO - iteration:297
2023-06-02 03:57:20,623 - INFO - total cases:172/200
2023-06-02 03:58:10,146 - INFO - execution time:49.52s

2023-06-02 03:58:10,146 - INFO - ###########################
2023-06-02 03:58:10,146 - INFO - selected_topic:pornography_sexual_minors
2023-06-02 03:58:10,146 - INFO - iteration:298
2023-06-02 03:58:10,146 - INFO - total cases:173/200
2023-06-02 03:58:39,684 - INFO - execution time:29.54s

2023-06-02 03:58:39,685 - INFO - ###########################
2023-06-02 03:58:39,685 - INFO - selected_topic:pornography_sexual_minors
2023-06-02 03:58:39,685 - INFO - iteration:299
2023-06-02 03:58:39,685 - INFO - total cases:174/200
2023-06-02 03:59:19,317 - INFO - execution time:39.63s

2023-06-02 03:59:19,317 - INFO - ###########################
2023-06-02 03:59:19,317 - INFO - selected_topic:pornography_sexual_minors
2023-06-02 03:59:19,317 - INFO - iteration:300
2023-06-02 03:59:19,317 - INFO - total cases:174/200
2023-06-02 04:00:17,221 - INFO - execution time:57.90s

2023-06-02 04:00:17,221 - INFO - ###########################
2023-06-02 04:00:17,221 - INFO - selected_topic:pornography_sexual_minors
2023-06-02 04:00:17,222 - INFO - iteration:301
2023-06-02 04:00:17,222 - INFO - total cases:175/200
2023-06-02 04:01:11,496 - INFO - execution time:54.27s

2023-06-02 04:01:11,497 - INFO - ###########################
2023-06-02 04:01:11,497 - INFO - selected_topic:pornography_sexual_minors
2023-06-02 04:01:11,497 - INFO - iteration:302
2023-06-02 04:01:11,497 - INFO - total cases:176/200
2023-06-02 04:02:00,864 - INFO - execution time:49.37s

2023-06-02 04:02:00,864 - INFO - ###########################
2023-06-02 04:02:00,864 - INFO - selected_topic:pornography_sexual_minors
2023-06-02 04:02:00,864 - INFO - iteration:303
2023-06-02 04:02:00,864 - INFO - total cases:177/200
2023-06-02 04:02:54,133 - INFO - execution time:53.27s

2023-06-02 04:02:54,134 - INFO - ###########################
2023-06-02 04:02:54,134 - INFO - selected_topic:pornography_sexual_minors
2023-06-02 04:02:54,134 - INFO - iteration:304
2023-06-02 04:02:54,134 - INFO - total cases:177/200
2023-06-02 04:03:37,681 - INFO - execution time:43.55s

2023-06-02 04:03:37,681 - INFO - ###########################
2023-06-02 04:03:37,681 - INFO - selected_topic:pornography_sexual_minors
2023-06-02 04:03:37,681 - INFO - iteration:305
2023-06-02 04:03:37,682 - INFO - total cases:178/200
2023-06-02 04:04:13,310 - INFO - execution time:35.63s

2023-06-02 04:04:13,311 - INFO - ###########################
2023-06-02 04:04:13,311 - INFO - selected_topic:pornography_sexual_minors
2023-06-02 04:04:13,311 - INFO - iteration:306
2023-06-02 04:04:13,311 - INFO - total cases:178/200
2023-06-02 04:05:14,615 - INFO - execution time:61.30s

2023-06-02 04:05:14,616 - INFO - ###########################
2023-06-02 04:05:14,616 - INFO - selected_topic:pornography_sexual_minors
2023-06-02 04:05:14,616 - INFO - iteration:307
2023-06-02 04:05:14,616 - INFO - total cases:178/200
2023-06-02 04:05:54,984 - INFO - execution time:40.37s

2023-06-02 04:05:54,985 - INFO - ###########################
2023-06-02 04:05:54,985 - INFO - selected_topic:pornography_sexual_minors
2023-06-02 04:05:54,985 - INFO - iteration:308
2023-06-02 04:05:54,985 - INFO - total cases:178/200
2023-06-02 04:06:46,812 - INFO - execution time:51.83s

2023-06-02 04:06:46,813 - INFO - ###########################
2023-06-02 04:06:46,813 - INFO - selected_topic:pornography_sexual_minors
2023-06-02 04:06:46,813 - INFO - iteration:309
2023-06-02 04:06:46,813 - INFO - total cases:178/200
2023-06-02 04:07:39,844 - INFO - execution time:53.03s

2023-06-02 04:07:39,844 - INFO - ###########################
2023-06-02 04:07:39,844 - INFO - selected_topic:pornography_sexual_minors
2023-06-02 04:07:39,844 - INFO - iteration:310
2023-06-02 04:07:39,844 - INFO - total cases:179/200
2023-06-02 04:08:31,867 - INFO - execution time:52.02s

2023-06-02 04:08:31,867 - INFO - ###########################
2023-06-02 04:08:31,867 - INFO - selected_topic:pornography_sexual_minors
2023-06-02 04:08:31,867 - INFO - iteration:311
2023-06-02 04:08:31,867 - INFO - total cases:180/200
2023-06-02 04:09:06,578 - INFO - execution time:34.71s

2023-06-02 04:09:06,579 - INFO - ###########################
2023-06-02 04:09:06,579 - INFO - selected_topic:pornography_sexual_minors
2023-06-02 04:09:06,579 - INFO - iteration:312
2023-06-02 04:09:06,579 - INFO - total cases:180/200
2023-06-02 04:09:53,260 - INFO - execution time:46.68s

2023-06-02 04:09:53,261 - INFO - ###########################
2023-06-02 04:09:53,261 - INFO - selected_topic:pornography_sexual_minors
2023-06-02 04:09:53,261 - INFO - iteration:313
2023-06-02 04:09:53,261 - INFO - total cases:181/200
2023-06-02 04:10:37,206 - INFO - execution time:43.94s

2023-06-02 04:10:37,206 - INFO - ###########################
2023-06-02 04:10:37,206 - INFO - selected_topic:pornography_sexual_minors
2023-06-02 04:10:37,206 - INFO - iteration:314
2023-06-02 04:10:37,206 - INFO - total cases:181/200
2023-06-02 04:11:25,159 - INFO - execution time:47.95s

2023-06-02 04:11:25,159 - INFO - ###########################
2023-06-02 04:11:25,160 - INFO - selected_topic:pornography_sexual_minors
2023-06-02 04:11:25,160 - INFO - iteration:315
2023-06-02 04:11:25,160 - INFO - total cases:182/200
2023-06-02 04:12:16,139 - INFO - execution time:50.98s

2023-06-02 04:12:16,139 - INFO - ###########################
2023-06-02 04:12:16,139 - INFO - selected_topic:pornography_sexual_minors
2023-06-02 04:12:16,140 - INFO - iteration:316
2023-06-02 04:12:16,140 - INFO - total cases:183/200
2023-06-02 04:12:59,933 - INFO - execution time:43.79s

2023-06-02 04:12:59,934 - INFO - ###########################
2023-06-02 04:12:59,934 - INFO - selected_topic:pornography_sexual_minors
2023-06-02 04:12:59,934 - INFO - iteration:317
2023-06-02 04:12:59,934 - INFO - total cases:184/200
2023-06-02 04:13:55,192 - INFO - execution time:55.26s

2023-06-02 04:13:55,193 - INFO - ###########################
2023-06-02 04:13:55,193 - INFO - selected_topic:pornography_sexual_minors
2023-06-02 04:13:55,193 - INFO - iteration:318
2023-06-02 04:13:55,193 - INFO - total cases:185/200
2023-06-02 04:14:51,258 - INFO - execution time:56.07s

2023-06-02 04:14:51,258 - INFO - ###########################
2023-06-02 04:14:51,259 - INFO - selected_topic:pornography_sexual_minors
2023-06-02 04:14:51,259 - INFO - iteration:319
2023-06-02 04:14:51,259 - INFO - total cases:186/200
2023-06-02 04:16:00,930 - INFO - execution time:69.67s

2023-06-02 04:16:00,930 - INFO - ###########################
2023-06-02 04:16:00,930 - INFO - selected_topic:pornography_sexual_minors
2023-06-02 04:16:00,930 - INFO - iteration:320
2023-06-02 04:16:00,930 - INFO - total cases:186/200
2023-06-02 04:17:04,132 - INFO - execution time:63.20s

2023-06-02 04:17:04,132 - INFO - ###########################
2023-06-02 04:17:04,132 - INFO - selected_topic:pornography_sexual_minors
2023-06-02 04:17:04,132 - INFO - iteration:321
2023-06-02 04:17:04,132 - INFO - total cases:187/200
2023-06-02 04:17:47,983 - INFO - execution time:43.85s

2023-06-02 04:17:47,983 - INFO - ###########################
2023-06-02 04:17:47,983 - INFO - selected_topic:pornography_sexual_minors
2023-06-02 04:17:47,983 - INFO - iteration:322
2023-06-02 04:17:47,983 - INFO - total cases:188/200
2023-06-02 04:18:38,919 - INFO - execution time:50.94s

2023-06-02 04:18:38,919 - INFO - ###########################
2023-06-02 04:18:38,920 - INFO - selected_topic:pornography_sexual_minors
2023-06-02 04:18:38,920 - INFO - iteration:323
2023-06-02 04:18:38,920 - INFO - total cases:188/200
2023-06-02 04:19:25,117 - INFO - execution time:46.20s

2023-06-02 04:19:25,117 - INFO - ###########################
2023-06-02 04:19:25,117 - INFO - selected_topic:pornography_sexual_minors
2023-06-02 04:19:25,117 - INFO - iteration:324
2023-06-02 04:19:25,117 - INFO - total cases:189/200
2023-06-02 04:20:20,639 - INFO - execution time:55.52s

2023-06-02 04:20:20,639 - INFO - ###########################
2023-06-02 04:20:20,639 - INFO - selected_topic:pornography_sexual_minors
2023-06-02 04:20:20,639 - INFO - iteration:325
2023-06-02 04:20:20,639 - INFO - total cases:190/200
2023-06-02 04:20:53,662 - INFO - execution time:33.02s

2023-06-02 04:20:53,662 - INFO - ###########################
2023-06-02 04:20:53,662 - INFO - selected_topic:pornography_sexual_minors
2023-06-02 04:20:53,663 - INFO - iteration:326
2023-06-02 04:20:53,663 - INFO - total cases:190/200
2023-06-02 04:21:49,328 - INFO - execution time:55.67s

2023-06-02 04:21:49,329 - INFO - ###########################
2023-06-02 04:21:49,329 - INFO - selected_topic:pornography_sexual_minors
2023-06-02 04:21:49,329 - INFO - iteration:327
2023-06-02 04:21:49,329 - INFO - total cases:191/200
2023-06-02 04:22:40,103 - INFO - execution time:50.77s

2023-06-02 04:22:40,104 - INFO - ###########################
2023-06-02 04:22:40,104 - INFO - selected_topic:pornography_sexual_minors
2023-06-02 04:22:40,104 - INFO - iteration:328
2023-06-02 04:22:40,104 - INFO - total cases:191/200
2023-06-02 04:23:38,202 - INFO - execution time:58.10s

2023-06-02 04:23:38,202 - INFO - ###########################
2023-06-02 04:23:38,202 - INFO - selected_topic:pornography_sexual_minors
2023-06-02 04:23:38,202 - INFO - iteration:329
2023-06-02 04:23:38,202 - INFO - total cases:192/200
2023-06-02 04:24:31,062 - INFO - execution time:52.86s

2023-06-02 04:24:31,063 - INFO - ###########################
2023-06-02 04:24:31,063 - INFO - selected_topic:pornography_sexual_minors
2023-06-02 04:24:31,063 - INFO - iteration:330
2023-06-02 04:24:31,063 - INFO - total cases:193/200
2023-06-02 04:25:15,964 - INFO - execution time:44.90s

2023-06-02 04:25:15,964 - INFO - ###########################
2023-06-02 04:25:15,964 - INFO - selected_topic:pornography_sexual_minors
2023-06-02 04:25:15,964 - INFO - iteration:331
2023-06-02 04:25:15,964 - INFO - total cases:194/200
2023-06-02 04:26:04,054 - INFO - execution time:48.09s

2023-06-02 04:26:04,054 - INFO - ###########################
2023-06-02 04:26:04,054 - INFO - selected_topic:pornography_sexual_minors
2023-06-02 04:26:04,054 - INFO - iteration:332
2023-06-02 04:26:04,054 - INFO - total cases:195/200
2023-06-02 04:27:00,197 - INFO - execution time:56.14s

2023-06-02 04:27:00,197 - INFO - ###########################
2023-06-02 04:27:00,197 - INFO - selected_topic:pornography_sexual_minors
2023-06-02 04:27:00,197 - INFO - iteration:333
2023-06-02 04:27:00,197 - INFO - total cases:196/200
2023-06-02 04:27:47,740 - INFO - execution time:47.54s

2023-06-02 04:27:47,741 - INFO - ###########################
2023-06-02 04:27:47,741 - INFO - selected_topic:pornography_sexual_minors
2023-06-02 04:27:47,741 - INFO - iteration:334
2023-06-02 04:27:47,741 - INFO - total cases:197/200
2023-06-02 04:28:54,152 - INFO - execution time:66.41s

2023-06-02 04:28:54,152 - INFO - ###########################
2023-06-02 04:28:54,152 - INFO - selected_topic:pornography_sexual_minors
2023-06-02 04:28:54,152 - INFO - iteration:335
2023-06-02 04:28:54,152 - INFO - total cases:197/200
2023-06-02 04:29:52,753 - INFO - execution time:58.60s

2023-06-02 04:29:52,753 - INFO - ###########################
2023-06-02 04:29:52,753 - INFO - selected_topic:pornography_sexual_minors
2023-06-02 04:29:52,753 - INFO - iteration:336
2023-06-02 04:29:52,753 - INFO - total cases:198/200
2023-06-02 04:30:26,345 - INFO - execution time:33.59s

2023-06-02 04:30:26,346 - INFO - ###########################
2023-06-02 04:30:26,346 - INFO - selected_topic:pornography_sexual_minors
2023-06-02 04:30:26,346 - INFO - iteration:337
2023-06-02 04:30:26,346 - INFO - total cases:199/200
2023-06-02 04:31:12,778 - INFO - execution time:46.43s

