2023-05-18 05:21:43,070 - INFO - ###########################
2023-05-18 05:21:43,070 - INFO - selected_topic:religion
2023-05-18 05:21:43,070 - INFO - iteration:1
2023-05-18 05:21:43,070 - INFO - total cases:0/20
2023-05-18 05:22:36,870 - INFO - execution time:53.80s

2023-05-18 05:22:36,871 - INFO - ###########################
2023-05-18 05:22:36,871 - INFO - selected_topic:religion
2023-05-18 05:22:36,871 - INFO - iteration:2
2023-05-18 05:22:36,871 - INFO - total cases:1/20
2023-05-18 05:23:36,781 - INFO - execution time:59.91s

2023-05-18 05:23:36,781 - INFO - ###########################
2023-05-18 05:23:36,781 - INFO - selected_topic:religion
2023-05-18 05:23:36,781 - INFO - iteration:3
2023-05-18 05:23:36,781 - INFO - total cases:2/20
2023-05-18 05:24:35,597 - INFO - execution time:58.82s

2023-05-18 05:24:35,597 - INFO - ###########################
2023-05-18 05:24:35,597 - INFO - selected_topic:religion
2023-05-18 05:24:35,597 - INFO - iteration:4
2023-05-18 05:24:35,597 - INFO - total cases:3/20
2023-05-18 05:25:44,125 - INFO - execution time:68.53s

2023-05-18 05:25:44,126 - INFO - ###########################
2023-05-18 05:25:44,126 - INFO - selected_topic:religion
2023-05-18 05:25:44,126 - INFO - iteration:5
2023-05-18 05:25:44,126 - INFO - total cases:4/20
2023-05-18 05:26:39,023 - INFO - execution time:54.90s

2023-05-18 05:26:39,023 - INFO - ###########################
2023-05-18 05:26:39,023 - INFO - selected_topic:religion
2023-05-18 05:26:39,023 - INFO - iteration:6
2023-05-18 05:26:39,023 - INFO - total cases:5/20
2023-05-18 05:27:29,656 - INFO - execution time:50.63s

2023-05-18 05:27:29,656 - INFO - ###########################
2023-05-18 05:27:29,656 - INFO - selected_topic:religion
2023-05-18 05:27:29,656 - INFO - iteration:7
2023-05-18 05:27:29,656 - INFO - total cases:6/20
2023-05-18 05:28:25,735 - INFO - execution time:56.08s

2023-05-18 05:28:25,736 - INFO - ###########################
2023-05-18 05:28:25,736 - INFO - selected_topic:religion
2023-05-18 05:28:25,736 - INFO - iteration:8
2023-05-18 05:28:25,736 - INFO - total cases:6/20
2023-05-18 05:29:28,350 - INFO - execution time:62.61s

2023-05-18 05:29:28,351 - INFO - ###########################
2023-05-18 05:29:28,351 - INFO - selected_topic:religion
2023-05-18 05:29:28,352 - INFO - iteration:9
2023-05-18 05:29:28,352 - INFO - total cases:7/20
2023-05-18 05:30:29,088 - INFO - execution time:60.74s

2023-05-18 05:30:29,089 - INFO - ###########################
2023-05-18 05:30:29,089 - INFO - selected_topic:religion
2023-05-18 05:30:29,089 - INFO - iteration:10
2023-05-18 05:30:29,089 - INFO - total cases:8/20
2023-05-18 05:31:13,947 - INFO - execution time:44.86s

2023-05-18 05:31:13,947 - INFO - ###########################
2023-05-18 05:31:13,947 - INFO - selected_topic:religion
2023-05-18 05:31:13,948 - INFO - iteration:11
2023-05-18 05:31:13,948 - INFO - total cases:8/20
2023-05-18 05:32:12,122 - INFO - execution time:58.17s

2023-05-18 05:32:12,122 - INFO - ###########################
2023-05-18 05:32:12,123 - INFO - selected_topic:religion
2023-05-18 05:32:12,123 - INFO - iteration:12
2023-05-18 05:32:12,123 - INFO - total cases:8/20
2023-05-18 05:33:16,173 - INFO - execution time:64.05s

2023-05-18 05:33:16,173 - INFO - ###########################
2023-05-18 05:33:16,173 - INFO - selected_topic:religion
2023-05-18 05:33:16,173 - INFO - iteration:13
2023-05-18 05:33:16,173 - INFO - total cases:9/20
2023-05-18 05:34:14,843 - INFO - execution time:58.67s

2023-05-18 05:34:14,843 - INFO - ###########################
2023-05-18 05:34:14,844 - INFO - selected_topic:religion
2023-05-18 05:34:14,844 - INFO - iteration:14
2023-05-18 05:34:14,844 - INFO - total cases:10/20
2023-05-18 05:35:11,286 - INFO - execution time:56.44s

2023-05-18 05:35:11,286 - INFO - ###########################
2023-05-18 05:35:11,286 - INFO - selected_topic:religion
2023-05-18 05:35:11,286 - INFO - iteration:15
2023-05-18 05:35:11,287 - INFO - total cases:11/20
2023-05-18 05:36:08,187 - INFO - execution time:56.90s

2023-05-18 05:36:08,187 - INFO - ###########################
2023-05-18 05:36:08,188 - INFO - selected_topic:religion
2023-05-18 05:36:08,188 - INFO - iteration:16
2023-05-18 05:36:08,188 - INFO - total cases:12/20
2023-05-18 05:37:13,986 - INFO - execution time:65.80s

2023-05-18 05:37:13,987 - INFO - ###########################
2023-05-18 05:37:13,987 - INFO - selected_topic:religion
2023-05-18 05:37:13,987 - INFO - iteration:17
2023-05-18 05:37:13,987 - INFO - total cases:13/20
2023-05-18 05:38:22,926 - INFO - execution time:68.94s

2023-05-18 05:38:22,927 - INFO - ###########################
2023-05-18 05:38:22,927 - INFO - selected_topic:religion
2023-05-18 05:38:22,927 - INFO - iteration:18
2023-05-18 05:38:22,927 - INFO - total cases:14/20
2023-05-18 05:39:42,658 - INFO - execution time:79.73s

2023-05-18 05:39:42,659 - INFO - ###########################
2023-05-18 05:39:42,660 - INFO - selected_topic:religion
2023-05-18 05:39:42,660 - INFO - iteration:19
2023-05-18 05:39:42,660 - INFO - total cases:15/20
2023-05-18 05:40:34,158 - INFO - execution time:51.50s

2023-05-18 05:40:34,158 - INFO - ###########################
2023-05-18 05:40:34,158 - INFO - selected_topic:religion
2023-05-18 05:40:34,158 - INFO - iteration:20
2023-05-18 05:40:34,158 - INFO - total cases:16/20
2023-05-18 05:41:39,250 - INFO - execution time:65.09s

2023-05-18 05:41:39,250 - INFO - ###########################
2023-05-18 05:41:39,250 - INFO - selected_topic:religion
2023-05-18 05:41:39,250 - INFO - iteration:21
2023-05-18 05:41:39,250 - INFO - total cases:17/20
2023-05-18 05:42:47,398 - INFO - execution time:68.15s

2023-05-18 05:42:47,399 - INFO - ###########################
2023-05-18 05:42:47,399 - INFO - selected_topic:religion
2023-05-18 05:42:47,399 - INFO - iteration:22
2023-05-18 05:42:47,399 - INFO - total cases:17/20
2023-05-18 05:43:53,395 - INFO - execution time:66.00s

2023-05-18 05:43:53,395 - INFO - ###########################
2023-05-18 05:43:53,395 - INFO - selected_topic:religion
2023-05-18 05:43:53,395 - INFO - iteration:23
2023-05-18 05:43:53,395 - INFO - total cases:18/20
2023-05-18 05:45:06,493 - INFO - execution time:73.10s

2023-05-18 05:45:06,494 - INFO - ###########################
2023-05-18 05:45:06,494 - INFO - selected_topic:religion
2023-05-18 05:45:06,494 - INFO - iteration:24
2023-05-18 05:45:06,494 - INFO - total cases:19/20
2023-05-18 05:46:12,520 - INFO - execution time:66.03s

