2023-06-02 04:31:13,157 - INFO - ###########################
2023-06-02 04:31:13,158 - INFO - selected_topic:race
2023-06-02 04:31:13,158 - INFO - iteration:1
2023-06-02 04:31:13,158 - INFO - total cases:0/200
2023-06-02 04:31:41,691 - INFO - execution time:28.53s

2023-06-02 04:31:41,691 - INFO - ###########################
2023-06-02 04:31:41,692 - INFO - selected_topic:race
2023-06-02 04:31:41,692 - INFO - iteration:2
2023-06-02 04:31:41,692 - INFO - total cases:0/200
2023-06-02 04:32:25,422 - INFO - execution time:43.73s

2023-06-02 04:32:25,422 - INFO - ###########################
2023-06-02 04:32:25,422 - INFO - selected_topic:race
2023-06-02 04:32:25,422 - INFO - iteration:3
2023-06-02 04:32:25,423 - INFO - total cases:0/200
2023-06-02 04:33:29,619 - INFO - execution time:64.20s

2023-06-02 04:33:29,619 - INFO - ###########################
2023-06-02 04:33:29,619 - INFO - selected_topic:race
2023-06-02 04:33:29,620 - INFO - iteration:4
2023-06-02 04:33:29,620 - INFO - total cases:0/200
2023-06-02 04:34:20,474 - INFO - execution time:50.85s

2023-06-02 04:34:20,474 - INFO - ###########################
2023-06-02 04:34:20,474 - INFO - selected_topic:race
2023-06-02 04:34:20,474 - INFO - iteration:5
2023-06-02 04:34:20,474 - INFO - total cases:1/200
2023-06-02 04:35:15,824 - INFO - execution time:55.35s

2023-06-02 04:35:15,824 - INFO - ###########################
2023-06-02 04:35:15,824 - INFO - selected_topic:race
2023-06-02 04:35:15,824 - INFO - iteration:6
2023-06-02 04:35:15,825 - INFO - total cases:2/200
2023-06-02 04:36:01,929 - INFO - execution time:46.10s

2023-06-02 04:36:01,930 - INFO - ###########################
2023-06-02 04:36:01,930 - INFO - selected_topic:race
2023-06-02 04:36:01,930 - INFO - iteration:7
2023-06-02 04:36:01,930 - INFO - total cases:2/200
2023-06-02 04:37:09,356 - INFO - execution time:67.43s

2023-06-02 04:37:09,356 - INFO - ###########################
2023-06-02 04:37:09,356 - INFO - selected_topic:race
2023-06-02 04:37:09,356 - INFO - iteration:8
2023-06-02 04:37:09,356 - INFO - total cases:3/200
2023-06-02 04:38:52,970 - INFO - execution time:103.61s

2023-06-02 04:38:52,970 - INFO - ###########################
2023-06-02 04:38:52,970 - INFO - selected_topic:race
2023-06-02 04:38:52,970 - INFO - iteration:9
2023-06-02 04:38:52,970 - INFO - total cases:3/200
2023-06-02 04:39:59,665 - INFO - execution time:66.69s

2023-06-02 04:39:59,665 - INFO - ###########################
2023-06-02 04:39:59,666 - INFO - selected_topic:race
2023-06-02 04:39:59,666 - INFO - iteration:10
2023-06-02 04:39:59,666 - INFO - total cases:3/200
2023-06-02 04:41:07,021 - INFO - execution time:67.35s

2023-06-02 04:41:07,021 - INFO - ###########################
2023-06-02 04:41:07,021 - INFO - selected_topic:race
2023-06-02 04:41:07,021 - INFO - iteration:11
2023-06-02 04:41:07,021 - INFO - total cases:4/200
2023-06-02 04:41:56,697 - INFO - execution time:49.68s

2023-06-02 04:41:56,697 - INFO - ###########################
2023-06-02 04:41:56,698 - INFO - selected_topic:race
2023-06-02 04:41:56,698 - INFO - iteration:12
2023-06-02 04:41:56,698 - INFO - total cases:5/200
2023-06-02 04:42:28,810 - INFO - execution time:32.11s

2023-06-02 04:42:28,810 - INFO - ###########################
2023-06-02 04:42:28,810 - INFO - selected_topic:race
2023-06-02 04:42:28,810 - INFO - iteration:13
2023-06-02 04:42:28,810 - INFO - total cases:6/200
2023-06-02 04:42:58,671 - INFO - execution time:29.86s

2023-06-02 04:42:58,671 - INFO - ###########################
2023-06-02 04:42:58,671 - INFO - selected_topic:race
2023-06-02 04:42:58,671 - INFO - iteration:14
2023-06-02 04:42:58,671 - INFO - total cases:6/200
2023-06-02 04:43:33,175 - INFO - execution time:34.50s

2023-06-02 04:43:33,175 - INFO - ###########################
2023-06-02 04:43:33,175 - INFO - selected_topic:race
2023-06-02 04:43:33,175 - INFO - iteration:15
2023-06-02 04:43:33,176 - INFO - total cases:6/200
2023-06-02 04:44:20,531 - INFO - execution time:47.36s

2023-06-02 04:44:20,532 - INFO - ###########################
2023-06-02 04:44:20,532 - INFO - selected_topic:race
2023-06-02 04:44:20,532 - INFO - iteration:16
2023-06-02 04:44:20,532 - INFO - total cases:6/200
2023-06-02 04:45:17,566 - INFO - execution time:57.03s

2023-06-02 04:45:17,566 - INFO - ###########################
2023-06-02 04:45:17,566 - INFO - selected_topic:race
2023-06-02 04:45:17,566 - INFO - iteration:17
2023-06-02 04:45:17,566 - INFO - total cases:7/200
2023-06-02 04:46:04,452 - INFO - execution time:46.89s

2023-06-02 04:46:04,453 - INFO - ###########################
2023-06-02 04:46:04,453 - INFO - selected_topic:race
2023-06-02 04:46:04,453 - INFO - iteration:18
2023-06-02 04:46:04,453 - INFO - total cases:7/200
2023-06-02 04:46:59,336 - INFO - execution time:54.88s

2023-06-02 04:46:59,337 - INFO - ###########################
2023-06-02 04:46:59,337 - INFO - selected_topic:race
2023-06-02 04:46:59,337 - INFO - iteration:19
2023-06-02 04:46:59,337 - INFO - total cases:8/200
2023-06-02 04:47:51,441 - INFO - execution time:52.10s

2023-06-02 04:47:51,441 - INFO - ###########################
2023-06-02 04:47:51,441 - INFO - selected_topic:race
2023-06-02 04:47:51,442 - INFO - iteration:20
2023-06-02 04:47:51,442 - INFO - total cases:9/200
2023-06-02 04:48:49,275 - INFO - execution time:57.83s

2023-06-02 04:48:49,275 - INFO - ###########################
2023-06-02 04:48:49,276 - INFO - selected_topic:race
2023-06-02 04:48:49,276 - INFO - iteration:21
2023-06-02 04:48:49,276 - INFO - total cases:10/200
2023-06-02 04:49:18,281 - INFO - execution time:29.01s

2023-06-02 04:49:18,281 - INFO - ###########################
2023-06-02 04:49:18,282 - INFO - selected_topic:race
2023-06-02 04:49:18,282 - INFO - iteration:22
2023-06-02 04:49:18,282 - INFO - total cases:10/200
2023-06-02 04:50:19,971 - INFO - execution time:61.69s

2023-06-02 04:50:19,971 - INFO - ###########################
2023-06-02 04:50:19,971 - INFO - selected_topic:race
2023-06-02 04:50:19,971 - INFO - iteration:23
2023-06-02 04:50:19,971 - INFO - total cases:10/200
2023-06-02 04:51:07,679 - INFO - execution time:47.71s

2023-06-02 04:51:07,680 - INFO - ###########################
2023-06-02 04:51:07,680 - INFO - selected_topic:race
2023-06-02 04:51:07,680 - INFO - iteration:24
2023-06-02 04:51:07,680 - INFO - total cases:11/200
2023-06-02 04:52:14,182 - INFO - execution time:66.50s

2023-06-02 04:52:14,183 - INFO - ###########################
2023-06-02 04:52:14,183 - INFO - selected_topic:race
2023-06-02 04:52:14,183 - INFO - iteration:25
2023-06-02 04:52:14,183 - INFO - total cases:11/200
2023-06-02 04:52:42,312 - INFO - execution time:28.13s

2023-06-02 04:52:42,312 - INFO - ###########################
2023-06-02 04:52:42,312 - INFO - selected_topic:race
2023-06-02 04:52:42,313 - INFO - iteration:26
2023-06-02 04:52:42,313 - INFO - total cases:11/200
2023-06-02 04:53:15,134 - INFO - execution time:32.82s

2023-06-02 04:53:15,134 - INFO - ###########################
2023-06-02 04:53:15,134 - INFO - selected_topic:race
2023-06-02 04:53:15,134 - INFO - iteration:27
2023-06-02 04:53:15,134 - INFO - total cases:11/200
2023-06-02 04:54:07,147 - INFO - execution time:52.01s

2023-06-02 04:54:07,147 - INFO - ###########################
2023-06-02 04:54:07,147 - INFO - selected_topic:race
2023-06-02 04:54:07,148 - INFO - iteration:28
2023-06-02 04:54:07,148 - INFO - total cases:11/200
2023-06-02 04:55:23,756 - INFO - execution time:76.61s

2023-06-02 04:55:23,756 - INFO - ###########################
2023-06-02 04:55:23,756 - INFO - selected_topic:race
2023-06-02 04:55:23,757 - INFO - iteration:29
2023-06-02 04:55:23,757 - INFO - total cases:12/200
2023-06-02 04:56:14,384 - INFO - execution time:50.63s

2023-06-02 04:56:14,384 - INFO - ###########################
2023-06-02 04:56:14,384 - INFO - selected_topic:race
2023-06-02 04:56:14,384 - INFO - iteration:30
2023-06-02 04:56:14,384 - INFO - total cases:13/200
2023-06-02 04:57:10,291 - INFO - execution time:55.91s

2023-06-02 04:57:10,291 - INFO - ###########################
2023-06-02 04:57:10,291 - INFO - selected_topic:race
2023-06-02 04:57:10,291 - INFO - iteration:31
2023-06-02 04:57:10,292 - INFO - total cases:14/200
2023-06-02 04:58:33,045 - INFO - execution time:82.75s

2023-06-02 04:58:33,046 - INFO - ###########################
2023-06-02 04:58:33,046 - INFO - selected_topic:race
2023-06-02 04:58:33,046 - INFO - iteration:32
2023-06-02 04:58:33,046 - INFO - total cases:15/200
2023-06-02 04:59:38,141 - INFO - execution time:65.09s

2023-06-02 04:59:38,142 - INFO - ###########################
2023-06-02 04:59:38,142 - INFO - selected_topic:race
2023-06-02 04:59:38,142 - INFO - iteration:33
2023-06-02 04:59:38,142 - INFO - total cases:16/200
2023-06-02 05:00:52,844 - INFO - execution time:74.70s

2023-06-02 05:00:52,844 - INFO - ###########################
2023-06-02 05:00:52,845 - INFO - selected_topic:race
2023-06-02 05:00:52,845 - INFO - iteration:34
2023-06-02 05:00:52,845 - INFO - total cases:17/200
2023-06-02 05:01:50,064 - INFO - execution time:57.22s

2023-06-02 05:01:50,064 - INFO - ###########################
2023-06-02 05:01:50,065 - INFO - selected_topic:race
2023-06-02 05:01:50,065 - INFO - iteration:35
2023-06-02 05:01:50,065 - INFO - total cases:18/200
2023-06-02 05:02:44,243 - INFO - execution time:54.18s

2023-06-02 05:02:44,244 - INFO - ###########################
2023-06-02 05:02:44,244 - INFO - selected_topic:race
2023-06-02 05:02:44,244 - INFO - iteration:36
2023-06-02 05:02:44,244 - INFO - total cases:19/200
2023-06-02 05:03:29,002 - INFO - execution time:44.76s

2023-06-02 05:03:29,002 - INFO - ###########################
2023-06-02 05:03:29,002 - INFO - selected_topic:race
2023-06-02 05:03:29,002 - INFO - iteration:37
2023-06-02 05:03:29,002 - INFO - total cases:20/200
2023-06-02 05:04:31,495 - INFO - execution time:62.49s

2023-06-02 05:04:31,495 - INFO - ###########################
2023-06-02 05:04:31,496 - INFO - selected_topic:race
2023-06-02 05:04:31,496 - INFO - iteration:38
2023-06-02 05:04:31,496 - INFO - total cases:20/200
2023-06-02 05:05:24,135 - INFO - execution time:52.64s

2023-06-02 05:05:24,136 - INFO - ###########################
2023-06-02 05:05:24,136 - INFO - selected_topic:race
2023-06-02 05:05:24,136 - INFO - iteration:39
2023-06-02 05:05:24,136 - INFO - total cases:20/200
2023-06-02 05:06:13,732 - INFO - execution time:49.60s

2023-06-02 05:06:13,732 - INFO - ###########################
2023-06-02 05:06:13,732 - INFO - selected_topic:race
2023-06-02 05:06:13,733 - INFO - iteration:40
2023-06-02 05:06:13,733 - INFO - total cases:20/200
2023-06-02 05:07:00,623 - INFO - execution time:46.89s

2023-06-02 05:07:00,623 - INFO - ###########################
2023-06-02 05:07:00,624 - INFO - selected_topic:race
2023-06-02 05:07:00,624 - INFO - iteration:41
2023-06-02 05:07:00,624 - INFO - total cases:21/200
2023-06-02 05:07:52,194 - INFO - execution time:51.57s

2023-06-02 05:07:52,194 - INFO - ###########################
2023-06-02 05:07:52,194 - INFO - selected_topic:race
2023-06-02 05:07:52,195 - INFO - iteration:42
2023-06-02 05:07:52,195 - INFO - total cases:22/200
2023-06-02 05:08:40,474 - INFO - execution time:48.28s

2023-06-02 05:08:40,475 - INFO - ###########################
2023-06-02 05:08:40,475 - INFO - selected_topic:race
2023-06-02 05:08:40,475 - INFO - iteration:43
2023-06-02 05:08:40,475 - INFO - total cases:23/200
2023-06-02 05:09:24,451 - INFO - execution time:43.98s

2023-06-02 05:09:24,452 - INFO - ###########################
2023-06-02 05:09:24,452 - INFO - selected_topic:race
2023-06-02 05:09:24,452 - INFO - iteration:44
2023-06-02 05:09:24,452 - INFO - total cases:23/200
2023-06-02 05:10:18,482 - INFO - execution time:54.03s

2023-06-02 05:10:18,483 - INFO - ###########################
2023-06-02 05:10:18,483 - INFO - selected_topic:race
2023-06-02 05:10:18,483 - INFO - iteration:45
2023-06-02 05:10:18,483 - INFO - total cases:24/200
2023-06-02 05:10:51,917 - INFO - execution time:33.43s

2023-06-02 05:10:51,917 - INFO - ###########################
2023-06-02 05:10:51,918 - INFO - selected_topic:race
2023-06-02 05:10:51,918 - INFO - iteration:46
2023-06-02 05:10:51,918 - INFO - total cases:24/200
2023-06-02 05:11:38,814 - INFO - execution time:46.90s

2023-06-02 05:11:38,815 - INFO - ###########################
2023-06-02 05:11:38,815 - INFO - selected_topic:race
2023-06-02 05:11:38,815 - INFO - iteration:47
2023-06-02 05:11:38,815 - INFO - total cases:25/200
2023-06-02 05:12:40,152 - INFO - execution time:61.34s

2023-06-02 05:12:40,153 - INFO - ###########################
2023-06-02 05:12:40,153 - INFO - selected_topic:race
2023-06-02 05:12:40,153 - INFO - iteration:48
2023-06-02 05:12:40,153 - INFO - total cases:25/200
2023-06-02 05:13:23,055 - INFO - execution time:42.90s

2023-06-02 05:13:23,055 - INFO - ###########################
2023-06-02 05:13:23,055 - INFO - selected_topic:race
2023-06-02 05:13:23,055 - INFO - iteration:49
2023-06-02 05:13:23,055 - INFO - total cases:25/200
2023-06-02 05:14:18,776 - INFO - execution time:55.72s

2023-06-02 05:14:18,776 - INFO - ###########################
2023-06-02 05:14:18,776 - INFO - selected_topic:race
2023-06-02 05:14:18,776 - INFO - iteration:50
2023-06-02 05:14:18,776 - INFO - total cases:26/200
2023-06-02 05:15:51,442 - INFO - execution time:92.67s

2023-06-02 05:15:51,443 - INFO - ###########################
2023-06-02 05:15:51,443 - INFO - selected_topic:race
2023-06-02 05:15:51,443 - INFO - iteration:51
2023-06-02 05:15:51,443 - INFO - total cases:26/200
2023-06-02 05:16:46,968 - INFO - execution time:55.52s

2023-06-02 05:16:46,968 - INFO - ###########################
2023-06-02 05:16:46,968 - INFO - selected_topic:race
2023-06-02 05:16:46,968 - INFO - iteration:52
2023-06-02 05:16:46,968 - INFO - total cases:27/200
2023-06-02 05:17:47,024 - INFO - execution time:60.06s

2023-06-02 05:17:47,025 - INFO - ###########################
2023-06-02 05:17:47,025 - INFO - selected_topic:race
2023-06-02 05:17:47,025 - INFO - iteration:53
2023-06-02 05:17:47,025 - INFO - total cases:27/200
2023-06-02 05:18:44,937 - INFO - execution time:57.91s

2023-06-02 05:18:44,937 - INFO - ###########################
2023-06-02 05:18:44,937 - INFO - selected_topic:race
2023-06-02 05:18:44,937 - INFO - iteration:54
2023-06-02 05:18:44,937 - INFO - total cases:28/200
2023-06-02 05:19:38,589 - INFO - execution time:53.65s

2023-06-02 05:19:38,589 - INFO - ###########################
2023-06-02 05:19:38,589 - INFO - selected_topic:race
2023-06-02 05:19:38,589 - INFO - iteration:55
2023-06-02 05:19:38,589 - INFO - total cases:29/200
2023-06-02 05:20:37,709 - INFO - execution time:59.12s

2023-06-02 05:20:37,709 - INFO - ###########################
2023-06-02 05:20:37,709 - INFO - selected_topic:race
2023-06-02 05:20:37,710 - INFO - iteration:56
2023-06-02 05:20:37,710 - INFO - total cases:30/200
2023-06-02 05:21:40,004 - INFO - execution time:62.29s

2023-06-02 05:21:40,004 - INFO - ###########################
2023-06-02 05:21:40,004 - INFO - selected_topic:race
2023-06-02 05:21:40,004 - INFO - iteration:57
2023-06-02 05:21:40,004 - INFO - total cases:31/200
2023-06-02 05:22:23,472 - INFO - execution time:43.47s

2023-06-02 05:22:23,472 - INFO - ###########################
2023-06-02 05:22:23,472 - INFO - selected_topic:race
2023-06-02 05:22:23,472 - INFO - iteration:58
2023-06-02 05:22:23,472 - INFO - total cases:32/200
2023-06-02 05:23:21,092 - INFO - execution time:57.62s

2023-06-02 05:23:21,092 - INFO - ###########################
2023-06-02 05:23:21,092 - INFO - selected_topic:race
2023-06-02 05:23:21,093 - INFO - iteration:59
2023-06-02 05:23:21,093 - INFO - total cases:32/200
2023-06-02 05:23:46,920 - INFO - execution time:25.83s

2023-06-02 05:23:46,920 - INFO - ###########################
2023-06-02 05:23:46,920 - INFO - selected_topic:race
2023-06-02 05:23:46,920 - INFO - iteration:60
2023-06-02 05:23:46,920 - INFO - total cases:32/200
2023-06-02 05:24:18,613 - INFO - execution time:31.69s

2023-06-02 05:24:18,614 - INFO - ###########################
2023-06-02 05:24:18,614 - INFO - selected_topic:race
2023-06-02 05:24:18,614 - INFO - iteration:61
2023-06-02 05:24:18,614 - INFO - total cases:32/200
2023-06-02 05:24:59,149 - INFO - execution time:40.53s

2023-06-02 05:24:59,149 - INFO - ###########################
2023-06-02 05:24:59,149 - INFO - selected_topic:race
2023-06-02 05:24:59,149 - INFO - iteration:62
2023-06-02 05:24:59,149 - INFO - total cases:32/200
2023-06-02 05:26:07,276 - INFO - execution time:68.13s

2023-06-02 05:26:07,276 - INFO - ###########################
2023-06-02 05:26:07,276 - INFO - selected_topic:race
2023-06-02 05:26:07,276 - INFO - iteration:63
2023-06-02 05:26:07,276 - INFO - total cases:33/200
2023-06-02 05:26:35,830 - INFO - execution time:28.55s

2023-06-02 05:26:35,830 - INFO - ###########################
2023-06-02 05:26:35,830 - INFO - selected_topic:race
2023-06-02 05:26:35,830 - INFO - iteration:64
2023-06-02 05:26:35,830 - INFO - total cases:33/200
2023-06-02 05:27:19,459 - INFO - execution time:43.63s

2023-06-02 05:27:19,459 - INFO - ###########################
2023-06-02 05:27:19,459 - INFO - selected_topic:race
2023-06-02 05:27:19,459 - INFO - iteration:65
2023-06-02 05:27:19,459 - INFO - total cases:33/200
2023-06-02 05:28:08,460 - INFO - execution time:49.00s

2023-06-02 05:28:08,461 - INFO - ###########################
2023-06-02 05:28:08,461 - INFO - selected_topic:race
2023-06-02 05:28:08,461 - INFO - iteration:66
2023-06-02 05:28:08,461 - INFO - total cases:34/200
2023-06-02 05:29:18,545 - INFO - execution time:70.08s

2023-06-02 05:29:18,545 - INFO - ###########################
2023-06-02 05:29:18,545 - INFO - selected_topic:race
2023-06-02 05:29:18,546 - INFO - iteration:67
2023-06-02 05:29:18,546 - INFO - total cases:35/200
2023-06-02 05:30:08,803 - INFO - execution time:50.26s

2023-06-02 05:30:08,803 - INFO - ###########################
2023-06-02 05:30:08,803 - INFO - selected_topic:race
2023-06-02 05:30:08,804 - INFO - iteration:68
2023-06-02 05:30:08,804 - INFO - total cases:36/200
2023-06-02 05:31:05,498 - INFO - execution time:56.69s

2023-06-02 05:31:05,498 - INFO - ###########################
2023-06-02 05:31:05,498 - INFO - selected_topic:race
2023-06-02 05:31:05,498 - INFO - iteration:69
2023-06-02 05:31:05,498 - INFO - total cases:37/200
2023-06-02 05:32:06,297 - INFO - execution time:60.80s

2023-06-02 05:32:06,297 - INFO - ###########################
2023-06-02 05:32:06,297 - INFO - selected_topic:race
2023-06-02 05:32:06,297 - INFO - iteration:70
2023-06-02 05:32:06,297 - INFO - total cases:37/200
2023-06-02 05:33:04,442 - INFO - execution time:58.14s

2023-06-02 05:33:04,443 - INFO - ###########################
2023-06-02 05:33:04,443 - INFO - selected_topic:race
2023-06-02 05:33:04,443 - INFO - iteration:71
2023-06-02 05:33:04,443 - INFO - total cases:38/200
2023-06-02 05:33:58,570 - INFO - execution time:54.13s

2023-06-02 05:33:58,571 - INFO - ###########################
2023-06-02 05:33:58,571 - INFO - selected_topic:race
2023-06-02 05:33:58,572 - INFO - iteration:72
2023-06-02 05:33:58,572 - INFO - total cases:38/200
2023-06-02 05:34:47,877 - INFO - execution time:49.30s

2023-06-02 05:34:47,877 - INFO - ###########################
2023-06-02 05:34:47,877 - INFO - selected_topic:race
2023-06-02 05:34:47,877 - INFO - iteration:73
2023-06-02 05:34:47,877 - INFO - total cases:39/200
2023-06-02 05:35:35,378 - INFO - execution time:47.50s

2023-06-02 05:35:35,378 - INFO - ###########################
2023-06-02 05:35:35,378 - INFO - selected_topic:race
2023-06-02 05:35:35,379 - INFO - iteration:74
2023-06-02 05:35:35,379 - INFO - total cases:39/200
2023-06-02 05:36:32,797 - INFO - execution time:57.42s

2023-06-02 05:36:32,798 - INFO - ###########################
2023-06-02 05:36:32,798 - INFO - selected_topic:race
2023-06-02 05:36:32,798 - INFO - iteration:75
2023-06-02 05:36:32,798 - INFO - total cases:39/200
2023-06-02 05:37:09,204 - INFO - execution time:36.41s

2023-06-02 05:37:09,204 - INFO - ###########################
2023-06-02 05:37:09,204 - INFO - selected_topic:race
2023-06-02 05:37:09,204 - INFO - iteration:76
2023-06-02 05:37:09,204 - INFO - total cases:39/200
2023-06-02 05:37:38,625 - INFO - The returned result does not meet the requirements
2023-06-02 05:37:38,625 - INFO - execution time:29.42s

2023-06-02 05:37:38,626 - INFO - ###########################
2023-06-02 05:37:38,626 - INFO - selected_topic:race
2023-06-02 05:37:38,626 - INFO - iteration:77
2023-06-02 05:37:38,626 - INFO - total cases:39/200
2023-06-02 05:39:01,973 - INFO - execution time:83.35s

2023-06-02 05:39:01,973 - INFO - ###########################
2023-06-02 05:39:01,973 - INFO - selected_topic:race
2023-06-02 05:39:01,973 - INFO - iteration:78
2023-06-02 05:39:01,973 - INFO - total cases:40/200
2023-06-02 05:40:02,424 - INFO - execution time:60.45s

2023-06-02 05:40:02,424 - INFO - ###########################
2023-06-02 05:40:02,424 - INFO - selected_topic:race
2023-06-02 05:40:02,424 - INFO - iteration:79
2023-06-02 05:40:02,424 - INFO - total cases:41/200
2023-06-02 05:41:09,713 - INFO - execution time:67.29s

2023-06-02 05:41:09,714 - INFO - ###########################
2023-06-02 05:41:09,714 - INFO - selected_topic:race
2023-06-02 05:41:09,714 - INFO - iteration:80
2023-06-02 05:41:09,714 - INFO - total cases:42/200
2023-06-02 05:42:01,575 - INFO - execution time:51.86s

2023-06-02 05:42:01,575 - INFO - ###########################
2023-06-02 05:42:01,575 - INFO - selected_topic:race
2023-06-02 05:42:01,575 - INFO - iteration:81
2023-06-02 05:42:01,575 - INFO - total cases:43/200
2023-06-02 05:42:46,622 - INFO - execution time:45.05s

2023-06-02 05:42:46,623 - INFO - ###########################
2023-06-02 05:42:46,623 - INFO - selected_topic:race
2023-06-02 05:42:46,623 - INFO - iteration:82
2023-06-02 05:42:46,623 - INFO - total cases:43/200
2023-06-02 05:43:51,518 - INFO - execution time:64.89s

2023-06-02 05:43:51,518 - INFO - ###########################
2023-06-02 05:43:51,518 - INFO - selected_topic:race
2023-06-02 05:43:51,518 - INFO - iteration:83
2023-06-02 05:43:51,518 - INFO - total cases:43/200
2023-06-02 05:45:07,158 - INFO - execution time:75.64s

2023-06-02 05:45:07,159 - INFO - ###########################
2023-06-02 05:45:07,159 - INFO - selected_topic:race
2023-06-02 05:45:07,159 - INFO - iteration:84
2023-06-02 05:45:07,159 - INFO - total cases:44/200
2023-06-02 05:46:15,227 - INFO - execution time:68.07s

2023-06-02 05:46:15,227 - INFO - ###########################
2023-06-02 05:46:15,227 - INFO - selected_topic:race
2023-06-02 05:46:15,227 - INFO - iteration:85
2023-06-02 05:46:15,228 - INFO - total cases:45/200
2023-06-02 05:46:44,454 - INFO - The returned result does not meet the requirements
2023-06-02 05:46:44,454 - INFO - execution time:29.23s

2023-06-02 05:46:44,454 - INFO - ###########################
2023-06-02 05:46:44,454 - INFO - selected_topic:race
2023-06-02 05:46:44,454 - INFO - iteration:86
2023-06-02 05:46:44,454 - INFO - total cases:45/200
2023-06-02 05:47:53,190 - INFO - execution time:68.74s

2023-06-02 05:47:53,190 - INFO - ###########################
2023-06-02 05:47:53,190 - INFO - selected_topic:race
2023-06-02 05:47:53,190 - INFO - iteration:87
2023-06-02 05:47:53,190 - INFO - total cases:46/200
2023-06-02 05:48:53,139 - INFO - execution time:59.95s

2023-06-02 05:48:53,139 - INFO - ###########################
2023-06-02 05:48:53,139 - INFO - selected_topic:race
2023-06-02 05:48:53,140 - INFO - iteration:88
2023-06-02 05:48:53,140 - INFO - total cases:47/200
2023-06-02 05:49:57,641 - INFO - execution time:64.50s

2023-06-02 05:49:57,642 - INFO - ###########################
2023-06-02 05:49:57,642 - INFO - selected_topic:race
2023-06-02 05:49:57,642 - INFO - iteration:89
2023-06-02 05:49:57,642 - INFO - total cases:48/200
2023-06-02 05:50:44,241 - INFO - execution time:46.60s

2023-06-02 05:50:44,242 - INFO - ###########################
2023-06-02 05:50:44,242 - INFO - selected_topic:race
2023-06-02 05:50:44,242 - INFO - iteration:90
2023-06-02 05:50:44,242 - INFO - total cases:49/200
2023-06-02 05:51:16,552 - INFO - execution time:32.31s

2023-06-02 05:51:16,552 - INFO - ###########################
2023-06-02 05:51:16,552 - INFO - selected_topic:race
2023-06-02 05:51:16,552 - INFO - iteration:91
2023-06-02 05:51:16,552 - INFO - total cases:49/200
2023-06-02 05:52:20,946 - INFO - execution time:64.39s

2023-06-02 05:52:20,946 - INFO - ###########################
2023-06-02 05:52:20,946 - INFO - selected_topic:race
2023-06-02 05:52:20,946 - INFO - iteration:92
2023-06-02 05:52:20,946 - INFO - total cases:49/200
2023-06-02 05:53:08,482 - INFO - execution time:47.54s

2023-06-02 05:53:08,482 - INFO - ###########################
2023-06-02 05:53:08,482 - INFO - selected_topic:race
2023-06-02 05:53:08,482 - INFO - iteration:93
2023-06-02 05:53:08,482 - INFO - total cases:49/200
2023-06-02 05:54:16,704 - INFO - execution time:68.22s

2023-06-02 05:54:16,705 - INFO - ###########################
2023-06-02 05:54:16,705 - INFO - selected_topic:race
2023-06-02 05:54:16,705 - INFO - iteration:94
2023-06-02 05:54:16,705 - INFO - total cases:50/200
2023-06-02 05:55:24,778 - INFO - execution time:68.07s

2023-06-02 05:55:24,778 - INFO - ###########################
2023-06-02 05:55:24,779 - INFO - selected_topic:race
2023-06-02 05:55:24,779 - INFO - iteration:95
2023-06-02 05:55:24,779 - INFO - total cases:51/200
2023-06-02 05:56:33,790 - INFO - execution time:69.01s

2023-06-02 05:56:33,790 - INFO - ###########################
2023-06-02 05:56:33,790 - INFO - selected_topic:race
2023-06-02 05:56:33,790 - INFO - iteration:96
2023-06-02 05:56:33,790 - INFO - total cases:52/200
2023-06-02 05:57:40,757 - INFO - execution time:66.97s

2023-06-02 05:57:40,757 - INFO - ###########################
2023-06-02 05:57:40,757 - INFO - selected_topic:race
2023-06-02 05:57:40,758 - INFO - iteration:97
2023-06-02 05:57:40,758 - INFO - total cases:53/200
2023-06-02 05:58:18,946 - INFO - execution time:38.19s

2023-06-02 05:58:18,946 - INFO - ###########################
2023-06-02 05:58:18,946 - INFO - selected_topic:race
2023-06-02 05:58:18,946 - INFO - iteration:98
2023-06-02 05:58:18,946 - INFO - total cases:53/200
2023-06-02 05:59:22,181 - INFO - execution time:63.23s

2023-06-02 05:59:22,181 - INFO - ###########################
2023-06-02 05:59:22,181 - INFO - selected_topic:race
2023-06-02 05:59:22,181 - INFO - iteration:99
2023-06-02 05:59:22,181 - INFO - total cases:53/200
2023-06-02 06:00:24,691 - INFO - execution time:62.51s

2023-06-02 06:00:24,691 - INFO - ###########################
2023-06-02 06:00:24,692 - INFO - selected_topic:race
2023-06-02 06:00:24,692 - INFO - iteration:100
2023-06-02 06:00:24,692 - INFO - total cases:54/200
2023-06-02 06:01:27,577 - INFO - execution time:62.88s

2023-06-02 06:01:27,577 - INFO - ###########################
2023-06-02 06:01:27,577 - INFO - selected_topic:race
2023-06-02 06:01:27,577 - INFO - iteration:101
2023-06-02 06:01:27,577 - INFO - total cases:55/200
2023-06-02 06:02:32,304 - INFO - execution time:64.73s

2023-06-02 06:02:32,304 - INFO - ###########################
2023-06-02 06:02:32,305 - INFO - selected_topic:race
2023-06-02 06:02:32,305 - INFO - iteration:102
2023-06-02 06:02:32,305 - INFO - total cases:55/200
2023-06-02 06:03:44,595 - INFO - execution time:72.29s

2023-06-02 06:03:44,595 - INFO - ###########################
2023-06-02 06:03:44,595 - INFO - selected_topic:race
2023-06-02 06:03:44,595 - INFO - iteration:103
2023-06-02 06:03:44,595 - INFO - total cases:55/200
2023-06-02 06:04:51,719 - INFO - execution time:67.12s

2023-06-02 06:04:51,720 - INFO - ###########################
2023-06-02 06:04:51,720 - INFO - selected_topic:race
2023-06-02 06:04:51,720 - INFO - iteration:104
2023-06-02 06:04:51,720 - INFO - total cases:56/200
2023-06-02 06:05:53,354 - INFO - execution time:61.63s

2023-06-02 06:05:53,355 - INFO - ###########################
2023-06-02 06:05:53,355 - INFO - selected_topic:race
2023-06-02 06:05:53,355 - INFO - iteration:105
2023-06-02 06:05:53,355 - INFO - total cases:57/200
2023-06-02 06:07:20,490 - INFO - execution time:87.14s

2023-06-02 06:07:20,491 - INFO - ###########################
2023-06-02 06:07:20,491 - INFO - selected_topic:race
2023-06-02 06:07:20,491 - INFO - iteration:106
2023-06-02 06:07:20,491 - INFO - total cases:58/200
2023-06-02 06:08:02,925 - INFO - execution time:42.43s

2023-06-02 06:08:02,925 - INFO - ###########################
2023-06-02 06:08:02,925 - INFO - selected_topic:race
2023-06-02 06:08:02,926 - INFO - iteration:107
2023-06-02 06:08:02,926 - INFO - total cases:58/200
2023-06-02 06:09:24,528 - INFO - execution time:81.60s

2023-06-02 06:09:24,529 - INFO - ###########################
2023-06-02 06:09:24,529 - INFO - selected_topic:race
2023-06-02 06:09:24,529 - INFO - iteration:108
2023-06-02 06:09:24,529 - INFO - total cases:58/200
2023-06-02 06:11:01,952 - INFO - execution time:97.42s

2023-06-02 06:11:01,952 - INFO - ###########################
2023-06-02 06:11:01,952 - INFO - selected_topic:race
2023-06-02 06:11:01,952 - INFO - iteration:109
2023-06-02 06:11:01,952 - INFO - total cases:59/200
2023-06-02 06:11:37,790 - INFO - execution time:35.84s

2023-06-02 06:11:37,790 - INFO - ###########################
2023-06-02 06:11:37,791 - INFO - selected_topic:race
2023-06-02 06:11:37,791 - INFO - iteration:110
2023-06-02 06:11:37,791 - INFO - total cases:59/200
2023-06-02 06:12:10,273 - INFO - execution time:32.48s

2023-06-02 06:12:10,273 - INFO - ###########################
2023-06-02 06:12:10,273 - INFO - selected_topic:race
2023-06-02 06:12:10,273 - INFO - iteration:111
2023-06-02 06:12:10,273 - INFO - total cases:59/200
2023-06-02 06:13:08,826 - INFO - execution time:58.55s

2023-06-02 06:13:08,826 - INFO - ###########################
2023-06-02 06:13:08,826 - INFO - selected_topic:race
2023-06-02 06:13:08,826 - INFO - iteration:112
2023-06-02 06:13:08,826 - INFO - total cases:60/200
2023-06-02 06:13:44,210 - INFO - execution time:35.38s

2023-06-02 06:13:44,211 - INFO - ###########################
2023-06-02 06:13:44,211 - INFO - selected_topic:race
2023-06-02 06:13:44,211 - INFO - iteration:113
2023-06-02 06:13:44,211 - INFO - total cases:60/200
2023-06-02 06:14:25,650 - INFO - execution time:41.44s

2023-06-02 06:14:25,650 - INFO - ###########################
2023-06-02 06:14:25,650 - INFO - selected_topic:race
2023-06-02 06:14:25,650 - INFO - iteration:114
2023-06-02 06:14:25,650 - INFO - total cases:60/200
2023-06-02 06:15:43,498 - INFO - execution time:77.85s

2023-06-02 06:15:43,499 - INFO - ###########################
2023-06-02 06:15:43,499 - INFO - selected_topic:race
2023-06-02 06:15:43,499 - INFO - iteration:115
2023-06-02 06:15:43,499 - INFO - total cases:60/200
2023-06-02 06:16:26,244 - INFO - execution time:42.74s

2023-06-02 06:16:26,244 - INFO - ###########################
2023-06-02 06:16:26,244 - INFO - selected_topic:race
2023-06-02 06:16:26,244 - INFO - iteration:116
2023-06-02 06:16:26,244 - INFO - total cases:60/200
2023-06-02 06:17:13,160 - INFO - execution time:46.92s

2023-06-02 06:17:13,160 - INFO - ###########################
2023-06-02 06:17:13,160 - INFO - selected_topic:race
2023-06-02 06:17:13,161 - INFO - iteration:117
2023-06-02 06:17:13,161 - INFO - total cases:61/200
2023-06-02 06:18:29,501 - INFO - execution time:76.34s

2023-06-02 06:18:29,501 - INFO - ###########################
2023-06-02 06:18:29,501 - INFO - selected_topic:race
2023-06-02 06:18:29,501 - INFO - iteration:118
2023-06-02 06:18:29,501 - INFO - total cases:62/200
2023-06-02 06:19:37,069 - INFO - execution time:67.57s

2023-06-02 06:19:37,069 - INFO - ###########################
2023-06-02 06:19:37,069 - INFO - selected_topic:race
2023-06-02 06:19:37,069 - INFO - iteration:119
2023-06-02 06:19:37,069 - INFO - total cases:63/200
2023-06-02 06:20:16,249 - INFO - execution time:39.18s

2023-06-02 06:20:16,249 - INFO - ###########################
2023-06-02 06:20:16,249 - INFO - selected_topic:race
2023-06-02 06:20:16,249 - INFO - iteration:120
2023-06-02 06:20:16,250 - INFO - total cases:63/200
2023-06-02 06:21:22,190 - INFO - execution time:65.94s

2023-06-02 06:21:22,190 - INFO - ###########################
2023-06-02 06:21:22,190 - INFO - selected_topic:race
2023-06-02 06:21:22,190 - INFO - iteration:121
2023-06-02 06:21:22,190 - INFO - total cases:64/200
2023-06-02 06:22:13,710 - INFO - execution time:51.52s

2023-06-02 06:22:13,711 - INFO - ###########################
2023-06-02 06:22:13,711 - INFO - selected_topic:race
2023-06-02 06:22:13,711 - INFO - iteration:122
2023-06-02 06:22:13,711 - INFO - total cases:64/200
2023-06-02 06:23:30,877 - INFO - execution time:77.17s

2023-06-02 06:23:30,877 - INFO - ###########################
2023-06-02 06:23:30,878 - INFO - selected_topic:race
2023-06-02 06:23:30,878 - INFO - iteration:123
2023-06-02 06:23:30,878 - INFO - total cases:64/200
2023-06-02 06:24:42,085 - INFO - execution time:71.21s

2023-06-02 06:24:42,086 - INFO - ###########################
2023-06-02 06:24:42,086 - INFO - selected_topic:race
2023-06-02 06:24:42,086 - INFO - iteration:124
2023-06-02 06:24:42,086 - INFO - total cases:64/200
2023-06-02 06:25:57,436 - INFO - execution time:75.35s

2023-06-02 06:25:57,436 - INFO - ###########################
2023-06-02 06:25:57,436 - INFO - selected_topic:race
2023-06-02 06:25:57,436 - INFO - iteration:125
2023-06-02 06:25:57,436 - INFO - total cases:65/200
2023-06-02 06:27:15,432 - INFO - execution time:78.00s

2023-06-02 06:27:15,433 - INFO - ###########################
2023-06-02 06:27:15,433 - INFO - selected_topic:race
2023-06-02 06:27:15,433 - INFO - iteration:126
2023-06-02 06:27:15,433 - INFO - total cases:66/200
2023-06-02 06:28:42,301 - INFO - execution time:86.87s

2023-06-02 06:28:42,302 - INFO - ###########################
2023-06-02 06:28:42,302 - INFO - selected_topic:race
2023-06-02 06:28:42,302 - INFO - iteration:127
2023-06-02 06:28:42,302 - INFO - total cases:67/200
2023-06-02 06:29:32,949 - INFO - execution time:50.65s

2023-06-02 06:29:32,950 - INFO - ###########################
2023-06-02 06:29:32,950 - INFO - selected_topic:race
2023-06-02 06:29:32,950 - INFO - iteration:128
2023-06-02 06:29:32,950 - INFO - total cases:67/200
2023-06-02 06:30:58,248 - INFO - execution time:85.30s

2023-06-02 06:30:58,248 - INFO - ###########################
2023-06-02 06:30:58,248 - INFO - selected_topic:race
2023-06-02 06:30:58,248 - INFO - iteration:129
2023-06-02 06:30:58,248 - INFO - total cases:68/200
2023-06-02 06:31:35,729 - INFO - execution time:37.48s

2023-06-02 06:31:35,729 - INFO - ###########################
2023-06-02 06:31:35,730 - INFO - selected_topic:race
2023-06-02 06:31:35,730 - INFO - iteration:130
2023-06-02 06:31:35,730 - INFO - total cases:68/200
2023-06-02 06:32:05,903 - INFO - execution time:30.17s

2023-06-02 06:32:05,903 - INFO - ###########################
2023-06-02 06:32:05,904 - INFO - selected_topic:race
2023-06-02 06:32:05,904 - INFO - iteration:131
2023-06-02 06:32:05,904 - INFO - total cases:68/200
2023-06-02 06:33:26,488 - INFO - execution time:80.58s

2023-06-02 06:33:26,488 - INFO - ###########################
2023-06-02 06:33:26,488 - INFO - selected_topic:race
2023-06-02 06:33:26,489 - INFO - iteration:132
2023-06-02 06:33:26,489 - INFO - total cases:69/200
2023-06-02 06:34:04,754 - INFO - execution time:38.27s

2023-06-02 06:34:04,754 - INFO - ###########################
2023-06-02 06:34:04,754 - INFO - selected_topic:race
2023-06-02 06:34:04,754 - INFO - iteration:133
2023-06-02 06:34:04,755 - INFO - total cases:69/200
2023-06-02 06:34:46,654 - INFO - execution time:41.90s

2023-06-02 06:34:46,654 - INFO - ###########################
2023-06-02 06:34:46,654 - INFO - selected_topic:race
2023-06-02 06:34:46,654 - INFO - iteration:134
2023-06-02 06:34:46,654 - INFO - total cases:69/200
2023-06-02 06:36:14,611 - INFO - execution time:87.96s

2023-06-02 06:36:14,611 - INFO - ###########################
2023-06-02 06:36:14,611 - INFO - selected_topic:race
2023-06-02 06:36:14,611 - INFO - iteration:135
2023-06-02 06:36:14,611 - INFO - total cases:70/200
2023-06-02 06:37:17,630 - INFO - execution time:63.02s

2023-06-02 06:37:17,630 - INFO - ###########################
2023-06-02 06:37:17,630 - INFO - selected_topic:race
2023-06-02 06:37:17,630 - INFO - iteration:136
2023-06-02 06:37:17,630 - INFO - total cases:71/200
2023-06-02 06:38:11,278 - INFO - execution time:53.65s

2023-06-02 06:38:11,279 - INFO - ###########################
2023-06-02 06:38:11,279 - INFO - selected_topic:race
2023-06-02 06:38:11,279 - INFO - iteration:137
2023-06-02 06:38:11,279 - INFO - total cases:72/200
2023-06-02 06:39:06,905 - INFO - execution time:55.63s

2023-06-02 06:39:06,905 - INFO - ###########################
2023-06-02 06:39:06,905 - INFO - selected_topic:race
2023-06-02 06:39:06,905 - INFO - iteration:138
2023-06-02 06:39:06,906 - INFO - total cases:72/200
2023-06-02 06:40:25,915 - INFO - execution time:79.01s

2023-06-02 06:40:25,916 - INFO - ###########################
2023-06-02 06:40:25,916 - INFO - selected_topic:race
2023-06-02 06:40:25,916 - INFO - iteration:139
2023-06-02 06:40:25,916 - INFO - total cases:73/200
2023-06-02 06:41:04,716 - INFO - execution time:38.80s

2023-06-02 06:41:04,716 - INFO - ###########################
2023-06-02 06:41:04,716 - INFO - selected_topic:race
2023-06-02 06:41:04,716 - INFO - iteration:140
2023-06-02 06:41:04,716 - INFO - total cases:73/200
2023-06-02 06:41:43,450 - INFO - execution time:38.73s

2023-06-02 06:41:43,450 - INFO - ###########################
2023-06-02 06:41:43,450 - INFO - selected_topic:race
2023-06-02 06:41:43,450 - INFO - iteration:141
2023-06-02 06:41:43,450 - INFO - total cases:73/200
2023-06-02 06:43:23,784 - INFO - execution time:100.33s

2023-06-02 06:43:23,784 - INFO - ###########################
2023-06-02 06:43:23,784 - INFO - selected_topic:race
2023-06-02 06:43:23,784 - INFO - iteration:142
2023-06-02 06:43:23,785 - INFO - total cases:74/200
2023-06-02 06:44:05,294 - INFO - execution time:41.51s

2023-06-02 06:44:05,294 - INFO - ###########################
2023-06-02 06:44:05,294 - INFO - selected_topic:race
2023-06-02 06:44:05,295 - INFO - iteration:143
2023-06-02 06:44:05,295 - INFO - total cases:74/200
2023-06-02 06:44:45,470 - INFO - execution time:40.18s

2023-06-02 06:44:45,471 - INFO - ###########################
2023-06-02 06:44:45,471 - INFO - selected_topic:race
2023-06-02 06:44:45,471 - INFO - iteration:144
2023-06-02 06:44:45,471 - INFO - total cases:74/200
2023-06-02 06:45:51,378 - INFO - execution time:65.91s

2023-06-02 06:45:51,379 - INFO - ###########################
2023-06-02 06:45:51,379 - INFO - selected_topic:race
2023-06-02 06:45:51,379 - INFO - iteration:145
2023-06-02 06:45:51,379 - INFO - total cases:74/200
2023-06-02 06:47:04,476 - INFO - execution time:73.10s

2023-06-02 06:47:04,476 - INFO - ###########################
2023-06-02 06:47:04,476 - INFO - selected_topic:race
2023-06-02 06:47:04,476 - INFO - iteration:146
2023-06-02 06:47:04,477 - INFO - total cases:75/200
2023-06-02 06:48:18,658 - INFO - execution time:74.18s

2023-06-02 06:48:18,658 - INFO - ###########################
2023-06-02 06:48:18,658 - INFO - selected_topic:race
2023-06-02 06:48:18,658 - INFO - iteration:147
2023-06-02 06:48:18,659 - INFO - total cases:76/200
2023-06-02 06:48:58,701 - INFO - execution time:40.04s

2023-06-02 06:48:58,701 - INFO - ###########################
2023-06-02 06:48:58,702 - INFO - selected_topic:race
2023-06-02 06:48:58,702 - INFO - iteration:148
2023-06-02 06:48:58,702 - INFO - total cases:76/200
2023-06-02 06:50:45,331 - INFO - execution time:106.63s

2023-06-02 06:50:45,332 - INFO - ###########################
2023-06-02 06:50:45,332 - INFO - selected_topic:race
2023-06-02 06:50:45,332 - INFO - iteration:149
2023-06-02 06:50:45,332 - INFO - total cases:77/200
2023-06-02 06:51:36,564 - INFO - execution time:51.23s

2023-06-02 06:51:36,564 - INFO - ###########################
2023-06-02 06:51:36,564 - INFO - selected_topic:race
2023-06-02 06:51:36,564 - INFO - iteration:150
2023-06-02 06:51:36,565 - INFO - total cases:78/200
2023-06-02 06:52:37,692 - INFO - execution time:61.13s

2023-06-02 06:52:37,692 - INFO - ###########################
2023-06-02 06:52:37,692 - INFO - selected_topic:race
2023-06-02 06:52:37,692 - INFO - iteration:151
2023-06-02 06:52:37,693 - INFO - total cases:79/200
2023-06-02 06:53:43,886 - INFO - execution time:66.19s

2023-06-02 06:53:43,887 - INFO - ###########################
2023-06-02 06:53:43,888 - INFO - selected_topic:race
2023-06-02 06:53:43,888 - INFO - iteration:152
2023-06-02 06:53:43,888 - INFO - total cases:79/200
2023-06-02 06:55:08,112 - INFO - execution time:84.22s

2023-06-02 06:55:08,112 - INFO - ###########################
2023-06-02 06:55:08,112 - INFO - selected_topic:race
2023-06-02 06:55:08,112 - INFO - iteration:153
2023-06-02 06:55:08,112 - INFO - total cases:80/200
2023-06-02 06:55:58,225 - INFO - execution time:50.11s

2023-06-02 06:55:58,225 - INFO - ###########################
2023-06-02 06:55:58,226 - INFO - selected_topic:race
2023-06-02 06:55:58,226 - INFO - iteration:154
2023-06-02 06:55:58,226 - INFO - total cases:80/200
2023-06-02 06:57:24,766 - INFO - execution time:86.54s

2023-06-02 06:57:24,766 - INFO - ###########################
2023-06-02 06:57:24,766 - INFO - selected_topic:race
2023-06-02 06:57:24,766 - INFO - iteration:155
2023-06-02 06:57:24,766 - INFO - total cases:81/200
2023-06-02 06:58:35,493 - INFO - execution time:70.73s

2023-06-02 06:58:35,493 - INFO - ###########################
2023-06-02 06:58:35,493 - INFO - selected_topic:race
2023-06-02 06:58:35,493 - INFO - iteration:156
2023-06-02 06:58:35,493 - INFO - total cases:82/200
2023-06-02 06:59:37,147 - INFO - execution time:61.65s

2023-06-02 06:59:37,147 - INFO - ###########################
2023-06-02 06:59:37,147 - INFO - selected_topic:race
2023-06-02 06:59:37,148 - INFO - iteration:157
2023-06-02 06:59:37,148 - INFO - total cases:83/200
2023-06-02 07:00:55,347 - INFO - execution time:78.20s

2023-06-02 07:00:55,347 - INFO - ###########################
2023-06-02 07:00:55,347 - INFO - selected_topic:race
2023-06-02 07:00:55,347 - INFO - iteration:158
2023-06-02 07:00:55,348 - INFO - total cases:84/200
2023-06-02 07:02:01,506 - INFO - execution time:66.16s

2023-06-02 07:02:01,507 - INFO - ###########################
2023-06-02 07:02:01,507 - INFO - selected_topic:race
2023-06-02 07:02:01,507 - INFO - iteration:159
2023-06-02 07:02:01,507 - INFO - total cases:85/200
2023-06-02 07:03:05,253 - INFO - execution time:63.75s

2023-06-02 07:03:05,253 - INFO - ###########################
2023-06-02 07:03:05,253 - INFO - selected_topic:race
2023-06-02 07:03:05,253 - INFO - iteration:160
2023-06-02 07:03:05,253 - INFO - total cases:85/200
2023-06-02 07:04:26,277 - INFO - execution time:81.02s

2023-06-02 07:04:26,278 - INFO - ###########################
2023-06-02 07:04:26,278 - INFO - selected_topic:race
2023-06-02 07:04:26,278 - INFO - iteration:161
2023-06-02 07:04:26,278 - INFO - total cases:85/200
2023-06-02 07:05:45,780 - INFO - execution time:79.50s

2023-06-02 07:05:45,780 - INFO - ###########################
2023-06-02 07:05:45,780 - INFO - selected_topic:race
2023-06-02 07:05:45,780 - INFO - iteration:162
2023-06-02 07:05:45,781 - INFO - total cases:86/200
2023-06-02 07:07:12,277 - INFO - execution time:86.50s

2023-06-02 07:07:12,277 - INFO - ###########################
2023-06-02 07:07:12,277 - INFO - selected_topic:race
2023-06-02 07:07:12,277 - INFO - iteration:163
2023-06-02 07:07:12,277 - INFO - total cases:86/200
2023-06-02 07:08:27,409 - INFO - execution time:75.13s

2023-06-02 07:08:27,410 - INFO - ###########################
2023-06-02 07:08:27,410 - INFO - selected_topic:race
2023-06-02 07:08:27,410 - INFO - iteration:164
2023-06-02 07:08:27,410 - INFO - total cases:86/200
2023-06-02 07:09:14,580 - INFO - execution time:47.17s

2023-06-02 07:09:14,580 - INFO - ###########################
2023-06-02 07:09:14,580 - INFO - selected_topic:race
2023-06-02 07:09:14,580 - INFO - iteration:165
2023-06-02 07:09:14,580 - INFO - total cases:86/200
2023-06-02 07:10:36,553 - INFO - execution time:81.97s

2023-06-02 07:10:36,553 - INFO - ###########################
2023-06-02 07:10:36,553 - INFO - selected_topic:race
2023-06-02 07:10:36,553 - INFO - iteration:166
2023-06-02 07:10:36,553 - INFO - total cases:86/200
2023-06-02 07:12:21,445 - INFO - execution time:104.89s

2023-06-02 07:12:21,445 - INFO - ###########################
2023-06-02 07:12:21,445 - INFO - selected_topic:race
2023-06-02 07:12:21,445 - INFO - iteration:167
2023-06-02 07:12:21,446 - INFO - total cases:87/200
2023-06-02 07:13:38,204 - INFO - execution time:76.76s

2023-06-02 07:13:38,204 - INFO - ###########################
2023-06-02 07:13:38,204 - INFO - selected_topic:race
2023-06-02 07:13:38,204 - INFO - iteration:168
2023-06-02 07:13:38,205 - INFO - total cases:87/200
2023-06-02 07:14:46,636 - INFO - execution time:68.43s

2023-06-02 07:14:46,636 - INFO - ###########################
2023-06-02 07:14:46,636 - INFO - selected_topic:race
2023-06-02 07:14:46,636 - INFO - iteration:169
2023-06-02 07:14:46,636 - INFO - total cases:88/200
2023-06-02 07:15:50,046 - INFO - execution time:63.41s

2023-06-02 07:15:50,047 - INFO - ###########################
2023-06-02 07:15:50,047 - INFO - selected_topic:race
2023-06-02 07:15:50,047 - INFO - iteration:170
2023-06-02 07:15:50,047 - INFO - total cases:88/200
2023-06-02 07:17:10,472 - INFO - execution time:80.42s

2023-06-02 07:17:10,472 - INFO - ###########################
2023-06-02 07:17:10,472 - INFO - selected_topic:race
2023-06-02 07:17:10,472 - INFO - iteration:171
2023-06-02 07:17:10,472 - INFO - total cases:89/200
2023-06-02 07:17:46,604 - INFO - execution time:36.13s

2023-06-02 07:17:46,604 - INFO - ###########################
2023-06-02 07:17:46,605 - INFO - selected_topic:race
2023-06-02 07:17:46,605 - INFO - iteration:172
2023-06-02 07:17:46,605 - INFO - total cases:89/200
2023-06-02 07:19:08,167 - INFO - execution time:81.56s

2023-06-02 07:19:08,167 - INFO - ###########################
2023-06-02 07:19:08,167 - INFO - selected_topic:race
2023-06-02 07:19:08,167 - INFO - iteration:173
2023-06-02 07:19:08,167 - INFO - total cases:90/200
2023-06-02 07:20:05,975 - INFO - execution time:57.81s

2023-06-02 07:20:05,975 - INFO - ###########################
2023-06-02 07:20:05,975 - INFO - selected_topic:race
2023-06-02 07:20:05,975 - INFO - iteration:174
2023-06-02 07:20:05,975 - INFO - total cases:91/200
2023-06-02 07:20:47,563 - INFO - execution time:41.59s

2023-06-02 07:20:47,563 - INFO - ###########################
2023-06-02 07:20:47,564 - INFO - selected_topic:race
2023-06-02 07:20:47,564 - INFO - iteration:175
2023-06-02 07:20:47,564 - INFO - total cases:91/200
2023-06-02 07:21:23,528 - INFO - execution time:35.96s

2023-06-02 07:21:23,528 - INFO - ###########################
2023-06-02 07:21:23,528 - INFO - selected_topic:race
2023-06-02 07:21:23,528 - INFO - iteration:176
2023-06-02 07:21:23,529 - INFO - total cases:91/200
2023-06-02 07:22:56,712 - INFO - execution time:93.18s

2023-06-02 07:22:56,713 - INFO - ###########################
2023-06-02 07:22:56,713 - INFO - selected_topic:race
2023-06-02 07:22:56,713 - INFO - iteration:177
2023-06-02 07:22:56,713 - INFO - total cases:92/200
2023-06-02 07:24:16,055 - INFO - execution time:79.34s

2023-06-02 07:24:16,055 - INFO - ###########################
2023-06-02 07:24:16,055 - INFO - selected_topic:race
2023-06-02 07:24:16,055 - INFO - iteration:178
2023-06-02 07:24:16,056 - INFO - total cases:93/200
2023-06-02 07:25:25,230 - INFO - execution time:69.17s

2023-06-02 07:25:25,231 - INFO - ###########################
2023-06-02 07:25:25,231 - INFO - selected_topic:race
2023-06-02 07:25:25,231 - INFO - iteration:179
2023-06-02 07:25:25,231 - INFO - total cases:94/200
2023-06-02 07:26:56,489 - INFO - execution time:91.26s

2023-06-02 07:26:56,489 - INFO - ###########################
2023-06-02 07:26:56,489 - INFO - selected_topic:race
2023-06-02 07:26:56,489 - INFO - iteration:180
2023-06-02 07:26:56,489 - INFO - total cases:95/200
2023-06-02 07:28:19,878 - INFO - execution time:83.39s

2023-06-02 07:28:19,879 - INFO - ###########################
2023-06-02 07:28:19,879 - INFO - selected_topic:race
2023-06-02 07:28:19,879 - INFO - iteration:181
2023-06-02 07:28:19,879 - INFO - total cases:95/200
2023-06-02 07:29:43,129 - INFO - execution time:83.25s

2023-06-02 07:29:43,129 - INFO - ###########################
2023-06-02 07:29:43,129 - INFO - selected_topic:race
2023-06-02 07:29:43,129 - INFO - iteration:182
2023-06-02 07:29:43,129 - INFO - total cases:95/200
2023-06-02 07:31:12,497 - INFO - execution time:89.37s

2023-06-02 07:31:12,498 - INFO - ###########################
2023-06-02 07:31:12,498 - INFO - selected_topic:race
2023-06-02 07:31:12,498 - INFO - iteration:183
2023-06-02 07:31:12,498 - INFO - total cases:96/200
2023-06-02 07:32:33,134 - INFO - execution time:80.64s

2023-06-02 07:32:33,135 - INFO - ###########################
2023-06-02 07:32:33,135 - INFO - selected_topic:race
2023-06-02 07:32:33,135 - INFO - iteration:184
2023-06-02 07:32:33,135 - INFO - total cases:97/200
2023-06-02 07:33:57,595 - INFO - execution time:84.46s

2023-06-02 07:33:57,595 - INFO - ###########################
2023-06-02 07:33:57,595 - INFO - selected_topic:race
2023-06-02 07:33:57,595 - INFO - iteration:185
2023-06-02 07:33:57,595 - INFO - total cases:98/200
2023-06-02 07:35:03,263 - INFO - execution time:65.67s

2023-06-02 07:35:03,263 - INFO - ###########################
2023-06-02 07:35:03,263 - INFO - selected_topic:race
2023-06-02 07:35:03,263 - INFO - iteration:186
2023-06-02 07:35:03,263 - INFO - total cases:99/200
2023-06-02 07:36:04,049 - INFO - execution time:60.79s

2023-06-02 07:36:04,049 - INFO - ###########################
2023-06-02 07:36:04,049 - INFO - selected_topic:race
2023-06-02 07:36:04,049 - INFO - iteration:187
2023-06-02 07:36:04,049 - INFO - total cases:100/200
2023-06-02 07:37:37,805 - INFO - execution time:93.76s

2023-06-02 07:37:37,805 - INFO - ###########################
2023-06-02 07:37:37,805 - INFO - selected_topic:race
2023-06-02 07:37:37,806 - INFO - iteration:188
2023-06-02 07:37:37,806 - INFO - total cases:100/200
2023-06-02 07:38:50,481 - INFO - execution time:72.67s

2023-06-02 07:38:50,481 - INFO - ###########################
2023-06-02 07:38:50,481 - INFO - selected_topic:race
2023-06-02 07:38:50,481 - INFO - iteration:189
2023-06-02 07:38:50,481 - INFO - total cases:101/200
2023-06-02 07:40:08,599 - INFO - execution time:78.12s

2023-06-02 07:40:08,599 - INFO - ###########################
2023-06-02 07:40:08,599 - INFO - selected_topic:race
2023-06-02 07:40:08,600 - INFO - iteration:190
2023-06-02 07:40:08,600 - INFO - total cases:102/200
2023-06-02 07:41:28,309 - INFO - execution time:79.71s

2023-06-02 07:41:28,309 - INFO - ###########################
2023-06-02 07:41:28,309 - INFO - selected_topic:race
2023-06-02 07:41:28,310 - INFO - iteration:191
2023-06-02 07:41:28,310 - INFO - total cases:103/200
2023-06-02 07:42:18,779 - INFO - execution time:50.47s

2023-06-02 07:42:18,780 - INFO - ###########################
2023-06-02 07:42:18,780 - INFO - selected_topic:race
2023-06-02 07:42:18,780 - INFO - iteration:192
2023-06-02 07:42:18,780 - INFO - total cases:103/200
2023-06-02 07:44:08,356 - INFO - execution time:109.58s

2023-06-02 07:44:08,357 - INFO - ###########################
2023-06-02 07:44:08,357 - INFO - selected_topic:race
2023-06-02 07:44:08,357 - INFO - iteration:193
2023-06-02 07:44:08,357 - INFO - total cases:103/200
2023-06-02 07:45:14,001 - INFO - execution time:65.64s

2023-06-02 07:45:14,001 - INFO - ###########################
2023-06-02 07:45:14,001 - INFO - selected_topic:race
2023-06-02 07:45:14,002 - INFO - iteration:194
2023-06-02 07:45:14,002 - INFO - total cases:103/200
2023-06-02 07:46:51,291 - INFO - execution time:97.29s

2023-06-02 07:46:51,291 - INFO - ###########################
2023-06-02 07:46:51,291 - INFO - selected_topic:race
2023-06-02 07:46:51,291 - INFO - iteration:195
2023-06-02 07:46:51,292 - INFO - total cases:104/200
2023-06-02 07:48:19,992 - INFO - execution time:88.70s

2023-06-02 07:48:19,992 - INFO - ###########################
2023-06-02 07:48:19,992 - INFO - selected_topic:race
2023-06-02 07:48:19,992 - INFO - iteration:196
2023-06-02 07:48:19,992 - INFO - total cases:105/200
2023-06-02 07:50:10,242 - INFO - execution time:110.25s

2023-06-02 07:50:10,242 - INFO - ###########################
2023-06-02 07:50:10,242 - INFO - selected_topic:race
2023-06-02 07:50:10,242 - INFO - iteration:197
2023-06-02 07:50:10,243 - INFO - total cases:106/200
2023-06-02 07:51:20,932 - INFO - execution time:70.69s

2023-06-02 07:51:20,932 - INFO - ###########################
2023-06-02 07:51:20,932 - INFO - selected_topic:race
2023-06-02 07:51:20,932 - INFO - iteration:198
2023-06-02 07:51:20,932 - INFO - total cases:106/200
2023-06-02 07:53:07,237 - INFO - execution time:106.30s

2023-06-02 07:53:07,237 - INFO - ###########################
2023-06-02 07:53:07,237 - INFO - selected_topic:race
2023-06-02 07:53:07,237 - INFO - iteration:199
2023-06-02 07:53:07,237 - INFO - total cases:106/200
2023-06-02 07:54:13,240 - INFO - execution time:66.00s

2023-06-02 07:54:13,240 - INFO - ###########################
2023-06-02 07:54:13,240 - INFO - selected_topic:race
2023-06-02 07:54:13,240 - INFO - iteration:200
2023-06-02 07:54:13,240 - INFO - total cases:107/200
2023-06-02 07:55:35,817 - INFO - execution time:82.58s

2023-06-02 07:55:35,818 - INFO - ###########################
2023-06-02 07:55:35,818 - INFO - selected_topic:race
2023-06-02 07:55:35,818 - INFO - iteration:201
2023-06-02 07:55:35,818 - INFO - total cases:108/200
2023-06-02 07:56:17,101 - INFO - execution time:41.28s

2023-06-02 07:56:17,101 - INFO - ###########################
2023-06-02 07:56:17,101 - INFO - selected_topic:race
2023-06-02 07:56:17,102 - INFO - iteration:202
2023-06-02 07:56:17,102 - INFO - total cases:108/200
2023-06-02 07:57:33,907 - INFO - execution time:76.81s

2023-06-02 07:57:33,907 - INFO - ###########################
2023-06-02 07:57:33,908 - INFO - selected_topic:race
2023-06-02 07:57:33,908 - INFO - iteration:203
2023-06-02 07:57:33,908 - INFO - total cases:108/200
2023-06-02 07:59:01,660 - INFO - execution time:87.75s

2023-06-02 07:59:01,660 - INFO - ###########################
2023-06-02 07:59:01,660 - INFO - selected_topic:race
2023-06-02 07:59:01,660 - INFO - iteration:204
2023-06-02 07:59:01,660 - INFO - total cases:109/200
2023-06-02 08:00:17,007 - INFO - execution time:75.35s

2023-06-02 08:00:17,007 - INFO - ###########################
2023-06-02 08:00:17,008 - INFO - selected_topic:race
2023-06-02 08:00:17,008 - INFO - iteration:205
2023-06-02 08:00:17,008 - INFO - total cases:110/200
2023-06-02 08:01:33,292 - INFO - execution time:76.28s

2023-06-02 08:01:33,292 - INFO - ###########################
2023-06-02 08:01:33,292 - INFO - selected_topic:race
2023-06-02 08:01:33,292 - INFO - iteration:206
2023-06-02 08:01:33,293 - INFO - total cases:111/200
2023-06-02 08:02:22,567 - INFO - execution time:49.27s

2023-06-02 08:02:22,567 - INFO - ###########################
2023-06-02 08:02:22,567 - INFO - selected_topic:race
2023-06-02 08:02:22,567 - INFO - iteration:207
2023-06-02 08:02:22,567 - INFO - total cases:111/200
2023-06-02 08:03:11,567 - INFO - execution time:49.00s

2023-06-02 08:03:11,567 - INFO - ###########################
2023-06-02 08:03:11,567 - INFO - selected_topic:race
2023-06-02 08:03:11,567 - INFO - iteration:208
2023-06-02 08:03:11,567 - INFO - total cases:111/200
2023-06-02 08:04:19,929 - INFO - execution time:68.36s

2023-06-02 08:04:19,929 - INFO - ###########################
2023-06-02 08:04:19,929 - INFO - selected_topic:race
2023-06-02 08:04:19,929 - INFO - iteration:209
2023-06-02 08:04:19,929 - INFO - total cases:111/200
2023-06-02 08:05:35,590 - INFO - execution time:75.66s

2023-06-02 08:05:35,590 - INFO - ###########################
2023-06-02 08:05:35,590 - INFO - selected_topic:race
2023-06-02 08:05:35,590 - INFO - iteration:210
2023-06-02 08:05:35,590 - INFO - total cases:112/200
2023-06-02 08:07:14,395 - INFO - execution time:98.80s

2023-06-02 08:07:14,396 - INFO - ###########################
2023-06-02 08:07:14,396 - INFO - selected_topic:race
2023-06-02 08:07:14,396 - INFO - iteration:211
2023-06-02 08:07:14,396 - INFO - total cases:113/200
2023-06-02 08:07:59,212 - INFO - execution time:44.82s

2023-06-02 08:07:59,213 - INFO - ###########################
2023-06-02 08:07:59,213 - INFO - selected_topic:race
2023-06-02 08:07:59,213 - INFO - iteration:212
2023-06-02 08:07:59,213 - INFO - total cases:113/200
2023-06-02 08:08:43,147 - INFO - execution time:43.93s

2023-06-02 08:08:43,147 - INFO - ###########################
2023-06-02 08:08:43,147 - INFO - selected_topic:race
2023-06-02 08:08:43,147 - INFO - iteration:213
2023-06-02 08:08:43,147 - INFO - total cases:113/200
2023-06-02 08:10:25,939 - INFO - execution time:102.79s

2023-06-02 08:10:25,940 - INFO - ###########################
2023-06-02 08:10:25,940 - INFO - selected_topic:race
2023-06-02 08:10:25,940 - INFO - iteration:214
2023-06-02 08:10:25,940 - INFO - total cases:114/200
2023-06-02 08:11:37,142 - INFO - execution time:71.20s

2023-06-02 08:11:37,143 - INFO - ###########################
2023-06-02 08:11:37,143 - INFO - selected_topic:race
2023-06-02 08:11:37,143 - INFO - iteration:215
2023-06-02 08:11:37,143 - INFO - total cases:115/200
2023-06-02 08:13:01,604 - INFO - execution time:84.46s

2023-06-02 08:13:01,604 - INFO - ###########################
2023-06-02 08:13:01,605 - INFO - selected_topic:race
2023-06-02 08:13:01,605 - INFO - iteration:216
2023-06-02 08:13:01,605 - INFO - total cases:116/200
2023-06-02 08:14:30,881 - INFO - execution time:89.28s

2023-06-02 08:14:30,881 - INFO - ###########################
2023-06-02 08:14:30,881 - INFO - selected_topic:race
2023-06-02 08:14:30,882 - INFO - iteration:217
2023-06-02 08:14:30,882 - INFO - total cases:117/200
2023-06-02 08:16:28,144 - INFO - execution time:117.26s

2023-06-02 08:16:28,145 - INFO - ###########################
2023-06-02 08:16:28,145 - INFO - selected_topic:race
2023-06-02 08:16:28,145 - INFO - iteration:218
2023-06-02 08:16:28,145 - INFO - total cases:118/200
2023-06-02 08:17:49,709 - INFO - execution time:81.56s

2023-06-02 08:17:49,710 - INFO - ###########################
2023-06-02 08:17:49,710 - INFO - selected_topic:race
2023-06-02 08:17:49,710 - INFO - iteration:219
2023-06-02 08:17:49,710 - INFO - total cases:119/200
2023-06-02 08:19:10,665 - INFO - execution time:80.96s

2023-06-02 08:19:10,665 - INFO - ###########################
2023-06-02 08:19:10,665 - INFO - selected_topic:race
2023-06-02 08:19:10,665 - INFO - iteration:220
2023-06-02 08:19:10,665 - INFO - total cases:120/200
2023-06-02 08:20:04,622 - INFO - execution time:53.96s

2023-06-02 08:20:04,623 - INFO - ###########################
2023-06-02 08:20:04,623 - INFO - selected_topic:race
2023-06-02 08:20:04,623 - INFO - iteration:221
2023-06-02 08:20:04,623 - INFO - total cases:120/200
2023-06-02 08:31:12,023 - INFO - execution time:667.40s

2023-06-02 08:31:12,023 - INFO - ###########################
2023-06-02 08:31:12,024 - INFO - selected_topic:race
2023-06-02 08:31:12,024 - INFO - iteration:222
2023-06-02 08:31:12,024 - INFO - total cases:120/200
2023-06-02 08:32:39,285 - INFO - execution time:87.26s

2023-06-02 08:32:39,285 - INFO - ###########################
2023-06-02 08:32:39,285 - INFO - selected_topic:race
2023-06-02 08:32:39,286 - INFO - iteration:223
2023-06-02 08:32:39,286 - INFO - total cases:121/200
2023-06-02 08:34:18,317 - INFO - execution time:99.03s

2023-06-02 08:34:18,317 - INFO - ###########################
2023-06-02 08:34:18,317 - INFO - selected_topic:race
2023-06-02 08:34:18,317 - INFO - iteration:224
2023-06-02 08:34:18,317 - INFO - total cases:121/200
2023-06-02 08:35:15,260 - INFO - execution time:56.94s

2023-06-02 08:35:15,261 - INFO - ###########################
2023-06-02 08:35:15,261 - INFO - selected_topic:race
2023-06-02 08:35:15,261 - INFO - iteration:225
2023-06-02 08:35:15,261 - INFO - total cases:121/200
2023-06-02 08:36:51,106 - INFO - execution time:95.85s

2023-06-02 08:36:51,107 - INFO - ###########################
2023-06-02 08:36:51,107 - INFO - selected_topic:race
2023-06-02 08:36:51,107 - INFO - iteration:226
2023-06-02 08:36:51,107 - INFO - total cases:122/200
2023-06-02 08:38:31,652 - INFO - execution time:100.55s

2023-06-02 08:38:31,652 - INFO - ###########################
2023-06-02 08:38:31,653 - INFO - selected_topic:race
2023-06-02 08:38:31,653 - INFO - iteration:227
2023-06-02 08:38:31,653 - INFO - total cases:123/200
2023-06-02 08:40:29,596 - INFO - execution time:117.94s

2023-06-02 08:40:29,597 - INFO - ###########################
2023-06-02 08:40:29,597 - INFO - selected_topic:race
2023-06-02 08:40:29,597 - INFO - iteration:228
2023-06-02 08:40:29,598 - INFO - total cases:124/200
2023-06-02 08:41:35,827 - INFO - execution time:66.23s

2023-06-02 08:41:35,828 - INFO - ###########################
2023-06-02 08:41:35,828 - INFO - selected_topic:race
2023-06-02 08:41:35,828 - INFO - iteration:229
2023-06-02 08:41:35,829 - INFO - total cases:124/200
2023-06-02 08:42:44,826 - INFO - execution time:69.00s

2023-06-02 08:42:44,826 - INFO - ###########################
2023-06-02 08:42:44,826 - INFO - selected_topic:race
2023-06-02 08:42:44,826 - INFO - iteration:230
2023-06-02 08:42:44,826 - INFO - total cases:125/200
2023-06-02 08:44:36,202 - INFO - execution time:111.38s

2023-06-02 08:44:36,203 - INFO - ###########################
2023-06-02 08:44:36,203 - INFO - selected_topic:race
2023-06-02 08:44:36,203 - INFO - iteration:231
2023-06-02 08:44:36,203 - INFO - total cases:126/200
2023-06-02 08:46:07,458 - INFO - execution time:91.25s

2023-06-02 08:46:07,458 - INFO - ###########################
2023-06-02 08:46:07,458 - INFO - selected_topic:race
2023-06-02 08:46:07,458 - INFO - iteration:232
2023-06-02 08:46:07,459 - INFO - total cases:127/200
2023-06-02 08:47:27,391 - INFO - execution time:79.93s

2023-06-02 08:47:27,391 - INFO - ###########################
2023-06-02 08:47:27,391 - INFO - selected_topic:race
2023-06-02 08:47:27,392 - INFO - iteration:233
2023-06-02 08:47:27,392 - INFO - total cases:127/200
2023-06-02 08:49:20,006 - INFO - execution time:112.61s

2023-06-02 08:49:20,008 - INFO - ###########################
2023-06-02 08:49:20,008 - INFO - selected_topic:race
2023-06-02 08:49:20,008 - INFO - iteration:234
2023-06-02 08:49:20,008 - INFO - total cases:128/200
2023-06-02 08:50:41,995 - INFO - execution time:81.99s

2023-06-02 08:50:41,995 - INFO - ###########################
2023-06-02 08:50:41,995 - INFO - selected_topic:race
2023-06-02 08:50:41,996 - INFO - iteration:235
2023-06-02 08:50:41,996 - INFO - total cases:129/200
2023-06-02 08:51:41,391 - INFO - execution time:59.40s

2023-06-02 08:51:41,391 - INFO - ###########################
2023-06-02 08:51:41,391 - INFO - selected_topic:race
2023-06-02 08:51:41,391 - INFO - iteration:236
2023-06-02 08:51:41,392 - INFO - total cases:130/200
2023-06-02 08:53:01,889 - INFO - execution time:80.50s

2023-06-02 08:53:01,890 - INFO - ###########################
2023-06-02 08:53:01,890 - INFO - selected_topic:race
2023-06-02 08:53:01,891 - INFO - iteration:237
2023-06-02 08:53:01,891 - INFO - total cases:131/200
2023-06-02 08:54:20,129 - INFO - execution time:78.24s

2023-06-02 08:54:20,129 - INFO - ###########################
2023-06-02 08:54:20,129 - INFO - selected_topic:race
2023-06-02 08:54:20,130 - INFO - iteration:238
2023-06-02 08:54:20,130 - INFO - total cases:132/200
2023-06-02 08:55:53,069 - INFO - execution time:92.94s

2023-06-02 08:55:53,069 - INFO - ###########################
2023-06-02 08:55:53,070 - INFO - selected_topic:race
2023-06-02 08:55:53,070 - INFO - iteration:239
2023-06-02 08:55:53,070 - INFO - total cases:132/200
2023-06-02 08:57:25,410 - INFO - execution time:92.34s

2023-06-02 08:57:25,410 - INFO - ###########################
2023-06-02 08:57:25,410 - INFO - selected_topic:race
2023-06-02 08:57:25,410 - INFO - iteration:240
2023-06-02 08:57:25,410 - INFO - total cases:133/200
2023-06-02 08:58:59,355 - INFO - execution time:93.94s

2023-06-02 08:58:59,356 - INFO - ###########################
2023-06-02 08:58:59,356 - INFO - selected_topic:race
2023-06-02 08:58:59,356 - INFO - iteration:241
2023-06-02 08:58:59,356 - INFO - total cases:133/200
2023-06-02 09:01:00,295 - INFO - execution time:120.94s

2023-06-02 09:01:00,296 - INFO - ###########################
2023-06-02 09:01:00,296 - INFO - selected_topic:race
2023-06-02 09:01:00,296 - INFO - iteration:242
2023-06-02 09:01:00,296 - INFO - total cases:134/200
2023-06-02 09:02:05,555 - INFO - execution time:65.26s

2023-06-02 09:02:05,557 - INFO - ###########################
2023-06-02 09:02:05,557 - INFO - selected_topic:race
2023-06-02 09:02:05,557 - INFO - iteration:243
2023-06-02 09:02:05,557 - INFO - total cases:135/200
2023-06-02 09:02:59,040 - INFO - execution time:53.48s

2023-06-02 09:02:59,040 - INFO - ###########################
2023-06-02 09:02:59,040 - INFO - selected_topic:race
2023-06-02 09:02:59,040 - INFO - iteration:244
2023-06-02 09:02:59,040 - INFO - total cases:135/200
2023-06-02 09:03:44,922 - INFO - execution time:45.88s

2023-06-02 09:03:44,922 - INFO - ###########################
2023-06-02 09:03:44,922 - INFO - selected_topic:race
2023-06-02 09:03:44,922 - INFO - iteration:245
2023-06-02 09:03:44,922 - INFO - total cases:135/200
2023-06-02 09:05:08,588 - INFO - execution time:83.67s

2023-06-02 09:05:08,588 - INFO - ###########################
2023-06-02 09:05:08,589 - INFO - selected_topic:race
2023-06-02 09:05:08,589 - INFO - iteration:246
2023-06-02 09:05:08,589 - INFO - total cases:136/200
2023-06-02 09:06:52,403 - INFO - execution time:103.81s

2023-06-02 09:06:52,404 - INFO - ###########################
2023-06-02 09:06:52,404 - INFO - selected_topic:race
2023-06-02 09:06:52,404 - INFO - iteration:247
2023-06-02 09:06:52,404 - INFO - total cases:136/200
2023-06-02 09:08:16,796 - INFO - execution time:84.39s

2023-06-02 09:08:16,797 - INFO - ###########################
2023-06-02 09:08:16,797 - INFO - selected_topic:race
2023-06-02 09:08:16,797 - INFO - iteration:248
2023-06-02 09:08:16,797 - INFO - total cases:137/200
2023-06-02 09:09:09,203 - INFO - execution time:52.41s

2023-06-02 09:09:09,204 - INFO - ###########################
2023-06-02 09:09:09,204 - INFO - selected_topic:race
2023-06-02 09:09:09,204 - INFO - iteration:249
2023-06-02 09:09:09,204 - INFO - total cases:137/200
2023-06-02 09:09:58,330 - INFO - execution time:49.13s

2023-06-02 09:09:58,330 - INFO - ###########################
2023-06-02 09:09:58,330 - INFO - selected_topic:race
2023-06-02 09:09:58,330 - INFO - iteration:250
2023-06-02 09:09:58,330 - INFO - total cases:137/200
2023-06-02 09:11:22,849 - INFO - execution time:84.52s

2023-06-02 09:11:22,849 - INFO - ###########################
2023-06-02 09:11:22,849 - INFO - selected_topic:race
2023-06-02 09:11:22,849 - INFO - iteration:251
2023-06-02 09:11:22,849 - INFO - total cases:138/200
2023-06-02 09:12:11,596 - INFO - execution time:48.75s

2023-06-02 09:12:11,597 - INFO - ###########################
2023-06-02 09:12:11,597 - INFO - selected_topic:race
2023-06-02 09:12:11,597 - INFO - iteration:252
2023-06-02 09:12:11,597 - INFO - total cases:139/200
2023-06-02 09:13:39,668 - INFO - execution time:88.07s

2023-06-02 09:13:39,668 - INFO - ###########################
2023-06-02 09:13:39,668 - INFO - selected_topic:race
2023-06-02 09:13:39,668 - INFO - iteration:253
2023-06-02 09:13:39,668 - INFO - total cases:140/200
2023-06-02 09:14:44,595 - INFO - execution time:64.93s

2023-06-02 09:14:44,596 - INFO - ###########################
2023-06-02 09:14:44,597 - INFO - selected_topic:race
2023-06-02 09:14:44,597 - INFO - iteration:254
2023-06-02 09:14:44,597 - INFO - total cases:141/200
2023-06-02 09:16:06,765 - INFO - execution time:82.17s

2023-06-02 09:16:06,765 - INFO - ###########################
2023-06-02 09:16:06,765 - INFO - selected_topic:race
2023-06-02 09:16:06,765 - INFO - iteration:255
2023-06-02 09:16:06,765 - INFO - total cases:142/200
2023-06-02 09:17:27,137 - INFO - execution time:80.37s

2023-06-02 09:17:27,138 - INFO - ###########################
2023-06-02 09:17:27,138 - INFO - selected_topic:race
2023-06-02 09:17:27,138 - INFO - iteration:256
2023-06-02 09:17:27,138 - INFO - total cases:143/200
2023-06-02 09:20:08,757 - INFO - execution time:161.62s

2023-06-02 09:20:08,757 - INFO - ###########################
2023-06-02 09:20:08,757 - INFO - selected_topic:race
2023-06-02 09:20:08,757 - INFO - iteration:257
2023-06-02 09:20:08,757 - INFO - total cases:144/200
2023-06-02 09:20:58,746 - INFO - execution time:49.99s

2023-06-02 09:20:58,747 - INFO - ###########################
2023-06-02 09:20:58,747 - INFO - selected_topic:race
2023-06-02 09:20:58,747 - INFO - iteration:258
2023-06-02 09:20:58,747 - INFO - total cases:144/200
2023-06-02 09:22:32,516 - INFO - execution time:93.77s

2023-06-02 09:22:32,516 - INFO - ###########################
2023-06-02 09:22:32,516 - INFO - selected_topic:race
2023-06-02 09:22:32,516 - INFO - iteration:259
2023-06-02 09:22:32,516 - INFO - total cases:145/200
2023-06-02 09:23:24,102 - INFO - execution time:51.59s

2023-06-02 09:23:24,102 - INFO - ###########################
2023-06-02 09:23:24,102 - INFO - selected_topic:race
2023-06-02 09:23:24,102 - INFO - iteration:260
2023-06-02 09:23:24,102 - INFO - total cases:145/200
2023-06-02 09:24:30,925 - INFO - execution time:66.82s

2023-06-02 09:24:30,925 - INFO - ###########################
2023-06-02 09:24:30,926 - INFO - selected_topic:race
2023-06-02 09:24:30,926 - INFO - iteration:261
2023-06-02 09:24:30,926 - INFO - total cases:145/200
2023-06-02 09:25:39,586 - INFO - execution time:68.66s

2023-06-02 09:25:39,587 - INFO - ###########################
2023-06-02 09:25:39,587 - INFO - selected_topic:race
2023-06-02 09:25:39,587 - INFO - iteration:262
2023-06-02 09:25:39,587 - INFO - total cases:146/200
2023-06-02 09:26:32,841 - INFO - execution time:53.25s

2023-06-02 09:26:32,841 - INFO - ###########################
2023-06-02 09:26:32,841 - INFO - selected_topic:race
2023-06-02 09:26:32,841 - INFO - iteration:263
2023-06-02 09:26:32,841 - INFO - total cases:146/200
2023-06-02 09:27:21,133 - INFO - execution time:48.29s

2023-06-02 09:27:21,133 - INFO - ###########################
2023-06-02 09:27:21,133 - INFO - selected_topic:race
2023-06-02 09:27:21,133 - INFO - iteration:264
2023-06-02 09:27:21,133 - INFO - total cases:146/200
2023-06-02 09:28:26,980 - INFO - execution time:65.85s

2023-06-02 09:28:26,981 - INFO - ###########################
2023-06-02 09:28:26,981 - INFO - selected_topic:race
2023-06-02 09:28:26,981 - INFO - iteration:265
2023-06-02 09:28:26,981 - INFO - total cases:147/200
2023-06-02 09:30:10,505 - INFO - execution time:103.52s

2023-06-02 09:30:10,505 - INFO - ###########################
2023-06-02 09:30:10,505 - INFO - selected_topic:race
2023-06-02 09:30:10,506 - INFO - iteration:266
2023-06-02 09:30:10,506 - INFO - total cases:148/200
2023-06-02 09:31:16,066 - INFO - execution time:65.56s

2023-06-02 09:31:16,067 - INFO - ###########################
2023-06-02 09:31:16,067 - INFO - selected_topic:race
2023-06-02 09:31:16,067 - INFO - iteration:267
2023-06-02 09:31:16,067 - INFO - total cases:148/200
2023-06-02 09:32:28,925 - INFO - execution time:72.86s

2023-06-02 09:32:28,925 - INFO - ###########################
2023-06-02 09:32:28,926 - INFO - selected_topic:race
2023-06-02 09:32:28,926 - INFO - iteration:268
2023-06-02 09:32:28,926 - INFO - total cases:149/200
2023-06-02 09:34:08,651 - INFO - execution time:99.73s

2023-06-02 09:34:08,652 - INFO - ###########################
2023-06-02 09:34:08,652 - INFO - selected_topic:race
2023-06-02 09:34:08,652 - INFO - iteration:269
2023-06-02 09:34:08,652 - INFO - total cases:150/200
2023-06-02 09:35:13,649 - INFO - execution time:65.00s

2023-06-02 09:35:13,649 - INFO - ###########################
2023-06-02 09:35:13,649 - INFO - selected_topic:race
2023-06-02 09:35:13,650 - INFO - iteration:270
2023-06-02 09:35:13,650 - INFO - total cases:150/200
2023-06-02 09:36:07,981 - INFO - execution time:54.33s

2023-06-02 09:36:07,982 - INFO - ###########################
2023-06-02 09:36:07,982 - INFO - selected_topic:race
2023-06-02 09:36:07,982 - INFO - iteration:271
2023-06-02 09:36:07,982 - INFO - total cases:150/200
2023-06-02 09:37:13,333 - INFO - execution time:65.35s

2023-06-02 09:37:13,333 - INFO - ###########################
2023-06-02 09:37:13,333 - INFO - selected_topic:race
2023-06-02 09:37:13,333 - INFO - iteration:272
2023-06-02 09:37:13,334 - INFO - total cases:150/200
2023-06-02 09:38:15,778 - INFO - execution time:62.44s

2023-06-02 09:38:15,778 - INFO - ###########################
2023-06-02 09:38:15,779 - INFO - selected_topic:race
2023-06-02 09:38:15,779 - INFO - iteration:273
2023-06-02 09:38:15,779 - INFO - total cases:150/200
2023-06-02 09:39:43,696 - INFO - execution time:87.92s

2023-06-02 09:39:43,697 - INFO - ###########################
2023-06-02 09:39:43,697 - INFO - selected_topic:race
2023-06-02 09:39:43,697 - INFO - iteration:274
2023-06-02 09:39:43,697 - INFO - total cases:151/200
2023-06-02 09:40:30,773 - INFO - execution time:47.08s

2023-06-02 09:40:30,773 - INFO - ###########################
2023-06-02 09:40:30,773 - INFO - selected_topic:race
2023-06-02 09:40:30,773 - INFO - iteration:275
2023-06-02 09:40:30,774 - INFO - total cases:151/200
2023-06-02 09:42:00,876 - INFO - execution time:90.10s

2023-06-02 09:42:00,877 - INFO - ###########################
2023-06-02 09:42:00,877 - INFO - selected_topic:race
2023-06-02 09:42:00,877 - INFO - iteration:276
2023-06-02 09:42:00,877 - INFO - total cases:151/200
2023-06-02 09:43:25,285 - INFO - execution time:84.41s

2023-06-02 09:43:25,285 - INFO - ###########################
2023-06-02 09:43:25,285 - INFO - selected_topic:race
2023-06-02 09:43:25,285 - INFO - iteration:277
2023-06-02 09:43:25,286 - INFO - total cases:152/200
2023-06-02 09:44:41,731 - INFO - execution time:76.44s

2023-06-02 09:44:41,731 - INFO - ###########################
2023-06-02 09:44:41,731 - INFO - selected_topic:race
2023-06-02 09:44:41,731 - INFO - iteration:278
2023-06-02 09:44:41,731 - INFO - total cases:152/200
2023-06-02 09:46:23,625 - INFO - execution time:101.89s

2023-06-02 09:46:23,626 - INFO - ###########################
2023-06-02 09:46:23,626 - INFO - selected_topic:race
2023-06-02 09:46:23,626 - INFO - iteration:279
2023-06-02 09:46:23,626 - INFO - total cases:153/200
2023-06-02 09:47:37,817 - INFO - execution time:74.19s

2023-06-02 09:47:37,817 - INFO - ###########################
2023-06-02 09:47:37,817 - INFO - selected_topic:race
2023-06-02 09:47:37,818 - INFO - iteration:280
2023-06-02 09:47:37,818 - INFO - total cases:154/200
2023-06-02 09:48:47,733 - INFO - execution time:69.91s

2023-06-02 09:48:47,733 - INFO - ###########################
2023-06-02 09:48:47,733 - INFO - selected_topic:race
2023-06-02 09:48:47,733 - INFO - iteration:281
2023-06-02 09:48:47,733 - INFO - total cases:155/200
2023-06-02 09:49:27,052 - INFO - execution time:39.32s

2023-06-02 09:49:27,052 - INFO - ###########################
2023-06-02 09:49:27,053 - INFO - selected_topic:race
2023-06-02 09:49:27,053 - INFO - iteration:282
2023-06-02 09:49:27,053 - INFO - total cases:155/200
2023-06-02 09:51:16,981 - INFO - execution time:109.93s

2023-06-02 09:51:16,981 - INFO - ###########################
2023-06-02 09:51:16,981 - INFO - selected_topic:race
2023-06-02 09:51:16,981 - INFO - iteration:283
2023-06-02 09:51:16,981 - INFO - total cases:156/200
2023-06-02 09:52:24,239 - INFO - execution time:67.26s

2023-06-02 09:52:24,239 - INFO - ###########################
2023-06-02 09:52:24,239 - INFO - selected_topic:race
2023-06-02 09:52:24,240 - INFO - iteration:284
2023-06-02 09:52:24,240 - INFO - total cases:157/200
2023-06-02 09:53:24,838 - INFO - execution time:60.60s

2023-06-02 09:53:24,839 - INFO - ###########################
2023-06-02 09:53:24,839 - INFO - selected_topic:race
2023-06-02 09:53:24,839 - INFO - iteration:285
2023-06-02 09:53:24,839 - INFO - total cases:158/200
2023-06-02 09:54:11,848 - INFO - execution time:47.01s

2023-06-02 09:54:11,849 - INFO - ###########################
2023-06-02 09:54:11,849 - INFO - selected_topic:race
2023-06-02 09:54:11,849 - INFO - iteration:286
2023-06-02 09:54:11,849 - INFO - total cases:158/200
2023-06-02 09:55:31,044 - INFO - execution time:79.20s

2023-06-02 09:55:31,045 - INFO - ###########################
2023-06-02 09:55:31,045 - INFO - selected_topic:race
2023-06-02 09:55:31,045 - INFO - iteration:287
2023-06-02 09:55:31,045 - INFO - total cases:159/200
2023-06-02 09:56:39,257 - INFO - execution time:68.21s

2023-06-02 09:56:39,257 - INFO - ###########################
2023-06-02 09:56:39,258 - INFO - selected_topic:race
2023-06-02 09:56:39,258 - INFO - iteration:288
2023-06-02 09:56:39,258 - INFO - total cases:159/200
2023-06-02 09:58:06,866 - INFO - execution time:87.61s

2023-06-02 09:58:06,867 - INFO - ###########################
2023-06-02 09:58:06,867 - INFO - selected_topic:race
2023-06-02 09:58:06,867 - INFO - iteration:289
2023-06-02 09:58:06,867 - INFO - total cases:160/200
2023-06-02 09:58:49,136 - INFO - execution time:42.27s

2023-06-02 09:58:49,136 - INFO - ###########################
2023-06-02 09:58:49,136 - INFO - selected_topic:race
2023-06-02 09:58:49,136 - INFO - iteration:290
2023-06-02 09:58:49,136 - INFO - total cases:160/200
2023-06-02 09:59:30,452 - INFO - execution time:41.32s

2023-06-02 09:59:30,452 - INFO - ###########################
2023-06-02 09:59:30,452 - INFO - selected_topic:race
2023-06-02 09:59:30,452 - INFO - iteration:291
2023-06-02 09:59:30,452 - INFO - total cases:160/200
2023-06-02 10:00:49,086 - INFO - execution time:78.63s

2023-06-02 10:00:49,087 - INFO - ###########################
2023-06-02 10:00:49,087 - INFO - selected_topic:race
2023-06-02 10:00:49,087 - INFO - iteration:292
2023-06-02 10:00:49,087 - INFO - total cases:161/200
2023-06-02 10:02:08,427 - INFO - execution time:79.34s

2023-06-02 10:02:08,427 - INFO - ###########################
2023-06-02 10:02:08,428 - INFO - selected_topic:race
2023-06-02 10:02:08,428 - INFO - iteration:293
2023-06-02 10:02:08,428 - INFO - total cases:162/200
2023-06-02 10:03:29,157 - INFO - execution time:80.73s

2023-06-02 10:03:29,158 - INFO - ###########################
2023-06-02 10:03:29,158 - INFO - selected_topic:race
2023-06-02 10:03:29,158 - INFO - iteration:294
2023-06-02 10:03:29,158 - INFO - total cases:163/200
2023-06-02 10:04:55,494 - INFO - execution time:86.34s

2023-06-02 10:04:55,495 - INFO - ###########################
2023-06-02 10:04:55,495 - INFO - selected_topic:race
2023-06-02 10:04:55,495 - INFO - iteration:295
2023-06-02 10:04:55,495 - INFO - total cases:163/200
2023-06-02 10:06:21,299 - INFO - execution time:85.80s

2023-06-02 10:06:21,299 - INFO - ###########################
2023-06-02 10:06:21,300 - INFO - selected_topic:race
2023-06-02 10:06:21,300 - INFO - iteration:296
2023-06-02 10:06:21,300 - INFO - total cases:164/200
2023-06-02 10:07:33,696 - INFO - execution time:72.40s

2023-06-02 10:07:33,696 - INFO - ###########################
2023-06-02 10:07:33,696 - INFO - selected_topic:race
2023-06-02 10:07:33,696 - INFO - iteration:297
2023-06-02 10:07:33,696 - INFO - total cases:165/200
2023-06-02 10:08:35,575 - INFO - execution time:61.88s

2023-06-02 10:08:35,575 - INFO - ###########################
2023-06-02 10:08:35,575 - INFO - selected_topic:race
2023-06-02 10:08:35,575 - INFO - iteration:298
2023-06-02 10:08:35,576 - INFO - total cases:166/200
2023-06-02 10:10:23,029 - INFO - execution time:107.45s

2023-06-02 10:10:23,029 - INFO - ###########################
2023-06-02 10:10:23,029 - INFO - selected_topic:race
2023-06-02 10:10:23,030 - INFO - iteration:299
2023-06-02 10:10:23,030 - INFO - total cases:167/200
2023-06-02 10:11:47,679 - INFO - execution time:84.65s

2023-06-02 10:11:47,679 - INFO - ###########################
2023-06-02 10:11:47,679 - INFO - selected_topic:race
2023-06-02 10:11:47,680 - INFO - iteration:300
2023-06-02 10:11:47,680 - INFO - total cases:168/200
2023-06-02 10:13:04,949 - INFO - execution time:77.27s

2023-06-02 10:13:04,949 - INFO - ###########################
2023-06-02 10:13:04,949 - INFO - selected_topic:race
2023-06-02 10:13:04,949 - INFO - iteration:301
2023-06-02 10:13:04,950 - INFO - total cases:168/200
2023-06-02 10:14:11,560 - INFO - execution time:66.61s

2023-06-02 10:14:11,560 - INFO - ###########################
2023-06-02 10:14:11,560 - INFO - selected_topic:race
2023-06-02 10:14:11,560 - INFO - iteration:302
2023-06-02 10:14:11,560 - INFO - total cases:169/200
2023-06-02 10:14:59,585 - INFO - execution time:48.02s

2023-06-02 10:14:59,585 - INFO - ###########################
2023-06-02 10:14:59,585 - INFO - selected_topic:race
2023-06-02 10:14:59,586 - INFO - iteration:303
2023-06-02 10:14:59,586 - INFO - total cases:169/200
2023-06-02 10:16:16,762 - INFO - execution time:77.18s

2023-06-02 10:16:16,763 - INFO - ###########################
2023-06-02 10:16:16,763 - INFO - selected_topic:race
2023-06-02 10:16:16,763 - INFO - iteration:304
2023-06-02 10:16:16,763 - INFO - total cases:170/200
2023-06-02 10:17:25,998 - INFO - execution time:69.24s

2023-06-02 10:17:25,999 - INFO - ###########################
2023-06-02 10:17:26,000 - INFO - selected_topic:race
2023-06-02 10:17:26,000 - INFO - iteration:305
2023-06-02 10:17:26,000 - INFO - total cases:171/200
2023-06-02 10:18:49,503 - INFO - execution time:83.50s

2023-06-02 10:18:49,504 - INFO - ###########################
2023-06-02 10:18:49,504 - INFO - selected_topic:race
2023-06-02 10:18:49,504 - INFO - iteration:306
2023-06-02 10:18:49,504 - INFO - total cases:172/200
2023-06-02 10:19:48,510 - INFO - execution time:59.01s

2023-06-02 10:19:48,511 - INFO - ###########################
2023-06-02 10:19:48,511 - INFO - selected_topic:race
2023-06-02 10:19:48,511 - INFO - iteration:307
2023-06-02 10:19:48,511 - INFO - total cases:172/200
2023-06-02 10:21:27,095 - INFO - execution time:98.58s

2023-06-02 10:21:27,095 - INFO - ###########################
2023-06-02 10:21:27,095 - INFO - selected_topic:race
2023-06-02 10:21:27,096 - INFO - iteration:308
2023-06-02 10:21:27,096 - INFO - total cases:173/200
2023-06-02 10:23:07,522 - INFO - execution time:100.43s

2023-06-02 10:23:07,522 - INFO - ###########################
2023-06-02 10:23:07,522 - INFO - selected_topic:race
2023-06-02 10:23:07,522 - INFO - iteration:309
2023-06-02 10:23:07,522 - INFO - total cases:174/200
2023-06-02 10:24:23,423 - INFO - execution time:75.90s

2023-06-02 10:24:23,424 - INFO - ###########################
2023-06-02 10:24:23,424 - INFO - selected_topic:race
2023-06-02 10:24:23,424 - INFO - iteration:310
2023-06-02 10:24:23,424 - INFO - total cases:175/200
2023-06-02 10:24:58,852 - INFO - execution time:35.43s

2023-06-02 10:24:58,852 - INFO - ###########################
2023-06-02 10:24:58,852 - INFO - selected_topic:race
2023-06-02 10:24:58,853 - INFO - iteration:311
2023-06-02 10:24:58,853 - INFO - total cases:175/200
2023-06-02 10:25:55,786 - INFO - execution time:56.93s

2023-06-02 10:25:55,787 - INFO - ###########################
2023-06-02 10:25:55,787 - INFO - selected_topic:race
2023-06-02 10:25:55,787 - INFO - iteration:312
2023-06-02 10:25:55,787 - INFO - total cases:176/200
2023-06-02 10:27:21,264 - INFO - execution time:85.48s

2023-06-02 10:27:21,265 - INFO - ###########################
2023-06-02 10:27:21,265 - INFO - selected_topic:race
2023-06-02 10:27:21,265 - INFO - iteration:313
2023-06-02 10:27:21,265 - INFO - total cases:177/200
2023-06-02 10:28:07,844 - INFO - execution time:46.58s

2023-06-02 10:28:07,844 - INFO - ###########################
2023-06-02 10:28:07,844 - INFO - selected_topic:race
2023-06-02 10:28:07,844 - INFO - iteration:314
2023-06-02 10:28:07,844 - INFO - total cases:177/200
2023-06-02 10:29:18,631 - INFO - execution time:70.79s

2023-06-02 10:29:18,631 - INFO - ###########################
2023-06-02 10:29:18,631 - INFO - selected_topic:race
2023-06-02 10:29:18,631 - INFO - iteration:315
2023-06-02 10:29:18,632 - INFO - total cases:178/200
2023-06-02 10:30:27,041 - INFO - execution time:68.41s

2023-06-02 10:30:27,041 - INFO - ###########################
2023-06-02 10:30:27,041 - INFO - selected_topic:race
2023-06-02 10:30:27,041 - INFO - iteration:316
2023-06-02 10:30:27,041 - INFO - total cases:178/200
2023-06-02 10:32:03,282 - INFO - execution time:96.24s

2023-06-02 10:32:03,282 - INFO - ###########################
2023-06-02 10:32:03,282 - INFO - selected_topic:race
2023-06-02 10:32:03,282 - INFO - iteration:317
2023-06-02 10:32:03,283 - INFO - total cases:178/200
2023-06-02 10:33:12,238 - INFO - execution time:68.96s

2023-06-02 10:33:12,238 - INFO - ###########################
2023-06-02 10:33:12,238 - INFO - selected_topic:race
2023-06-02 10:33:12,238 - INFO - iteration:318
2023-06-02 10:33:12,238 - INFO - total cases:179/200
2023-06-02 10:34:30,189 - INFO - execution time:77.95s

2023-06-02 10:34:30,189 - INFO - ###########################
2023-06-02 10:34:30,189 - INFO - selected_topic:race
2023-06-02 10:34:30,189 - INFO - iteration:319
2023-06-02 10:34:30,189 - INFO - total cases:180/200
2023-06-02 10:35:55,811 - INFO - execution time:85.62s

2023-06-02 10:35:55,812 - INFO - ###########################
2023-06-02 10:35:55,812 - INFO - selected_topic:race
2023-06-02 10:35:55,812 - INFO - iteration:320
2023-06-02 10:35:55,812 - INFO - total cases:180/200
2023-06-02 10:36:45,893 - INFO - execution time:50.08s

2023-06-02 10:36:45,894 - INFO - ###########################
2023-06-02 10:36:45,894 - INFO - selected_topic:race
2023-06-02 10:36:45,894 - INFO - iteration:321
2023-06-02 10:36:45,894 - INFO - total cases:180/200
2023-06-02 10:37:48,431 - INFO - execution time:62.54s

2023-06-02 10:37:48,431 - INFO - ###########################
2023-06-02 10:37:48,432 - INFO - selected_topic:race
2023-06-02 10:37:48,432 - INFO - iteration:322
2023-06-02 10:37:48,432 - INFO - total cases:181/200
2023-06-02 10:39:12,507 - INFO - execution time:84.07s

2023-06-02 10:39:12,507 - INFO - ###########################
2023-06-02 10:39:12,507 - INFO - selected_topic:race
2023-06-02 10:39:12,507 - INFO - iteration:323
2023-06-02 10:39:12,508 - INFO - total cases:182/200
2023-06-02 10:40:24,357 - INFO - execution time:71.85s

2023-06-02 10:40:24,357 - INFO - ###########################
2023-06-02 10:40:24,357 - INFO - selected_topic:race
2023-06-02 10:40:24,357 - INFO - iteration:324
2023-06-02 10:40:24,357 - INFO - total cases:183/200
2023-06-02 10:41:18,179 - INFO - execution time:53.82s

2023-06-02 10:41:18,180 - INFO - ###########################
2023-06-02 10:41:18,180 - INFO - selected_topic:race
2023-06-02 10:41:18,180 - INFO - iteration:325
2023-06-02 10:41:18,180 - INFO - total cases:183/200
2023-06-02 10:42:32,084 - INFO - execution time:73.90s

2023-06-02 10:42:32,084 - INFO - ###########################
2023-06-02 10:42:32,084 - INFO - selected_topic:race
2023-06-02 10:42:32,085 - INFO - iteration:326
2023-06-02 10:42:32,085 - INFO - total cases:183/200
2023-06-02 10:43:44,628 - INFO - execution time:72.54s

2023-06-02 10:43:44,629 - INFO - ###########################
2023-06-02 10:43:44,629 - INFO - selected_topic:race
2023-06-02 10:43:44,629 - INFO - iteration:327
2023-06-02 10:43:44,629 - INFO - total cases:184/200
2023-06-02 10:44:46,554 - INFO - execution time:61.93s

2023-06-02 10:44:46,554 - INFO - ###########################
2023-06-02 10:44:46,555 - INFO - selected_topic:race
2023-06-02 10:44:46,555 - INFO - iteration:328
2023-06-02 10:44:46,555 - INFO - total cases:185/200
2023-06-02 10:46:13,707 - INFO - execution time:87.15s

2023-06-02 10:46:13,707 - INFO - ###########################
2023-06-02 10:46:13,707 - INFO - selected_topic:race
2023-06-02 10:46:13,707 - INFO - iteration:329
2023-06-02 10:46:13,707 - INFO - total cases:186/200
2023-06-02 10:47:25,853 - INFO - execution time:72.15s

2023-06-02 10:47:25,853 - INFO - ###########################
2023-06-02 10:47:25,853 - INFO - selected_topic:race
2023-06-02 10:47:25,853 - INFO - iteration:330
2023-06-02 10:47:25,853 - INFO - total cases:186/200
2023-06-02 10:48:45,713 - INFO - execution time:79.86s

2023-06-02 10:48:45,713 - INFO - ###########################
2023-06-02 10:48:45,713 - INFO - selected_topic:race
2023-06-02 10:48:45,713 - INFO - iteration:331
2023-06-02 10:48:45,714 - INFO - total cases:187/200
2023-06-02 10:49:53,286 - INFO - execution time:67.57s

2023-06-02 10:49:53,287 - INFO - ###########################
2023-06-02 10:49:53,287 - INFO - selected_topic:race
2023-06-02 10:49:53,287 - INFO - iteration:332
2023-06-02 10:49:53,288 - INFO - total cases:188/200
2023-06-02 10:51:40,293 - INFO - execution time:107.01s

2023-06-02 10:51:40,294 - INFO - ###########################
2023-06-02 10:51:40,294 - INFO - selected_topic:race
2023-06-02 10:51:40,294 - INFO - iteration:333
2023-06-02 10:51:40,294 - INFO - total cases:189/200
2023-06-02 10:53:07,727 - INFO - execution time:87.43s

2023-06-02 10:53:07,727 - INFO - ###########################
2023-06-02 10:53:07,727 - INFO - selected_topic:race
2023-06-02 10:53:07,727 - INFO - iteration:334
2023-06-02 10:53:07,727 - INFO - total cases:190/200
2023-06-02 10:54:07,381 - INFO - execution time:59.65s

2023-06-02 10:54:07,381 - INFO - ###########################
2023-06-02 10:54:07,381 - INFO - selected_topic:race
2023-06-02 10:54:07,381 - INFO - iteration:335
2023-06-02 10:54:07,381 - INFO - total cases:191/200
2023-06-02 10:55:13,749 - INFO - execution time:66.37s

2023-06-02 10:55:13,750 - INFO - ###########################
2023-06-02 10:55:13,750 - INFO - selected_topic:race
2023-06-02 10:55:13,750 - INFO - iteration:336
2023-06-02 10:55:13,750 - INFO - total cases:191/200
2023-06-02 10:56:48,192 - INFO - execution time:94.44s

2023-06-02 10:56:48,193 - INFO - ###########################
2023-06-02 10:56:48,193 - INFO - selected_topic:race
2023-06-02 10:56:48,193 - INFO - iteration:337
2023-06-02 10:56:48,193 - INFO - total cases:192/200
2023-06-02 10:58:19,323 - INFO - execution time:91.13s

2023-06-02 10:58:19,323 - INFO - ###########################
2023-06-02 10:58:19,323 - INFO - selected_topic:race
2023-06-02 10:58:19,323 - INFO - iteration:338
2023-06-02 10:58:19,323 - INFO - total cases:193/200
2023-06-02 10:59:12,595 - INFO - execution time:53.27s

2023-06-02 10:59:12,595 - INFO - ###########################
2023-06-02 10:59:12,595 - INFO - selected_topic:race
2023-06-02 10:59:12,595 - INFO - iteration:339
2023-06-02 10:59:12,596 - INFO - total cases:193/200
2023-06-02 11:00:17,521 - INFO - execution time:64.93s

2023-06-02 11:00:17,521 - INFO - ###########################
2023-06-02 11:00:17,521 - INFO - selected_topic:race
2023-06-02 11:00:17,521 - INFO - iteration:340
2023-06-02 11:00:17,521 - INFO - total cases:194/200
2023-06-02 11:01:27,128 - INFO - execution time:69.61s

2023-06-02 11:01:27,128 - INFO - ###########################
2023-06-02 11:01:27,128 - INFO - selected_topic:race
2023-06-02 11:01:27,128 - INFO - iteration:341
2023-06-02 11:01:27,129 - INFO - total cases:195/200
2023-06-02 11:02:14,766 - INFO - execution time:47.64s

2023-06-02 11:02:14,766 - INFO - ###########################
2023-06-02 11:02:14,766 - INFO - selected_topic:race
2023-06-02 11:02:14,767 - INFO - iteration:342
2023-06-02 11:02:14,767 - INFO - total cases:195/200
2023-06-02 11:03:19,154 - INFO - execution time:64.39s

2023-06-02 11:03:19,154 - INFO - ###########################
2023-06-02 11:03:19,154 - INFO - selected_topic:race
2023-06-02 11:03:19,154 - INFO - iteration:343
2023-06-02 11:03:19,155 - INFO - total cases:196/200
2023-06-02 11:04:00,403 - INFO - execution time:41.25s

2023-06-02 11:04:00,403 - INFO - ###########################
2023-06-02 11:04:00,404 - INFO - selected_topic:race
2023-06-02 11:04:00,404 - INFO - iteration:344
2023-06-02 11:04:00,404 - INFO - total cases:196/200
2023-06-02 11:05:09,387 - INFO - execution time:68.98s

2023-06-02 11:05:09,387 - INFO - ###########################
2023-06-02 11:05:09,387 - INFO - selected_topic:race
2023-06-02 11:05:09,387 - INFO - iteration:345
2023-06-02 11:05:09,388 - INFO - total cases:196/200
2023-06-02 11:06:21,717 - INFO - execution time:72.33s

2023-06-02 11:06:21,718 - INFO - ###########################
2023-06-02 11:06:21,718 - INFO - selected_topic:race
2023-06-02 11:06:21,718 - INFO - iteration:346
2023-06-02 11:06:21,718 - INFO - total cases:196/200
2023-06-02 11:07:31,817 - INFO - execution time:70.10s

2023-06-02 11:07:31,818 - INFO - ###########################
2023-06-02 11:07:31,818 - INFO - selected_topic:race
2023-06-02 11:07:31,818 - INFO - iteration:347
2023-06-02 11:07:31,818 - INFO - total cases:197/200
2023-06-02 11:08:43,391 - INFO - execution time:71.57s

2023-06-02 11:08:43,392 - INFO - ###########################
2023-06-02 11:08:43,392 - INFO - selected_topic:race
2023-06-02 11:08:43,392 - INFO - iteration:348
2023-06-02 11:08:43,392 - INFO - total cases:197/200
2023-06-02 11:09:31,850 - INFO - execution time:48.46s

2023-06-02 11:09:31,850 - INFO - ###########################
2023-06-02 11:09:31,850 - INFO - selected_topic:race
2023-06-02 11:09:31,850 - INFO - iteration:349
2023-06-02 11:09:31,850 - INFO - total cases:197/200
2023-06-02 11:10:39,561 - INFO - execution time:67.71s

2023-06-02 11:10:39,561 - INFO - ###########################
2023-06-02 11:10:39,561 - INFO - selected_topic:race
2023-06-02 11:10:39,562 - INFO - iteration:350
2023-06-02 11:10:39,562 - INFO - total cases:197/200
2023-06-02 11:11:27,973 - INFO - execution time:48.41s

2023-06-02 11:11:27,975 - INFO - ###########################
2023-06-02 11:11:27,975 - INFO - selected_topic:race
2023-06-02 11:11:27,975 - INFO - iteration:351
2023-06-02 11:11:27,975 - INFO - total cases:197/200
2023-06-02 11:12:23,465 - INFO - execution time:55.49s

2023-06-02 11:12:23,465 - INFO - ###########################
2023-06-02 11:12:23,465 - INFO - selected_topic:race
2023-06-02 11:12:23,465 - INFO - iteration:352
2023-06-02 11:12:23,465 - INFO - total cases:197/200
2023-06-02 11:13:58,946 - INFO - execution time:95.48s

2023-06-02 11:13:58,948 - INFO - ###########################
2023-06-02 11:13:58,948 - INFO - selected_topic:race
2023-06-02 11:13:58,948 - INFO - iteration:353
2023-06-02 11:13:58,948 - INFO - total cases:197/200
2023-06-02 11:14:43,747 - INFO - execution time:44.80s

2023-06-02 11:14:43,747 - INFO - ###########################
2023-06-02 11:14:43,747 - INFO - selected_topic:race
2023-06-02 11:14:43,747 - INFO - iteration:354
2023-06-02 11:14:43,747 - INFO - total cases:197/200
2023-06-02 11:15:53,964 - INFO - execution time:70.22s

2023-06-02 11:15:53,964 - INFO - ###########################
2023-06-02 11:15:53,964 - INFO - selected_topic:race
2023-06-02 11:15:53,964 - INFO - iteration:355
2023-06-02 11:15:53,964 - INFO - total cases:198/200
2023-06-02 11:16:35,842 - INFO - execution time:41.88s

2023-06-02 11:16:35,842 - INFO - ###########################
2023-06-02 11:16:35,843 - INFO - selected_topic:race
2023-06-02 11:16:35,843 - INFO - iteration:356
2023-06-02 11:16:35,843 - INFO - total cases:198/200
2023-06-02 11:17:50,526 - INFO - execution time:74.68s

2023-06-02 11:17:50,527 - INFO - ###########################
2023-06-02 11:17:50,527 - INFO - selected_topic:race
2023-06-02 11:17:50,527 - INFO - iteration:357
2023-06-02 11:17:50,527 - INFO - total cases:198/200
2023-06-02 11:18:29,724 - INFO - execution time:39.20s

2023-06-02 11:18:29,724 - INFO - ###########################
2023-06-02 11:18:29,724 - INFO - selected_topic:race
2023-06-02 11:18:29,725 - INFO - iteration:358
2023-06-02 11:18:29,725 - INFO - total cases:198/200
2023-06-02 11:19:15,054 - INFO - execution time:45.33s

2023-06-02 11:19:15,054 - INFO - ###########################
2023-06-02 11:19:15,054 - INFO - selected_topic:race
2023-06-02 11:19:15,054 - INFO - iteration:359
2023-06-02 11:19:15,054 - INFO - total cases:198/200
2023-06-02 11:20:36,313 - INFO - execution time:81.26s

2023-06-02 11:20:36,313 - INFO - ###########################
2023-06-02 11:20:36,313 - INFO - selected_topic:race
2023-06-02 11:20:36,313 - INFO - iteration:360
2023-06-02 11:20:36,313 - INFO - total cases:199/200
2023-06-02 11:21:09,615 - INFO - execution time:33.30s

2023-06-02 11:21:09,615 - INFO - ###########################
2023-06-02 11:21:09,615 - INFO - selected_topic:race
2023-06-02 11:21:09,615 - INFO - iteration:361
2023-06-02 11:21:09,616 - INFO - total cases:199/200
2023-06-02 11:22:28,681 - INFO - execution time:79.06s

