2023-05-26 08:42:52,709 - INFO - ###########################
2023-05-26 08:42:52,710 - INFO - selected_topic:race
2023-05-26 08:42:52,710 - INFO - iteration:1
2023-05-26 08:42:52,710 - INFO - total cases:0/10
2023-05-26 08:43:51,145 - INFO - execution time:58.44s

2023-05-26 08:43:51,146 - INFO - ###########################
2023-05-26 08:43:51,146 - INFO - selected_topic:race
2023-05-26 08:43:51,146 - INFO - iteration:2
2023-05-26 08:43:51,146 - INFO - total cases:0/10
2023-05-26 08:44:59,649 - INFO - execution time:68.50s

2023-05-26 08:44:59,649 - INFO - ###########################
2023-05-26 08:44:59,649 - INFO - selected_topic:race
2023-05-26 08:44:59,649 - INFO - iteration:3
2023-05-26 08:44:59,649 - INFO - total cases:1/10
2023-05-26 08:45:42,135 - INFO - execution time:42.49s

2023-05-26 08:45:42,135 - INFO - ###########################
2023-05-26 08:45:42,135 - INFO - selected_topic:race
2023-05-26 08:45:42,135 - INFO - iteration:4
2023-05-26 08:45:42,135 - INFO - total cases:1/10
2023-05-26 08:46:25,802 - INFO - execution time:43.67s

2023-05-26 08:46:25,803 - INFO - ###########################
2023-05-26 08:46:25,803 - INFO - selected_topic:race
2023-05-26 08:46:25,803 - INFO - iteration:5
2023-05-26 08:46:25,803 - INFO - total cases:1/10
2023-05-26 08:47:47,626 - INFO - execution time:81.82s

2023-05-26 08:47:47,626 - INFO - ###########################
2023-05-26 08:47:47,626 - INFO - selected_topic:race
2023-05-26 08:47:47,626 - INFO - iteration:6
2023-05-26 08:47:47,626 - INFO - total cases:2/10
2023-05-26 08:49:09,147 - INFO - execution time:81.52s

2023-05-26 08:49:09,147 - INFO - ###########################
2023-05-26 08:49:09,147 - INFO - selected_topic:race
2023-05-26 08:49:09,147 - INFO - iteration:7
2023-05-26 08:49:09,147 - INFO - total cases:3/10
2023-05-26 08:50:25,116 - INFO - execution time:75.97s

2023-05-26 08:50:25,116 - INFO - ###########################
2023-05-26 08:50:25,116 - INFO - selected_topic:race
2023-05-26 08:50:25,116 - INFO - iteration:8
2023-05-26 08:50:25,117 - INFO - total cases:3/10
2023-05-26 08:51:46,142 - INFO - execution time:81.03s

2023-05-26 08:51:46,142 - INFO - ###########################
2023-05-26 08:51:46,142 - INFO - selected_topic:race
2023-05-26 08:51:46,142 - INFO - iteration:9
2023-05-26 08:51:46,143 - INFO - total cases:4/10
2023-05-26 08:54:49,454 - INFO - execution time:183.31s

2023-05-26 08:54:49,454 - INFO - ###########################
2023-05-26 08:54:49,455 - INFO - selected_topic:race
2023-05-26 08:54:49,455 - INFO - iteration:10
2023-05-26 08:54:49,455 - INFO - total cases:5/10
2023-05-26 08:56:22,001 - INFO - execution time:92.55s

2023-05-26 08:56:22,001 - INFO - ###########################
2023-05-26 08:56:22,001 - INFO - selected_topic:race
2023-05-26 08:56:22,001 - INFO - iteration:11
2023-05-26 08:56:22,001 - INFO - total cases:6/10
2023-05-26 08:57:23,012 - INFO - execution time:61.01s

2023-05-26 08:57:23,013 - INFO - ###########################
2023-05-26 08:57:23,013 - INFO - selected_topic:race
2023-05-26 08:57:23,013 - INFO - iteration:12
2023-05-26 08:57:23,013 - INFO - total cases:6/10
2023-05-26 08:58:30,550 - INFO - execution time:67.54s

2023-05-26 08:58:30,552 - INFO - ###########################
2023-05-26 08:58:30,552 - INFO - selected_topic:race
2023-05-26 08:58:30,552 - INFO - iteration:13
2023-05-26 08:58:30,552 - INFO - total cases:6/10
2023-05-26 08:59:22,914 - INFO - execution time:52.36s

2023-05-26 08:59:22,914 - INFO - ###########################
2023-05-26 08:59:22,914 - INFO - selected_topic:race
2023-05-26 08:59:22,915 - INFO - iteration:14
2023-05-26 08:59:22,915 - INFO - total cases:6/10
2023-05-26 09:00:46,595 - INFO - execution time:83.68s

2023-05-26 09:00:46,595 - INFO - ###########################
2023-05-26 09:00:46,595 - INFO - selected_topic:race
2023-05-26 09:00:46,595 - INFO - iteration:15
2023-05-26 09:00:46,595 - INFO - total cases:7/10
2023-05-26 09:02:21,300 - INFO - execution time:94.70s

2023-05-26 09:02:21,301 - INFO - ###########################
2023-05-26 09:02:21,301 - INFO - selected_topic:race
2023-05-26 09:02:21,301 - INFO - iteration:16
2023-05-26 09:02:21,301 - INFO - total cases:8/10
2023-05-26 09:03:25,262 - INFO - execution time:63.96s

2023-05-26 09:03:25,263 - INFO - ###########################
2023-05-26 09:03:25,263 - INFO - selected_topic:race
2023-05-26 09:03:25,263 - INFO - iteration:17
2023-05-26 09:03:25,263 - INFO - total cases:9/10
2023-05-26 09:04:08,243 - INFO - execution time:42.98s

2023-05-26 09:04:08,243 - INFO - ###########################
2023-05-26 09:04:08,243 - INFO - selected_topic:race
2023-05-26 09:04:08,243 - INFO - iteration:18
2023-05-26 09:04:08,243 - INFO - total cases:9/10
2023-05-26 09:05:37,544 - INFO - execution time:89.30s

