2023-05-18 03:50:56,857 - INFO - ###########################
2023-05-18 03:50:56,857 - INFO - selected_topic:politics
2023-05-18 03:50:56,857 - INFO - iteration:1
2023-05-18 03:50:56,857 - INFO - total cases:0/20
2023-05-18 03:51:57,843 - INFO - execution time:60.99s

2023-05-18 03:51:57,843 - INFO - ###########################
2023-05-18 03:51:57,843 - INFO - selected_topic:politics
2023-05-18 03:51:57,843 - INFO - iteration:2
2023-05-18 03:51:57,843 - INFO - total cases:1/20
2023-05-18 03:52:58,160 - INFO - execution time:60.32s

2023-05-18 03:52:58,161 - INFO - ###########################
2023-05-18 03:52:58,161 - INFO - selected_topic:politics
2023-05-18 03:52:58,161 - INFO - iteration:3
2023-05-18 03:52:58,162 - INFO - total cases:1/20
2023-05-18 03:53:39,162 - INFO - execution time:41.00s

2023-05-18 03:53:39,162 - INFO - ###########################
2023-05-18 03:53:39,162 - INFO - selected_topic:politics
2023-05-18 03:53:39,162 - INFO - iteration:4
2023-05-18 03:53:39,162 - INFO - total cases:1/20
2023-05-18 03:54:12,782 - INFO - execution time:33.62s

2023-05-18 03:54:12,783 - INFO - ###########################
2023-05-18 03:54:12,783 - INFO - selected_topic:politics
2023-05-18 03:54:12,783 - INFO - iteration:5
2023-05-18 03:54:12,783 - INFO - total cases:1/20
2023-05-18 03:55:33,408 - INFO - execution time:80.63s

2023-05-18 03:55:33,408 - INFO - ###########################
2023-05-18 03:55:33,409 - INFO - selected_topic:politics
2023-05-18 03:55:33,409 - INFO - iteration:6
2023-05-18 03:55:33,409 - INFO - total cases:2/20
2023-05-18 03:56:39,694 - INFO - execution time:66.29s

2023-05-18 03:56:39,695 - INFO - ###########################
2023-05-18 03:56:39,695 - INFO - selected_topic:politics
2023-05-18 03:56:39,695 - INFO - iteration:7
2023-05-18 03:56:39,695 - INFO - total cases:3/20
2023-05-18 03:58:01,633 - INFO - execution time:81.94s

2023-05-18 03:58:01,634 - INFO - ###########################
2023-05-18 03:58:01,634 - INFO - selected_topic:politics
2023-05-18 03:58:01,634 - INFO - iteration:8
2023-05-18 03:58:01,634 - INFO - total cases:4/20
2023-05-18 03:59:16,850 - INFO - execution time:75.22s

2023-05-18 03:59:16,850 - INFO - ###########################
2023-05-18 03:59:16,850 - INFO - selected_topic:politics
2023-05-18 03:59:16,850 - INFO - iteration:9
2023-05-18 03:59:16,850 - INFO - total cases:5/20
2023-05-18 04:00:26,760 - INFO - execution time:69.91s

2023-05-18 04:00:26,760 - INFO - ###########################
2023-05-18 04:00:26,760 - INFO - selected_topic:politics
2023-05-18 04:00:26,760 - INFO - iteration:10
2023-05-18 04:00:26,760 - INFO - total cases:5/20
2023-05-18 04:01:21,264 - INFO - execution time:54.50s

2023-05-18 04:01:21,264 - INFO - ###########################
2023-05-18 04:01:21,264 - INFO - selected_topic:politics
2023-05-18 04:01:21,264 - INFO - iteration:11
2023-05-18 04:01:21,264 - INFO - total cases:6/20
2023-05-18 04:02:15,500 - INFO - execution time:54.24s

2023-05-18 04:02:15,501 - INFO - ###########################
2023-05-18 04:02:15,501 - INFO - selected_topic:politics
2023-05-18 04:02:15,501 - INFO - iteration:12
2023-05-18 04:02:15,501 - INFO - total cases:7/20
2023-05-18 04:02:57,588 - INFO - execution time:42.09s

2023-05-18 04:02:57,589 - INFO - ###########################
2023-05-18 04:02:57,589 - INFO - selected_topic:politics
2023-05-18 04:02:57,589 - INFO - iteration:13
2023-05-18 04:02:57,589 - INFO - total cases:7/20
2023-05-18 04:04:11,438 - INFO - execution time:73.85s

2023-05-18 04:04:11,439 - INFO - ###########################
2023-05-18 04:04:11,439 - INFO - selected_topic:politics
2023-05-18 04:04:11,439 - INFO - iteration:14
2023-05-18 04:04:11,439 - INFO - total cases:8/20
2023-05-18 04:05:04,270 - INFO - execution time:52.83s

2023-05-18 04:05:04,270 - INFO - ###########################
2023-05-18 04:05:04,270 - INFO - selected_topic:politics
2023-05-18 04:05:04,270 - INFO - iteration:15
2023-05-18 04:05:04,270 - INFO - total cases:9/20
2023-05-18 04:06:08,154 - INFO - execution time:63.88s

2023-05-18 04:06:08,154 - INFO - ###########################
2023-05-18 04:06:08,154 - INFO - selected_topic:politics
2023-05-18 04:06:08,154 - INFO - iteration:16
2023-05-18 04:06:08,154 - INFO - total cases:10/20
2023-05-18 04:07:00,477 - INFO - execution time:52.32s

2023-05-18 04:07:00,477 - INFO - ###########################
2023-05-18 04:07:00,478 - INFO - selected_topic:politics
2023-05-18 04:07:00,478 - INFO - iteration:17
2023-05-18 04:07:00,478 - INFO - total cases:11/20
2023-05-18 04:07:40,568 - INFO - execution time:40.09s

2023-05-18 04:07:40,568 - INFO - ###########################
2023-05-18 04:07:40,568 - INFO - selected_topic:politics
2023-05-18 04:07:40,569 - INFO - iteration:18
2023-05-18 04:07:40,569 - INFO - total cases:11/20
2023-05-18 04:08:39,451 - INFO - execution time:58.88s

2023-05-18 04:08:39,451 - INFO - ###########################
2023-05-18 04:08:39,451 - INFO - selected_topic:politics
2023-05-18 04:08:39,451 - INFO - iteration:19
2023-05-18 04:08:39,451 - INFO - total cases:12/20
2023-05-18 04:09:37,654 - INFO - execution time:58.20s

2023-05-18 04:09:37,654 - INFO - ###########################
2023-05-18 04:09:37,654 - INFO - selected_topic:politics
2023-05-18 04:09:37,654 - INFO - iteration:20
2023-05-18 04:09:37,654 - INFO - total cases:13/20
2023-05-18 04:10:50,176 - INFO - execution time:72.52s

2023-05-18 04:10:50,176 - INFO - ###########################
2023-05-18 04:10:50,176 - INFO - selected_topic:politics
2023-05-18 04:10:50,177 - INFO - iteration:21
2023-05-18 04:10:50,177 - INFO - total cases:13/20
2023-05-18 04:11:25,933 - INFO - execution time:35.76s

2023-05-18 04:11:25,933 - INFO - ###########################
2023-05-18 04:11:25,933 - INFO - selected_topic:politics
2023-05-18 04:11:25,933 - INFO - iteration:22
2023-05-18 04:11:25,933 - INFO - total cases:13/20
2023-05-18 04:11:53,217 - INFO - execution time:27.28s

2023-05-18 04:11:53,217 - INFO - ###########################
2023-05-18 04:11:53,217 - INFO - selected_topic:politics
2023-05-18 04:11:53,218 - INFO - iteration:23
2023-05-18 04:11:53,218 - INFO - total cases:13/20
2023-05-18 04:12:45,535 - INFO - execution time:52.32s

2023-05-18 04:12:45,535 - INFO - ###########################
2023-05-18 04:12:45,535 - INFO - selected_topic:politics
2023-05-18 04:12:45,536 - INFO - iteration:24
2023-05-18 04:12:45,536 - INFO - total cases:14/20
2023-05-18 04:13:21,428 - INFO - execution time:35.89s

2023-05-18 04:13:21,428 - INFO - ###########################
2023-05-18 04:13:21,429 - INFO - selected_topic:politics
2023-05-18 04:13:21,429 - INFO - iteration:25
2023-05-18 04:13:21,429 - INFO - total cases:14/20
2023-05-18 04:14:18,464 - INFO - execution time:57.04s

2023-05-18 04:14:18,464 - INFO - ###########################
2023-05-18 04:14:18,464 - INFO - selected_topic:politics
2023-05-18 04:14:18,464 - INFO - iteration:26
2023-05-18 04:14:18,465 - INFO - total cases:15/20
2023-05-18 04:15:10,551 - INFO - execution time:52.09s

2023-05-18 04:15:10,551 - INFO - ###########################
2023-05-18 04:15:10,551 - INFO - selected_topic:politics
2023-05-18 04:15:10,551 - INFO - iteration:27
2023-05-18 04:15:10,551 - INFO - total cases:16/20
2023-05-18 04:16:01,354 - INFO - execution time:50.80s

2023-05-18 04:16:01,355 - INFO - ###########################
2023-05-18 04:16:01,355 - INFO - selected_topic:politics
2023-05-18 04:16:01,355 - INFO - iteration:28
2023-05-18 04:16:01,355 - INFO - total cases:17/20
2023-05-18 04:16:53,287 - INFO - execution time:51.93s

2023-05-18 04:16:53,288 - INFO - ###########################
2023-05-18 04:16:53,288 - INFO - selected_topic:politics
2023-05-18 04:16:53,288 - INFO - iteration:29
2023-05-18 04:16:53,288 - INFO - total cases:18/20
2023-05-18 04:17:29,619 - INFO - execution time:36.33s

2023-05-18 04:17:29,619 - INFO - ###########################
2023-05-18 04:17:29,619 - INFO - selected_topic:politics
2023-05-18 04:17:29,619 - INFO - iteration:30
2023-05-18 04:17:29,619 - INFO - total cases:18/20
2023-05-18 04:18:20,221 - INFO - execution time:50.60s

2023-05-18 04:18:20,221 - INFO - ###########################
2023-05-18 04:18:20,221 - INFO - selected_topic:politics
2023-05-18 04:18:20,221 - INFO - iteration:31
2023-05-18 04:18:20,221 - INFO - total cases:18/20
2023-05-18 04:19:10,352 - INFO - execution time:50.13s

2023-05-18 04:19:10,353 - INFO - ###########################
2023-05-18 04:19:10,353 - INFO - selected_topic:politics
2023-05-18 04:19:10,353 - INFO - iteration:32
2023-05-18 04:19:10,353 - INFO - total cases:19/20
2023-05-18 04:19:45,903 - INFO - execution time:35.55s

2023-05-18 04:19:45,904 - INFO - ###########################
2023-05-18 04:19:45,904 - INFO - selected_topic:politics
2023-05-18 04:19:45,904 - INFO - iteration:33
2023-05-18 04:19:45,904 - INFO - total cases:19/20
2023-05-18 04:20:34,648 - INFO - execution time:48.74s

