2023-06-13 08:25:20,096 - INFO - ###########################
2023-06-13 08:25:20,096 - INFO - selected_topic:fraud
2023-06-13 08:25:20,097 - INFO - iteration:1
2023-06-13 08:25:20,097 - INFO - total cases:0/5
2023-06-13 08:25:48,910 - INFO - execution time:28.81s

2023-06-13 08:25:48,910 - INFO - ###########################
2023-06-13 08:25:48,910 - INFO - selected_topic:fraud
2023-06-13 08:25:48,910 - INFO - iteration:2
2023-06-13 08:25:48,910 - INFO - total cases:1/5
2023-06-13 08:26:13,691 - INFO - execution time:24.78s

2023-06-13 08:26:13,692 - INFO - ###########################
2023-06-13 08:26:13,692 - INFO - selected_topic:fraud
2023-06-13 08:26:13,692 - INFO - iteration:3
2023-06-13 08:26:13,692 - INFO - total cases:1/5
2023-06-13 08:26:45,738 - INFO - execution time:32.05s

2023-06-13 08:26:45,738 - INFO - ###########################
2023-06-13 08:26:45,738 - INFO - selected_topic:fraud
2023-06-13 08:26:45,738 - INFO - iteration:4
2023-06-13 08:26:45,738 - INFO - total cases:2/5
2023-06-13 08:27:12,335 - INFO - execution time:26.60s

2023-06-13 08:27:12,335 - INFO - ###########################
2023-06-13 08:27:12,335 - INFO - selected_topic:fraud
2023-06-13 08:27:12,335 - INFO - iteration:5
2023-06-13 08:27:12,336 - INFO - total cases:2/5
2023-06-13 08:27:51,669 - INFO - execution time:39.33s

2023-06-13 08:27:51,669 - INFO - ###########################
2023-06-13 08:27:51,669 - INFO - selected_topic:fraud
2023-06-13 08:27:51,669 - INFO - iteration:6
2023-06-13 08:27:51,669 - INFO - total cases:3/5
2023-06-13 08:28:17,235 - INFO - execution time:25.57s

2023-06-13 08:28:17,235 - INFO - ###########################
2023-06-13 08:28:17,235 - INFO - selected_topic:fraud
2023-06-13 08:28:17,235 - INFO - iteration:7
2023-06-13 08:28:17,235 - INFO - total cases:4/5
2023-06-13 08:28:35,265 - INFO - execution time:18.03s

2023-06-13 08:28:35,265 - INFO - ###########################
2023-06-13 08:28:35,265 - INFO - selected_topic:fraud
2023-06-13 08:28:35,265 - INFO - iteration:8
2023-06-13 08:28:35,266 - INFO - total cases:4/5
2023-06-13 08:29:07,468 - INFO - execution time:32.20s

