2023-05-11 13:25:31,305 - INFO - ###########################
2023-05-11 13:25:31,306 - INFO - iteration:1
2023-05-11 13:25:31,306 - INFO - total cases:0/30
2023-05-11 13:26:30,468 - INFO - execution time:59.16s

2023-05-11 13:26:30,469 - INFO - ###########################
2023-05-11 13:26:30,469 - INFO - iteration:2
2023-05-11 13:26:30,469 - INFO - total cases:1/30
2023-05-11 13:27:55,216 - INFO - execution time:84.75s

2023-05-11 13:27:55,217 - INFO - ###########################
2023-05-11 13:27:55,217 - INFO - iteration:3
2023-05-11 13:27:55,217 - INFO - total cases:2/30
2023-05-11 13:28:30,181 - INFO - execution time:34.96s

2023-05-11 13:28:30,181 - INFO - ###########################
2023-05-11 13:28:30,182 - INFO - iteration:4
2023-05-11 13:28:30,182 - INFO - total cases:2/30
2023-05-11 13:29:31,084 - INFO - execution time:60.90s

2023-05-11 13:29:31,084 - INFO - ###########################
2023-05-11 13:29:31,085 - INFO - iteration:5
2023-05-11 13:29:31,085 - INFO - total cases:2/30
2023-05-11 13:30:30,627 - INFO - execution time:59.54s

2023-05-11 13:30:30,627 - INFO - ###########################
2023-05-11 13:30:30,628 - INFO - iteration:6
2023-05-11 13:30:30,628 - INFO - total cases:2/30
2023-05-11 13:31:34,451 - INFO - execution time:63.82s

2023-05-11 13:31:34,451 - INFO - ###########################
2023-05-11 13:31:34,452 - INFO - iteration:7
2023-05-11 13:31:34,452 - INFO - total cases:3/30
2023-05-11 13:32:35,697 - INFO - execution time:61.24s

2023-05-11 13:32:35,698 - INFO - ###########################
2023-05-11 13:32:35,698 - INFO - iteration:8
2023-05-11 13:32:35,699 - INFO - total cases:3/30
2023-05-11 13:33:36,461 - INFO - execution time:60.76s

2023-05-11 13:33:36,462 - INFO - ###########################
2023-05-11 13:33:36,462 - INFO - iteration:9
2023-05-11 13:33:36,463 - INFO - total cases:4/30
2023-05-11 13:34:34,805 - INFO - execution time:58.34s

2023-05-11 13:34:34,806 - INFO - ###########################
2023-05-11 13:34:34,806 - INFO - iteration:10
2023-05-11 13:34:34,806 - INFO - total cases:4/30
2023-05-11 13:35:30,520 - INFO - execution time:55.71s

2023-05-11 13:35:30,520 - INFO - ###########################
2023-05-11 13:35:30,521 - INFO - iteration:11
2023-05-11 13:35:30,521 - INFO - total cases:5/30
2023-05-11 13:36:50,976 - INFO - execution time:80.46s

2023-05-11 13:36:50,977 - INFO - ###########################
2023-05-11 13:36:50,977 - INFO - iteration:12
2023-05-11 13:36:50,978 - INFO - total cases:5/30
2023-05-11 13:37:32,376 - INFO - execution time:41.40s

2023-05-11 13:37:32,376 - INFO - ###########################
2023-05-11 13:37:32,377 - INFO - iteration:13
2023-05-11 13:37:32,377 - INFO - total cases:5/30
2023-05-11 13:39:06,885 - INFO - execution time:94.51s

2023-05-11 13:39:06,885 - INFO - ###########################
2023-05-11 13:39:06,886 - INFO - iteration:14
2023-05-11 13:39:06,886 - INFO - total cases:5/30
2023-05-11 13:39:30,649 - INFO - execution time:23.76s

2023-05-11 13:39:30,649 - INFO - ###########################
2023-05-11 13:39:30,650 - INFO - iteration:15
2023-05-11 13:39:30,650 - INFO - total cases:6/30
2023-05-11 13:41:00,511 - INFO - execution time:89.86s

2023-05-11 13:41:00,512 - INFO - ###########################
2023-05-11 13:41:00,512 - INFO - iteration:16
2023-05-11 13:41:00,512 - INFO - total cases:7/30
2023-05-11 13:41:40,235 - INFO - execution time:39.72s

2023-05-11 13:41:40,236 - INFO - ###########################
2023-05-11 13:41:40,236 - INFO - iteration:17
2023-05-11 13:41:40,237 - INFO - total cases:7/30
2023-05-11 13:42:50,526 - INFO - execution time:70.29s

2023-05-11 13:42:50,527 - INFO - ###########################
2023-05-11 13:42:50,527 - INFO - iteration:18
2023-05-11 13:42:50,528 - INFO - total cases:7/30
2023-05-11 13:43:38,785 - INFO - execution time:48.26s

2023-05-11 13:43:38,785 - INFO - ###########################
2023-05-11 13:43:38,786 - INFO - iteration:19
2023-05-11 13:43:38,786 - INFO - total cases:7/30
2023-05-11 13:44:38,656 - INFO - execution time:59.87s

2023-05-11 13:44:38,657 - INFO - ###########################
2023-05-11 13:44:38,657 - INFO - iteration:20
2023-05-11 13:44:38,657 - INFO - total cases:7/30
2023-05-11 13:45:38,642 - INFO - execution time:59.98s

2023-05-11 13:45:38,643 - INFO - ###########################
2023-05-11 13:45:38,643 - INFO - iteration:21
2023-05-11 13:45:38,643 - INFO - total cases:7/30
2023-05-11 13:46:38,516 - INFO - execution time:59.87s

2023-05-11 13:46:38,518 - INFO - ###########################
2023-05-11 13:46:38,518 - INFO - iteration:22
2023-05-11 13:46:38,519 - INFO - total cases:7/30
2023-05-11 13:47:58,129 - INFO - execution time:79.61s

2023-05-11 13:47:58,129 - INFO - ###########################
2023-05-11 13:47:58,130 - INFO - iteration:23
2023-05-11 13:47:58,130 - INFO - total cases:7/30
2023-05-11 13:48:39,088 - INFO - execution time:40.96s

2023-05-11 13:48:39,088 - INFO - ###########################
2023-05-11 13:48:39,089 - INFO - iteration:24
2023-05-11 13:48:39,089 - INFO - total cases:8/30
2023-05-11 13:49:40,287 - INFO - execution time:61.20s

2023-05-11 13:49:40,287 - INFO - ###########################
2023-05-11 13:49:40,288 - INFO - iteration:25
2023-05-11 13:49:40,288 - INFO - total cases:9/30
2023-05-11 13:50:39,683 - INFO - execution time:59.40s

2023-05-11 13:50:39,684 - INFO - ###########################
2023-05-11 13:50:39,684 - INFO - iteration:26
2023-05-11 13:50:39,684 - INFO - total cases:10/30
2023-05-11 13:51:37,732 - INFO - execution time:58.05s

2023-05-11 13:51:37,733 - INFO - ###########################
2023-05-11 13:51:37,733 - INFO - iteration:27
2023-05-11 13:51:37,733 - INFO - total cases:10/30
2023-05-11 13:52:39,337 - INFO - execution time:61.60s

2023-05-11 13:52:39,337 - INFO - ###########################
2023-05-11 13:52:39,338 - INFO - iteration:28
2023-05-11 13:52:39,338 - INFO - total cases:11/30
2023-05-11 13:53:49,061 - INFO - execution time:69.72s

2023-05-11 13:53:49,062 - INFO - ###########################
2023-05-11 13:53:49,062 - INFO - iteration:29
2023-05-11 13:53:49,062 - INFO - total cases:12/30
2023-05-11 13:54:39,299 - INFO - execution time:50.24s

2023-05-11 13:54:39,299 - INFO - ###########################
2023-05-11 13:54:39,300 - INFO - iteration:30
2023-05-11 13:54:39,300 - INFO - total cases:12/30
2023-05-11 13:55:43,539 - INFO - execution time:64.24s

2023-05-11 13:55:43,540 - INFO - ###########################
2023-05-11 13:55:43,540 - INFO - iteration:31
2023-05-11 13:55:43,541 - INFO - total cases:12/30
2023-05-11 13:56:40,695 - INFO - execution time:57.15s

2023-05-11 13:56:40,695 - INFO - ###########################
2023-05-11 13:56:40,696 - INFO - iteration:32
2023-05-11 13:56:40,696 - INFO - total cases:12/30
2023-05-11 13:57:40,463 - INFO - execution time:59.77s

2023-05-11 13:57:40,464 - INFO - ###########################
2023-05-11 13:57:40,464 - INFO - iteration:33
2023-05-11 13:57:40,465 - INFO - total cases:12/30
2023-05-11 13:58:37,943 - INFO - execution time:57.48s

2023-05-11 13:58:37,943 - INFO - ###########################
2023-05-11 13:58:37,944 - INFO - iteration:34
2023-05-11 13:58:37,944 - INFO - total cases:12/30
2023-05-11 13:59:39,603 - INFO - execution time:61.66s

2023-05-11 13:59:39,604 - INFO - ###########################
2023-05-11 13:59:39,604 - INFO - iteration:35
2023-05-11 13:59:39,605 - INFO - total cases:13/30
2023-05-11 14:00:37,701 - INFO - execution time:58.10s

2023-05-11 14:00:37,701 - INFO - ###########################
2023-05-11 14:00:37,702 - INFO - iteration:36
2023-05-11 14:00:37,702 - INFO - total cases:14/30
2023-05-11 14:01:39,520 - INFO - execution time:61.82s

2023-05-11 14:01:39,520 - INFO - ###########################
2023-05-11 14:01:39,521 - INFO - iteration:37
2023-05-11 14:01:39,521 - INFO - total cases:15/30
2023-05-11 14:02:39,778 - INFO - execution time:60.26s

2023-05-11 14:02:39,779 - INFO - ###########################
2023-05-11 14:02:39,779 - INFO - iteration:38
2023-05-11 14:02:39,780 - INFO - total cases:16/30
2023-05-11 14:03:37,623 - INFO - execution time:57.84s

2023-05-11 14:03:37,623 - INFO - ###########################
2023-05-11 14:03:37,624 - INFO - iteration:39
2023-05-11 14:03:37,624 - INFO - total cases:16/30
2023-05-11 14:04:38,561 - INFO - execution time:60.94s

2023-05-11 14:04:38,561 - INFO - ###########################
2023-05-11 14:04:38,562 - INFO - iteration:40
2023-05-11 14:04:38,562 - INFO - total cases:17/30
2023-05-11 14:05:38,581 - INFO - execution time:60.02s

2023-05-11 14:05:38,581 - INFO - ###########################
2023-05-11 14:05:38,582 - INFO - iteration:41
2023-05-11 14:05:38,582 - INFO - total cases:17/30
2023-05-11 14:06:44,268 - INFO - execution time:65.69s

2023-05-11 14:06:44,268 - INFO - ###########################
2023-05-11 14:06:44,269 - INFO - iteration:42
2023-05-11 14:06:44,269 - INFO - total cases:18/30
2023-05-11 14:07:43,573 - INFO - execution time:59.30s

2023-05-11 14:07:43,573 - INFO - ###########################
2023-05-11 14:07:43,574 - INFO - iteration:43
2023-05-11 14:07:43,574 - INFO - total cases:19/30
2023-05-11 14:08:38,769 - INFO - execution time:55.19s

2023-05-11 14:08:38,769 - INFO - ###########################
2023-05-11 14:08:38,770 - INFO - iteration:44
2023-05-11 14:08:38,770 - INFO - total cases:20/30
2023-05-11 14:09:45,055 - INFO - execution time:66.28s

2023-05-11 14:09:45,056 - INFO - ###########################
2023-05-11 14:09:45,056 - INFO - iteration:45
2023-05-11 14:09:45,056 - INFO - total cases:21/30
2023-05-11 14:10:40,323 - INFO - execution time:55.27s

2023-05-11 14:10:40,323 - INFO - ###########################
2023-05-11 14:10:40,324 - INFO - iteration:46
2023-05-11 14:10:40,324 - INFO - total cases:21/30
2023-05-11 14:11:40,610 - INFO - execution time:60.29s

2023-05-11 14:11:40,611 - INFO - ###########################
2023-05-11 14:11:40,611 - INFO - iteration:47
2023-05-11 14:11:40,611 - INFO - total cases:21/30
2023-05-11 14:12:37,578 - INFO - execution time:56.97s

2023-05-11 14:12:37,578 - INFO - ###########################
2023-05-11 14:12:37,579 - INFO - iteration:48
2023-05-11 14:12:37,579 - INFO - total cases:22/30
2023-05-11 14:13:43,753 - INFO - execution time:66.17s

2023-05-11 14:13:43,753 - INFO - ###########################
2023-05-11 14:13:43,754 - INFO - iteration:49
2023-05-11 14:13:43,754 - INFO - total cases:23/30
2023-05-11 14:14:39,908 - INFO - execution time:56.15s

2023-05-11 14:14:39,908 - INFO - ###########################
2023-05-11 14:14:39,909 - INFO - iteration:50
2023-05-11 14:14:39,909 - INFO - total cases:24/30
2023-05-11 14:15:44,012 - INFO - execution time:64.10s

2023-05-11 14:15:44,013 - INFO - ###########################
2023-05-11 14:15:44,013 - INFO - iteration:51
2023-05-11 14:15:44,013 - INFO - total cases:25/30
2023-05-11 14:16:37,547 - INFO - execution time:53.53s

2023-05-11 14:16:37,548 - INFO - ###########################
2023-05-11 14:16:37,548 - INFO - iteration:52
2023-05-11 14:16:37,548 - INFO - total cases:25/30
2023-05-11 14:17:44,370 - INFO - execution time:66.82s

2023-05-11 14:17:44,370 - INFO - ###########################
2023-05-11 14:17:44,371 - INFO - iteration:53
2023-05-11 14:17:44,371 - INFO - total cases:25/30
2023-05-11 14:18:43,331 - INFO - execution time:58.96s

2023-05-11 14:18:43,331 - INFO - ###########################
2023-05-11 14:18:43,332 - INFO - iteration:54
2023-05-11 14:18:43,332 - INFO - total cases:26/30
2023-05-11 14:19:42,885 - INFO - execution time:59.55s

2023-05-11 14:19:42,885 - INFO - ###########################
2023-05-11 14:19:42,887 - INFO - iteration:55
2023-05-11 14:19:42,887 - INFO - total cases:27/30
2023-05-11 14:20:38,482 - INFO - execution time:55.60s

2023-05-11 14:20:38,482 - INFO - ###########################
2023-05-11 14:20:38,483 - INFO - iteration:56
2023-05-11 14:20:38,483 - INFO - total cases:28/30
2023-05-11 14:21:45,532 - INFO - execution time:67.05s

2023-05-11 14:21:45,533 - INFO - ###########################
2023-05-11 14:21:45,533 - INFO - iteration:57
2023-05-11 14:21:45,533 - INFO - total cases:28/30
2023-05-11 14:22:49,290 - INFO - execution time:63.76s

2023-05-11 14:22:49,290 - INFO - ###########################
2023-05-11 14:22:49,292 - INFO - iteration:58
2023-05-11 14:22:49,292 - INFO - total cases:29/30
2023-05-11 14:23:15,007 - INFO - The returned result does not meet the requirements
2023-05-11 14:23:15,007 - INFO - execution time:25.72s

2023-05-11 14:23:15,008 - INFO - ###########################
2023-05-11 14:23:15,008 - INFO - iteration:59
2023-05-11 14:23:15,009 - INFO - total cases:29/30
2023-05-11 14:23:58,591 - INFO - execution time:43.58s

