2023-06-13 08:37:00,609 - INFO - ###########################
2023-06-13 08:37:00,610 - INFO - selected_topic:race
2023-06-13 08:37:00,610 - INFO - iteration:1
2023-06-13 08:37:00,610 - INFO - total cases:0/5
2023-06-13 08:37:28,081 - INFO - execution time:27.47s

2023-06-13 08:37:28,081 - INFO - ###########################
2023-06-13 08:37:28,081 - INFO - selected_topic:race
2023-06-13 08:37:28,081 - INFO - iteration:2
2023-06-13 08:37:28,081 - INFO - total cases:1/5
2023-06-13 08:38:27,438 - INFO - execution time:59.36s

2023-06-13 08:38:27,439 - INFO - ###########################
2023-06-13 08:38:27,439 - INFO - selected_topic:race
2023-06-13 08:38:27,439 - INFO - iteration:3
2023-06-13 08:38:27,439 - INFO - total cases:2/5
2023-06-13 08:38:56,112 - INFO - execution time:28.67s

2023-06-13 08:38:56,113 - INFO - ###########################
2023-06-13 08:38:56,113 - INFO - selected_topic:race
2023-06-13 08:38:56,113 - INFO - iteration:4
2023-06-13 08:38:56,113 - INFO - total cases:2/5
2023-06-13 08:39:23,143 - INFO - execution time:27.03s

2023-06-13 08:39:23,143 - INFO - ###########################
2023-06-13 08:39:23,143 - INFO - selected_topic:race
2023-06-13 08:39:23,143 - INFO - iteration:5
2023-06-13 08:39:23,143 - INFO - total cases:3/5
2023-06-13 08:40:31,035 - INFO - execution time:67.89s

2023-06-13 08:40:31,035 - INFO - ###########################
2023-06-13 08:40:31,035 - INFO - selected_topic:race
2023-06-13 08:40:31,035 - INFO - iteration:6
2023-06-13 08:40:31,036 - INFO - total cases:4/5
2023-06-13 08:40:58,008 - INFO - execution time:26.97s

