2023-05-11 15:52:57,821 - INFO - ###########################
2023-05-11 15:52:57,821 - INFO - iteration:1
2023-05-11 15:52:57,822 - INFO - total cases:0/30
2023-05-11 15:53:57,096 - INFO - execution time:59.27s

2023-05-11 15:53:57,097 - INFO - ###########################
2023-05-11 15:53:57,097 - INFO - iteration:2
2023-05-11 15:53:57,098 - INFO - total cases:0/30
2023-05-11 15:54:56,278 - INFO - execution time:59.18s

2023-05-11 15:54:56,278 - INFO - ###########################
2023-05-11 15:54:56,279 - INFO - iteration:3
2023-05-11 15:54:56,279 - INFO - total cases:1/30
2023-05-11 15:56:03,136 - INFO - execution time:66.86s

2023-05-11 15:56:03,137 - INFO - ###########################
2023-05-11 15:56:03,137 - INFO - iteration:4
2023-05-11 15:56:03,138 - INFO - total cases:1/30
2023-05-11 15:56:59,304 - INFO - execution time:56.17s

2023-05-11 15:56:59,304 - INFO - ###########################
2023-05-11 15:56:59,305 - INFO - iteration:5
2023-05-11 15:56:59,305 - INFO - total cases:1/30
2023-05-11 15:58:00,525 - INFO - execution time:61.22s

2023-05-11 15:58:00,525 - INFO - ###########################
2023-05-11 15:58:00,526 - INFO - iteration:6
2023-05-11 15:58:00,526 - INFO - total cases:1/30
2023-05-11 15:59:00,231 - INFO - execution time:59.71s

2023-05-11 15:59:00,231 - INFO - ###########################
2023-05-11 15:59:00,232 - INFO - iteration:7
2023-05-11 15:59:00,232 - INFO - total cases:1/30
2023-05-11 16:00:19,456 - INFO - execution time:79.22s

2023-05-11 16:00:19,457 - INFO - ###########################
2023-05-11 16:00:19,457 - INFO - iteration:8
2023-05-11 16:00:19,457 - INFO - total cases:2/30
2023-05-11 16:01:16,189 - INFO - execution time:56.73s

2023-05-11 16:01:16,189 - INFO - ###########################
2023-05-11 16:01:16,190 - INFO - iteration:9
2023-05-11 16:01:16,190 - INFO - total cases:3/30
2023-05-11 16:02:21,736 - INFO - execution time:65.55s

2023-05-11 16:02:21,737 - INFO - ###########################
2023-05-11 16:02:21,737 - INFO - iteration:10
2023-05-11 16:02:21,738 - INFO - total cases:3/30
2023-05-11 16:03:16,708 - INFO - execution time:54.97s

2023-05-11 16:03:16,709 - INFO - ###########################
2023-05-11 16:03:16,709 - INFO - iteration:11
2023-05-11 16:03:16,709 - INFO - total cases:4/30
2023-05-11 16:04:18,511 - INFO - execution time:61.80s

2023-05-11 16:04:18,512 - INFO - ###########################
2023-05-11 16:04:18,512 - INFO - iteration:12
2023-05-11 16:04:18,512 - INFO - total cases:4/30
2023-05-11 16:05:20,346 - INFO - execution time:61.83s

2023-05-11 16:05:20,346 - INFO - ###########################
2023-05-11 16:05:20,347 - INFO - iteration:13
2023-05-11 16:05:20,347 - INFO - total cases:4/30
2023-05-11 16:06:19,606 - INFO - execution time:59.26s

2023-05-11 16:06:19,606 - INFO - ###########################
2023-05-11 16:06:19,607 - INFO - iteration:14
2023-05-11 16:06:19,607 - INFO - total cases:5/30
2023-05-11 16:07:21,246 - INFO - execution time:61.64s

2023-05-11 16:07:21,246 - INFO - ###########################
2023-05-11 16:07:21,246 - INFO - iteration:15
2023-05-11 16:07:21,246 - INFO - total cases:5/30
2023-05-11 16:08:18,757 - INFO - execution time:57.51s

2023-05-11 16:08:18,758 - INFO - ###########################
2023-05-11 16:08:18,758 - INFO - iteration:16
2023-05-11 16:08:18,758 - INFO - total cases:6/30
2023-05-11 16:09:21,559 - INFO - execution time:62.80s

2023-05-11 16:09:21,559 - INFO - ###########################
2023-05-11 16:09:21,560 - INFO - iteration:17
2023-05-11 16:09:21,560 - INFO - total cases:7/30
2023-05-11 16:10:22,704 - INFO - execution time:61.14s

2023-05-11 16:10:22,705 - INFO - ###########################
2023-05-11 16:10:22,705 - INFO - iteration:18
2023-05-11 16:10:22,705 - INFO - total cases:7/30
2023-05-11 16:11:19,403 - INFO - execution time:56.70s

2023-05-11 16:11:19,404 - INFO - ###########################
2023-05-11 16:11:19,404 - INFO - iteration:19
2023-05-11 16:11:19,405 - INFO - total cases:8/30
2023-05-11 16:12:21,739 - INFO - execution time:62.33s

2023-05-11 16:12:21,740 - INFO - ###########################
2023-05-11 16:12:21,740 - INFO - iteration:20
2023-05-11 16:12:21,740 - INFO - total cases:8/30
2023-05-11 16:13:17,132 - INFO - execution time:55.39s

2023-05-11 16:13:17,133 - INFO - ###########################
2023-05-11 16:13:17,133 - INFO - iteration:21
2023-05-11 16:13:17,133 - INFO - total cases:8/30
2023-05-11 16:14:20,720 - INFO - execution time:63.59s

2023-05-11 16:14:20,720 - INFO - ###########################
2023-05-11 16:14:20,721 - INFO - iteration:22
2023-05-11 16:14:20,721 - INFO - total cases:9/30
2023-05-11 16:15:16,569 - INFO - execution time:55.85s

2023-05-11 16:15:16,569 - INFO - ###########################
2023-05-11 16:15:16,570 - INFO - iteration:23
2023-05-11 16:15:16,570 - INFO - total cases:9/30
2023-05-11 16:16:16,298 - INFO - execution time:59.73s

2023-05-11 16:16:16,298 - INFO - ###########################
2023-05-11 16:16:16,299 - INFO - iteration:24
2023-05-11 16:16:16,299 - INFO - total cases:9/30
2023-05-11 16:17:22,548 - INFO - execution time:66.25s

2023-05-11 16:17:22,549 - INFO - ###########################
2023-05-11 16:17:22,549 - INFO - iteration:25
2023-05-11 16:17:22,550 - INFO - total cases:9/30
2023-05-11 16:18:15,990 - INFO - execution time:53.44s

2023-05-11 16:18:15,991 - INFO - ###########################
2023-05-11 16:18:15,991 - INFO - iteration:26
2023-05-11 16:18:15,991 - INFO - total cases:9/30
2023-05-11 16:19:29,222 - INFO - execution time:73.23s

2023-05-11 16:19:29,222 - INFO - ###########################
2023-05-11 16:19:29,222 - INFO - iteration:27
2023-05-11 16:19:29,223 - INFO - total cases:9/30
2023-05-11 16:20:16,372 - INFO - execution time:47.15s

2023-05-11 16:20:16,373 - INFO - ###########################
2023-05-11 16:20:16,373 - INFO - iteration:28
2023-05-11 16:20:16,374 - INFO - total cases:10/30
2023-05-11 16:21:16,173 - INFO - execution time:59.80s

2023-05-11 16:21:16,173 - INFO - ###########################
2023-05-11 16:21:16,174 - INFO - iteration:29
2023-05-11 16:21:16,174 - INFO - total cases:11/30
2023-05-11 16:22:29,163 - INFO - execution time:72.99s

2023-05-11 16:22:29,164 - INFO - ###########################
2023-05-11 16:22:29,164 - INFO - iteration:30
2023-05-11 16:22:29,165 - INFO - total cases:11/30
2023-05-11 16:23:18,069 - INFO - execution time:48.90s

2023-05-11 16:23:18,070 - INFO - ###########################
2023-05-11 16:23:18,070 - INFO - iteration:31
2023-05-11 16:23:18,071 - INFO - total cases:12/30
2023-05-11 16:24:21,891 - INFO - execution time:63.82s

2023-05-11 16:24:21,891 - INFO - ###########################
2023-05-11 16:24:21,891 - INFO - iteration:32
2023-05-11 16:24:21,892 - INFO - total cases:12/30
2023-05-11 16:25:21,376 - INFO - execution time:59.48s

2023-05-11 16:25:21,377 - INFO - ###########################
2023-05-11 16:25:21,377 - INFO - iteration:33
2023-05-11 16:25:21,378 - INFO - total cases:13/30
2023-05-11 16:26:22,376 - INFO - execution time:61.00s

2023-05-11 16:26:22,376 - INFO - ###########################
2023-05-11 16:26:22,377 - INFO - iteration:34
2023-05-11 16:26:22,377 - INFO - total cases:13/30
2023-05-11 16:27:42,232 - INFO - execution time:79.85s

2023-05-11 16:27:42,233 - INFO - ###########################
2023-05-11 16:27:42,233 - INFO - iteration:35
2023-05-11 16:27:42,233 - INFO - total cases:13/30
2023-05-11 16:28:59,480 - INFO - execution time:77.25s

2023-05-11 16:28:59,480 - INFO - ###########################
2023-05-11 16:28:59,481 - INFO - iteration:36
2023-05-11 16:28:59,481 - INFO - total cases:13/30
2023-05-11 16:29:22,481 - INFO - execution time:23.00s

2023-05-11 16:29:22,481 - INFO - ###########################
2023-05-11 16:29:22,482 - INFO - iteration:37
2023-05-11 16:29:22,482 - INFO - total cases:14/30
2023-05-11 16:30:23,875 - INFO - execution time:61.39s

2023-05-11 16:30:23,875 - INFO - ###########################
2023-05-11 16:30:23,876 - INFO - iteration:38
2023-05-11 16:30:23,876 - INFO - total cases:15/30
2023-05-11 16:31:21,030 - INFO - execution time:57.15s

2023-05-11 16:31:21,030 - INFO - ###########################
2023-05-11 16:31:21,031 - INFO - iteration:39
2023-05-11 16:31:21,031 - INFO - total cases:15/30
2023-05-11 16:32:20,231 - INFO - execution time:59.20s

2023-05-11 16:32:20,232 - INFO - ###########################
2023-05-11 16:32:20,232 - INFO - iteration:40
2023-05-11 16:32:20,232 - INFO - total cases:16/30
2023-05-11 16:33:19,813 - INFO - execution time:59.58s

2023-05-11 16:33:19,813 - INFO - ###########################
2023-05-11 16:33:19,814 - INFO - iteration:41
2023-05-11 16:33:19,814 - INFO - total cases:17/30
2023-05-11 16:34:20,881 - INFO - execution time:61.07s

2023-05-11 16:34:20,881 - INFO - ###########################
2023-05-11 16:34:20,882 - INFO - iteration:42
2023-05-11 16:34:20,882 - INFO - total cases:18/30
2023-05-11 16:35:33,353 - INFO - execution time:72.47s

2023-05-11 16:35:33,353 - INFO - ###########################
2023-05-11 16:35:33,354 - INFO - iteration:43
2023-05-11 16:35:33,354 - INFO - total cases:18/30
2023-05-11 16:36:21,470 - INFO - execution time:48.12s

2023-05-11 16:36:21,470 - INFO - ###########################
2023-05-11 16:36:21,471 - INFO - iteration:44
2023-05-11 16:36:21,471 - INFO - total cases:18/30
2023-05-11 16:37:29,528 - INFO - execution time:68.06s

2023-05-11 16:37:29,529 - INFO - ###########################
2023-05-11 16:37:29,529 - INFO - iteration:45
2023-05-11 16:37:29,530 - INFO - total cases:18/30
2023-05-11 16:38:25,192 - INFO - execution time:55.66s

2023-05-11 16:38:25,193 - INFO - ###########################
2023-05-11 16:38:25,193 - INFO - iteration:46
2023-05-11 16:38:25,194 - INFO - total cases:18/30
2023-05-11 16:39:23,112 - INFO - execution time:57.92s

2023-05-11 16:39:23,113 - INFO - ###########################
2023-05-11 16:39:23,113 - INFO - iteration:47
2023-05-11 16:39:23,113 - INFO - total cases:18/30
2023-05-11 16:40:21,985 - INFO - execution time:58.87s

2023-05-11 16:40:21,985 - INFO - ###########################
2023-05-11 16:40:21,986 - INFO - iteration:48
2023-05-11 16:40:21,986 - INFO - total cases:18/30
2023-05-11 16:41:20,072 - INFO - execution time:58.08s

2023-05-11 16:41:20,073 - INFO - ###########################
2023-05-11 16:41:20,073 - INFO - iteration:49
2023-05-11 16:41:20,074 - INFO - total cases:18/30
2023-05-11 16:41:58,379 - INFO - The returned result does not meet the requirements
2023-05-11 16:41:58,379 - INFO - execution time:38.30s

2023-05-11 16:41:58,380 - INFO - ###########################
2023-05-11 16:41:58,380 - INFO - iteration:50
2023-05-11 16:41:58,380 - INFO - total cases:18/30
2023-05-11 16:42:43,607 - INFO - execution time:45.23s

2023-05-11 16:42:43,608 - INFO - ###########################
2023-05-11 16:42:43,608 - INFO - iteration:51
2023-05-11 16:42:43,608 - INFO - total cases:18/30
2023-05-11 16:43:43,892 - INFO - execution time:60.28s

2023-05-11 16:43:43,892 - INFO - ###########################
2023-05-11 16:43:43,893 - INFO - iteration:52
2023-05-11 16:43:43,893 - INFO - total cases:19/30
2023-05-11 16:44:45,958 - INFO - execution time:62.07s

2023-05-11 16:44:45,958 - INFO - ###########################
2023-05-11 16:44:45,959 - INFO - iteration:53
2023-05-11 16:44:45,959 - INFO - total cases:19/30
2023-05-11 16:45:42,469 - INFO - execution time:56.51s

2023-05-11 16:45:42,469 - INFO - ###########################
2023-05-11 16:45:42,470 - INFO - iteration:54
2023-05-11 16:45:42,470 - INFO - total cases:20/30
2023-05-11 16:46:41,630 - INFO - execution time:59.16s

2023-05-11 16:46:41,631 - INFO - ###########################
2023-05-11 16:46:41,631 - INFO - iteration:55
2023-05-11 16:46:41,631 - INFO - total cases:20/30
2023-05-11 16:47:45,016 - INFO - execution time:63.38s

2023-05-11 16:47:45,017 - INFO - ###########################
2023-05-11 16:47:45,017 - INFO - iteration:56
2023-05-11 16:47:45,017 - INFO - total cases:20/30
2023-05-11 16:48:48,697 - INFO - execution time:63.68s

2023-05-11 16:48:48,698 - INFO - ###########################
2023-05-11 16:48:48,698 - INFO - iteration:57
2023-05-11 16:48:48,698 - INFO - total cases:21/30
2023-05-11 16:49:40,580 - INFO - execution time:51.88s

2023-05-11 16:49:40,581 - INFO - ###########################
2023-05-11 16:49:40,581 - INFO - iteration:58
2023-05-11 16:49:40,581 - INFO - total cases:21/30
2023-05-11 16:50:41,180 - INFO - execution time:60.60s

2023-05-11 16:50:41,180 - INFO - ###########################
2023-05-11 16:50:41,181 - INFO - iteration:59
2023-05-11 16:50:41,181 - INFO - total cases:21/30
2023-05-11 16:51:39,633 - INFO - execution time:58.45s

2023-05-11 16:51:39,633 - INFO - ###########################
2023-05-11 16:51:39,634 - INFO - iteration:60
2023-05-11 16:51:39,634 - INFO - total cases:21/30
2023-05-11 16:52:47,374 - INFO - execution time:67.74s

2023-05-11 16:52:47,374 - INFO - ###########################
2023-05-11 16:52:47,375 - INFO - iteration:61
2023-05-11 16:52:47,375 - INFO - total cases:21/30
2023-05-11 16:53:40,134 - INFO - execution time:52.76s

2023-05-11 16:53:40,134 - INFO - ###########################
2023-05-11 16:53:40,135 - INFO - iteration:62
2023-05-11 16:53:40,135 - INFO - total cases:21/30
2023-05-11 16:54:46,147 - INFO - execution time:66.01s

2023-05-11 16:54:46,147 - INFO - ###########################
2023-05-11 16:54:46,148 - INFO - iteration:63
2023-05-11 16:54:46,148 - INFO - total cases:22/30
2023-05-11 16:55:41,224 - INFO - execution time:55.08s

2023-05-11 16:55:41,224 - INFO - ###########################
2023-05-11 16:55:41,225 - INFO - iteration:64
2023-05-11 16:55:41,225 - INFO - total cases:23/30
2023-05-11 16:56:49,364 - INFO - execution time:68.14s

2023-05-11 16:56:49,364 - INFO - ###########################
2023-05-11 16:56:49,365 - INFO - iteration:65
2023-05-11 16:56:49,365 - INFO - total cases:23/30
2023-05-11 16:57:40,148 - INFO - execution time:50.78s

2023-05-11 16:57:40,149 - INFO - ###########################
2023-05-11 16:57:40,149 - INFO - iteration:66
2023-05-11 16:57:40,150 - INFO - total cases:24/30
2023-05-11 16:58:47,789 - INFO - execution time:67.64s

2023-05-11 16:58:47,789 - INFO - ###########################
2023-05-11 16:58:47,790 - INFO - iteration:67
2023-05-11 16:58:47,790 - INFO - total cases:25/30
2023-05-11 16:59:43,423 - INFO - execution time:55.63s

2023-05-11 16:59:43,423 - INFO - ###########################
2023-05-11 16:59:43,424 - INFO - iteration:68
2023-05-11 16:59:43,424 - INFO - total cases:25/30
2023-05-11 17:00:42,545 - INFO - execution time:59.12s

2023-05-11 17:00:42,546 - INFO - ###########################
2023-05-11 17:00:42,546 - INFO - iteration:69
2023-05-11 17:00:42,547 - INFO - total cases:26/30
2023-05-11 17:01:45,891 - INFO - execution time:63.34s

2023-05-11 17:01:45,891 - INFO - ###########################
2023-05-11 17:01:45,892 - INFO - iteration:70
2023-05-11 17:01:45,892 - INFO - total cases:26/30
2023-05-11 17:02:40,096 - INFO - execution time:54.20s

2023-05-11 17:02:40,096 - INFO - ###########################
2023-05-11 17:02:40,097 - INFO - iteration:71
2023-05-11 17:02:40,097 - INFO - total cases:27/30
2023-05-11 17:03:39,594 - INFO - execution time:59.50s

2023-05-11 17:03:39,595 - INFO - ###########################
2023-05-11 17:03:39,595 - INFO - iteration:72
2023-05-11 17:03:39,595 - INFO - total cases:28/30
2023-05-11 17:04:41,435 - INFO - execution time:61.84s

2023-05-11 17:04:41,436 - INFO - ###########################
2023-05-11 17:04:41,436 - INFO - iteration:73
2023-05-11 17:04:41,436 - INFO - total cases:28/30
2023-05-11 17:05:39,801 - INFO - execution time:58.36s

2023-05-11 17:05:39,801 - INFO - ###########################
2023-05-11 17:05:39,802 - INFO - iteration:74
2023-05-11 17:05:39,802 - INFO - total cases:29/30
2023-05-11 17:06:51,171 - INFO - execution time:71.37s

2023-05-11 17:06:51,172 - INFO - ###########################
2023-05-11 17:06:51,172 - INFO - iteration:75
2023-05-11 17:06:51,173 - INFO - total cases:29/30
2023-05-11 17:07:47,130 - INFO - execution time:55.96s

2023-05-11 17:07:47,130 - INFO - ###########################
2023-05-11 17:07:47,131 - INFO - iteration:76
2023-05-11 17:07:47,131 - INFO - total cases:29/30
2023-05-11 17:08:53,738 - INFO - execution time:66.61s

