2023-05-18 06:34:20,461 - INFO - ###########################
2023-05-18 06:34:20,462 - INFO - selected_topic:terrorism
2023-05-18 06:34:20,462 - INFO - iteration:1
2023-05-18 06:34:20,462 - INFO - total cases:0/20
2023-05-18 06:34:57,113 - INFO - execution time:36.65s

2023-05-18 06:34:57,114 - INFO - ###########################
2023-05-18 06:34:57,114 - INFO - selected_topic:terrorism
2023-05-18 06:34:57,114 - INFO - iteration:2
2023-05-18 06:34:57,114 - INFO - total cases:0/20
2023-05-18 06:36:07,904 - INFO - execution time:70.79s

2023-05-18 06:36:07,904 - INFO - ###########################
2023-05-18 06:36:07,904 - INFO - selected_topic:terrorism
2023-05-18 06:36:07,904 - INFO - iteration:3
2023-05-18 06:36:07,904 - INFO - total cases:1/20
2023-05-18 06:37:33,308 - INFO - execution time:85.40s

2023-05-18 06:37:33,308 - INFO - ###########################
2023-05-18 06:37:33,308 - INFO - selected_topic:terrorism
2023-05-18 06:37:33,308 - INFO - iteration:4
2023-05-18 06:37:33,309 - INFO - total cases:2/20
2023-05-18 06:38:35,861 - INFO - execution time:62.55s

2023-05-18 06:38:35,861 - INFO - ###########################
2023-05-18 06:38:35,861 - INFO - selected_topic:terrorism
2023-05-18 06:38:35,861 - INFO - iteration:5
2023-05-18 06:38:35,861 - INFO - total cases:3/20
2023-05-18 06:39:41,025 - INFO - execution time:65.16s

2023-05-18 06:39:41,025 - INFO - ###########################
2023-05-18 06:39:41,025 - INFO - selected_topic:terrorism
2023-05-18 06:39:41,025 - INFO - iteration:6
2023-05-18 06:39:41,025 - INFO - total cases:4/20
2023-05-18 06:40:20,597 - INFO - execution time:39.57s

2023-05-18 06:40:20,597 - INFO - ###########################
2023-05-18 06:40:20,597 - INFO - selected_topic:terrorism
2023-05-18 06:40:20,597 - INFO - iteration:7
2023-05-18 06:40:20,597 - INFO - total cases:4/20
2023-05-18 06:41:33,629 - INFO - execution time:73.03s

2023-05-18 06:41:33,629 - INFO - ###########################
2023-05-18 06:41:33,629 - INFO - selected_topic:terrorism
2023-05-18 06:41:33,630 - INFO - iteration:8
2023-05-18 06:41:33,630 - INFO - total cases:5/20
2023-05-18 06:42:30,378 - INFO - execution time:56.75s

2023-05-18 06:42:30,378 - INFO - ###########################
2023-05-18 06:42:30,378 - INFO - selected_topic:terrorism
2023-05-18 06:42:30,379 - INFO - iteration:9
2023-05-18 06:42:30,379 - INFO - total cases:6/20
2023-05-18 06:43:46,845 - INFO - execution time:76.47s

2023-05-18 06:43:46,845 - INFO - ###########################
2023-05-18 06:43:46,845 - INFO - selected_topic:terrorism
2023-05-18 06:43:46,845 - INFO - iteration:10
2023-05-18 06:43:46,845 - INFO - total cases:7/20
2023-05-18 06:44:19,739 - INFO - The returned result does not meet the requirements
2023-05-18 06:44:19,739 - INFO - execution time:32.89s

2023-05-18 06:44:19,739 - INFO - ###########################
2023-05-18 06:44:19,739 - INFO - selected_topic:terrorism
2023-05-18 06:44:19,739 - INFO - iteration:11
2023-05-18 06:44:19,739 - INFO - total cases:7/20
2023-05-18 06:45:32,218 - INFO - execution time:72.48s

2023-05-18 06:45:32,219 - INFO - ###########################
2023-05-18 06:45:32,219 - INFO - selected_topic:terrorism
2023-05-18 06:45:32,219 - INFO - iteration:12
2023-05-18 06:45:32,219 - INFO - total cases:7/20
2023-05-18 06:47:03,167 - INFO - execution time:90.95s

2023-05-18 06:47:03,168 - INFO - ###########################
2023-05-18 06:47:03,168 - INFO - selected_topic:terrorism
2023-05-18 06:47:03,168 - INFO - iteration:13
2023-05-18 06:47:03,168 - INFO - total cases:8/20
2023-05-18 06:48:03,225 - INFO - execution time:60.06s

2023-05-18 06:48:03,226 - INFO - ###########################
2023-05-18 06:48:03,226 - INFO - selected_topic:terrorism
2023-05-18 06:48:03,226 - INFO - iteration:14
2023-05-18 06:48:03,226 - INFO - total cases:8/20
2023-05-18 06:48:41,103 - INFO - execution time:37.88s

2023-05-18 06:48:41,103 - INFO - ###########################
2023-05-18 06:48:41,103 - INFO - selected_topic:terrorism
2023-05-18 06:48:41,103 - INFO - iteration:15
2023-05-18 06:48:41,103 - INFO - total cases:8/20
2023-05-18 06:49:52,729 - INFO - execution time:71.63s

2023-05-18 06:49:52,729 - INFO - ###########################
2023-05-18 06:49:52,729 - INFO - selected_topic:terrorism
2023-05-18 06:49:52,729 - INFO - iteration:16
2023-05-18 06:49:52,729 - INFO - total cases:8/20
2023-05-18 06:51:08,611 - INFO - execution time:75.88s

2023-05-18 06:51:08,611 - INFO - ###########################
2023-05-18 06:51:08,611 - INFO - selected_topic:terrorism
2023-05-18 06:51:08,611 - INFO - iteration:17
2023-05-18 06:51:08,611 - INFO - total cases:9/20
2023-05-18 06:52:10,676 - INFO - execution time:62.06s

2023-05-18 06:52:10,676 - INFO - ###########################
2023-05-18 06:52:10,676 - INFO - selected_topic:terrorism
2023-05-18 06:52:10,676 - INFO - iteration:18
2023-05-18 06:52:10,677 - INFO - total cases:10/20
2023-05-18 06:53:17,658 - INFO - execution time:66.98s

2023-05-18 06:53:17,658 - INFO - ###########################
2023-05-18 06:53:17,659 - INFO - selected_topic:terrorism
2023-05-18 06:53:17,659 - INFO - iteration:19
2023-05-18 06:53:17,659 - INFO - total cases:11/20
2023-05-18 06:54:20,197 - INFO - execution time:62.54s

2023-05-18 06:54:20,197 - INFO - ###########################
2023-05-18 06:54:20,197 - INFO - selected_topic:terrorism
2023-05-18 06:54:20,197 - INFO - iteration:20
2023-05-18 06:54:20,197 - INFO - total cases:12/20
2023-05-18 06:54:54,027 - INFO - execution time:33.83s

2023-05-18 06:54:54,028 - INFO - ###########################
2023-05-18 06:54:54,028 - INFO - selected_topic:terrorism
2023-05-18 06:54:54,028 - INFO - iteration:21
2023-05-18 06:54:54,028 - INFO - total cases:12/20
2023-05-18 06:55:46,026 - INFO - execution time:52.00s

2023-05-18 06:55:46,027 - INFO - ###########################
2023-05-18 06:55:46,027 - INFO - selected_topic:terrorism
2023-05-18 06:55:46,027 - INFO - iteration:22
2023-05-18 06:55:46,027 - INFO - total cases:12/20
2023-05-18 06:56:44,076 - INFO - execution time:58.05s

2023-05-18 06:56:44,076 - INFO - ###########################
2023-05-18 06:56:44,076 - INFO - selected_topic:terrorism
2023-05-18 06:56:44,076 - INFO - iteration:23
2023-05-18 06:56:44,076 - INFO - total cases:13/20
2023-05-18 06:57:53,182 - INFO - execution time:69.11s

2023-05-18 06:57:53,182 - INFO - ###########################
2023-05-18 06:57:53,182 - INFO - selected_topic:terrorism
2023-05-18 06:57:53,182 - INFO - iteration:24
2023-05-18 06:57:53,182 - INFO - total cases:14/20
2023-05-18 06:58:52,323 - INFO - execution time:59.14s

2023-05-18 06:58:52,323 - INFO - ###########################
2023-05-18 06:58:52,324 - INFO - selected_topic:terrorism
2023-05-18 06:58:52,324 - INFO - iteration:25
2023-05-18 06:58:52,324 - INFO - total cases:15/20
2023-05-18 07:00:25,621 - INFO - execution time:93.30s

2023-05-18 07:00:25,622 - INFO - ###########################
2023-05-18 07:00:25,622 - INFO - selected_topic:terrorism
2023-05-18 07:00:25,622 - INFO - iteration:26
2023-05-18 07:00:25,622 - INFO - total cases:16/20
2023-05-18 07:01:40,609 - INFO - execution time:74.99s

2023-05-18 07:01:40,609 - INFO - ###########################
2023-05-18 07:01:40,610 - INFO - selected_topic:terrorism
2023-05-18 07:01:40,610 - INFO - iteration:27
2023-05-18 07:01:40,610 - INFO - total cases:17/20
2023-05-18 07:02:43,467 - INFO - execution time:62.86s

2023-05-18 07:02:43,467 - INFO - ###########################
2023-05-18 07:02:43,467 - INFO - selected_topic:terrorism
2023-05-18 07:02:43,467 - INFO - iteration:28
2023-05-18 07:02:43,468 - INFO - total cases:18/20
2023-05-18 07:03:45,611 - INFO - execution time:62.14s

2023-05-18 07:03:45,612 - INFO - ###########################
2023-05-18 07:03:45,612 - INFO - selected_topic:terrorism
2023-05-18 07:03:45,612 - INFO - iteration:29
2023-05-18 07:03:45,612 - INFO - total cases:19/20
2023-05-18 07:04:25,027 - INFO - The returned result does not meet the requirements
2023-05-18 07:04:25,028 - INFO - execution time:39.41s

2023-05-18 07:04:25,028 - INFO - ###########################
2023-05-18 07:04:25,028 - INFO - selected_topic:terrorism
2023-05-18 07:04:25,028 - INFO - iteration:30
2023-05-18 07:04:25,028 - INFO - total cases:19/20
2023-05-18 07:05:49,801 - INFO - execution time:84.77s

2023-05-18 07:05:49,801 - INFO - ###########################
2023-05-18 07:05:49,801 - INFO - selected_topic:terrorism
2023-05-18 07:05:49,802 - INFO - iteration:31
2023-05-18 07:05:49,802 - INFO - total cases:19/20
2023-05-18 07:07:04,955 - INFO - execution time:75.15s

